*------------------------------------------------------------*
Usuario:                Admin
Fecha:                23/11/20
Hora:                20H02
*------------------------------------------------------------*
* Salida de entrenamiento
*------------------------------------------------------------*
 
 
 
 
Resumen de variables
 
         Nivel de     Número de
Rol       medida     ocurrencias
 
ID       NOMINAL            1
INPUT    INTERVAL        1204


*------------------------------------------------------------*
* Salida de puntuación
*------------------------------------------------------------*


*------------------------------------------------------------*
* Salida del informe
*------------------------------------------------------------*
 
 
 
 
Importancia de la variable
 
                           Número de     Número de
 Nombre de                 reglas de      reglas
la variable    Etiqueta     división    sustitutas    Importancia
 
ISRA                           1             1          1.00000
ISRAEL                         1             0          0.93917
ARAB                           0             1          0.90010
JEW                            0             1          0.89605
PALESTINIAN                    0             1          0.89410
EXPANS                         0             1          0.89410
TURK                           2             2          0.60359
ZUMA                           0             2          0.56515
SERA                           1             1          0.56498
ARMENIA                        0             2          0.55733
ARMENIAN                       1             0          0.53546
TURKISH                        0             1          0.52994
SURREND                        1             0          0.50138
CHASTITI                       0             1          0.50129
INTELLECT                      0             1          0.50121
SKEPTIC                        0             1          0.50079
SHAME                          0             1          0.50079
GORDON                         0             1          0.50071
SOLDIER                        0             1          0.42099
TERROR                         0             1          0.42047
CPR                            0             1          0.42012
GAZA                           0             1          0.42003
LEBANON                        0             1          0.41995
ARGIC                          0             2          0.25741
RIND                           0             1          0.22008
MEDIC                          0             1          0.22008
MED                            1             0          0.22008
BOSTON                         0             1          0.21938
MASS                           0             1          0.21938
DAVID                          0             1          0.21938
HISTORI                        0             1          0.19703
GENOCID                        0             1          0.19703
EXIST                          0             1          0.16565
SERDAR                         0             1          0.16565
EXTERMIN                       0             1          0.16565
TALK                           1             0          0.08486
SOUND                          0             1          0.08392
DON                            0             1          0.08345
ACCUR                          0             1          0.08345
HENRIK                         0             1          0.08345
MODIFI                         0             1          0.08345
