MPRINT(EM_DIAGRAM):    data _null_;
MPRINT(EM_DIAGRAM):   call symput('NLDATE', strip(put(date(), NLDATE.)));
MPRINT(EM_DIAGRAM):   call symput('NLTIME', strip(put(datetime(), NLTIME.)));
MPRINT(EM_DIAGRAM):   run;
MPRINT(EM_DIAGRAM):   data _null_;
MPRINT(EM_DIAGRAM):   nldate= sasmsg("sashelp.dmine", "log_date_note", 'N', "23/11/20" );
MPRINT(EM_DIAGRAM):   nltime= sasmsg("sashelp.dmine", "log_time_note", 'N', "20H02" );
MPRINT(EM_DIAGRAM):   put "*------------------------------------------------------------*";
MPRINT(EM_DIAGRAM):   put "* Log de entrenamiento";
MPRINT(EM_DIAGRAM):   put nldate;
MPRINT(EM_DIAGRAM):   put nltime;
MPRINT(EM_DIAGRAM):   put "*------------------------------------------------------------*";
MPRINT(EM_DIAGRAM):   run;
*------------------------------------------------------------*
* Log de entrenamiento
Fecha:                23/11/20
Hora:                20H02
*------------------------------------------------------------*
MPRINT(EM_DIAGRAM):    filename O066_5_B "C:\Users\Admin\Documents\GitHub\AMUL-PRACTICA\practica_AMUL\Workspaces\EMWS3\Clus\EMTRAIN.out" encoding="UTF-8" NOBOM;
MPRINT(EM_DIAGRAM):   proc printto print=O066_5_B new;
MPRINT(EM_DIAGRAM):   run;
MPRINT(EM_DIAGRAM):    filename _LOG "C:\Users\Admin\Documents\GitHub\AMUL-PRACTICA\practica_AMUL\Workspaces\EMWS3\Clus\EMLOG.log" encoding="UTF-8" NOBOM;
MPRINT(EM_DIAGRAM):    data _null_;
MPRINT(EM_DIAGRAM):   call symput('NLDATE', strip(put(date(), NLDATE.)));
MPRINT(EM_DIAGRAM):   call symput('NLTIME', strip(put(datetime(), NLTIME.)));
MPRINT(EM_DIAGRAM):   run;
MPRINT(EM_DIAGRAM):   data _null_;
MPRINT(EM_DIAGRAM):   nldate= sasmsg("sashelp.dmine", "log_date_note", 'N', "23/11/20" );
MPRINT(EM_DIAGRAM):   nltime= sasmsg("sashelp.dmine", "log_time_note", 'N', "20H02" );
MPRINT(EM_DIAGRAM):   file _LOG;
MPRINT(EM_DIAGRAM):   put "*------------------------------------------------------------*";
MPRINT(EM_DIAGRAM):   put "Usuario:                Admin";
MPRINT(EM_DIAGRAM):   put nldate;
MPRINT(EM_DIAGRAM):   put nltime;
MPRINT(EM_DIAGRAM):   put "Sitio:                70161230";
MPRINT(EM_DIAGRAM):   put "Plataforma:            X64_10HOME";
MPRINT(EM_DIAGRAM):   put "Versión de mantenimiento: 9.04.01M6P111518";
MPRINT(EM_DIAGRAM):   put "Versión de EM:          15.1";
MPRINT(EM_DIAGRAM):   put "* ";
MPRINT(EM_DIAGRAM):   run;
MPRINT(EM_DIAGRAM):    filename _LOGIN "C:\Users\Admin\Documents\GitHub\AMUL-PRACTICA\practica_AMUL\Workspaces\EMWS3\Clus\EMTRAIN.log" encoding="UTF-8" NOBOM;
MPRINT(EM_COPYFILE):   data _null_;
MPRINT(EM_COPYFILE):   length line $20000;
MPRINT(EM_COPYFILE):   file _LOG MOD lrecl=20000;
MPRINT(EM_COPYFILE):   fid=fopen("_LOGIN",'i',20000,'v');
MPRINT(EM_COPYFILE):   if fid > 0 then do;
MPRINT(EM_COPYFILE):   do while(^fread(fid));
MPRINT(EM_COPYFILE):   rlen = frlen(fid);
MPRINT(EM_COPYFILE):   rc= fget(fid,line,20000);
MPRINT(EM_COPYFILE):   start = length(line)-length(left(line))+1;
MPRINT(EM_COPYFILE):   line=strip(line);
MPRINT(EM_COPYFILE):   put @start line;
MPRINT(EM_COPYFILE):   end;
MPRINT(EM_COPYFILE):   if fid > 0 then rc=fclose(fid);
MPRINT(EM_COPYFILE):   end;
MPRINT(EM_COPYFILE):   run;
MPRINT(EM_DIAGRAM):  ;
MPRINT(EM_DIAGRAM):   filename _LOGIN;
MPRINT(EM_DIAGRAM):    data _null_;
MPRINT(EM_DIAGRAM):   file _LOG mod;
MPRINT(EM_DIAGRAM):   put _page_;
MPRINT(EM_DIAGRAM):   run;
MPRINT(EM_DIAGRAM):   filename _LOGIN "C:\Users\Admin\Documents\GitHub\AMUL-PRACTICA\practica_AMUL\Workspaces\EMWS3\Clus\EMSCORE.log" encoding="UTF-8" NOBOM;
MPRINT(EM_DIAGRAM):  ;
MPRINT(EM_DIAGRAM):   data _null_;
MPRINT(EM_DIAGRAM):   file _LOG mod;
MPRINT(EM_DIAGRAM):   put _page_;
MPRINT(EM_DIAGRAM):   run;
MPRINT(EM_DIAGRAM):    filename _LOGIN "C:\Users\Admin\Documents\GitHub\AMUL-PRACTICA\practica_AMUL\Workspaces\EMWS3\Clus\EMREPORT.log" encoding="UTF-8" NOBOM;
MPRINT(EM_DIAGRAM):  ;
MPRINT(EM_DIAGRAM):   filename _LOGIN;
MPRINT(EM_DIAGRAM):    filename _LOG;
MPRINT(EM_DIAGRAM):    filename _OUT "C:\Users\Admin\Documents\GitHub\AMUL-PRACTICA\practica_AMUL\Workspaces\EMWS3\Clus\EMOUTPUT.out" encoding="UTF-8" NOBOM;
MPRINT(EM_DIAGRAM):    data _null_;
MPRINT(EM_DIAGRAM):   call symput('NLDATE', strip(put(date(), NLDATE.)));
MPRINT(EM_DIAGRAM):   call symput('NLTIME', strip(put(datetime(), NLTIME.)));
MPRINT(EM_DIAGRAM):   run;
MPRINT(EM_DIAGRAM):   data _null_;
MPRINT(EM_DIAGRAM):   nldate= sasmsg("sashelp.dmine", "log_date_note", 'N', "23/11/20" );
MPRINT(EM_DIAGRAM):   nltime= sasmsg("sashelp.dmine", "log_time_note", 'N', "20H02" );
MPRINT(EM_DIAGRAM):   file _OUT;
MPRINT(EM_DIAGRAM):   put "*------------------------------------------------------------*";
MPRINT(EM_DIAGRAM):   put "Usuario:                Admin";
MPRINT(EM_DIAGRAM):   put nldate;
MPRINT(EM_DIAGRAM):   put nltime;
MPRINT(EM_DIAGRAM):   put "*------------------------------------------------------------*";
MPRINT(EM_DIAGRAM):   put "* Salida de entrenamiento";
MPRINT(EM_DIAGRAM):   put "*------------------------------------------------------------*";
MPRINT(EM_DIAGRAM):   run;
MPRINT(EM_DIAGRAM):    filename _OUTIN "C:\Users\Admin\Documents\GitHub\AMUL-PRACTICA\practica_AMUL\Workspaces\EMWS3\Clus\EMTRAIN.out" encoding="UTF-8" NOBOM;
MPRINT(EM_DIAGRAM):   ;
MPRINT(EM_COPYFILE):   data _null_;
MPRINT(EM_COPYFILE):   length line $20000;
MPRINT(EM_COPYFILE):   file _OUT MOD lrecl=20000;
MPRINT(EM_COPYFILE):   fid=fopen("_OUTIN",'i',20000,'v');
MPRINT(EM_COPYFILE):   if fid > 0 then do;
MPRINT(EM_COPYFILE):   do while(^fread(fid));
MPRINT(EM_COPYFILE):   rlen = frlen(fid);
MPRINT(EM_COPYFILE):   rc= fget(fid,line,20000);
MPRINT(EM_COPYFILE):   start = length(line)-length(left(line))+1;
MPRINT(EM_COPYFILE):   line=strip(line);
MPRINT(EM_COPYFILE):   put @start line;
MPRINT(EM_COPYFILE):   end;
MPRINT(EM_COPYFILE):   if fid > 0 then rc=fclose(fid);
MPRINT(EM_COPYFILE):   end;
MPRINT(EM_COPYFILE):   run;
MPRINT(EM_DIAGRAM):  ;
MPRINT(EM_DIAGRAM):   filename _OUTIN;
MPRINT(EM_DIAGRAM):    data _null_;
MPRINT(EM_DIAGRAM):   file _OUT mod;
MPRINT(EM_DIAGRAM):   put _page_;
MPRINT(EM_DIAGRAM):   put // "*------------------------------------------------------------*";
MPRINT(EM_DIAGRAM):   put "* Salida de puntuación";
MPRINT(EM_DIAGRAM):   put "*------------------------------------------------------------*";
MPRINT(EM_DIAGRAM):   run;
MPRINT(EM_DIAGRAM):    filename _OUTIN "C:\Users\Admin\Documents\GitHub\AMUL-PRACTICA\practica_AMUL\Workspaces\EMWS3\Clus\EMSCORE.out" encoding="UTF-8" NOBOM;
MPRINT(EM_DIAGRAM):  ;
MPRINT(EM_DIAGRAM):   filename _OUTIN;
MPRINT(EM_DIAGRAM):    data _null_;
MPRINT(EM_DIAGRAM):   file _OUT mod;
MPRINT(EM_DIAGRAM):   put _page_;
MPRINT(EM_DIAGRAM):   put // "*------------------------------------------------------------*";
MPRINT(EM_DIAGRAM):   put "* Salida del informe";
MPRINT(EM_DIAGRAM):   put "*------------------------------------------------------------*";
MPRINT(EM_DIAGRAM):   run;
MPRINT(EM_DIAGRAM):    filename _OUTIN "C:\Users\Admin\Documents\GitHub\AMUL-PRACTICA\practica_AMUL\Workspaces\EMWS3\Clus\EMREPORT.out" encoding="UTF-8" NOBOM;
MPRINT(EM_DIAGRAM):  ;
MPRINT(EM_DIAGRAM):   filename _OUTIN;
MPRINT(EM_DIAGRAM):    filename _OUT;
MPRINT(EM_DIAGRAM):    filename _emtool_ 'C:\Users\Admin\Documents\GitHub\AMUL-PRACTICA\practica_AMUL\Workspaces\EMWS3\Clus\EMRUNSTATUS.xml' encoding="UTF-8" NOBOM;
18276      proc freq data=EMWS3.Clus_VariableSet noprint;
MPRINT(EM_DIAGRAM):    proc freq data=EMWS3.Clus_VariableSet noprint;
18277      table ROLE*LEVEL/out=WORK.ClusMETA;
MPRINT(EM_DIAGRAM):   table ROLE*LEVEL/out=WORK.ClusMETA;
18278      run;
MPRINT(EM_DIAGRAM):   run;

NOTE: There were 1205 observations read from the data set EMWS3.CLUS_VARIABLESET.
NOTE: The data set WORK.CLUSMETA has 2 observations and 4 variables.
NOTE: PROCEDURE FREQ ha utilizado (Tiempo de proceso total):
      real time           0.01 seconds
      cpu time            0.01 seconds
      

18279      proc print data=WORK.ClusMETA label noobs;
MPRINT(EM_DIAGRAM):   proc print data=WORK.ClusMETA label noobs;
18280      var ROLE LEVEL COUNT;
MPRINT(EM_DIAGRAM):   var ROLE LEVEL COUNT;
18281      label ROLE = "%sysfunc(sasmsg(sashelp.dmine, meta_role_vlabel, NOQUOTE))" LEVEL = "%sysfunc(sasmsg(sashelp.dmine, meta_level_vlabel, NOQUOTE))" COUNT = "%sysfunc(sasmsg(sashelp.dmine, rpt_count_vlabel, NOQUOTE))";
MPRINT(EM_DIAGRAM):   label ROLE = "Rol" LEVEL = "Nivel de medida" COUNT = "Número de ocurrencias";
18282      title9 ' ';
MPRINT(EM_DIAGRAM):   title9 ' ';
18283      title10 "%sysfunc(sasmsg(sashelp.dmine, rpt_varSummary_title  , NOQUOTE))";
MPRINT(EM_DIAGRAM):   title10 "Resumen de variables";
MPRINT(EM_DIAGRAM):   run;
18284      run;

NOTE: There were 2 observations read from the data set WORK.CLUSMETA.
NOTE: The PROCEDURE PRINT printed page 1.
NOTE: PROCEDURE PRINT ha utilizado (Tiempo de proceso total):
      real time           0.00 seconds
      cpu time            0.01 seconds
      

18285      title10;
MPRINT(EM_DIAGRAM):   title10;
18286      data WORK.M1Q778XN;
MPRINT(EM_DIAGRAM):    data WORK.M1Q778XN;
18287      set WORK.M1Q778XN;
MPRINT(EM_DIAGRAM):   set WORK.M1Q778XN;
18288      if role eq 'REJECTED' then role = 'INPUT';
MPRINT(EM_DIAGRAM):   if role eq 'REJECTED' then role = 'INPUT';
18289      run;
MPRINT(EM_DIAGRAM):   run;

NOTE: There were 1204 observations read from the data set WORK.M1Q778XN.
NOTE: The data set WORK.M1Q778XN has 1204 observations and 21 variables.
NOTE: DATA statement ha utilizado (Tiempo de proceso total):
      real time           0.00 seconds
      cpu time            0.00 seconds
      

MPRINT(EM_DIAGRAM):    *------------------------------------------------------------*;
MPRINT(EM_DIAGRAM):   * Clus: preparando metadatos para el entrenamiento;
MPRINT(EM_DIAGRAM):   ;
MPRINT(EM_DIAGRAM):   *------------------------------------------------------------*;
MPRINT(EM_DIAGRAM):   data WORK.M1Q778XN;
MPRINT(EM_DIAGRAM):   set WORK.M1Q778XN;
MPRINT(EM_DIAGRAM):   if role eq 'REJECTED' then role = 'INPUT';
MPRINT(EM_DIAGRAM):   run;
18298      *------------------------------------------------------------*;
MPRINT(EM_DIAGRAM):    *------------------------------------------------------------*;
18299      * Clus: entrenamiento;
MPRINT(EM_DIAGRAM):   * Clus: entrenamiento;
18300      *------------------------------------------------------------*;
MPRINT(EM_DIAGRAM):   *------------------------------------------------------------*;
18301      *------------------------------------------------------------*;
MPRINT(EM_DIAGRAM):   *------------------------------------------------------------*;
18302      * Create DMDB macros;
MPRINT(EM_DIAGRAM):   * Create DMDB macros;
18303      %let _sns = %sysfunc(getoption(SOURCE));
18304      options nosource;
MPRINT(EM_DIAGRAM):   options nosource;
MPRINT(EM_DIAGRAM):   *------------------------------------------------------------* ;
MPRINT(EM_DIAGRAM):   * Clus: DMDBClass Macro ;
MPRINT(EM_DIAGRAM):   *------------------------------------------------------------* ;
MPRINT(EM_DIAGRAM):   *------------------------------------------------------------* ;
MPRINT(EM_DIAGRAM):   * Clus: DMDBVar Macro ;
MPRINT(EM_DIAGRAM):   *------------------------------------------------------------* ;
MPRINT(EM_DIAGRAM):   options SOURCE;
MPRINT(EM_DIAGRAM):   * End DMDB macros generation;
MPRINT(EM_DIAGRAM):   *------------------------------------------------------------*;
MPRINT(EM_DIAGRAM):   *------------------------------------------------------------*;
MPRINT(EM_DIAGRAM):   * Clus: Create DMDB;
MPRINT(EM_DIAGRAM):   *------------------------------------------------------------*;
18419      * End DMDB macros generation;
18420      *------------------------------------------------------------*;
18421      *------------------------------------------------------------*;
18422      * Clus: Create DMDB;
18423      *------------------------------------------------------------*;
18424      proc dmdb batch data=EMWS3.Ids_DATA
18425      dmdbcat=WORK.Clus_DMDB
18426      maxlevel = 513
18427      out=WORK.Clus_DMDB
18428      ;
MPRINT(EM_DIAGRAM):   proc dmdb batch data=EMWS3.Ids_DATA dmdbcat=WORK.Clus_DMDB maxlevel = 513 out=WORK.Clus_DMDB ;
MPRINT(EM_DIAGRAM):   var
18429      var %DMDBVar;
MPRINT(DMDBVAR):   ABSOLUT ACCELER ACCEPT ACCESS ACCOUNT ACCUR ACID ACTION ACTIV ADAM ADCOM ADDIT ADDRESS ADMIN ADMINISTR ADRIAN ADVANC ADVIC AFFECT AGRE AID ALAN ALLERG ALLERGI ALLOC ALLOW ALTERN AMATEUR AMERICAN AMOUNT AMP AMPLIFI ANA ANALOG ANDI ANDREW 
ANGEL ANIM ANNOUNC ANSWER ANTENNA ANTI ANTIBIOT APP APPAR APPEAR APPL APPLI APPLIC APPRECI APPROACH APRIL ARAB ARCAD AREA AREN ARGIC ARGUMENT ARM ARMENIA ARMENIAN ARMI ARTICL ARTIFICI ASK ASSEMBL ASSIST ASSOCI ASSUM ATARI ATHEN ATHENA ATTACH ATTACK 
ATTEMPT ATTRIBUT AUDIO AUSTIN AUSTRALIA AUTHOR AVOID AZERI BACKGROUND BAND BANK BARBECU BASE BASIC BATTERI BECK BELL BENSON BERKELEI BEYER BILL BIRTHDAI BIT BITMAP BLACK BLOOD BLUE BOARD BODI BOMB BOOK BORDER BOSTON BOUGHT BOULDER BOX BRAD BRAIN BRAND 
BREAK BRIAN BRING BRITISH BROWN BTW BUFFER BUILD BUILT BULB BUNCH BUSH BUSI BUTTON CABL CALIFORNIA CALL CAMBRIDG CAN CANADA CANCER CANDIDA CAPABL CAPACITOR CAPIT CAR CARD CARE CARNEGI CARRI CARTER CASE CATALOG CAUS CELL CENTER CENTR CHANC CHANG CHANNEL 
CHARACT CHARG CHASTITI CHEAP CHECK CHEER CHEMIC CHICAGO CHILD CHILDREN CHINES CHIP CHOIC CHRI CHRISTIAN CHRISTOPH CIRCUIT CITI CITIZEN CIVIL CIVILIAN CLAIM CLASS CLEAR CLEVELAND CLIENT CLINIC CLINTON CLOCK CLOSE CLUB CMU CODE COLD COLLEG COLLIN COLOR 
COLORADO COLORMAP COLUMBIA COMBIN COMMAND COMMENT COMMERCI COMMIT COMMON COMMUN COMP COMPANI COMPAR COMPAT COMPIL COMPLET COMPON COMPUT CONCERN CONCRET CONDIT CONFER CONFIGUR CONFLICT CONFUS CONNECT CONSID CONSIST CONSTRUCT CONSULT CONTACT CONTENT CONTEXT 
CONTINU CONTROL CONVENT CONVERT COOL COPI CORN CORP CORPOR CORRECT COST COULDN COUNT COUNTRI COUPL COVER COVINGTON CPR CREAT CROHN CROSS CURE CURRENT CURSOR CUSTOM CUTE CYCL DAI DAILI DALE DAMAG DANGER DANIEL DANNI DATA DAVE DAVID DAVIDIAN DAYTON DEAD 
DEAL DEAR DEATH DECID DECOD DEFAULT DEFIN DEFINIT DEGRE DEIR DELET DEPART DEPEND DEPT DEPTH DESIGN DESTROI DETAIL DETECT DETECTOR DETERMIN DEVELOP DEVIC DIAGNOS DIAGRAM DIALOG DICK DIDN DIEGO DIET DIFFER DIGIT DIMENS DIOD DIRECT DIRECTORI DISCHARG 
DISCLAIM DISCUSS DISEAS DISK DISPLAI DISTANC DISTRIBUT DIVIS DOCTOR DOCUMENT DOESN DOMAIN DOMIN DON DONAT DORTMUND DOUBT DOUG DRAW DRIVE DRIVER DROP DRUG DUMP DYER EASI EASILI EAST EAT ECHO EDITOR EDU EDUC EDWARD EFFECT ELECTR ELECTRON EMAIL EMPLOY EMUL 
ENERGI ENGIN ENGLAND ENTIR ENTRI ENVIRON EPROM EQUAL EQUIP ERIC ERROR ESCAP ESSENTI EUROP EUROPEAN EVENT EVID EXACT EXECUT EXERCIS EXIST EXPANS EXPECT EXPENS EXPERI EXPERIENC EXPLAIN EXPLOD EXPOS EXPRESS EXTENS EXTERMIN EXTRA FACE FACT FAIL FALS FAMILI 
FAST FATHER FAVOR FAX FEATUR FEDER FEED FEEL FIELD FIGHT FIGUR FILE FILL FILTER FINAL FIND FINE FIRE FIX FLAME FLASH FLOOR FLUKE FOCU FOLK FOLLOWUP FONT FOOD FORC FORGET FORM FORMAT FOURD FRAME FRANC FRANK FREE FREEDOM FREEMAN FREQUENC FREQUENT FRI FRIEND 
FULL FUNCTION FUTUR GAIN GAME GARFIEL GARI GATEWAI GAZA GEB GENER GENOCID GEORG GEORGIA GERMAN GERMANI GILBERT GIVE GOOD GORDON GOVERN GRANT GRAPHIC GREAT GREATLI GREEK GREEN GREG GROUND GROUP GUESS GUEST GUI HAMAZA HAMID HAND HANDL HANG HAPPEN HAPPI HARD 
HARDWAR HARRI HARVARD HATE HAVEN HEAD HEADACH HEALTH HEAR HEARD HEART HEAT HEAVI HEIGHT HELP HENRI HENRIK HERNIA HERNLEM HEWLETT HEZBOLLAH HIGH HIGHER HINT HISTOR HISTORI HOLD HOLOCAUST HOME HOOK HOPE HOSPIT HOST HOUR HOUS HOWARD HUMAN HUNTSVIL ICON IDEA 
IGNOR ILLEG ILLINOI IMAG IMAGIN IMAK IMPLEMENT IMPORT IMPRESS IMPROV INCLUD INCREAS INDIVIDU INDUSTRI INFECT INFO INFORM INJECT INPUT INSTAL INSTITUT INSTRUMENT INTEL INTELLECT INTELLIG INTEND INTEREST INTERFAC INTERGRAPH INTERN INTERNET INTERVIEW INVENT 
INVOLV IRAN IRVIN ISLAM ISLAND ISN ISRA ISRAEL ISSU ITEM JACK JAKE JASON JEFF JEFFERSON JERUSALEM JESS JEW JEWISH JIM JIMMI JOEL JOHN JOSEPH JOYSTICK JUSTIFI KEI KEITH KEN KENNETH KEYBOARD KEYWORD KIDNEI KILL KIND KIRLIAN KLUTE KNOW KNOWLEDG KRILLEAN LAB 
LABEL LABORATORI LACK LAND LANGUAG LARG LARRI LASER LAW LEAD LEADER LEARN LEAV LEBANES LEBANON LEFT LEGAL LET LETTER LEVEL LIBRARI LICENS LIFE LIGHT LIMIT LINK LINUX LIST LISTEN LITERATUR LIVE LIVNI LOAD LOCAL LOCAT LOGIC LOGIN LONG LONGER LOOK LOOP LOST 
LOT LOVE LUCK LUNG LYME MACHIN MAHAN MAIL MAIN MAINTAIN MAJOR MAKE MAN MANAG MANUAL MAP MARC MARK MARKET MARTIN MASK MASS MASSACR MATERI MATH MATTER MCGILL MEAN MEASUR MECHAN MED MEDIA MEDIC MEDICIN MELLON MEMBER MEMORI MENTION MENU MESSAG METAL METHOD 
METHODOLOG MICHAEL MIDDL MIGRAIN MIKE MILE MILITARI MILLION MIND MINUT MISC MISS MISTAK MODE MODEL MODIFI MODUL MON MONEI MONITOR MONTH MORAL MOTIF MOTOROLA MOUNTAIN MOUS MOVE MOVEMENT MSG MULTI MULTIPL MURDER MUSCL MUSLIM NAFTALI NAME NASA NATION NATUR 
NAZI NECESSARILI NEED NEEDL NEGOTI NET NETANYAHU NETCOM NETNEW NETWORK NEUTRAL NEW NEWS NEWSREAD NICE NIGHT NNTP NOIS NORMAL NORTH NOTE NOTIC NUCLEAR NULL NUMBER OBJECT OBSERV OBTAIN OCCUP OCCUPI OCCUR ODOMET OFFER OFFIC OFFICI OHIO OLWM OMRAN OPEN 
OPENLOOK OPENWINDOW OPER OPINION OPTION ORDER ORG ORGAN ORIGIN OSCIL OUTLET OUTPUT OWNER PACKAG PACKARD PACKET PAGE PAID PAIN PALESTIN PALESTINIAN PAPER PARENT PART PARTI PASS PATCH PATIENT PATRICK PAUL PEAC PERFORM PERIOD PERSIAN PERSON PETER PHONE 
PHOTOGRAPHI PHYSIC PHYSICIAN PICA PICK PICTUR PILL PIN PITT PITTSBURGH PIXEL PIXMAP PLACE PLAI PLAIN PLAN PLANE PLAYER PLUG POINT POINTER POLIC POLICI POLIT POPUL POPULAR POPUP PORT POSIT POSSIBL POST POSTER POSTSCRIPT POWER PRACTIC PREFER PRESENT PRESID 
PRESS PRETTI PREVENT PREVIOU PRICE PRINT PRINTER PRIVAT PROBLEM PROCESS PRODUC PRODUCT PROGRAM PROGRAMM PROJECT PROLIN PROPAGANDA PROPER PROPOS PROTECT PROTOCOL PROVE PROVID PUBLIC PUBLISH PULL PURPOS PUT QUACK QUALITI QUESTION QUOT RACE RACISM RACIST 
RADAR RADIO RAINER RANG RATE REACTION READ READER REAL REALIZ REASON REC RECAL RECEIV RECOGN RECOMMEND REDUC REDUND REGION REGIST REILLI RELAI RELAT RELEAS RELIABL RELIGION REMAIN REMEMB REMOT REMOV REPEAT REPLAC REPLI REPORT REQUEST REQUIR RESEARCH 
RESERV RESIST RESISTOR RESOURC RESPOND RESPONS REST RESULT RETURN REVIEW RICH RICHARD RICHARDSON RIGHT RIND RING RISK RIVER ROAD ROBERT ROCHEST RON ROOM ROOT RUI RULE RUN RUSSEL RUSSIAN SALAH SALE SALMON SAMPL SAT SAVE SCHEMAT SCHOOL SCHWARTZ SCI SCIENC 
SCIENTIF SCIENTIST SCOPE SCOTT SCREEN SDSU SEA SEARCH SEATTL SECTION SECUR SEEK SEIZUR SELECT SELL SEMIT SEND SENS SENSIT SEPAR SEQUENC SERA SERDAR SERI SERIAL SERV SERVER SERVIC SET SEXUAL SHACK SHAME SHARE SHELL SHNEKENDORF SHOOT SHORT SHOSTACK SHOT 
SHOULDN SHOW SICK SIDE SIGN SIGNAL SIGNIFIC SIMILAR SIMM SIMPL SIMPLI SINGL SITE SITUAT SIZE SKEPTIC SKIN SLEEP SLOW SMALL SMOKE SOCIETI SOFTWAR SOLARI SOLDIER SOLUT SORT SOUND SOURC SOUTH SOVIET SPACE SPARC SPEAK SPEC SPECIAL SPECIF SPEED SPELL SPOCK 
SPOT STAI STAND STANDARD START STATE STATEMENT STATIC STATU STEIN STEPHEN STEVE STEVEN STONE STOP STORE STORI STRING STRIP STUDENT STUDI STUFF STUPID STYLE SUBSCRIB SUBSCRIV SUFFER SUGGEST SUIT SUMMARI SUN SUNO SUPERSTIT SUPPLI SUPPORT SUPPOS SURGERI 
SURPRIS SURREND SUSPECT SWITCH SYMBOL SYMPTOM SYNDROM SYRIA SYSTEM TABL TAKE TALK TAPE TARGET TAST TCP TECHNIC TECHNOLOG TEKTRONIX TEL TELEPHON TELL TEMPERATUR TERM TERMIN TERRITORI TERROR TERRORIST TEST TEXA TEXT THAT THEE THEORI THERAPI THERE THEY THINK 
THOMA THOUGHT THREAD THROW THU TIM TIME TIMER TITL TODAI TOLD TOM TONIGHT TOOL TOOLKIT TOPIC TORONTO TOTAL TOWER TRACE TRAFFIC TRAIN TRANSFORM TRANSLAT TRANSMIT TREAT TREATMENT TROOP TROUBL TRUE TRUTH TUBE TUE TURK TURKEI TURKISH TURN TYPE TYPIC UNDEFIN 
UNDERSTAND UNIT UNIV UNIVERS UNIX UNKNOWN UPDAT URBANA USA USENET USER UTEXA UUCP VALU VANDERBYL VARIABL VAX VERSION VIDEO VIEW VILLAG VIRGINIA VIRTUAL VISUAL VOIC VOLT VOLTAG WAI WAIT WALL WANT WAR WARN WASHINGTON WASN WAST WATCH WATER WAVE WAYN WED WEEK 
WEIGHT WEST WESTERN WHAT WHITE WIDE WIDGET WIDTH WIFE WIN WINDOW WIRE WOMEN WON WONDER WORD WORK WORLD WORTH WOULDN WPI WRITE WRITTEN WRONG WROTE XLIB XPUTIMAG XSERVER XTERM XTERMIN XVIEW XWINDOW YASSIN YEAH YEAR YEAST YIGAL YORK YOU YOUNG ZIONISM ZIONIST 
ZUMA
MPRINT(EM_DIAGRAM):  ;
18430      run;
MPRINT(EM_DIAGRAM):   run;

Note: Large memory request: 606816
NOTE: Records processed = 3000   Memory used = 511K.
NOTE: Vista EMWS3.IDS_DATA.VIEW ha utilizado (Tiempo de proceso total):
      real time           0.17 seconds
      cpu time            0.12 seconds
      
NOTE: There were 3000 observations read from the data set AMUL.TERMINOS_DOCUMENTOS.
NOTE: There were 3000 observations read from the data set EMWS3.IDS_DATA.
NOTE: The data set WORK.CLUS_DMDB has 3000 observations and 1204 variables.
NOTE: PROCEDURE DMDB ha utilizado (Tiempo de proceso total):
      real time           0.18 seconds
      cpu time            0.12 seconds
      

MPRINT(EM_DIAGRAM):   quit;
MPRINT(EM_DIAGRAM):   *--- end code ---*;
18431      quit;
18432      *--- end code ---*;

Note: Large memory request: 606816
18433      *------------------------------------------------------------* ;
MPRINT(EM_DIAGRAM):    *------------------------------------------------------------* ;
18434      * Clus: Inputs intervalo Macro ;
MPRINT(EM_DIAGRAM):   * Clus: Inputs intervalo Macro ;
18435      *------------------------------------------------------------* ;
MPRINT(EM_DIAGRAM):   *------------------------------------------------------------* ;
18436      %macro DMVQINTERVAL;
18437          ABSOLUT ACCELER ACCEPT ACCESS ACCOUNT ACCUR ACID ACTION ACTIV ADAM ADCOM ADDIT
18438         ADDRESS ADMIN ADMINISTR ADRIAN ADVANC ADVIC AFFECT AGRE AID ALAN ALLERG ALLERGI
18439         ALLOC ALLOW ALTERN AMATEUR AMERICAN AMOUNT AMP AMPLIFI ANA ANALOG ANDI ANDREW
18440         ANGEL ANIM ANNOUNC ANSWER ANTENNA ANTI ANTIBIOT APP APPAR APPEAR APPL APPLI
18441         APPLIC APPRECI APPROACH APRIL ARAB ARCAD AREA AREN ARGIC ARGUMENT ARM ARMENIA
18442         ARMENIAN ARMI ARTICL ARTIFICI ASK ASSEMBL ASSIST ASSOCI ASSUM ATARI ATHEN
18443         ATHENA ATTACH ATTACK ATTEMPT ATTRIBUT AUDIO AUSTIN AUSTRALIA AUTHOR AVOID AZERI
18444         BACKGROUND BAND BANK BARBECU BASE BASIC BATTERI BECK BELL BENSON BERKELEI BEYER
18445         BILL BIRTHDAI BIT BITMAP BLACK BLOOD BLUE BOARD BODI BOMB BOOK BORDER BOSTON
18446         BOUGHT BOULDER BOX BRAD BRAIN BRAND BREAK BRIAN BRING BRITISH BROWN BTW BUFFER
18447         BUILD BUILT BULB BUNCH BUSH BUSI BUTTON CABL CALIFORNIA CALL CAMBRIDG CAN
18448         CANADA CANCER CANDIDA CAPABL CAPACITOR CAPIT CAR CARD CARE CARNEGI CARRI CARTER
18449         CASE CATALOG CAUS CELL CENTER CENTR CHANC CHANG CHANNEL CHARACT CHARG CHASTITI
18450         CHEAP CHECK CHEER CHEMIC CHICAGO CHILD CHILDREN CHINES CHIP CHOIC CHRI
18451         CHRISTIAN CHRISTOPH CIRCUIT CITI CITIZEN CIVIL CIVILIAN CLAIM CLASS CLEAR
18452         CLEVELAND CLIENT CLINIC CLINTON CLOCK CLOSE CLUB CMU CODE COLD COLLEG COLLIN
18453         COLOR COLORADO COLORMAP COLUMBIA COMBIN COMMAND COMMENT COMMERCI COMMIT COMMON
18454         COMMUN COMP COMPANI COMPAR COMPAT COMPIL COMPLET COMPON COMPUT CONCERN CONCRET
18455         CONDIT CONFER CONFIGUR CONFLICT CONFUS CONNECT CONSID CONSIST CONSTRUCT CONSULT
18456         CONTACT CONTENT CONTEXT CONTINU CONTROL CONVENT CONVERT COOL COPI CORN CORP
18457         CORPOR CORRECT COST COULDN COUNT COUNTRI COUPL COVER COVINGTON CPR CREAT CROHN
18458         CROSS CURE CURRENT CURSOR CUSTOM CUTE CYCL DAI DAILI DALE DAMAG DANGER DANIEL
18459         DANNI DATA DAVE DAVID DAVIDIAN DAYTON DEAD DEAL DEAR DEATH DECID DECOD DEFAULT
18460         DEFIN DEFINIT DEGRE DEIR DELET DEPART DEPEND DEPT DEPTH DESIGN DESTROI DETAIL
18461         DETECT DETECTOR DETERMIN DEVELOP DEVIC DIAGNOS DIAGRAM DIALOG DICK DIDN DIEGO
18462         DIET DIFFER DIGIT DIMENS DIOD DIRECT DIRECTORI DISCHARG DISCLAIM DISCUSS DISEAS
18463         DISK DISPLAI DISTANC DISTRIBUT DIVIS DOCTOR DOCUMENT DOESN DOMAIN DOMIN DON
18464         DONAT DORTMUND DOUBT DOUG DRAW DRIVE DRIVER DROP DRUG DUMP DYER EASI EASILI
18465         EAST EAT ECHO EDITOR EDU EDUC EDWARD EFFECT ELECTR ELECTRON EMAIL EMPLOY EMUL
18466         ENERGI ENGIN ENGLAND ENTIR ENTRI ENVIRON EPROM EQUAL EQUIP ERIC ERROR ESCAP
18467         ESSENTI EUROP EUROPEAN EVENT EVID EXACT EXECUT EXERCIS EXIST EXPANS EXPECT
18468         EXPENS EXPERI EXPERIENC EXPLAIN EXPLOD EXPOS EXPRESS EXTENS EXTERMIN EXTRA FACE
18469         FACT FAIL FALS FAMILI FAST FATHER FAVOR FAX FEATUR FEDER FEED FEEL FIELD FIGHT
18470         FIGUR FILE FILL FILTER FINAL FIND FINE FIRE FIX FLAME FLASH FLOOR FLUKE FOCU
18471         FOLK FOLLOWUP FONT FOOD FORC FORGET FORM FORMAT FOURD FRAME FRANC FRANK FREE
18472         FREEDOM FREEMAN FREQUENC FREQUENT FRI FRIEND FULL FUNCTION FUTUR GAIN GAME
18473         GARFIEL GARI GATEWAI GAZA GEB GENER GENOCID GEORG GEORGIA GERMAN GERMANI
18474         GILBERT GIVE GOOD GORDON GOVERN GRANT GRAPHIC GREAT GREATLI GREEK GREEN GREG
18475         GROUND GROUP GUESS GUEST GUI HAMAZA HAMID HAND HANDL HANG HAPPEN HAPPI HARD
18476         HARDWAR HARRI HARVARD HATE HAVEN HEAD HEADACH HEALTH HEAR HEARD HEART HEAT
18477         HEAVI HEIGHT HELP HENRI HENRIK HERNIA HERNLEM HEWLETT HEZBOLLAH HIGH HIGHER
18478         HINT HISTOR HISTORI HOLD HOLOCAUST HOME HOOK HOPE HOSPIT HOST HOUR HOUS HOWARD
18479         HUMAN HUNTSVIL ICON IDEA IGNOR ILLEG ILLINOI IMAG IMAGIN IMAK IMPLEMENT IMPORT
18480         IMPRESS IMPROV INCLUD INCREAS INDIVIDU INDUSTRI INFECT INFO INFORM INJECT INPUT
18481         INSTAL INSTITUT INSTRUMENT INTEL INTELLECT INTELLIG INTEND INTEREST INTERFAC
18482         INTERGRAPH INTERN INTERNET INTERVIEW INVENT INVOLV IRAN IRVIN ISLAM ISLAND ISN
18483         ISRA ISRAEL ISSU ITEM JACK JAKE JASON JEFF JEFFERSON JERUSALEM JESS JEW JEWISH
18484         JIM JIMMI JOEL JOHN JOSEPH JOYSTICK JUSTIFI KEI KEITH KEN KENNETH KEYBOARD
18485         KEYWORD KIDNEI KILL KIND KIRLIAN KLUTE KNOW KNOWLEDG KRILLEAN LAB LABEL
18486         LABORATORI LACK LAND LANGUAG LARG LARRI LASER LAW LEAD LEADER LEARN LEAV
18487         LEBANES LEBANON LEFT LEGAL LET LETTER LEVEL LIBRARI LICENS LIFE LIGHT LIMIT
18488         LINK LINUX LIST LISTEN LITERATUR LIVE LIVNI LOAD LOCAL LOCAT LOGIC LOGIN LONG
18489         LONGER LOOK LOOP LOST LOT LOVE LUCK LUNG LYME MACHIN MAHAN MAIL MAIN MAINTAIN
18490         MAJOR MAKE MAN MANAG MANUAL MAP MARC MARK MARKET MARTIN MASK MASS MASSACR
18491         MATERI MATH MATTER MCGILL MEAN MEASUR MECHAN MED MEDIA MEDIC MEDICIN MELLON
18492         MEMBER MEMORI MENTION MENU MESSAG METAL METHOD METHODOLOG MICHAEL MIDDL MIGRAIN
18493         MIKE MILE MILITARI MILLION MIND MINUT MISC MISS MISTAK MODE MODEL MODIFI MODUL
18494         MON MONEI MONITOR MONTH MORAL MOTIF MOTOROLA MOUNTAIN MOUS MOVE MOVEMENT MSG
18495         MULTI MULTIPL MURDER MUSCL MUSLIM NAFTALI NAME NASA NATION NATUR NAZI
18496         NECESSARILI NEED NEEDL NEGOTI NET NETANYAHU NETCOM NETNEW NETWORK NEUTRAL NEW
18497         NEWS NEWSREAD NICE NIGHT NNTP NOIS NORMAL NORTH NOTE NOTIC NUCLEAR NULL NUMBER
18498         OBJECT OBSERV OBTAIN OCCUP OCCUPI OCCUR ODOMET OFFER OFFIC OFFICI OHIO OLWM
18499         OMRAN OPEN OPENLOOK OPENWINDOW OPER OPINION OPTION ORDER ORG ORGAN ORIGIN OSCIL
18500         OUTLET OUTPUT OWNER PACKAG PACKARD PACKET PAGE PAID PAIN PALESTIN PALESTINIAN
18501         PAPER PARENT PART PARTI PASS PATCH PATIENT PATRICK PAUL PEAC PERFORM PERIOD
18502         PERSIAN PERSON PETER PHONE PHOTOGRAPHI PHYSIC PHYSICIAN PICA PICK PICTUR PILL
18503         PIN PITT PITTSBURGH PIXEL PIXMAP PLACE PLAI PLAIN PLAN PLANE PLAYER PLUG POINT
18504         POINTER POLIC POLICI POLIT POPUL POPULAR POPUP PORT POSIT POSSIBL POST POSTER
18505         POSTSCRIPT POWER PRACTIC PREFER PRESENT PRESID PRESS PRETTI PREVENT PREVIOU
18506         PRICE PRINT PRINTER PRIVAT PROBLEM PROCESS PRODUC PRODUCT PROGRAM PROGRAMM
18507         PROJECT PROLIN PROPAGANDA PROPER PROPOS PROTECT PROTOCOL PROVE PROVID PUBLIC
18508         PUBLISH PULL PURPOS PUT QUACK QUALITI QUESTION QUOT RACE RACISM RACIST RADAR
18509         RADIO RAINER RANG RATE REACTION READ READER REAL REALIZ REASON REC RECAL RECEIV
18510         RECOGN RECOMMEND REDUC REDUND REGION REGIST REILLI RELAI RELAT RELEAS RELIABL
18511         RELIGION REMAIN REMEMB REMOT REMOV REPEAT REPLAC REPLI REPORT REQUEST REQUIR
18512         RESEARCH RESERV RESIST RESISTOR RESOURC RESPOND RESPONS REST RESULT RETURN
18513         REVIEW RICH RICHARD RICHARDSON RIGHT RIND RING RISK RIVER ROAD ROBERT ROCHEST
18514         RON ROOM ROOT RUI RULE RUN RUSSEL RUSSIAN SALAH SALE SALMON SAMPL SAT SAVE
18515         SCHEMAT SCHOOL SCHWARTZ SCI SCIENC SCIENTIF SCIENTIST SCOPE SCOTT SCREEN SDSU
18516         SEA SEARCH SEATTL SECTION SECUR SEEK SEIZUR SELECT SELL SEMIT SEND SENS SENSIT
18517         SEPAR SEQUENC SERA SERDAR SERI SERIAL SERV SERVER SERVIC SET SEXUAL SHACK SHAME
18518         SHARE SHELL SHNEKENDORF SHOOT SHORT SHOSTACK SHOT SHOULDN SHOW SICK SIDE SIGN
18519         SIGNAL SIGNIFIC SIMILAR SIMM SIMPL SIMPLI SINGL SITE SITUAT SIZE SKEPTIC SKIN
18520         SLEEP SLOW SMALL SMOKE SOCIETI SOFTWAR SOLARI SOLDIER SOLUT SORT SOUND SOURC
18521         SOUTH SOVIET SPACE SPARC SPEAK SPEC SPECIAL SPECIF SPEED SPELL SPOCK SPOT STAI
18522         STAND STANDARD START STATE STATEMENT STATIC STATU STEIN STEPHEN STEVE STEVEN
18523         STONE STOP STORE STORI STRING STRIP STUDENT STUDI STUFF STUPID STYLE SUBSCRIB
18524         SUBSCRIV SUFFER SUGGEST SUIT SUMMARI SUN SUNO SUPERSTIT SUPPLI SUPPORT SUPPOS
18525         SURGERI SURPRIS SURREND SUSPECT SWITCH SYMBOL SYMPTOM SYNDROM SYRIA SYSTEM TABL
18526         TAKE TALK TAPE TARGET TAST TCP TECHNIC TECHNOLOG TEKTRONIX TEL TELEPHON TELL
18527         TEMPERATUR TERM TERMIN TERRITORI TERROR TERRORIST TEST TEXA TEXT THAT THEE
18528         THEORI THERAPI THERE THEY THINK THOMA THOUGHT THREAD THROW THU TIM TIME TIMER
18529         TITL TODAI TOLD TOM TONIGHT TOOL TOOLKIT TOPIC TORONTO TOTAL TOWER TRACE
18530         TRAFFIC TRAIN TRANSFORM TRANSLAT TRANSMIT TREAT TREATMENT TROOP TROUBL TRUE
18531         TRUTH TUBE TUE TURK TURKEI TURKISH TURN TYPE TYPIC UNDEFIN UNDERSTAND UNIT UNIV
18532         UNIVERS UNIX UNKNOWN UPDAT URBANA USA USENET USER UTEXA UUCP VALU VANDERBYL
18533         VARIABL VAX VERSION VIDEO VIEW VILLAG VIRGINIA VIRTUAL VISUAL VOIC VOLT VOLTAG
18534         WAI WAIT WALL WANT WAR WARN WASHINGTON WASN WAST WATCH WATER WAVE WAYN WED WEEK
18535         WEIGHT WEST WESTERN WHAT WHITE WIDE WIDGET WIDTH WIFE WIN WINDOW WIRE WOMEN WON
18536         WONDER WORD WORK WORLD WORTH WOULDN WPI WRITE WRITTEN WRONG WROTE XLIB XPUTIMAG
18537         XSERVER XTERM XTERMIN XVIEW XWINDOW YASSIN YEAH YEAR YEAST YIGAL YORK YOU YOUNG
18538         ZIONISM ZIONIST ZUMA
18539      %mend DMVQINTERVAL;
18540      *------------------------------------------------------------*;
MPRINT(EM_DIAGRAM):   *------------------------------------------------------------*;
18541      * Clus: ejecutar procedimiento DMVQ;
MPRINT(EM_DIAGRAM):   * Clus: ejecutar procedimiento DMVQ;
18542      *------------------------------------------------------------*;
MPRINT(EM_DIAGRAM):   *------------------------------------------------------------*;
18543      title;
MPRINT(EM_DIAGRAM):   title;
18544      options nodate;
MPRINT(EM_DIAGRAM):   options nodate;
18545      proc dmvq data=WORK.Clus_DMDB dmdbcat=WORK.Clus_DMDB std=RANGE nominal=GLM ordinal=RANK
18546      ;
MPRINT(EM_DIAGRAM):   proc dmvq data=WORK.Clus_DMDB dmdbcat=WORK.Clus_DMDB std=RANGE nominal=GLM ordinal=RANK ;
NOTE: The training set WORK.CLUS_DMDB.DATA has 1204 variable(s).
Note: Large memory request: 606816
NOTE: The DMVQ statement has finished with return code=0 and status=begin.
MPRINT(EM_DIAGRAM):   input
18547      input %DMVQINTERVAL / level=interval;
MPRINT(DMVQINTERVAL):   ABSOLUT ACCELER ACCEPT ACCESS ACCOUNT ACCUR ACID ACTION ACTIV ADAM ADCOM ADDIT ADDRESS ADMIN ADMINISTR ADRIAN ADVANC ADVIC AFFECT AGRE AID ALAN ALLERG ALLERGI ALLOC ALLOW ALTERN AMATEUR AMERICAN AMOUNT AMP AMPLIFI ANA ANALOG ANDI 
ANDREW ANGEL ANIM ANNOUNC ANSWER ANTENNA ANTI ANTIBIOT APP APPAR APPEAR APPL APPLI APPLIC APPRECI APPROACH APRIL ARAB ARCAD AREA AREN ARGIC ARGUMENT ARM ARMENIA ARMENIAN ARMI ARTICL ARTIFICI ASK ASSEMBL ASSIST ASSOCI ASSUM ATARI ATHEN ATHENA ATTACH ATTACK 
ATTEMPT ATTRIBUT AUDIO AUSTIN AUSTRALIA AUTHOR AVOID AZERI BACKGROUND BAND BANK BARBECU BASE BASIC BATTERI BECK BELL BENSON BERKELEI BEYER BILL BIRTHDAI BIT BITMAP BLACK BLOOD BLUE BOARD BODI BOMB BOOK BORDER BOSTON BOUGHT BOULDER BOX BRAD BRAIN BRAND 
BREAK BRIAN BRING BRITISH BROWN BTW BUFFER BUILD BUILT BULB BUNCH BUSH BUSI BUTTON CABL CALIFORNIA CALL CAMBRIDG CAN CANADA CANCER CANDIDA CAPABL CAPACITOR CAPIT CAR CARD CARE CARNEGI CARRI CARTER CASE CATALOG CAUS CELL CENTER CENTR CHANC CHANG CHANNEL 
CHARACT CHARG CHASTITI CHEAP CHECK CHEER CHEMIC CHICAGO CHILD CHILDREN CHINES CHIP CHOIC CHRI CHRISTIAN CHRISTOPH CIRCUIT CITI CITIZEN CIVIL CIVILIAN CLAIM CLASS CLEAR CLEVELAND CLIENT CLINIC CLINTON CLOCK CLOSE CLUB CMU CODE COLD COLLEG COLLIN COLOR 
COLORADO COLORMAP COLUMBIA COMBIN COMMAND COMMENT COMMERCI COMMIT COMMON COMMUN COMP COMPANI COMPAR COMPAT COMPIL COMPLET COMPON COMPUT CONCERN CONCRET CONDIT CONFER CONFIGUR CONFLICT CONFUS CONNECT CONSID CONSIST CONSTRUCT CONSULT CONTACT CONTENT CONTEXT 
CONTINU CONTROL CONVENT CONVERT COOL COPI CORN CORP CORPOR CORRECT COST COULDN COUNT COUNTRI COUPL COVER COVINGTON CPR CREAT CROHN CROSS CURE CURRENT CURSOR CUSTOM CUTE CYCL DAI DAILI DALE DAMAG DANGER DANIEL DANNI DATA DAVE DAVID DAVIDIAN DAYTON DEAD 
DEAL DEAR DEATH DECID DECOD DEFAULT DEFIN DEFINIT DEGRE DEIR DELET DEPART DEPEND DEPT DEPTH DESIGN DESTROI DETAIL DETECT DETECTOR DETERMIN DEVELOP DEVIC DIAGNOS DIAGRAM DIALOG DICK DIDN DIEGO DIET DIFFER DIGIT DIMENS DIOD DIRECT DIRECTORI DISCHARG 
DISCLAIM DISCUSS DISEAS DISK DISPLAI DISTANC DISTRIBUT DIVIS DOCTOR DOCUMENT DOESN DOMAIN DOMIN DON DONAT DORTMUND DOUBT DOUG DRAW DRIVE DRIVER DROP DRUG DUMP DYER EASI EASILI EAST EAT ECHO EDITOR EDU EDUC EDWARD EFFECT ELECTR ELECTRON EMAIL EMPLOY EMUL 
ENERGI ENGIN ENGLAND ENTIR ENTRI ENVIRON EPROM EQUAL EQUIP ERIC ERROR ESCAP ESSENTI EUROP EUROPEAN EVENT EVID EXACT EXECUT EXERCIS EXIST EXPANS EXPECT EXPENS EXPERI EXPERIENC EXPLAIN EXPLOD EXPOS EXPRESS EXTENS EXTERMIN EXTRA FACE FACT FAIL FALS FAMILI 
FAST FATHER FAVOR FAX FEATUR FEDER FEED FEEL FIELD FIGHT FIGUR FILE FILL FILTER FINAL FIND FINE FIRE FIX FLAME FLASH FLOOR FLUKE FOCU FOLK FOLLOWUP FONT FOOD FORC FORGET FORM FORMAT FOURD FRAME FRANC FRANK FREE FREEDOM FREEMAN FREQUENC FREQUENT FRI FRIEND 
FULL FUNCTION FUTUR GAIN GAME GARFIEL GARI GATEWAI GAZA GEB GENER GENOCID GEORG GEORGIA GERMAN GERMANI GILBERT GIVE GOOD GORDON GOVERN GRANT GRAPHIC GREAT GREATLI GREEK GREEN GREG GROUND GROUP GUESS GUEST GUI HAMAZA HAMID HAND HANDL HANG HAPPEN HAPPI HARD 
HARDWAR HARRI HARVARD HATE HAVEN HEAD HEADACH HEALTH HEAR HEARD HEART HEAT HEAVI HEIGHT HELP HENRI HENRIK HERNIA HERNLEM HEWLETT HEZBOLLAH HIGH HIGHER HINT HISTOR HISTORI HOLD HOLOCAUST HOME HOOK HOPE HOSPIT HOST HOUR HOUS HOWARD HUMAN HUNTSVIL ICON IDEA 
IGNOR ILLEG ILLINOI IMAG IMAGIN IMAK IMPLEMENT IMPORT IMPRESS IMPROV INCLUD INCREAS INDIVIDU INDUSTRI INFECT INFO INFORM INJECT INPUT INSTAL INSTITUT INSTRUMENT INTEL INTELLECT INTELLIG INTEND INTEREST INTERFAC INTERGRAPH INTERN INTERNET INTERVIEW INVENT 
INVOLV IRAN IRVIN ISLAM ISLAND ISN ISRA ISRAEL ISSU ITEM JACK JAKE JASON JEFF JEFFERSON JERUSALEM JESS JEW JEWISH JIM JIMMI JOEL JOHN JOSEPH JOYSTICK JUSTIFI KEI KEITH KEN KENNETH KEYBOARD KEYWORD KIDNEI KILL KIND KIRLIAN KLUTE KNOW KNOWLEDG KRILLEAN LAB 
LABEL LABORATORI LACK LAND LANGUAG LARG LARRI LASER LAW LEAD LEADER LEARN LEAV LEBANES LEBANON LEFT LEGAL LET LETTER LEVEL LIBRARI LICENS LIFE LIGHT LIMIT LINK LINUX LIST LISTEN LITERATUR LIVE LIVNI LOAD LOCAL LOCAT LOGIC LOGIN LONG LONGER LOOK LOOP LOST 
LOT LOVE LUCK LUNG LYME MACHIN MAHAN MAIL MAIN MAINTAIN MAJOR MAKE MAN MANAG MANUAL MAP MARC MARK MARKET MARTIN MASK MASS MASSACR MATERI MATH MATTER MCGILL MEAN MEASUR MECHAN MED MEDIA MEDIC MEDICIN MELLON MEMBER MEMORI MENTION MENU MESSAG METAL METHOD 
METHODOLOG MICHAEL MIDDL MIGRAIN MIKE MILE MILITARI MILLION MIND MINUT MISC MISS MISTAK MODE MODEL MODIFI MODUL MON MONEI MONITOR MONTH MORAL MOTIF MOTOROLA MOUNTAIN MOUS MOVE MOVEMENT MSG MULTI MULTIPL MURDER MUSCL MUSLIM NAFTALI NAME NASA NATION NATUR 
NAZI NECESSARILI NEED NEEDL NEGOTI NET NETANYAHU NETCOM NETNEW NETWORK NEUTRAL NEW NEWS NEWSREAD NICE NIGHT NNTP NOIS NORMAL NORTH NOTE NOTIC NUCLEAR NULL NUMBER OBJECT OBSERV OBTAIN OCCUP OCCUPI OCCUR ODOMET OFFER OFFIC OFFICI OHIO OLWM OMRAN OPEN 
OPENLOOK OPENWINDOW OPER OPINION OPTION ORDER ORG ORGAN ORIGIN OSCIL OUTLET OUTPUT OWNER PACKAG PACKARD PACKET PAGE PAID PAIN PALESTIN PALESTINIAN PAPER PARENT PART PARTI PASS PATCH PATIENT PATRICK PAUL PEAC PERFORM PERIOD PERSIAN PERSON PETER PHONE 
PHOTOGRAPHI PHYSIC PHYSICIAN PICA PICK PICTUR PILL PIN PITT PITTSBURGH PIXEL PIXMAP PLACE PLAI PLAIN PLAN PLANE PLAYER PLUG POINT POINTER POLIC POLICI POLIT POPUL POPULAR POPUP PORT POSIT POSSIBL POST POSTER POSTSCRIPT POWER PRACTIC PREFER PRESENT PRESID 
PRESS PRETTI PREVENT PREVIOU PRICE PRINT PRINTER PRIVAT PROBLEM PROCESS PRODUC PRODUCT PROGRAM PROGRAMM PROJECT PROLIN PROPAGANDA PROPER PROPOS PROTECT PROTOCOL PROVE PROVID PUBLIC PUBLISH PULL PURPOS PUT QUACK QUALITI QUESTION QUOT RACE RACISM RACIST 
RADAR RADIO RAINER RANG RATE REACTION READ READER REAL REALIZ REASON REC RECAL RECEIV RECOGN RECOMMEND REDUC REDUND REGION REGIST REILLI RELAI RELAT RELEAS RELIABL RELIGION REMAIN REMEMB REMOT REMOV REPEAT REPLAC REPLI REPORT REQUEST REQUIR RESEARCH 
RESERV RESIST RESISTOR RESOURC RESPOND RESPONS REST RESULT RETURN REVIEW RICH RICHARD RICHARDSON RIGHT RIND RING RISK RIVER ROAD ROBERT ROCHEST RON ROOM ROOT RUI RULE RUN RUSSEL RUSSIAN SALAH SALE SALMON SAMPL SAT SAVE SCHEMAT SCHOOL SCHWARTZ SCI SCIENC 
SCIENTIF SCIENTIST SCOPE SCOTT SCREEN SDSU SEA SEARCH SEATTL SECTION SECUR SEEK SEIZUR SELECT SELL SEMIT SEND SENS SENSIT SEPAR SEQUENC SERA SERDAR SERI SERIAL SERV SERVER SERVIC SET SEXUAL SHACK SHAME SHARE SHELL SHNEKENDORF SHOOT SHORT SHOSTACK SHOT 
SHOULDN SHOW SICK SIDE SIGN SIGNAL SIGNIFIC SIMILAR SIMM SIMPL SIMPLI SINGL SITE SITUAT SIZE SKEPTIC SKIN SLEEP SLOW SMALL SMOKE SOCIETI SOFTWAR SOLARI SOLDIER SOLUT SORT SOUND SOURC SOUTH SOVIET SPACE SPARC SPEAK SPEC SPECIAL SPECIF SPEED SPELL SPOCK 
SPOT STAI STAND STANDARD START STATE STATEMENT STATIC STATU STEIN STEPHEN STEVE STEVEN STONE STOP STORE STORI STRING STRIP STUDENT STUDI STUFF STUPID STYLE SUBSCRIB SUBSCRIV SUFFER SUGGEST SUIT SUMMARI SUN SUNO SUPERSTIT SUPPLI SUPPORT SUPPOS SURGERI 
SURPRIS SURREND SUSPECT SWITCH SYMBOL SYMPTOM SYNDROM SYRIA SYSTEM TABL TAKE TALK TAPE TARGET TAST TCP TECHNIC TECHNOLOG TEKTRONIX TEL TELEPHON TELL TEMPERATUR TERM TERMIN TERRITORI TERROR TERRORIST TEST TEXA TEXT THAT THEE THEORI THERAPI THERE THEY THINK 
THOMA THOUGHT THREAD THROW THU TIM TIME TIMER TITL TODAI TOLD TOM TONIGHT TOOL TOOLKIT TOPIC TORONTO TOTAL TOWER TRACE TRAFFIC TRAIN TRANSFORM TRANSLAT TRANSMIT TREAT TREATMENT TROOP TROUBL TRUE TRUTH TUBE TUE TURK TURKEI TURKISH TURN TYPE TYPIC UNDEFIN 
UNDERSTAND UNIT UNIV UNIVERS UNIX UNKNOWN UPDAT URBANA USA USENET USER UTEXA UUCP VALU VANDERBYL VARIABL VAX VERSION VIDEO VIEW VILLAG VIRGINIA VIRTUAL VISUAL VOIC VOLT VOLTAG WAI WAIT WALL WANT WAR WARN WASHINGTON WASN WAST WATCH WATER WAVE WAYN WED WEEK 
WEIGHT WEST WESTERN WHAT WHITE WIDE WIDGET WIDTH WIFE WIN WINDOW WIRE WOMEN WON WONDER WORD WORK WORLD WORTH WOULDN WPI WRITE WRITTEN WRONG WROTE XLIB XPUTIMAG XSERVER XTERM XTERMIN XVIEW XWINDOW YASSIN YEAH YEAR YEAST YIGAL YORK YOU YOUNG ZIONISM ZIONIST 
ZUMA
MPRINT(EM_DIAGRAM):   / level=interval;
NOTE: 1204 input variable(s) defined for ID=I1.
NOTE: The INPUT statement has finished with return code=0 and status=variables.
18548      VQ maxc = 4 clusname=_SEGMENT_ CLUSLABEL="Id de segmento" DISTLABEL="Distancia";
MPRINT(EM_DIAGRAM):   VQ maxc = 4 clusname=_SEGMENT_ CLUSLABEL="Id de segmento" DISTLABEL="Distancia";
NOTE: A maximum of 4 clusters have been requested.
NOTE: The VQ statement has finished with return code=0 and status=architecture.
18549      MAKE outvar=EMWS3.Clus_OUTVAR;
MPRINT(EM_DIAGRAM):   MAKE outvar=EMWS3.Clus_OUTVAR;

NOTE: 1204 input variable(s).
NOTE: Number of cases=3000
NOTE: Sum of frequencies=3000
NOTE: Sum of weights=3000
NOTE: VARDEF=DF      
NOTE: Maximum number of categories=0
NOTE: The total number of variables is 1204 with dimensionality 1204.
NOTE: 1204 variables will be used for clustering.
NOTE: Open output data set EMWS3.CLUS_OUTVAR.DATA with 1205 variables.
NOTE: The data set EMWS3.CLUS_OUTVAR has 4 observations and 1205 variables.
NOTE: The MAKE statement has finished with return code=0 and status=made.
18550      INITIAL radius=0
18551      ;
MPRINT(EM_DIAGRAM):   INITIAL radius=0 ;
NOTE: 4 semillas seleccionadas del conjunto de datos WORK.CLUS_DMDB.DATA usando el algoritmo SEPARATE.
NOTE: The INITIAL statement has finished with return code=0 and status=initialized.
18552      TRAIN tech=FORGY
18553      ;
MPRINT(EM_DIAGRAM):   TRAIN tech=FORGY ;
NOTE: F-Convergence criterion is satisfied.
NOTE: The TRAIN statement has finished with return code=0 and status=trained.
18554      SAVE outstat=EMWS3.Clus_OUTSTAT outmean=EMWS3.Clus_OUTMEAN;
MPRINT(EM_DIAGRAM):   SAVE outstat=EMWS3.Clus_OUTSTAT outmean=EMWS3.Clus_OUTMEAN;
NOTE: The data set EMWS3.CLUS_OUTSTAT has 40 observations and 1207 variables.
NOTE: The data set EMWS3.CLUS_OUTMEAN has 4 observations and 1213 variables.
NOTE: The SAVE statement has finished with return code=0 and status=statistics.
18555      code file="C:\Users\Admin\Documents\GitHub\AMUL-PRACTICA\practica_AMUL\Workspaces\EMWS3\Clus\DMVQSCORECODE.sas"
18556      group=Clus
18557      ;
MPRINT(EM_DIAGRAM):   code file="C:\Users\Admin\Documents\GitHub\AMUL-PRACTICA\practica_AMUL\Workspaces\EMWS3\Clus\DMVQSCORECODE.sas" group=Clus ;
NOTE: External file C:\Users\Admin\Documents\GitHub\AMUL-PRACTICA\practica_AMUL\Workspaces\EMWS3\Clus\DMVQSCORECODE.sas opened.
NOTE: The CODE statement has finished with return code=0 and status=statistics.
18558      run;
MPRINT(EM_DIAGRAM):   run;

18559      quit;
MPRINT(EM_DIAGRAM):   quit;

NOTE: There were 3000 observations read from the data set WORK.CLUS_DMDB.
NOTE: PROCEDURE DMVQ ha utilizado (Tiempo de proceso total):
      real time           0.81 seconds
      cpu time            0.70 seconds
      

18560      libname _spdslib;
MPRINT(EM_DIAGRAM):    libname _spdslib;
WARNING: Libref _SPDSLIB is not assigned.
18561      *------------------------------------------------------------*;
MPRINT(EM_DIAGRAM):    *------------------------------------------------------------*;
18562      * Clus: Cluster Label;
MPRINT(EM_DIAGRAM):   * Clus: Cluster Label;
18563      *------------------------------------------------------------*;
MPRINT(EM_DIAGRAM):   *------------------------------------------------------------*;
18564      data EMWS3.Clus_LABEL;
MPRINT(EM_DIAGRAM):   data EMWS3.Clus_LABEL;
18565      length _SEGMENT_ 8 Label $80;
MPRINT(EM_DIAGRAM):   length _SEGMENT_ 8 Label $80;
18566      format _SEGMENT_ 4.;
MPRINT(EM_DIAGRAM):   format _SEGMENT_ 4.;
18567      label _SEGMENT_ = "%sysfunc(sasmsg(sashelp.dmine, rpt_segmentName_vlabel,  NOQUOTE))";
MPRINT(EM_DIAGRAM):   label _SEGMENT_ = "Nombre del segmento";
18568      label Label = "%sysfunc(sasmsg(sashelp.dmine, rpt_segmentLabel_vlabel,  NOQUOTE))";
MPRINT(EM_DIAGRAM):   label Label = "Etiqueta del segmento";
18569      _SEGMENT_= 1;
MPRINT(EM_DIAGRAM):   _SEGMENT_= 1;
18570      Label='Cluster1';
MPRINT(EM_DIAGRAM):   Label='Cluster1';
18571      output;
MPRINT(EM_DIAGRAM):   output;
18572      _SEGMENT_= 2;
MPRINT(EM_DIAGRAM):   _SEGMENT_= 2;
18573      Label='Cluster2';
MPRINT(EM_DIAGRAM):   Label='Cluster2';
18574      output;
MPRINT(EM_DIAGRAM):   output;
18575      _SEGMENT_= 3;
MPRINT(EM_DIAGRAM):   _SEGMENT_= 3;
18576      Label='Cluster3';
MPRINT(EM_DIAGRAM):   Label='Cluster3';
18577      output;
MPRINT(EM_DIAGRAM):   output;
18578      _SEGMENT_= 4;
MPRINT(EM_DIAGRAM):   _SEGMENT_= 4;
18579      Label='Cluster4';
MPRINT(EM_DIAGRAM):   Label='Cluster4';
18580      output;
MPRINT(EM_DIAGRAM):   output;
18581      run;
MPRINT(EM_DIAGRAM):   run;

NOTE: The data set EMWS3.CLUS_LABEL has 4 observations and 2 variables.
NOTE: DATA statement ha utilizado (Tiempo de proceso total):
      real time           0.00 seconds
      cpu time            0.00 seconds
      

MPRINT(EM_DIAGRAM):    proc printto;
MPRINT(EM_DIAGRAM):   run;
