NOTE: PROCEDURE PRINTTO ha utilizado (Tiempo de proceso total):
      real time           0.00 seconds
      cpu time            0.00 seconds
      

1 
Trasversal: trasversal invocado. El mandato MPCONNECT es sas. 
Trasversal: iniciando trasversal del flujo 
*------------------------------------------------------------* 
* 
* Ids2 : Beginning Update 
* datetime : 13DEC2020:14:28:42 
* 
*------------------------------------------------------------* 
11828      %let _HPDMGRIDHOST=;
11829      %let _HPDMGRIDINSTALLLOC=;
11830      %let _HPDMGRIDDATASERVER=;
11831      %hpdm_gridSetOPtions;

NOTE: DATA statement ha utilizado (Tiempo de proceso total):
      real time           0.00 seconds
      cpu time            0.00 seconds
      


*------------------------------------------------------------* 
* 
* Ids2 : End Update 
* datetime : 13DEC2020:14:28:42 
* 
*------------------------------------------------------------* 
Trasversal: WaitingNode "CLUS3" 
traverser_readyNode_note 
*------------------------------------------------------------* 
* 
* PRINCOMP3 : Beginning Update 
* datetime : 13DEC2020:14:28:43 
* 
*------------------------------------------------------------* 
11851      %let _HPDMGRIDHOST=;
11852      %let _HPDMGRIDINSTALLLOC=;
11853      %let _HPDMGRIDDATASERVER=;
11854      %hpdm_gridSetOPtions;

NOTE: DATA statement ha utilizado (Tiempo de proceso total):
      real time           0.00 seconds
      cpu time            0.00 seconds
      


*------------------------------------------------------------* 
* 
* PRINCOMP3 : End Update 
* datetime : 13DEC2020:14:28:43 
* 
*------------------------------------------------------------* 
traverser_readyNode_note 
*------------------------------------------------------------* 
* 
* Clus3 : Beginning Update 
* datetime : 13DEC2020:14:28:43 
* 
*------------------------------------------------------------* 
11874      %let _HPDMGRIDHOST=;
11875      %let _HPDMGRIDINSTALLLOC=;
11876      %let _HPDMGRIDDATASERVER=;
11877      %hpdm_gridSetOPtions;

NOTE: DATA statement ha utilizado (Tiempo de proceso total):
      real time           0.00 seconds
      cpu time            0.00 seconds
      


*------------------------------------------------------------* 
* 
* Clus3 : End Update 
* datetime : 13DEC2020:14:28:43 
* 
*------------------------------------------------------------* 
Trasversal: ejecución completa 
11878      proc printto;
11879      run;

