*------------------------------------------------------------*
Usuario:                Admin
Fecha:                13/12/20
Hora:                14H29
Sitio:                70161230
Plataforma:            X64_10HOME
Versión de mantenimiento: 9.04.01M6P111518
Versión de EM:          15.1
* 
MPRINT(EM_DIAGRAM):    data _null_;
MPRINT(EM_DIAGRAM):   call symput('NLDATE', strip(put(date(), NLDATE.)));
MPRINT(EM_DIAGRAM):   call symput('NLTIME', strip(put(datetime(), NLTIME.)));
MPRINT(EM_DIAGRAM):   run;
MPRINT(EM_DIAGRAM):   data _null_;
MPRINT(EM_DIAGRAM):   nldate= sasmsg("sashelp.dmine", "log_date_note", 'N', "13/12/20" );
MPRINT(EM_DIAGRAM):   nltime= sasmsg("sashelp.dmine", "log_time_note", 'N', "14H23" );
MPRINT(EM_DIAGRAM):   put "*------------------------------------------------------------*";
MPRINT(EM_DIAGRAM):   put "* Log de entrenamiento";
MPRINT(EM_DIAGRAM):   put nldate;
MPRINT(EM_DIAGRAM):   put nltime;
MPRINT(EM_DIAGRAM):   put "*------------------------------------------------------------*";
MPRINT(EM_DIAGRAM):   run;
*------------------------------------------------------------*
* Log de entrenamiento
Fecha:                13/12/20
Hora:                14H23
*------------------------------------------------------------*
MPRINT(EM_DIAGRAM):    filename O16NUDGK "C:\Users\Admin\Documents\GitHub\AMUL-PRACTICA\practica_AMUL\Workspaces\EMWS1\PRINCOMP3\EMTRAIN.out" encoding="UTF-8" NOBOM;
MPRINT(EM_DIAGRAM):   proc printto print=O16NUDGK new;
MPRINT(EM_DIAGRAM):   run;
MPRINT(EM_DIAGRAM):    filename _LOG "C:\Users\Admin\Documents\GitHub\AMUL-PRACTICA\practica_AMUL\Workspaces\EMWS1\PRINCOMP3\EMLOG.log" encoding="UTF-8" NOBOM;
MPRINT(EM_DIAGRAM):    data _null_;
MPRINT(EM_DIAGRAM):   call symput('NLDATE', strip(put(date(), NLDATE.)));
MPRINT(EM_DIAGRAM):   call symput('NLTIME', strip(put(datetime(), NLTIME.)));
MPRINT(EM_DIAGRAM):   run;
MPRINT(EM_DIAGRAM):   data _null_;
MPRINT(EM_DIAGRAM):   nldate= sasmsg("sashelp.dmine", "log_date_note", 'N', "13/12/20" );
MPRINT(EM_DIAGRAM):   nltime= sasmsg("sashelp.dmine", "log_time_note", 'N', "14H23" );
MPRINT(EM_DIAGRAM):   file _LOG;
MPRINT(EM_DIAGRAM):   put "*------------------------------------------------------------*";
MPRINT(EM_DIAGRAM):   put "Usuario:                Admin";
MPRINT(EM_DIAGRAM):   put nldate;
MPRINT(EM_DIAGRAM):   put nltime;
MPRINT(EM_DIAGRAM):   put "Sitio:                70161230";
MPRINT(EM_DIAGRAM):   put "Plataforma:            X64_10HOME";
MPRINT(EM_DIAGRAM):   put "Versión de mantenimiento: 9.04.01M6P111518";
MPRINT(EM_DIAGRAM):   put "Versión de EM:          15.1";
MPRINT(EM_DIAGRAM):   put "* ";
MPRINT(EM_DIAGRAM):   run;
MPRINT(EM_DIAGRAM):    filename _LOGIN "C:\Users\Admin\Documents\GitHub\AMUL-PRACTICA\practica_AMUL\Workspaces\EMWS1\PRINCOMP3\EMTRAIN.log" encoding="UTF-8" NOBOM;
MPRINT(EM_COPYFILE):   data _null_;
MPRINT(EM_COPYFILE):   length line $20000;
MPRINT(EM_COPYFILE):   file _LOG MOD lrecl=20000;
MPRINT(EM_COPYFILE):   fid=fopen("_LOGIN",'i',20000,'v');
MPRINT(EM_COPYFILE):   if fid > 0 then do;
MPRINT(EM_COPYFILE):   do while(^fread(fid));
MPRINT(EM_COPYFILE):   rlen = frlen(fid);
MPRINT(EM_COPYFILE):   rc= fget(fid,line,20000);
MPRINT(EM_COPYFILE):   start = length(line)-length(left(line))+1;
MPRINT(EM_COPYFILE):   line=strip(line);
MPRINT(EM_COPYFILE):   put @start line;
MPRINT(EM_COPYFILE):   end;
MPRINT(EM_COPYFILE):   if fid > 0 then rc=fclose(fid);
MPRINT(EM_COPYFILE):   end;
MPRINT(EM_COPYFILE):   run;
MPRINT(EM_DIAGRAM):  ;
MPRINT(EM_DIAGRAM):   filename _LOGIN;
MPRINT(EM_DIAGRAM):    data _null_;
MPRINT(EM_DIAGRAM):   file _LOG mod;
MPRINT(EM_DIAGRAM):   put _page_;
MPRINT(EM_DIAGRAM):   run;
MPRINT(EM_DIAGRAM):   filename _LOGIN "C:\Users\Admin\Documents\GitHub\AMUL-PRACTICA\practica_AMUL\Workspaces\EMWS1\PRINCOMP3\EMSCORE.log" encoding="UTF-8" NOBOM;
MPRINT(EM_DIAGRAM):  ;
MPRINT(EM_DIAGRAM):   data _null_;
MPRINT(EM_DIAGRAM):   file _LOG mod;
MPRINT(EM_DIAGRAM):   put _page_;
MPRINT(EM_DIAGRAM):   run;
MPRINT(EM_DIAGRAM):    filename _LOGIN "C:\Users\Admin\Documents\GitHub\AMUL-PRACTICA\practica_AMUL\Workspaces\EMWS1\PRINCOMP3\EMREPORT.log" encoding="UTF-8" NOBOM;
MPRINT(EM_DIAGRAM):  ;
MPRINT(EM_DIAGRAM):   filename _LOGIN;
MPRINT(EM_DIAGRAM):    filename _LOG;
MPRINT(EM_DIAGRAM):    filename _OUT "C:\Users\Admin\Documents\GitHub\AMUL-PRACTICA\practica_AMUL\Workspaces\EMWS1\PRINCOMP3\EMOUTPUT.out" encoding="UTF-8" NOBOM;
MPRINT(EM_DIAGRAM):    data _null_;
MPRINT(EM_DIAGRAM):   call symput('NLDATE', strip(put(date(), NLDATE.)));
MPRINT(EM_DIAGRAM):   call symput('NLTIME', strip(put(datetime(), NLTIME.)));
MPRINT(EM_DIAGRAM):   run;
MPRINT(EM_DIAGRAM):   data _null_;
MPRINT(EM_DIAGRAM):   nldate= sasmsg("sashelp.dmine", "log_date_note", 'N', "13/12/20" );
MPRINT(EM_DIAGRAM):   nltime= sasmsg("sashelp.dmine", "log_time_note", 'N', "14H23" );
MPRINT(EM_DIAGRAM):   file _OUT;
MPRINT(EM_DIAGRAM):   put "*------------------------------------------------------------*";
MPRINT(EM_DIAGRAM):   put "Usuario:                Admin";
MPRINT(EM_DIAGRAM):   put nldate;
MPRINT(EM_DIAGRAM):   put nltime;
MPRINT(EM_DIAGRAM):   put "*------------------------------------------------------------*";
MPRINT(EM_DIAGRAM):   put "* Salida de entrenamiento";
MPRINT(EM_DIAGRAM):   put "*------------------------------------------------------------*";
MPRINT(EM_DIAGRAM):   run;
MPRINT(EM_DIAGRAM):    filename _OUTIN "C:\Users\Admin\Documents\GitHub\AMUL-PRACTICA\practica_AMUL\Workspaces\EMWS1\PRINCOMP3\EMTRAIN.out" encoding="UTF-8" NOBOM;
MPRINT(EM_DIAGRAM):   ;
MPRINT(EM_COPYFILE):   data _null_;
MPRINT(EM_COPYFILE):   length line $20000;
MPRINT(EM_COPYFILE):   file _OUT MOD lrecl=20000;
MPRINT(EM_COPYFILE):   fid=fopen("_OUTIN",'i',20000,'v');
MPRINT(EM_COPYFILE):   if fid > 0 then do;
MPRINT(EM_COPYFILE):   do while(^fread(fid));
MPRINT(EM_COPYFILE):   rlen = frlen(fid);
MPRINT(EM_COPYFILE):   rc= fget(fid,line,20000);
MPRINT(EM_COPYFILE):   start = length(line)-length(left(line))+1;
MPRINT(EM_COPYFILE):   line=strip(line);
MPRINT(EM_COPYFILE):   put @start line;
MPRINT(EM_COPYFILE):   end;
MPRINT(EM_COPYFILE):   if fid > 0 then rc=fclose(fid);
MPRINT(EM_COPYFILE):   end;
MPRINT(EM_COPYFILE):   run;
MPRINT(EM_DIAGRAM):  ;
MPRINT(EM_DIAGRAM):   filename _OUTIN;
MPRINT(EM_DIAGRAM):    data _null_;
MPRINT(EM_DIAGRAM):   file _OUT mod;
MPRINT(EM_DIAGRAM):   put _page_;
MPRINT(EM_DIAGRAM):   put // "*------------------------------------------------------------*";
MPRINT(EM_DIAGRAM):   put "* Salida de puntuación";
MPRINT(EM_DIAGRAM):   put "*------------------------------------------------------------*";
MPRINT(EM_DIAGRAM):   run;
MPRINT(EM_DIAGRAM):    filename _OUTIN "C:\Users\Admin\Documents\GitHub\AMUL-PRACTICA\practica_AMUL\Workspaces\EMWS1\PRINCOMP3\EMSCORE.out" encoding="UTF-8" NOBOM;
MPRINT(EM_DIAGRAM):  ;
MPRINT(EM_DIAGRAM):   filename _OUTIN;
MPRINT(EM_DIAGRAM):    data _null_;
MPRINT(EM_DIAGRAM):   file _OUT mod;
MPRINT(EM_DIAGRAM):   put _page_;
MPRINT(EM_DIAGRAM):   put // "*------------------------------------------------------------*";
MPRINT(EM_DIAGRAM):   put "* Salida del informe";
MPRINT(EM_DIAGRAM):   put "*------------------------------------------------------------*";
MPRINT(EM_DIAGRAM):   run;
MPRINT(EM_DIAGRAM):    filename _OUTIN "C:\Users\Admin\Documents\GitHub\AMUL-PRACTICA\practica_AMUL\Workspaces\EMWS1\PRINCOMP3\EMREPORT.out" encoding="UTF-8" NOBOM;
MPRINT(EM_DIAGRAM):  ;
MPRINT(EM_DIAGRAM):   filename _OUTIN;
MPRINT(EM_DIAGRAM):    filename _OUT;
MPRINT(EM_DIAGRAM):    filename _emtool_ 'C:\Users\Admin\Documents\GitHub\AMUL-PRACTICA\practica_AMUL\Workspaces\EMWS1\PRINCOMP3\EMRUNSTATUS.xml' encoding="UTF-8" NOBOM;
MPRINT(EM_DIAGRAM):    filename _emtool_ 'C:\Users\Admin\Documents\GitHub\AMUL-PRACTICA\practica_AMUL\Workspaces\EMWS1\PRINCOMP3\EMRUNSTATUS.xml' encoding="UTF-8" NOBOM;
18291      proc freq data=EMWS1.PRINCOMP3_VariableSet noprint;
MPRINT(EM_DIAGRAM):    proc freq data=EMWS1.PRINCOMP3_VariableSet noprint;
18292      table ROLE*LEVEL/out=WORK.PRINCOMP3META;
MPRINT(EM_DIAGRAM):   table ROLE*LEVEL/out=WORK.PRINCOMP3META;
18293      run;
MPRINT(EM_DIAGRAM):   run;
 
NOTE: There were 241 observations read from the data set EMWS1.PRINCOMP3_VARIABLESET.
NOTE: The data set WORK.PRINCOMP3META has 1 observations and 4 variables.
NOTE: PROCEDURE FREQ ha utilizado (Tiempo de proceso total):
      real time           0.01 seconds
      cpu time            0.00 seconds
 
 
18294      proc print data=WORK.PRINCOMP3META label noobs;
MPRINT(EM_DIAGRAM):   proc print data=WORK.PRINCOMP3META label noobs;
18295      var ROLE LEVEL COUNT;
MPRINT(EM_DIAGRAM):   var ROLE LEVEL COUNT;
18296      label ROLE = "%sysfunc(sasmsg(sashelp.dmine, meta_role_vlabel, NOQUOTE))" LEVEL = "%sysfunc(sasmsg(sashelp.dmine, meta_level_vlabel, NOQUOTE))" COUNT = "%sysfunc(sasmsg(sashelp.dmine, rpt_count_vlabel, NOQUOTE))";
MPRINT(EM_DIAGRAM):   label ROLE = "Rol" LEVEL = "Nivel de medida" COUNT = "Número de ocurrencias";
18297      title9 ' ';
MPRINT(EM_DIAGRAM):   title9 ' ';
18298      title10 "%sysfunc(sasmsg(sashelp.dmine, rpt_varSummary_title  , NOQUOTE))";
MPRINT(EM_DIAGRAM):   title10 "Resumen de variables";
MPRINT(EM_DIAGRAM):   run;
18299      run;
 
NOTE: There were 1 observations read from the data set WORK.PRINCOMP3META.
NOTE: The PROCEDURE PRINT printed page 1.
NOTE: PROCEDURE PRINT ha utilizado (Tiempo de proceso total):
      real time           0.00 seconds
      cpu time            0.00 seconds
 
 
18300      title10;
MPRINT(EM_DIAGRAM):   title10;
18301      data WORK.M042AYV4;
MPRINT(EM_DIAGRAM):    data WORK.M042AYV4;
18302      set WORK.M042AYV4;
MPRINT(EM_DIAGRAM):   set WORK.M042AYV4;
18303      if role = 'INPUT' and use in ('Y','D') then do;
MPRINT(EM_DIAGRAM):   if role = 'INPUT' and use in ('Y','D') then do;
18304      role = 'INPUT';
MPRINT(EM_DIAGRAM):   role = 'INPUT';
18305      output;
MPRINT(EM_DIAGRAM):   output;
18306      end;
MPRINT(EM_DIAGRAM):   end;
18307      if role = 'REJECTED' and use = 'Y' then do;
MPRINT(EM_DIAGRAM):   if role = 'REJECTED' and use = 'Y' then do;
18308      role = 'INPUT';
MPRINT(EM_DIAGRAM):   role = 'INPUT';
18309      output;
MPRINT(EM_DIAGRAM):   output;
18310      end;
MPRINT(EM_DIAGRAM):   end;
18311      if role = 'FREQ' then do;
MPRINT(EM_DIAGRAM):   if role = 'FREQ' then do;
18312      role = 'FREQ';
MPRINT(EM_DIAGRAM):   role = 'FREQ';
18313      output;
MPRINT(EM_DIAGRAM):   output;
18314      end;
MPRINT(EM_DIAGRAM):   end;
18315      run;
MPRINT(EM_DIAGRAM):   run;
 
NOTE: There were 241 observations read from the data set WORK.M042AYV4.
NOTE: The data set WORK.M042AYV4 has 241 observations and 21 variables.
NOTE: DATA statement ha utilizado (Tiempo de proceso total):
      real time           0.00 seconds
      cpu time            0.00 seconds
 
 
18316      *------------------------------------------------------------*;
MPRINT(EM_DIAGRAM):    *------------------------------------------------------------*;
18317      * Create DMDB macros;
MPRINT(EM_DIAGRAM):   * Create DMDB macros;
18318      %let _sns = %sysfunc(getoption(SOURCE));
18319      options nosource;
MPRINT(EM_DIAGRAM):   options nosource;
MPRINT(EM_DIAGRAM):   *------------------------------------------------------------* ;
MPRINT(EM_DIAGRAM):   * EM: DMDBClass Macro ;
MPRINT(EM_DIAGRAM):   *------------------------------------------------------------* ;
MPRINT(EM_DIAGRAM):   *------------------------------------------------------------* ;
MPRINT(EM_DIAGRAM):   * EM: DMDBVar Macro ;
MPRINT(EM_DIAGRAM):   *------------------------------------------------------------* ;
MPRINT(EM_DIAGRAM):   options SOURCE;
MPRINT(EM_DIAGRAM):   * End DMDB macros generation;
MPRINT(EM_DIAGRAM):   *------------------------------------------------------------*;
MPRINT(EM_DIAGRAM):   *------------------------------------------------------------*;
MPRINT(EM_DIAGRAM):   * EM: Create DMDB;
MPRINT(EM_DIAGRAM):   *------------------------------------------------------------*;
18352      * End DMDB macros generation;
18353      *------------------------------------------------------------*;
18354      *------------------------------------------------------------*;
18355      * EM: Create DMDB;
18356      *------------------------------------------------------------*;
18357      proc dmdb batch data=EMWS1.Ids2_DATA
18358      dmdbcat=WORK.EM_DMDB
18359      maxlevel = 513
18360      ;
MPRINT(EM_DIAGRAM):   proc dmdb batch data=EMWS1.Ids2_DATA dmdbcat=WORK.EM_DMDB maxlevel = 513 ;
MPRINT(EM_DIAGRAM):   var
18361      var %DMDBVar;
MPRINT(DMDBVAR):   ACCESS ADAM ADDRESS ADVANC AMERICAN ANDI ANSWER APPLIC APPRECI ARAB AREA ARGIC ARMENIA ARMENIAN ATTACK AUDIO BANK BASE BATTERI BILL BOOK BRAIN BRIAN BUILD BUTTON CALIFORNIA CALL CAN CARD CASE CENTER CHANG CHIP CIRCUIT CLIENT CODE COLOR
COMMUN COMP COMPANI COMPIL COMPUT CONNECT CONTROL COPI CORRECT CREAT CURRENT DAI DATA DAVID DEPART DEPT DESIGN DETECTOR DEVIC DISEAS DISPLAI DISTRIBUT DOCTOR DOESN DON DRAW DRIVE DRUG EDU EFFECT ELECTR ELECTRON EMAIL ENGIN ERROR EVENT EXPERI FACT FAX FEEL
FILE FIND FOLLOWUP FONT FOOD FRI FRIEND FUNCTION GEB GENER GEORGIA GIVE GOOD GORDON GOVERN GRAPHIC GREAT GREEK GROUND GROUP HAPPEN HEAR HIGH HOME IDEA IMAG INCLUD INFO INFORM INPUT INSTITUT INTEREST INTERNET ISRA ISRAEL JEW JEWISH JOHN KEYBOARD KEYWORD
KILL KIND LEVEL LIST LIVE LONG MACHIN MAIL MANAG MARK MED MEDIC MEDICIN MEMORI MICHAEL MIKE MON MOTIF MOTOROLA NATION NETWORK NEW NEWS NEWSREAD NOIS NUMBER OPER OPINION ORIGIN OUTPUT PAIN PALESTINIAN PART PATIENT PERSON PHONE PITT PITTSBURGH PLACE POINT
POLICI POSIT POST POWER PROBLEM PRODUCT PROGRAM PROJECT PUBLIC QUESTION RADAR RADIO READ REASON RECEIV REMEMB REPLI REPORT REQUIR RESEARCH RESPONS ROBERT RUN SAT SCHOOL SCI SCIENC SCREEN SELL SEND SERDAR SERVER SERVIC SHOW SIDE SIGNAL SOFTWAR SOUND SOURC
STANDARD START STATE STEVE STUDI SUBSCRIB SUGGEST SUN SUPPORT SWITCH SYSTEM TALK TECHNOLOG TERMIN TEST THAT THU TIME TREATMENT TRUE TUE TURKISH TYPE UNIV UNIVERS UNIX USENET USER UTEXA UUCP VERSION VIRGINIA VOLTAG WATER WED WIDGET WINDOW WIRE WONDER WORK
WORLD XLIB XTERM YEAR YOU
MPRINT(EM_DIAGRAM):  ;
18362      run;
MPRINT(EM_DIAGRAM):   run;
 
NOTE: Records processed = 3000   Memory used = 511K.
NOTE: Vista EMWS1.IDS2_DATA.VIEW ha utilizado (Tiempo de proceso total):
      real time           0.03 seconds
      cpu time            0.03 seconds
 
NOTE: There were 3000 observations read from the data set AMUL.TERMINOS_DOCUMENTOS_99.
NOTE: There were 3000 observations read from the data set EMWS1.IDS2_DATA.
NOTE: PROCEDURE DMDB ha utilizado (Tiempo de proceso total):
      real time           0.03 seconds
      cpu time            0.03 seconds
 
 
MPRINT(EM_DIAGRAM):   quit;
MPRINT(EM_DIAGRAM):   *--- end code ---*;
18363      quit;
18364      *--- end code ---*;
 
18365      *------------------------------------------------------------* ;
MPRINT(EM_DIAGRAM):    *------------------------------------------------------------* ;
18366      * PRINCOMP3: Input Variables Macro ;
MPRINT(EM_DIAGRAM):   * PRINCOMP3: Input Variables Macro ;
18367      *------------------------------------------------------------* ;
MPRINT(EM_DIAGRAM):   *------------------------------------------------------------* ;
18368      %macro INPUTS;
18369          ACCESS ADAM ADDRESS ADVANC AMERICAN ANDI ANSWER APPLIC APPRECI ARAB AREA ARGIC
18370         ARMENIA ARMENIAN ATTACK AUDIO BANK BASE BATTERI BILL BOOK BRAIN BRIAN BUILD
18371         BUTTON CALIFORNIA CALL CAN CARD CASE CENTER CHANG CHIP CIRCUIT CLIENT CODE
18372         COLOR COMMUN COMP COMPANI COMPIL COMPUT CONNECT CONTROL COPI CORRECT CREAT
18373         CURRENT DAI DATA DAVID DEPART DEPT DESIGN DETECTOR DEVIC DISEAS DISPLAI
18374         DISTRIBUT DOCTOR DOESN DON DRAW DRIVE DRUG EDU EFFECT ELECTR ELECTRON EMAIL
18375         ENGIN ERROR EVENT EXPERI FACT FAX FEEL FILE FIND FOLLOWUP FONT FOOD FRI FRIEND
18376         FUNCTION GEB GENER GEORGIA GIVE GOOD GORDON GOVERN GRAPHIC GREAT GREEK GROUND
18377         GROUP HAPPEN HEAR HIGH HOME IDEA IMAG INCLUD INFO INFORM INPUT INSTITUT
18378         INTEREST INTERNET ISRA ISRAEL JEW JEWISH JOHN KEYBOARD KEYWORD KILL KIND LEVEL
18379         LIST LIVE LONG MACHIN MAIL MANAG MARK MED MEDIC MEDICIN MEMORI MICHAEL MIKE MON
18380         MOTIF MOTOROLA NATION NETWORK NEW NEWS NEWSREAD NOIS NUMBER OPER OPINION ORIGIN
18381         OUTPUT PAIN PALESTINIAN PART PATIENT PERSON PHONE PITT PITTSBURGH PLACE POINT
18382         POLICI POSIT POST POWER PROBLEM PRODUCT PROGRAM PROJECT PUBLIC QUESTION RADAR
18383         RADIO READ REASON RECEIV REMEMB REPLI REPORT REQUIR RESEARCH RESPONS ROBERT RUN
18384         SAT SCHOOL SCI SCIENC SCREEN SELL SEND SERDAR SERVER SERVIC SHOW SIDE SIGNAL
18385         SOFTWAR SOUND SOURC STANDARD START STATE STEVE STUDI SUBSCRIB SUGGEST SUN
18386         SUPPORT SWITCH SYSTEM TALK TECHNOLOG TERMIN TEST THAT THU TIME TREATMENT TRUE
18387         TUE TURKISH TYPE UNIV UNIVERS UNIX USENET USER UTEXA UUCP VERSION VIRGINIA
18388         VOLTAG WATER WED WIDGET WINDOW WIRE WONDER WORK WORLD XLIB XTERM YEAR YOU
18389      %mend INPUTS;
18390      proc dmneurl data=EMWS1.Ids2_DATA dmdbcat=WORK.EM_DMDB
18391      outstat=EMWS1.PRINCOMP3_OUTSTAT outclass=EMWS1.PRINCOMP3_OUTCLASS
18392      NOMONITOR
18393      ;
MPRINT(EM_DIAGRAM):   proc dmneurl data=EMWS1.Ids2_DATA dmdbcat=WORK.EM_DMDB outstat=EMWS1.PRINCOMP3_OUTSTAT outclass=EMWS1.PRINCOMP3_OUTCLASS NOMONITOR ;
MPRINT(EM_DIAGRAM):   var
18394      var %INPUTS;
MPRINT(INPUTS):   ACCESS ADAM ADDRESS ADVANC AMERICAN ANDI ANSWER APPLIC APPRECI ARAB AREA ARGIC ARMENIA ARMENIAN ATTACK AUDIO BANK BASE BATTERI BILL BOOK BRAIN BRIAN BUILD BUTTON CALIFORNIA CALL CAN CARD CASE CENTER CHANG CHIP CIRCUIT CLIENT CODE COLOR
COMMUN COMP COMPANI COMPIL COMPUT CONNECT CONTROL COPI CORRECT CREAT CURRENT DAI DATA DAVID DEPART DEPT DESIGN DETECTOR DEVIC DISEAS DISPLAI DISTRIBUT DOCTOR DOESN DON DRAW DRIVE DRUG EDU EFFECT ELECTR ELECTRON EMAIL ENGIN ERROR EVENT EXPERI FACT FAX FEEL
FILE FIND FOLLOWUP FONT FOOD FRI FRIEND FUNCTION GEB GENER GEORGIA GIVE GOOD GORDON GOVERN GRAPHIC GREAT GREEK GROUND GROUP HAPPEN HEAR HIGH HOME IDEA IMAG INCLUD INFO INFORM INPUT INSTITUT INTEREST INTERNET ISRA ISRAEL JEW JEWISH JOHN KEYBOARD KEYWORD
KILL KIND LEVEL LIST LIVE LONG MACHIN MAIL MANAG MARK MED MEDIC MEDICIN MEMORI MICHAEL MIKE MON MOTIF MOTOROLA NATION NETWORK NEW NEWS NEWSREAD NOIS NUMBER OPER OPINION ORIGIN OUTPUT PAIN PALESTINIAN PART PATIENT PERSON PHONE PITT PITTSBURGH PLACE POINT
POLICI POSIT POST POWER PROBLEM PRODUCT PROGRAM PROJECT PUBLIC QUESTION RADAR RADIO READ REASON RECEIV REMEMB REPLI REPORT REQUIR RESEARCH RESPONS ROBERT RUN SAT SCHOOL SCI SCIENC SCREEN SELL SEND SERDAR SERVER SERVIC SHOW SIDE SIGNAL SOFTWAR SOUND SOURC
STANDARD START STATE STEVE STUDI SUBSCRIB SUGGEST SUN SUPPORT SWITCH SYSTEM TALK TECHNOLOG TERMIN TEST THAT THU TIME TREATMENT TRUE TUE TURKISH TYPE UNIV UNIVERS UNIX USENET USER UTEXA UUCP VERSION VIRGINIA VOLTAG WATER WED WIDGET WINDOW WIRE WONDER WORK
WORLD XLIB XTERM YEAR YOU
MPRINT(EM_DIAGRAM):  ;
18395      ;
MPRINT(EM_DIAGRAM):   ;
18396      run;
MPRINT(EM_DIAGRAM):   run;
 
NOTE: The data set EMWS1.PRINCOMP3_OUTCLASS has 0 observations and 3 variables.
 
Construyendo X'X  para el objetivo:  filas=242 memoria=0.24 meg.
3000 registros leídos
3000 registros leídos
NOTE: The data set EMWS1.PRINCOMP3_OUTSTAT has 247 observations and 243 variables.
*** Número total de ejecuciones de los datos :        2
*** Número total de optimizaciones NL:        0
NOTE: Vista EMWS1.IDS2_DATA.VIEW ha utilizado (Tiempo de proceso total):
      real time           0.26 seconds
      cpu time            0.18 seconds
 
NOTE: There were 3000 observations read from the data set AMUL.TERMINOS_DOCUMENTOS_99.
NOTE: The PROCEDURE DMNEURL printed pages 2-3.
NOTE: PROCEDURE DMNEURL ha utilizado (Tiempo de proceso total):
      real time           0.26 seconds
      cpu time            0.18 seconds
 
 
18397      data EMWS1.PRINCOMP3_STDMEAN;
MPRINT(EM_DIAGRAM):    data EMWS1.PRINCOMP3_STDMEAN;
18398      set EMWS1.PRINCOMP3_OUTSTAT;
MPRINT(EM_DIAGRAM):   set EMWS1.PRINCOMP3_OUTSTAT;
18399      if _TYPE_='_STDEV_' or _TYPE_='_MEAN_' then output;
MPRINT(EM_DIAGRAM):   if _TYPE_='_STDEV_' or _TYPE_='_MEAN_' then output;
18400      DROP _EIGVAL_;
MPRINT(EM_DIAGRAM):   DROP _EIGVAL_;
18401      run;
MPRINT(EM_DIAGRAM):   run;
 
NOTE: There were 247 observations read from the data set EMWS1.PRINCOMP3_OUTSTAT.
NOTE: The data set EMWS1.PRINCOMP3_STDMEAN has 2 observations and 242 variables.
NOTE: DATA statement ha utilizado (Tiempo de proceso total):
      real time           0.00 seconds
      cpu time            0.01 seconds
 
 
18402      /*----create a data set of eigenvalue-eigenvector pairs---*/
18403      data EMWS1.PRINCOMP3_EIGENVECTOR;
MPRINT(EM_DIAGRAM):    data EMWS1.PRINCOMP3_EIGENVECTOR;
18404      set EMWS1.PRINCOMP3_OUTSTAT;
MPRINT(EM_DIAGRAM):   set EMWS1.PRINCOMP3_OUTSTAT;
18405      if upcase(_TYPE_)='_V_MAP_' or upcase(_TYPE_)='_C_MAP_' or upcase(_TYPE_)='_MEAN_' or upcase(_TYPE_)='_STDEV_' or upcase(_TYPE_)='_EIGVAL_' or _EIGVAL_=0 then delete;
MPRINT(EM_DIAGRAM):   if upcase(_TYPE_)='_V_MAP_' or upcase(_TYPE_)='_C_MAP_' or upcase(_TYPE_)='_MEAN_' or upcase(_TYPE_)='_STDEV_' or upcase(_TYPE_)='_EIGVAL_' or _EIGVAL_=0 then delete;
18406      drop _TYPE_;
MPRINT(EM_DIAGRAM):   drop _TYPE_;
18407      rename _EIGVAL_=Eigenvalue;
MPRINT(EM_DIAGRAM):   rename _EIGVAL_=Eigenvalue;
18408      /*--------- eigenvalue data set------------ */
 
NOTE: There were 247 observations read from the data set EMWS1.PRINCOMP3_OUTSTAT.
NOTE: The data set EMWS1.PRINCOMP3_EIGENVECTOR has 241 observations and 242 variables.
NOTE: DATA statement ha utilizado (Tiempo de proceso total):
      real time           0.00 seconds
      cpu time            0.01 seconds
 
 
18409      data EMWS1.PRINCOMP3_EIGEN;
MPRINT(EM_DIAGRAM):   data EMWS1.PRINCOMP3_EIGEN;
18410      set EMWS1.PRINCOMP3_EIGENVECTOR;
MPRINT(EM_DIAGRAM):   set EMWS1.PRINCOMP3_EIGENVECTOR;
18411      Keep EigenValue;
MPRINT(EM_DIAGRAM):   Keep EigenValue;
 
NOTE: There were 241 observations read from the data set EMWS1.PRINCOMP3_EIGENVECTOR.
NOTE: The data set EMWS1.PRINCOMP3_EIGEN has 241 observations and 1 variables.
NOTE: DATA statement ha utilizado (Tiempo de proceso total):
      real time           0.00 seconds
      cpu time            0.00 seconds
 
 
18412      proc transpose data=EMWS1.PRINCOMP3_EIGEN out=EMWS1.PRINCOMP3_EIGEN prefix=PC_;
MPRINT(EM_DIAGRAM):   proc transpose data=EMWS1.PRINCOMP3_EIGEN out=EMWS1.PRINCOMP3_EIGEN prefix=PC_;
 
NOTE: There were 241 observations read from the data set EMWS1.PRINCOMP3_EIGEN.
NOTE: The data set EMWS1.PRINCOMP3_EIGEN has 1 observations and 242 variables.
NOTE: PROCEDURE TRANSPOSE ha utilizado (Tiempo de proceso total):
      real time           0.00 seconds
      cpu time            0.00 seconds
 
 
18413      proc transpose data=EMWS1.PRINCOMP3_EIGEN out=EMWS1.PRINCOMP3_EIGEN;
MPRINT(EM_DIAGRAM):   proc transpose data=EMWS1.PRINCOMP3_EIGEN out=EMWS1.PRINCOMP3_EIGEN;
18414      /*----------Eigenvector data set ------------*/
 
NOTE: There were 1 observations read from the data set EMWS1.PRINCOMP3_EIGEN.
NOTE: The data set EMWS1.PRINCOMP3_EIGEN has 241 observations and 2 variables.
NOTE: PROCEDURE TRANSPOSE ha utilizado (Tiempo de proceso total):
      real time           0.00 seconds
      cpu time            0.01 seconds
 
 
18415      data EMWS1.PRINCOMP3_EIGENVECTOR;
MPRINT(EM_DIAGRAM):   data EMWS1.PRINCOMP3_EIGENVECTOR;
18416      merge EMWS1.PRINCOMP3_EIGEN EMWS1.PRINCOMP3_EIGENVECTOR;
MPRINT(EM_DIAGRAM):   merge EMWS1.PRINCOMP3_EIGEN EMWS1.PRINCOMP3_EIGENVECTOR;
18417      DROP EigenValue;
MPRINT(EM_DIAGRAM):   DROP EigenValue;
 
NOTE: There were 241 observations read from the data set EMWS1.PRINCOMP3_EIGEN.
NOTE: There were 241 observations read from the data set EMWS1.PRINCOMP3_EIGENVECTOR.
NOTE: The data set EMWS1.PRINCOMP3_EIGENVECTOR has 241 observations and 242 variables.
NOTE: DATA statement ha utilizado (Tiempo de proceso total):
      real time           0.02 seconds
      cpu time            0.00 seconds
 
 
18418      proc sort data=EMWS1.PRINCOMP3_EIGEN;
MPRINT(EM_DIAGRAM):   proc sort data=EMWS1.PRINCOMP3_EIGEN;
18419      by EigenValue;
MPRINT(EM_DIAGRAM):   by EigenValue;
 
NOTE: There were 241 observations read from the data set EMWS1.PRINCOMP3_EIGEN.
NOTE: The data set EMWS1.PRINCOMP3_EIGEN has 241 observations and 2 variables.
NOTE: PROCEDURE SORT ha utilizado (Tiempo de proceso total):
      real time           0.00 seconds
      cpu time            0.00 seconds
 
 
18420      data EMWS1.PRINCOMP3_EIGEN;
MPRINT(EM_DIAGRAM):   data EMWS1.PRINCOMP3_EIGEN;
18421      set EMWS1.PRINCOMP3_EIGEN;
MPRINT(EM_DIAGRAM):   set EMWS1.PRINCOMP3_EIGEN;
18422      Difference=Eigenvalue-lag(Eigenvalue);
MPRINT(EM_DIAGRAM):   Difference=Eigenvalue-lag(Eigenvalue);
18423      ProportionalEigenvalue=EigenValue/0.07263703844986;
MPRINT(EM_DIAGRAM):   ProportionalEigenvalue=EigenValue/0.07263703844986;
18424      LagProportionalEigenvalue=lag(ProportionalEigenvalue);
MPRINT(EM_DIAGRAM):   LagProportionalEigenvalue=lag(ProportionalEigenvalue);
18425      label EigenValue = "Autovalor";
MPRINT(EM_DIAGRAM):   label EigenValue = "Autovalor";
18426      label Difference = "Diferencia";
MPRINT(EM_DIAGRAM):   label Difference = "Diferencia";
 
NOTE: Missing values were generated as a result of performing an operation on missing values.
      Each place is given by: (Number of times) at (Line):(Column).
      1 en 18422:22
NOTE: There were 241 observations read from the data set EMWS1.PRINCOMP3_EIGEN.
NOTE: The data set EMWS1.PRINCOMP3_EIGEN has 241 observations and 5 variables.
NOTE: DATA statement ha utilizado (Tiempo de proceso total):
      real time           0.00 seconds
      cpu time            0.00 seconds
 
 
18427      proc sort data=EMWS1.PRINCOMP3_EIGEN;
MPRINT(EM_DIAGRAM):   proc sort data=EMWS1.PRINCOMP3_EIGEN;
18428      by DESCENDING EigenValue;
MPRINT(EM_DIAGRAM):   by DESCENDING EigenValue;
18429      run;
MPRINT(EM_DIAGRAM):   run;
 
NOTE: There were 241 observations read from the data set EMWS1.PRINCOMP3_EIGEN.
NOTE: The data set EMWS1.PRINCOMP3_EIGEN has 241 observations and 5 variables.
NOTE: PROCEDURE SORT ha utilizado (Tiempo de proceso total):
      real time           0.00 seconds
      cpu time            0.00 seconds
 
 
18430      data EMWS1.PRINCOMP3_EIGEN;
MPRINT(EM_DIAGRAM):    data EMWS1.PRINCOMP3_EIGEN;
18431      set EMWS1.PRINCOMP3_EIGEN;
MPRINT(EM_DIAGRAM):   set EMWS1.PRINCOMP3_EIGEN;
18432      CumProportionalEigenvalue+ProportionalEigenvalue;
MPRINT(EM_DIAGRAM):   CumProportionalEigenvalue+ProportionalEigenvalue;
18433      /* to avoid  CumProportionalEigenvalue > 1 because of the precision */
18434      if CumProportionalEigenvalue > 1.0 then CumProportionalEigenvalue=1.0;
MPRINT(EM_DIAGRAM):   if CumProportionalEigenvalue > 1.0 then CumProportionalEigenvalue=1.0;
18435      LogEigenvalue=Log(Eigenvalue);
MPRINT(EM_DIAGRAM):   LogEigenvalue=Log(Eigenvalue);
18436      length Exported $8;
MPRINT(EM_DIAGRAM):   length Exported $8;
18437      Exported = 'NO';
MPRINT(EM_DIAGRAM):   Exported = 'NO';
18438      label LogEigenvalue = "Logaritmo del autovalor";
MPRINT(EM_DIAGRAM):   label LogEigenvalue = "Logaritmo del autovalor";
18439      label Exported = "Exportado";
MPRINT(EM_DIAGRAM):   label Exported = "Exportado";
 
NOTE: There were 241 observations read from the data set EMWS1.PRINCOMP3_EIGEN.
NOTE: The data set EMWS1.PRINCOMP3_EIGEN has 241 observations and 8 variables.
NOTE: DATA statement ha utilizado (Tiempo de proceso total):
      real time           0.00 seconds
      cpu time            0.01 seconds
 
 
18440      data WORK._DSEIGENCHART;
MPRINT(EM_DIAGRAM):   data WORK._DSEIGENCHART;
18441      set EMWS1.PRINCOMP3_EIGEN;
MPRINT(EM_DIAGRAM):   set EMWS1.PRINCOMP3_EIGEN;
18442      PC_=_N_;
MPRINT(EM_DIAGRAM):   PC_=_N_;
18443      DROP _NAME_;
MPRINT(EM_DIAGRAM):   DROP _NAME_;
18444      run;
MPRINT(EM_DIAGRAM):   run;
 
NOTE: There were 241 observations read from the data set EMWS1.PRINCOMP3_EIGEN.
NOTE: The data set WORK._DSEIGENCHART has 241 observations and 8 variables.
NOTE: DATA statement ha utilizado (Tiempo de proceso total):
      real time           0.00 seconds
      cpu time            0.00 seconds
 
 
18445      data WORK._EMPRINDSSUBEIGEN;
MPRINT(EM_DIAGRAM):    data WORK._EMPRINDSSUBEIGEN;
18446      set EMWS1.PRINCOMP3_EIGEN;
MPRINT(EM_DIAGRAM):   set EMWS1.PRINCOMP3_EIGEN;
18447      if ( CumProportionalEigenvalue GE 0.8 ) or (LagProportionalEigenvalue LT 0.1 and CumProportionalEigenvalue GE 0.9 )
18448      or ( _N_ > 50-1)
18449      then delete;
MPRINT(EM_DIAGRAM):   if ( CumProportionalEigenvalue GE 0.8 ) or (LagProportionalEigenvalue LT 0.1 and CumProportionalEigenvalue GE 0.9 ) or ( _N_ > 50-1) then delete;
18450      run;
MPRINT(EM_DIAGRAM):   run;
 
NOTE: There were 241 observations read from the data set EMWS1.PRINCOMP3_EIGEN.
NOTE: The data set WORK._EMPRINDSSUBEIGEN has 49 observations and 8 variables.
NOTE: DATA statement ha utilizado (Tiempo de proceso total):
      real time           0.00 seconds
      cpu time            0.01 seconds
 
 
18451      data EMWS1.PRINCOMP3_EIGEN;
MPRINT(EM_DIAGRAM):    data EMWS1.PRINCOMP3_EIGEN;
18452      length PC 8.;
MPRINT(EM_DIAGRAM):   length PC 8.;
18453      set EMWS1.PRINCOMP3_EIGEN;
MPRINT(EM_DIAGRAM):   set EMWS1.PRINCOMP3_EIGEN;
18454      if _N_ < 50+1 then Exported = 'YES';
MPRINT(EM_DIAGRAM):   if _N_ < 50+1 then Exported = 'YES';
18455      Drop LagProportionalEigenvalue;
MPRINT(EM_DIAGRAM):   Drop LagProportionalEigenvalue;
18456      PC = _N_;
MPRINT(EM_DIAGRAM):   PC = _N_;
18457      format PC 8.;
MPRINT(EM_DIAGRAM):   format PC 8.;
18458      rename _NAME_ = Component;
MPRINT(EM_DIAGRAM):   rename _NAME_ = Component;
18459      label _NAME_ = "Componentes principales";
MPRINT(EM_DIAGRAM):   label _NAME_ = "Componentes principales";
18460      rename ProportionalEigenvalue = Proportion;
MPRINT(EM_DIAGRAM):   rename ProportionalEigenvalue = Proportion;
18461      label ProportionalEigenvalue = "Autovalor proporcional";
MPRINT(EM_DIAGRAM):   label ProportionalEigenvalue = "Autovalor proporcional";
18462      rename CumProportionalEigenvalue = Cumulative;
MPRINT(EM_DIAGRAM):   rename CumProportionalEigenvalue = Cumulative;
18463      label CumProportionalEigenvalue ="Autovalor proporcional acumulado";
MPRINT(EM_DIAGRAM):   label CumProportionalEigenvalue = "Autovalor proporcional acumulado";
18464      label PC = "ID PC";
MPRINT(EM_DIAGRAM):   label PC = "ID PC";
18465      run;
MPRINT(EM_DIAGRAM):   run;
 
NOTE: There were 241 observations read from the data set EMWS1.PRINCOMP3_EIGEN.
NOTE: The data set EMWS1.PRINCOMP3_EIGEN has 241 observations and 8 variables.
NOTE: DATA statement ha utilizado (Tiempo de proceso total):
      real time           0.00 seconds
      cpu time            0.00 seconds
 
 
18466      data EMWS1.PRINCOMP3_SUBEIGENVECTOR;
MPRINT(EM_DIAGRAM):    data EMWS1.PRINCOMP3_SUBEIGENVECTOR;
18467      set EMWS1.PRINCOMP3_EIGENVECTOR;
MPRINT(EM_DIAGRAM):   set EMWS1.PRINCOMP3_EIGENVECTOR;
18468      if _N_ > 50 then delete;
MPRINT(EM_DIAGRAM):   if _N_ > 50 then delete;
 
NOTE: There were 241 observations read from the data set EMWS1.PRINCOMP3_EIGENVECTOR.
NOTE: The data set EMWS1.PRINCOMP3_SUBEIGENVECTOR has 50 observations and 242 variables.
NOTE: DATA statement ha utilizado (Tiempo de proceso total):
      real time           0.00 seconds
      cpu time            0.00 seconds
 
 
18469      data WORK._EMPRINDSSUBEIGEN;
MPRINT(EM_DIAGRAM):   data WORK._EMPRINDSSUBEIGEN;
18470      set EMWS1.PRINCOMP3_EIGEN;
MPRINT(EM_DIAGRAM):   set EMWS1.PRINCOMP3_EIGEN;
18471      if _N_ > 50 then delete;
MPRINT(EM_DIAGRAM):   if _N_ > 50 then delete;
18472      run;
MPRINT(EM_DIAGRAM):   run;
 
NOTE: There were 241 observations read from the data set EMWS1.PRINCOMP3_EIGEN.
NOTE: The data set WORK._EMPRINDSSUBEIGEN has 50 observations and 8 variables.
NOTE: DATA statement ha utilizado (Tiempo de proceso total):
      real time           0.00 seconds
      cpu time            0.00 seconds
 
 
18473      proc transpose data=EMWS1.PRINCOMP3_EIGENVECTOR name=Variable label=Label out=EMWS1.PRINCOMP3_EIGENVECTOR;
MPRINT(EM_DIAGRAM):    proc transpose data=EMWS1.PRINCOMP3_EIGENVECTOR name=Variable label=Label out=EMWS1.PRINCOMP3_EIGENVECTOR;
18474      run;
MPRINT(EM_DIAGRAM):   run;
 
NOTE: There were 241 observations read from the data set EMWS1.PRINCOMP3_EIGENVECTOR.
NOTE: The data set EMWS1.PRINCOMP3_EIGENVECTOR has 241 observations and 242 variables.
NOTE: PROCEDURE TRANSPOSE ha utilizado (Tiempo de proceso total):
      real time           0.00 seconds
      cpu time            0.00 seconds
 
 
18475      data EMWS1.PRINCOMP3_EIGENVECTOR;
MPRINT(EM_DIAGRAM):   data EMWS1.PRINCOMP3_EIGENVECTOR;
18476      set EMWS1.PRINCOMP3_EIGENVECTOR;
MPRINT(EM_DIAGRAM):   set EMWS1.PRINCOMP3_EIGENVECTOR;
18477      label Label = "Etiqueta";
MPRINT(EM_DIAGRAM):   label Label = "Etiqueta";
18478      label Variable = "Variable";
MPRINT(EM_DIAGRAM):   label Variable = "Variable";
18479      run;
MPRINT(EM_DIAGRAM):   run;
 
NOTE: Variable Label is uninitialized.
NOTE: There were 241 observations read from the data set EMWS1.PRINCOMP3_EIGENVECTOR.
NOTE: The data set EMWS1.PRINCOMP3_EIGENVECTOR has 241 observations and 242 variables.
NOTE: DATA statement ha utilizado (Tiempo de proceso total):
      real time           0.00 seconds
      cpu time            0.01 seconds
 
 
18480      data _null_;
MPRINT(EM_DIAGRAM):    data _null_;
18481      file print;
MPRINT(EM_DIAGRAM):   file print;
18482      put "*------------------------------------------------------------*";
MPRINT(EM_DIAGRAM):   put "*------------------------------------------------------------*";
18483      put "%sysfunc(sasmsg(sashelp.dmine, rpt_princomp_sum_title , NOQUOTE))";
MPRINT(EM_DIAGRAM):   put "Resumen de componentes principales exportados";
18484      put "*------------------------------------------------------------*";
MPRINT(EM_DIAGRAM):   put "*------------------------------------------------------------*";
18485      put " ";
MPRINT(EM_DIAGRAM):   put " ";
18486      put "%sysfunc(sasmsg(sashelp.dmine, rpt_princomp_sum_ninput , NOQUOTE, 241))";
MPRINT(EM_DIAGRAM):   put "Número total de variables input: 241";
18487      put "%sysfunc(sasmsg(sashelp.dmine, rpt_princomp_sum_maxpc , NOQUOTE, 50))";
MPRINT(EM_DIAGRAM):   put "Corte de número máximo de los componentes principales: 50";
18488      put "%sysfunc(sasmsg(sashelp.dmine, rpt_princomp_sum_cumcut , NOQUOTE, 0.8))";
MPRINT(EM_DIAGRAM):   put "Corte de autovalor proporcional acumulado: 0.8";
18489      put "%sysfunc(sasmsg(sashelp.dmine, rpt_princomp_sum_increcut , NOQUOTE, 0.1))";
MPRINT(EM_DIAGRAM):   put "Corte de incremento de autovalor proporcional: 0.1";
18490      put "%sysfunc(sasmsg(sashelp.dmine, rpt_princomp_sum_nselpc , NOQUOTE, 50))";
MPRINT(EM_DIAGRAM):   put "Número de los componentes principales seleccionados: 50";
18491      put "%sysfunc(sasmsg(sashelp.dmine, rpt_princomp_sum_totvar , NOQUOTE, 0.5584786211))";
MPRINT(EM_DIAGRAM):   put "Variación total explicada por los componentes principales seleccionados: 0.5584786211";
18492      run;
MPRINT(EM_DIAGRAM):   run;
 
NOTE: 9 lines were written to file PRINT.
NOTE: The DATA step printed page 4.
NOTE: DATA statement ha utilizado (Tiempo de proceso total):
      real time           0.01 seconds
      cpu time            0.01 seconds
 
 
18493      data EMWS1.PRINCOMP3_EMSCOREVAR;
MPRINT(EM_DIAGRAM):    data EMWS1.PRINCOMP3_EMSCOREVAR;
18494      length Name $32 formula $70 file $200;
MPRINT(EM_DIAGRAM):   length Name $32 formula $70 file $200;
18495      keep NAME Formula file;
MPRINT(EM_DIAGRAM):   keep NAME Formula file;
18496      name='';
MPRINT(EM_DIAGRAM):   name='';
18497      file="OPTCODE\"!!"_ALL_.sas";
MPRINT(EM_DIAGRAM):   file="OPTCODE\"!!"_ALL_.sas";
18498      output;
MPRINT(EM_DIAGRAM):   output;
18499      name = "PC_1";
MPRINT(EM_DIAGRAM):   name = "PC_1";
18500      file="OPTCODE\PC_1.sas";
MPRINT(EM_DIAGRAM):   file="OPTCODE\PC_1.sas";
18501      output;
MPRINT(EM_DIAGRAM):   output;
18502      name = "PC_10";
MPRINT(EM_DIAGRAM):   name = "PC_10";
18503      file="OPTCODE\PC_10.sas";
MPRINT(EM_DIAGRAM):   file="OPTCODE\PC_10.sas";
18504      output;
MPRINT(EM_DIAGRAM):   output;
18505      name = "PC_11";
MPRINT(EM_DIAGRAM):   name = "PC_11";
18506      file="OPTCODE\PC_11.sas";
MPRINT(EM_DIAGRAM):   file="OPTCODE\PC_11.sas";
18507      output;
MPRINT(EM_DIAGRAM):   output;
18508      name = "PC_12";
MPRINT(EM_DIAGRAM):   name = "PC_12";
18509      file="OPTCODE\PC_12.sas";
MPRINT(EM_DIAGRAM):   file="OPTCODE\PC_12.sas";
18510      output;
MPRINT(EM_DIAGRAM):   output;
18511      name = "PC_13";
MPRINT(EM_DIAGRAM):   name = "PC_13";
18512      file="OPTCODE\PC_13.sas";
MPRINT(EM_DIAGRAM):   file="OPTCODE\PC_13.sas";
18513      output;
MPRINT(EM_DIAGRAM):   output;
18514      name = "PC_14";
MPRINT(EM_DIAGRAM):   name = "PC_14";
18515      file="OPTCODE\PC_14.sas";
MPRINT(EM_DIAGRAM):   file="OPTCODE\PC_14.sas";
18516      output;
MPRINT(EM_DIAGRAM):   output;
18517      name = "PC_15";
MPRINT(EM_DIAGRAM):   name = "PC_15";
18518      file="OPTCODE\PC_15.sas";
MPRINT(EM_DIAGRAM):   file="OPTCODE\PC_15.sas";
18519      output;
MPRINT(EM_DIAGRAM):   output;
18520      name = "PC_16";
MPRINT(EM_DIAGRAM):   name = "PC_16";
18521      file="OPTCODE\PC_16.sas";
MPRINT(EM_DIAGRAM):   file="OPTCODE\PC_16.sas";
18522      output;
MPRINT(EM_DIAGRAM):   output;
18523      name = "PC_17";
MPRINT(EM_DIAGRAM):   name = "PC_17";
18524      file="OPTCODE\PC_17.sas";
MPRINT(EM_DIAGRAM):   file="OPTCODE\PC_17.sas";
18525      output;
MPRINT(EM_DIAGRAM):   output;
18526      name = "PC_18";
MPRINT(EM_DIAGRAM):   name = "PC_18";
18527      file="OPTCODE\PC_18.sas";
MPRINT(EM_DIAGRAM):   file="OPTCODE\PC_18.sas";
18528      output;
MPRINT(EM_DIAGRAM):   output;
18529      name = "PC_19";
MPRINT(EM_DIAGRAM):   name = "PC_19";
18530      file="OPTCODE\PC_19.sas";
MPRINT(EM_DIAGRAM):   file="OPTCODE\PC_19.sas";
18531      output;
MPRINT(EM_DIAGRAM):   output;
18532      name = "PC_2";
MPRINT(EM_DIAGRAM):   name = "PC_2";
18533      file="OPTCODE\PC_2.sas";
MPRINT(EM_DIAGRAM):   file="OPTCODE\PC_2.sas";
18534      output;
MPRINT(EM_DIAGRAM):   output;
18535      name = "PC_20";
MPRINT(EM_DIAGRAM):   name = "PC_20";
18536      file="OPTCODE\PC_20.sas";
MPRINT(EM_DIAGRAM):   file="OPTCODE\PC_20.sas";
18537      output;
MPRINT(EM_DIAGRAM):   output;
18538      name = "PC_21";
MPRINT(EM_DIAGRAM):   name = "PC_21";
18539      file="OPTCODE\PC_21.sas";
MPRINT(EM_DIAGRAM):   file="OPTCODE\PC_21.sas";
18540      output;
MPRINT(EM_DIAGRAM):   output;
18541      name = "PC_22";
MPRINT(EM_DIAGRAM):   name = "PC_22";
18542      file="OPTCODE\PC_22.sas";
MPRINT(EM_DIAGRAM):   file="OPTCODE\PC_22.sas";
18543      output;
MPRINT(EM_DIAGRAM):   output;
18544      name = "PC_23";
MPRINT(EM_DIAGRAM):   name = "PC_23";
18545      file="OPTCODE\PC_23.sas";
MPRINT(EM_DIAGRAM):   file="OPTCODE\PC_23.sas";
18546      output;
MPRINT(EM_DIAGRAM):   output;
18547      name = "PC_24";
MPRINT(EM_DIAGRAM):   name = "PC_24";
18548      file="OPTCODE\PC_24.sas";
MPRINT(EM_DIAGRAM):   file="OPTCODE\PC_24.sas";
18549      output;
MPRINT(EM_DIAGRAM):   output;
18550      name = "PC_25";
MPRINT(EM_DIAGRAM):   name = "PC_25";
18551      file="OPTCODE\PC_25.sas";
MPRINT(EM_DIAGRAM):   file="OPTCODE\PC_25.sas";
18552      output;
MPRINT(EM_DIAGRAM):   output;
18553      name = "PC_26";
MPRINT(EM_DIAGRAM):   name = "PC_26";
18554      file="OPTCODE\PC_26.sas";
MPRINT(EM_DIAGRAM):   file="OPTCODE\PC_26.sas";
18555      output;
MPRINT(EM_DIAGRAM):   output;
18556      name = "PC_27";
MPRINT(EM_DIAGRAM):   name = "PC_27";
18557      file="OPTCODE\PC_27.sas";
MPRINT(EM_DIAGRAM):   file="OPTCODE\PC_27.sas";
18558      output;
MPRINT(EM_DIAGRAM):   output;
18559      name = "PC_28";
MPRINT(EM_DIAGRAM):   name = "PC_28";
18560      file="OPTCODE\PC_28.sas";
MPRINT(EM_DIAGRAM):   file="OPTCODE\PC_28.sas";
18561      output;
MPRINT(EM_DIAGRAM):   output;
18562      name = "PC_29";
MPRINT(EM_DIAGRAM):   name = "PC_29";
18563      file="OPTCODE\PC_29.sas";
MPRINT(EM_DIAGRAM):   file="OPTCODE\PC_29.sas";
18564      output;
MPRINT(EM_DIAGRAM):   output;
18565      name = "PC_3";
MPRINT(EM_DIAGRAM):   name = "PC_3";
18566      file="OPTCODE\PC_3.sas";
MPRINT(EM_DIAGRAM):   file="OPTCODE\PC_3.sas";
18567      output;
MPRINT(EM_DIAGRAM):   output;
18568      name = "PC_30";
MPRINT(EM_DIAGRAM):   name = "PC_30";
18569      file="OPTCODE\PC_30.sas";
MPRINT(EM_DIAGRAM):   file="OPTCODE\PC_30.sas";
18570      output;
MPRINT(EM_DIAGRAM):   output;
18571      name = "PC_31";
MPRINT(EM_DIAGRAM):   name = "PC_31";
18572      file="OPTCODE\PC_31.sas";
MPRINT(EM_DIAGRAM):   file="OPTCODE\PC_31.sas";
18573      output;
MPRINT(EM_DIAGRAM):   output;
18574      name = "PC_32";
MPRINT(EM_DIAGRAM):   name = "PC_32";
18575      file="OPTCODE\PC_32.sas";
MPRINT(EM_DIAGRAM):   file="OPTCODE\PC_32.sas";
18576      output;
MPRINT(EM_DIAGRAM):   output;
18577      name = "PC_33";
MPRINT(EM_DIAGRAM):   name = "PC_33";
18578      file="OPTCODE\PC_33.sas";
MPRINT(EM_DIAGRAM):   file="OPTCODE\PC_33.sas";
18579      output;
MPRINT(EM_DIAGRAM):   output;
18580      name = "PC_34";
MPRINT(EM_DIAGRAM):   name = "PC_34";
18581      file="OPTCODE\PC_34.sas";
MPRINT(EM_DIAGRAM):   file="OPTCODE\PC_34.sas";
18582      output;
MPRINT(EM_DIAGRAM):   output;
18583      name = "PC_35";
MPRINT(EM_DIAGRAM):   name = "PC_35";
18584      file="OPTCODE\PC_35.sas";
MPRINT(EM_DIAGRAM):   file="OPTCODE\PC_35.sas";
18585      output;
MPRINT(EM_DIAGRAM):   output;
18586      name = "PC_36";
MPRINT(EM_DIAGRAM):   name = "PC_36";
18587      file="OPTCODE\PC_36.sas";
MPRINT(EM_DIAGRAM):   file="OPTCODE\PC_36.sas";
18588      output;
MPRINT(EM_DIAGRAM):   output;
18589      name = "PC_37";
MPRINT(EM_DIAGRAM):   name = "PC_37";
18590      file="OPTCODE\PC_37.sas";
MPRINT(EM_DIAGRAM):   file="OPTCODE\PC_37.sas";
18591      output;
MPRINT(EM_DIAGRAM):   output;
18592      name = "PC_38";
MPRINT(EM_DIAGRAM):   name = "PC_38";
18593      file="OPTCODE\PC_38.sas";
MPRINT(EM_DIAGRAM):   file="OPTCODE\PC_38.sas";
18594      output;
MPRINT(EM_DIAGRAM):   output;
18595      name = "PC_39";
MPRINT(EM_DIAGRAM):   name = "PC_39";
18596      file="OPTCODE\PC_39.sas";
MPRINT(EM_DIAGRAM):   file="OPTCODE\PC_39.sas";
18597      output;
MPRINT(EM_DIAGRAM):   output;
18598      name = "PC_4";
MPRINT(EM_DIAGRAM):   name = "PC_4";
18599      file="OPTCODE\PC_4.sas";
MPRINT(EM_DIAGRAM):   file="OPTCODE\PC_4.sas";
18600      output;
MPRINT(EM_DIAGRAM):   output;
18601      name = "PC_40";
MPRINT(EM_DIAGRAM):   name = "PC_40";
18602      file="OPTCODE\PC_40.sas";
MPRINT(EM_DIAGRAM):   file="OPTCODE\PC_40.sas";
18603      output;
MPRINT(EM_DIAGRAM):   output;
18604      name = "PC_41";
MPRINT(EM_DIAGRAM):   name = "PC_41";
18605      file="OPTCODE\PC_41.sas";
MPRINT(EM_DIAGRAM):   file="OPTCODE\PC_41.sas";
18606      output;
MPRINT(EM_DIAGRAM):   output;
18607      name = "PC_42";
MPRINT(EM_DIAGRAM):   name = "PC_42";
18608      file="OPTCODE\PC_42.sas";
MPRINT(EM_DIAGRAM):   file="OPTCODE\PC_42.sas";
18609      output;
MPRINT(EM_DIAGRAM):   output;
18610      name = "PC_43";
MPRINT(EM_DIAGRAM):   name = "PC_43";
18611      file="OPTCODE\PC_43.sas";
MPRINT(EM_DIAGRAM):   file="OPTCODE\PC_43.sas";
18612      output;
MPRINT(EM_DIAGRAM):   output;
18613      name = "PC_44";
MPRINT(EM_DIAGRAM):   name = "PC_44";
18614      file="OPTCODE\PC_44.sas";
MPRINT(EM_DIAGRAM):   file="OPTCODE\PC_44.sas";
18615      output;
MPRINT(EM_DIAGRAM):   output;
18616      name = "PC_45";
MPRINT(EM_DIAGRAM):   name = "PC_45";
18617      file="OPTCODE\PC_45.sas";
MPRINT(EM_DIAGRAM):   file="OPTCODE\PC_45.sas";
18618      output;
MPRINT(EM_DIAGRAM):   output;
18619      name = "PC_46";
MPRINT(EM_DIAGRAM):   name = "PC_46";
18620      file="OPTCODE\PC_46.sas";
MPRINT(EM_DIAGRAM):   file="OPTCODE\PC_46.sas";
18621      output;
MPRINT(EM_DIAGRAM):   output;
18622      name = "PC_47";
MPRINT(EM_DIAGRAM):   name = "PC_47";
18623      file="OPTCODE\PC_47.sas";
MPRINT(EM_DIAGRAM):   file="OPTCODE\PC_47.sas";
18624      output;
MPRINT(EM_DIAGRAM):   output;
18625      name = "PC_48";
MPRINT(EM_DIAGRAM):   name = "PC_48";
18626      file="OPTCODE\PC_48.sas";
MPRINT(EM_DIAGRAM):   file="OPTCODE\PC_48.sas";
18627      output;
MPRINT(EM_DIAGRAM):   output;
18628      name = "PC_49";
MPRINT(EM_DIAGRAM):   name = "PC_49";
18629      file="OPTCODE\PC_49.sas";
MPRINT(EM_DIAGRAM):   file="OPTCODE\PC_49.sas";
18630      output;
MPRINT(EM_DIAGRAM):   output;
18631      name = "PC_5";
MPRINT(EM_DIAGRAM):   name = "PC_5";
18632      file="OPTCODE\PC_5.sas";
MPRINT(EM_DIAGRAM):   file="OPTCODE\PC_5.sas";
18633      output;
MPRINT(EM_DIAGRAM):   output;
18634      name = "PC_50";
MPRINT(EM_DIAGRAM):   name = "PC_50";
18635      file="OPTCODE\PC_50.sas";
MPRINT(EM_DIAGRAM):   file="OPTCODE\PC_50.sas";
18636      output;
MPRINT(EM_DIAGRAM):   output;
18637      name = "PC_6";
MPRINT(EM_DIAGRAM):   name = "PC_6";
18638      file="OPTCODE\PC_6.sas";
MPRINT(EM_DIAGRAM):   file="OPTCODE\PC_6.sas";
18639      output;
MPRINT(EM_DIAGRAM):   output;
18640      name = "PC_7";
MPRINT(EM_DIAGRAM):   name = "PC_7";
18641      file="OPTCODE\PC_7.sas";
MPRINT(EM_DIAGRAM):   file="OPTCODE\PC_7.sas";
18642      output;
MPRINT(EM_DIAGRAM):   output;
18643      name = "PC_8";
MPRINT(EM_DIAGRAM):   name = "PC_8";
18644      file="OPTCODE\PC_8.sas";
MPRINT(EM_DIAGRAM):   file="OPTCODE\PC_8.sas";
18645      output;
MPRINT(EM_DIAGRAM):   output;
18646      name = "PC_9";
MPRINT(EM_DIAGRAM):   name = "PC_9";
18647      file="OPTCODE\PC_9.sas";
MPRINT(EM_DIAGRAM):   file="OPTCODE\PC_9.sas";
18648      output;
MPRINT(EM_DIAGRAM):   output;
18649      run;
MPRINT(EM_DIAGRAM):   run;
 
NOTE: Variable formula is uninitialized.
NOTE: The data set EMWS1.PRINCOMP3_EMSCOREVAR has 51 observations and 3 variables.
NOTE: DATA statement ha utilizado (Tiempo de proceso total):
      real time           0.00 seconds
      cpu time            0.00 seconds
 
 
MPRINT(EM_DIAGRAM):    proc printto;
MPRINT(EM_DIAGRAM):   run;
MPRINT(EM_DIAGRAM):    data _null_;
MPRINT(EM_DIAGRAM):   call symput('NLDATE', strip(put(date(), NLDATE.)));
MPRINT(EM_DIAGRAM):   call symput('NLTIME', strip(put(datetime(), NLTIME.)));
MPRINT(EM_DIAGRAM):   run;
MPRINT(EM_DIAGRAM):   data _null_;
MPRINT(EM_DIAGRAM):   nldate= sasmsg("sashelp.dmine", "log_date_note", 'N', "13/12/20" );
MPRINT(EM_DIAGRAM):   nltime= sasmsg("sashelp.dmine", "log_time_note", 'N', "14H29" );
MPRINT(EM_DIAGRAM):   put "*------------------------------------------------------------*";
MPRINT(EM_DIAGRAM):   put "* Log de puntuación";
MPRINT(EM_DIAGRAM):   put nldate;
MPRINT(EM_DIAGRAM):   put nltime;
MPRINT(EM_DIAGRAM):   put "*------------------------------------------------------------*";
MPRINT(EM_DIAGRAM):   run;
*------------------------------------------------------------*
* Log de puntuación
Fecha:                13/12/20
Hora:                14H29
*------------------------------------------------------------*
MPRINT(EM_DIAGRAM):    filename O2EKPFDI "C:\Users\Admin\Documents\GitHub\AMUL-PRACTICA\practica_AMUL\Workspaces\EMWS1\PRINCOMP3\EMSCORE.out" encoding="UTF-8" NOBOM;
MPRINT(EM_DIAGRAM):   proc printto print=O2EKPFDI new;
MPRINT(EM_DIAGRAM):   run;
18197      %em_getActionStatus(emlib=EMWS1, nodeid=PRINCOMP3);
MPRINT(EM_DIAGRAM):
MPRINT(EM_GETACTIONSTATUS):   proc display c=sashelp.emutil.getactionstatus.scl;
MPRINT(EM_GETACTIONSTATUS):   run;
 
18198      %let em_Train = N;
18199      %let em_Score = Y;
18200      %let em_Report = N;
18201      %let em_Run = Y;
NOTE: PROCEDURE DISPLAY ha utilizado (Tiempo de proceso total):
      real time           0.00 seconds
      cpu time            0.01 seconds
 
 
MPRINT(EM_GETACTIONSTATUS):
MPRINT(EM_DIAGRAM):  ;
 
18202      data WORK.M0BWPGJ7;
MPRINT(EM_DIAGRAM):    data WORK.M0BWPGJ7;
18203      set WORK.M0BWPGJ7;
MPRINT(EM_DIAGRAM):   set WORK.M0BWPGJ7;
18204      if role = 'INPUT' and use in ('Y','D') then do;
MPRINT(EM_DIAGRAM):   if role = 'INPUT' and use in ('Y','D') then do;
18205      role = 'INPUT';
MPRINT(EM_DIAGRAM):   role = 'INPUT';
18206      output;
MPRINT(EM_DIAGRAM):   output;
18207      end;
MPRINT(EM_DIAGRAM):   end;
18208      if role = 'REJECTED' and use = 'Y' then do;
MPRINT(EM_DIAGRAM):   if role = 'REJECTED' and use = 'Y' then do;
18209      role = 'INPUT';
MPRINT(EM_DIAGRAM):   role = 'INPUT';
18210      output;
MPRINT(EM_DIAGRAM):   output;
18211      end;
MPRINT(EM_DIAGRAM):   end;
18212      if role = 'FREQ' then do;
MPRINT(EM_DIAGRAM):   if role = 'FREQ' then do;
18213      role = 'FREQ';
MPRINT(EM_DIAGRAM):   role = 'FREQ';
18214      output;
MPRINT(EM_DIAGRAM):   output;
18215      end;
MPRINT(EM_DIAGRAM):   end;
18216      run;
MPRINT(EM_DIAGRAM):   run;
 
NOTE: There were 241 observations read from the data set WORK.M0BWPGJ7.
NOTE: The data set WORK.M0BWPGJ7 has 241 observations and 21 variables.
NOTE: DATA statement ha utilizado (Tiempo de proceso total):
      real time           0.00 seconds
      cpu time            0.01 seconds
 
 
18217      data EMWS1.PRINCOMP3_STDMEAN;
MPRINT(EM_DIAGRAM):    data EMWS1.PRINCOMP3_STDMEAN;
18218      set EMWS1.PRINCOMP3_OUTSTAT;
MPRINT(EM_DIAGRAM):   set EMWS1.PRINCOMP3_OUTSTAT;
18219      if _TYPE_='_STDEV_' or _TYPE_='_MEAN_' then output;
MPRINT(EM_DIAGRAM):   if _TYPE_='_STDEV_' or _TYPE_='_MEAN_' then output;
18220      DROP _EIGVAL_;
MPRINT(EM_DIAGRAM):   DROP _EIGVAL_;
18221      run;
MPRINT(EM_DIAGRAM):   run;
 
NOTE: There were 247 observations read from the data set EMWS1.PRINCOMP3_OUTSTAT.
NOTE: The data set EMWS1.PRINCOMP3_STDMEAN has 2 observations and 242 variables.
NOTE: DATA statement ha utilizado (Tiempo de proceso total):
      real time           0.00 seconds
      cpu time            0.00 seconds
 
 
18222      /*----create a data set of eigenvalue-eigenvector pairs---*/
18223      data EMWS1.PRINCOMP3_EIGENVECTOR;
MPRINT(EM_DIAGRAM):    data EMWS1.PRINCOMP3_EIGENVECTOR;
18224      set EMWS1.PRINCOMP3_OUTSTAT;
MPRINT(EM_DIAGRAM):   set EMWS1.PRINCOMP3_OUTSTAT;
18225      if upcase(_TYPE_)='_V_MAP_' or upcase(_TYPE_)='_C_MAP_' or upcase(_TYPE_)='_MEAN_' or upcase(_TYPE_)='_STDEV_' or upcase(_TYPE_)='_EIGVAL_' or _EIGVAL_=0 then delete;
MPRINT(EM_DIAGRAM):   if upcase(_TYPE_)='_V_MAP_' or upcase(_TYPE_)='_C_MAP_' or upcase(_TYPE_)='_MEAN_' or upcase(_TYPE_)='_STDEV_' or upcase(_TYPE_)='_EIGVAL_' or _EIGVAL_=0 then delete;
18226      drop _TYPE_;
MPRINT(EM_DIAGRAM):   drop _TYPE_;
18227      rename _EIGVAL_=Eigenvalue;
MPRINT(EM_DIAGRAM):   rename _EIGVAL_=Eigenvalue;
18228      /*--------- eigenvalue data set------------ */
 
NOTE: There were 247 observations read from the data set EMWS1.PRINCOMP3_OUTSTAT.
NOTE: The data set EMWS1.PRINCOMP3_EIGENVECTOR has 241 observations and 242 variables.
NOTE: DATA statement ha utilizado (Tiempo de proceso total):
      real time           0.00 seconds
      cpu time            0.00 seconds
 
 
18229      data EMWS1.PRINCOMP3_EIGEN;
MPRINT(EM_DIAGRAM):   data EMWS1.PRINCOMP3_EIGEN;
18230      set EMWS1.PRINCOMP3_EIGENVECTOR;
MPRINT(EM_DIAGRAM):   set EMWS1.PRINCOMP3_EIGENVECTOR;
18231      Keep EigenValue;
MPRINT(EM_DIAGRAM):   Keep EigenValue;
 
NOTE: There were 241 observations read from the data set EMWS1.PRINCOMP3_EIGENVECTOR.
NOTE: The data set EMWS1.PRINCOMP3_EIGEN has 241 observations and 1 variables.
NOTE: DATA statement ha utilizado (Tiempo de proceso total):
      real time           0.00 seconds
      cpu time            0.00 seconds
 
 
18232      proc transpose data=EMWS1.PRINCOMP3_EIGEN out=EMWS1.PRINCOMP3_EIGEN prefix=PC_;
MPRINT(EM_DIAGRAM):   proc transpose data=EMWS1.PRINCOMP3_EIGEN out=EMWS1.PRINCOMP3_EIGEN prefix=PC_;
 
NOTE: There were 241 observations read from the data set EMWS1.PRINCOMP3_EIGEN.
NOTE: The data set EMWS1.PRINCOMP3_EIGEN has 1 observations and 242 variables.
NOTE: PROCEDURE TRANSPOSE ha utilizado (Tiempo de proceso total):
      real time           0.00 seconds
      cpu time            0.01 seconds
 
 
18233      proc transpose data=EMWS1.PRINCOMP3_EIGEN out=EMWS1.PRINCOMP3_EIGEN;
MPRINT(EM_DIAGRAM):   proc transpose data=EMWS1.PRINCOMP3_EIGEN out=EMWS1.PRINCOMP3_EIGEN;
18234      /*----------Eigenvector data set ------------*/
 
NOTE: There were 1 observations read from the data set EMWS1.PRINCOMP3_EIGEN.
NOTE: The data set EMWS1.PRINCOMP3_EIGEN has 241 observations and 2 variables.
NOTE: PROCEDURE TRANSPOSE ha utilizado (Tiempo de proceso total):
      real time           0.00 seconds
      cpu time            0.00 seconds
 
 
18235      data EMWS1.PRINCOMP3_EIGENVECTOR;
MPRINT(EM_DIAGRAM):   data EMWS1.PRINCOMP3_EIGENVECTOR;
18236      merge EMWS1.PRINCOMP3_EIGEN EMWS1.PRINCOMP3_EIGENVECTOR;
MPRINT(EM_DIAGRAM):   merge EMWS1.PRINCOMP3_EIGEN EMWS1.PRINCOMP3_EIGENVECTOR;
18237      DROP EigenValue;
MPRINT(EM_DIAGRAM):   DROP EigenValue;
 
NOTE: There were 241 observations read from the data set EMWS1.PRINCOMP3_EIGEN.
NOTE: There were 241 observations read from the data set EMWS1.PRINCOMP3_EIGENVECTOR.
NOTE: The data set EMWS1.PRINCOMP3_EIGENVECTOR has 241 observations and 242 variables.
NOTE: DATA statement ha utilizado (Tiempo de proceso total):
      real time           0.00 seconds
      cpu time            0.01 seconds
 
 
18238      proc sort data=EMWS1.PRINCOMP3_EIGEN;
MPRINT(EM_DIAGRAM):   proc sort data=EMWS1.PRINCOMP3_EIGEN;
18239      by EigenValue;
MPRINT(EM_DIAGRAM):   by EigenValue;
 
NOTE: There were 241 observations read from the data set EMWS1.PRINCOMP3_EIGEN.
NOTE: The data set EMWS1.PRINCOMP3_EIGEN has 241 observations and 2 variables.
NOTE: PROCEDURE SORT ha utilizado (Tiempo de proceso total):
      real time           0.00 seconds
      cpu time            0.00 seconds
 
 
18240      data EMWS1.PRINCOMP3_EIGEN;
MPRINT(EM_DIAGRAM):   data EMWS1.PRINCOMP3_EIGEN;
18241      set EMWS1.PRINCOMP3_EIGEN;
MPRINT(EM_DIAGRAM):   set EMWS1.PRINCOMP3_EIGEN;
18242      Difference=Eigenvalue-lag(Eigenvalue);
MPRINT(EM_DIAGRAM):   Difference=Eigenvalue-lag(Eigenvalue);
18243      ProportionalEigenvalue=EigenValue/0.07263703844986;
MPRINT(EM_DIAGRAM):   ProportionalEigenvalue=EigenValue/0.07263703844986;
18244      LagProportionalEigenvalue=lag(ProportionalEigenvalue);
MPRINT(EM_DIAGRAM):   LagProportionalEigenvalue=lag(ProportionalEigenvalue);
18245      label EigenValue = "Autovalor";
MPRINT(EM_DIAGRAM):   label EigenValue = "Autovalor";
18246      label Difference = "Diferencia";
MPRINT(EM_DIAGRAM):   label Difference = "Diferencia";
 
NOTE: Missing values were generated as a result of performing an operation on missing values.
      Each place is given by: (Number of times) at (Line):(Column).
      1 en 18242:22
NOTE: There were 241 observations read from the data set EMWS1.PRINCOMP3_EIGEN.
NOTE: The data set EMWS1.PRINCOMP3_EIGEN has 241 observations and 5 variables.
NOTE: DATA statement ha utilizado (Tiempo de proceso total):
      real time           0.00 seconds
      cpu time            0.01 seconds
 
 
18247      proc sort data=EMWS1.PRINCOMP3_EIGEN;
MPRINT(EM_DIAGRAM):   proc sort data=EMWS1.PRINCOMP3_EIGEN;
18248      by DESCENDING EigenValue;
MPRINT(EM_DIAGRAM):   by DESCENDING EigenValue;
18249      run;
MPRINT(EM_DIAGRAM):   run;
 
NOTE: There were 241 observations read from the data set EMWS1.PRINCOMP3_EIGEN.
NOTE: The data set EMWS1.PRINCOMP3_EIGEN has 241 observations and 5 variables.
NOTE: PROCEDURE SORT ha utilizado (Tiempo de proceso total):
      real time           0.00 seconds
      cpu time            0.00 seconds
 
 
18250      data EMWS1.PRINCOMP3_EIGEN;
MPRINT(EM_DIAGRAM):    data EMWS1.PRINCOMP3_EIGEN;
18251      set EMWS1.PRINCOMP3_EIGEN;
MPRINT(EM_DIAGRAM):   set EMWS1.PRINCOMP3_EIGEN;
18252      CumProportionalEigenvalue+ProportionalEigenvalue;
MPRINT(EM_DIAGRAM):   CumProportionalEigenvalue+ProportionalEigenvalue;
18253      /* to avoid  CumProportionalEigenvalue > 1 because of the precision */
18254      if CumProportionalEigenvalue > 1.0 then CumProportionalEigenvalue=1.0;
MPRINT(EM_DIAGRAM):   if CumProportionalEigenvalue > 1.0 then CumProportionalEigenvalue=1.0;
18255      LogEigenvalue=Log(Eigenvalue);
MPRINT(EM_DIAGRAM):   LogEigenvalue=Log(Eigenvalue);
18256      length Exported $8;
MPRINT(EM_DIAGRAM):   length Exported $8;
18257      Exported = 'NO';
MPRINT(EM_DIAGRAM):   Exported = 'NO';
18258      label LogEigenvalue = "Logaritmo del autovalor";
MPRINT(EM_DIAGRAM):   label LogEigenvalue = "Logaritmo del autovalor";
18259      label Exported = "Exportado";
MPRINT(EM_DIAGRAM):   label Exported = "Exportado";
 
NOTE: There were 241 observations read from the data set EMWS1.PRINCOMP3_EIGEN.
NOTE: The data set EMWS1.PRINCOMP3_EIGEN has 241 observations and 8 variables.
NOTE: DATA statement ha utilizado (Tiempo de proceso total):
      real time           0.00 seconds
      cpu time            0.01 seconds
 
 
18260      data WORK._DSEIGENCHART;
MPRINT(EM_DIAGRAM):   data WORK._DSEIGENCHART;
18261      set EMWS1.PRINCOMP3_EIGEN;
MPRINT(EM_DIAGRAM):   set EMWS1.PRINCOMP3_EIGEN;
18262      PC_=_N_;
MPRINT(EM_DIAGRAM):   PC_=_N_;
18263      DROP _NAME_;
MPRINT(EM_DIAGRAM):   DROP _NAME_;
18264      run;
MPRINT(EM_DIAGRAM):   run;
 
NOTE: There were 241 observations read from the data set EMWS1.PRINCOMP3_EIGEN.
NOTE: The data set WORK._DSEIGENCHART has 241 observations and 8 variables.
NOTE: DATA statement ha utilizado (Tiempo de proceso total):
      real time           0.00 seconds
      cpu time            0.01 seconds
 
 
18265      data WORK._EMPRINDSSUBEIGEN;
MPRINT(EM_DIAGRAM):    data WORK._EMPRINDSSUBEIGEN;
18266      set EMWS1.PRINCOMP3_EIGEN;
MPRINT(EM_DIAGRAM):   set EMWS1.PRINCOMP3_EIGEN;
18267      if ( CumProportionalEigenvalue GE 0.8 ) or (LagProportionalEigenvalue LT 0.1 and CumProportionalEigenvalue GE 0.9 )
18268      or ( _N_ > 10-1)
18269      then delete;
MPRINT(EM_DIAGRAM):   if ( CumProportionalEigenvalue GE 0.8 ) or (LagProportionalEigenvalue LT 0.1 and CumProportionalEigenvalue GE 0.9 ) or ( _N_ > 10-1) then delete;
18270      run;
MPRINT(EM_DIAGRAM):   run;
 
NOTE: There were 241 observations read from the data set EMWS1.PRINCOMP3_EIGEN.
NOTE: The data set WORK._EMPRINDSSUBEIGEN has 9 observations and 8 variables.
NOTE: DATA statement ha utilizado (Tiempo de proceso total):
      real time           0.00 seconds
      cpu time            0.00 seconds
 
 
18271      data EMWS1.PRINCOMP3_EIGEN;
MPRINT(EM_DIAGRAM):    data EMWS1.PRINCOMP3_EIGEN;
18272      length PC 8.;
MPRINT(EM_DIAGRAM):   length PC 8.;
18273      set EMWS1.PRINCOMP3_EIGEN;
MPRINT(EM_DIAGRAM):   set EMWS1.PRINCOMP3_EIGEN;
18274      if _N_ < 10+1 then Exported = 'YES';
MPRINT(EM_DIAGRAM):   if _N_ < 10+1 then Exported = 'YES';
18275      Drop LagProportionalEigenvalue;
MPRINT(EM_DIAGRAM):   Drop LagProportionalEigenvalue;
18276      PC = _N_;
MPRINT(EM_DIAGRAM):   PC = _N_;
18277      format PC 8.;
MPRINT(EM_DIAGRAM):   format PC 8.;
18278      rename _NAME_ = Component;
MPRINT(EM_DIAGRAM):   rename _NAME_ = Component;
18279      label _NAME_ = "Componentes principales";
MPRINT(EM_DIAGRAM):   label _NAME_ = "Componentes principales";
18280      rename ProportionalEigenvalue = Proportion;
MPRINT(EM_DIAGRAM):   rename ProportionalEigenvalue = Proportion;
18281      label ProportionalEigenvalue = "Autovalor proporcional";
MPRINT(EM_DIAGRAM):   label ProportionalEigenvalue = "Autovalor proporcional";
18282      rename CumProportionalEigenvalue = Cumulative;
MPRINT(EM_DIAGRAM):   rename CumProportionalEigenvalue = Cumulative;
18283      label CumProportionalEigenvalue ="Autovalor proporcional acumulado";
MPRINT(EM_DIAGRAM):   label CumProportionalEigenvalue = "Autovalor proporcional acumulado";
18284      label PC = "ID PC";
MPRINT(EM_DIAGRAM):   label PC = "ID PC";
18285      run;
MPRINT(EM_DIAGRAM):   run;
 
NOTE: There were 241 observations read from the data set EMWS1.PRINCOMP3_EIGEN.
NOTE: The data set EMWS1.PRINCOMP3_EIGEN has 241 observations and 8 variables.
NOTE: DATA statement ha utilizado (Tiempo de proceso total):
      real time           0.00 seconds
      cpu time            0.01 seconds
 
 
18286      data EMWS1.PRINCOMP3_SUBEIGENVECTOR;
MPRINT(EM_DIAGRAM):    data EMWS1.PRINCOMP3_SUBEIGENVECTOR;
18287      set EMWS1.PRINCOMP3_EIGENVECTOR;
MPRINT(EM_DIAGRAM):   set EMWS1.PRINCOMP3_EIGENVECTOR;
18288      if _N_ > 10 then delete;
MPRINT(EM_DIAGRAM):   if _N_ > 10 then delete;
 
NOTE: There were 241 observations read from the data set EMWS1.PRINCOMP3_EIGENVECTOR.
NOTE: The data set EMWS1.PRINCOMP3_SUBEIGENVECTOR has 10 observations and 242 variables.
NOTE: DATA statement ha utilizado (Tiempo de proceso total):
      real time           0.01 seconds
      cpu time            0.01 seconds
 
 
18289      data WORK._EMPRINDSSUBEIGEN;
MPRINT(EM_DIAGRAM):   data WORK._EMPRINDSSUBEIGEN;
18290      set EMWS1.PRINCOMP3_EIGEN;
MPRINT(EM_DIAGRAM):   set EMWS1.PRINCOMP3_EIGEN;
18291      if _N_ > 10 then delete;
MPRINT(EM_DIAGRAM):   if _N_ > 10 then delete;
18292      run;
MPRINT(EM_DIAGRAM):   run;
 
NOTE: There were 241 observations read from the data set EMWS1.PRINCOMP3_EIGEN.
NOTE: The data set WORK._EMPRINDSSUBEIGEN has 10 observations and 8 variables.
NOTE: DATA statement ha utilizado (Tiempo de proceso total):
      real time           0.01 seconds
      cpu time            0.01 seconds
 
 
18293      proc transpose data=EMWS1.PRINCOMP3_EIGENVECTOR name=Variable label=Label out=EMWS1.PRINCOMP3_EIGENVECTOR;
MPRINT(EM_DIAGRAM):    proc transpose data=EMWS1.PRINCOMP3_EIGENVECTOR name=Variable label=Label out=EMWS1.PRINCOMP3_EIGENVECTOR;
18294      run;
MPRINT(EM_DIAGRAM):   run;
 
NOTE: There were 241 observations read from the data set EMWS1.PRINCOMP3_EIGENVECTOR.
NOTE: The data set EMWS1.PRINCOMP3_EIGENVECTOR has 241 observations and 242 variables.
NOTE: PROCEDURE TRANSPOSE ha utilizado (Tiempo de proceso total):
      real time           0.01 seconds
      cpu time            0.01 seconds
 
 
18295      data EMWS1.PRINCOMP3_EIGENVECTOR;
MPRINT(EM_DIAGRAM):   data EMWS1.PRINCOMP3_EIGENVECTOR;
18296      set EMWS1.PRINCOMP3_EIGENVECTOR;
MPRINT(EM_DIAGRAM):   set EMWS1.PRINCOMP3_EIGENVECTOR;
18297      label Label = "Etiqueta";
MPRINT(EM_DIAGRAM):   label Label = "Etiqueta";
18298      label Variable = "Variable";
MPRINT(EM_DIAGRAM):   label Variable = "Variable";
18299      run;
MPRINT(EM_DIAGRAM):   run;
 
NOTE: Variable Label is uninitialized.
NOTE: There were 241 observations read from the data set EMWS1.PRINCOMP3_EIGENVECTOR.
NOTE: The data set EMWS1.PRINCOMP3_EIGENVECTOR has 241 observations and 242 variables.
NOTE: DATA statement ha utilizado (Tiempo de proceso total):
      real time           0.00 seconds
      cpu time            0.01 seconds
 
 
18300      filename newout "C:\Users\Admin\Documents\GitHub\AMUL-PRACTICA\practica_AMUL\Workspaces\EMWS1\PRINCOMP3\EMSCORE.out" encoding="UTF-8" NOBOM;
MPRINT(EM_DIAGRAM):    filename newout "C:\Users\Admin\Documents\GitHub\AMUL-PRACTICA\practica_AMUL\Workspaces\EMWS1\PRINCOMP3\EMSCORE.out" encoding="UTF-8" NOBOM;
MPRINT(EM_DIAGRAM):   ;
18301      ;
18302      proc printto print=newout;
MPRINT(EM_DIAGRAM):   proc printto print=newout;
18303      run;
MPRINT(EM_DIAGRAM):   run;
 
NOTE: PROCEDURE PRINTTO ha utilizado (Tiempo de proceso total):
      real time           0.00 seconds
      cpu time            0.00 seconds
 
 
18304      data _null_;
MPRINT(EM_DIAGRAM):    data _null_;
18305      file print;
MPRINT(EM_DIAGRAM):   file print;
18306      put "*------------------------------------------------------------*";
MPRINT(EM_DIAGRAM):   put "*------------------------------------------------------------*";
18307      put "%sysfunc(sasmsg(sashelp.dmine, rpt_princomp_sum_rescore_title , NOQUOTE))";
MPRINT(EM_DIAGRAM):   put "Resumen de componentes principales exportados - Vueltos a puntuar";
18308      put "*------------------------------------------------------------*";
MPRINT(EM_DIAGRAM):   put "*------------------------------------------------------------*";
18309      put ' ';
MPRINT(EM_DIAGRAM):   put ' ';
18310      put "%sysfunc(sasmsg(sashelp.dmine, rpt_princomp_sum_ninput , NOQUOTE, 241))";
MPRINT(EM_DIAGRAM):   put "Número total de variables input: 241";
18311      put "%sysfunc(sasmsg(sashelp.dmine, rpt_princomp_sum_maxpc , NOQUOTE, 10))";
MPRINT(EM_DIAGRAM):   put "Corte de número máximo de los componentes principales: 10";
18312      put "%sysfunc(sasmsg(sashelp.dmine, rpt_princomp_sum_cumcut , NOQUOTE, 0.8))";
MPRINT(EM_DIAGRAM):   put "Corte de autovalor proporcional acumulado: 0.8";
18313      put "%sysfunc(sasmsg(sashelp.dmine, rpt_princomp_sum_increcut , NOQUOTE, 0.1))";
MPRINT(EM_DIAGRAM):   put "Corte de incremento de autovalor proporcional: 0.1";
18314      put "%sysfunc(sasmsg(sashelp.dmine, rpt_princomp_sum_nselpc , NOQUOTE, 10))";
MPRINT(EM_DIAGRAM):   put "Número de los componentes principales seleccionados: 10";
18315      put "%sysfunc(sasmsg(sashelp.dmine, rpt_princomp_sum_totvar , NOQUOTE, 0.260327238))";
MPRINT(EM_DIAGRAM):   put "Variación total explicada por los componentes principales seleccionados: 0.260327238";
 
NOTE: 9 lines were written to file PRINT.
NOTE: The DATA step printed page 1.
NOTE: DATA statement ha utilizado (Tiempo de proceso total):
      real time           0.01 seconds
      cpu time            0.00 seconds
 
 
18316      proc printto;
MPRINT(EM_DIAGRAM):   proc printto;
18317      run;
MPRINT(EM_DIAGRAM):   run;
 
MPRINT(EM_DIAGRAM):    data _null_;
MPRINT(EM_DIAGRAM):   call symput('NLDATE', strip(put(date(), NLDATE.)));
MPRINT(EM_DIAGRAM):   call symput('NLTIME', strip(put(datetime(), NLTIME.)));
MPRINT(EM_DIAGRAM):   run;
MPRINT(EM_DIAGRAM):   data _null_;
MPRINT(EM_DIAGRAM):   nldate= sasmsg("sashelp.dmine", "log_date_note", 'N', "13/12/20" );
MPRINT(EM_DIAGRAM):   nltime= sasmsg("sashelp.dmine", "log_time_note", 'N', "14H29" );
MPRINT(EM_DIAGRAM):   put "*------------------------------------------------------------*";
MPRINT(EM_DIAGRAM):   put "* Log del informe";
MPRINT(EM_DIAGRAM):   put nldate;
MPRINT(EM_DIAGRAM):   put nltime;
MPRINT(EM_DIAGRAM):   put "*------------------------------------------------------------*";
MPRINT(EM_DIAGRAM):   run;
*------------------------------------------------------------*
* Log del informe
Fecha:                13/12/20
Hora:                14H29
*------------------------------------------------------------*
MPRINT(EM_DIAGRAM):    filename O2BM4TX0 "C:\Users\Admin\Documents\GitHub\AMUL-PRACTICA\practica_AMUL\Workspaces\EMWS1\PRINCOMP3\EMREPORT.out" encoding="UTF-8" NOBOM;
MPRINT(EM_DIAGRAM):   proc printto print=O2BM4TX0 new;
MPRINT(EM_DIAGRAM):   run;
25169      %em_getActionStatus(emlib=EMWS1, nodeid=PRINCOMP3);
MPRINT(EM_DIAGRAM):
MPRINT(EM_GETACTIONSTATUS):   proc display c=sashelp.emutil.getactionstatus.scl;
MPRINT(EM_GETACTIONSTATUS):   run;
 
25170      %let em_Train = N;
25171      %let em_Score = Y;
25172      %let em_Report = N;
25173      %let em_Run = Y;
NOTE: PROCEDURE DISPLAY ha utilizado (Tiempo de proceso total):
      real time           0.01 seconds
      cpu time            0.01 seconds
 
 
MPRINT(EM_GETACTIONSTATUS):
MPRINT(EM_DIAGRAM):  ;
 
MPRINT(EM_DIAGRAM):    proc printto;
MPRINT(EM_DIAGRAM):   run;
