MPRINT(EM_DIAGRAM):    data _null_;
MPRINT(EM_DIAGRAM):   call symput('NLDATE', strip(put(date(), NLDATE.)));
MPRINT(EM_DIAGRAM):   call symput('NLTIME', strip(put(datetime(), NLTIME.)));
MPRINT(EM_DIAGRAM):   run;
MPRINT(EM_DIAGRAM):   data _null_;
MPRINT(EM_DIAGRAM):   nldate= sasmsg("sashelp.dmine", "log_date_note", 'N', "16/11/20" );
MPRINT(EM_DIAGRAM):   nltime= sasmsg("sashelp.dmine", "log_time_note", 'N', "09H32" );
MPRINT(EM_DIAGRAM):   put "*------------------------------------------------------------*";
MPRINT(EM_DIAGRAM):   put "* Log de entrenamiento";
MPRINT(EM_DIAGRAM):   put nldate;
MPRINT(EM_DIAGRAM):   put nltime;
MPRINT(EM_DIAGRAM):   put "*------------------------------------------------------------*";
MPRINT(EM_DIAGRAM):   run;
*------------------------------------------------------------*
* Log de entrenamiento
Fecha:                16/11/20
Hora:                09H32
*------------------------------------------------------------*
MPRINT(EM_DIAGRAM):    filename O3QFR6JS "C:\Users\Admin\Documents\GitHub\AMUL-PRACTICA\practica_AMUL\Workspaces\EMWS1\PRINCOMP3\EMTRAIN.out" encoding="UTF-8" NOBOM;
MPRINT(EM_DIAGRAM):   proc printto print=O3QFR6JS new;
MPRINT(EM_DIAGRAM):   run;
MPRINT(EM_DIAGRAM):    filename _LOG "C:\Users\Admin\Documents\GitHub\AMUL-PRACTICA\practica_AMUL\Workspaces\EMWS1\PRINCOMP3\EMLOG.log" encoding="UTF-8" NOBOM;
MPRINT(EM_DIAGRAM):    data _null_;
MPRINT(EM_DIAGRAM):   call symput('NLDATE', strip(put(date(), NLDATE.)));
MPRINT(EM_DIAGRAM):   call symput('NLTIME', strip(put(datetime(), NLTIME.)));
MPRINT(EM_DIAGRAM):   run;
MPRINT(EM_DIAGRAM):   data _null_;
MPRINT(EM_DIAGRAM):   nldate= sasmsg("sashelp.dmine", "log_date_note", 'N', "16/11/20" );
MPRINT(EM_DIAGRAM):   nltime= sasmsg("sashelp.dmine", "log_time_note", 'N', "09H32" );
MPRINT(EM_DIAGRAM):   file _LOG;
MPRINT(EM_DIAGRAM):   put "*------------------------------------------------------------*";
MPRINT(EM_DIAGRAM):   put "Usuario:                Admin";
MPRINT(EM_DIAGRAM):   put nldate;
MPRINT(EM_DIAGRAM):   put nltime;
MPRINT(EM_DIAGRAM):   put "Sitio:                70161230";
MPRINT(EM_DIAGRAM):   put "Plataforma:            X64_10HOME";
MPRINT(EM_DIAGRAM):   put "Versión de mantenimiento: 9.04.01M6P111518";
MPRINT(EM_DIAGRAM):   put "Versión de EM:          15.1";
MPRINT(EM_DIAGRAM):   put "* ";
MPRINT(EM_DIAGRAM):   run;
MPRINT(EM_DIAGRAM):    filename _LOGIN "C:\Users\Admin\Documents\GitHub\AMUL-PRACTICA\practica_AMUL\Workspaces\EMWS1\PRINCOMP3\EMTRAIN.log" encoding="UTF-8" NOBOM;
MPRINT(EM_COPYFILE):   data _null_;
MPRINT(EM_COPYFILE):   length line $20000;
MPRINT(EM_COPYFILE):   file _LOG MOD lrecl=20000;
MPRINT(EM_COPYFILE):   fid=fopen("_LOGIN",'i',20000,'v');
MPRINT(EM_COPYFILE):   if fid > 0 then do;
MPRINT(EM_COPYFILE):   do while(^fread(fid));
MPRINT(EM_COPYFILE):   rlen = frlen(fid);
MPRINT(EM_COPYFILE):   rc= fget(fid,line,20000);
MPRINT(EM_COPYFILE):   start = length(line)-length(left(line))+1;
MPRINT(EM_COPYFILE):   line=strip(line);
MPRINT(EM_COPYFILE):   put @start line;
MPRINT(EM_COPYFILE):   end;
MPRINT(EM_COPYFILE):   if fid > 0 then rc=fclose(fid);
MPRINT(EM_COPYFILE):   end;
MPRINT(EM_COPYFILE):   run;
MPRINT(EM_DIAGRAM):  ;
MPRINT(EM_DIAGRAM):   filename _LOGIN;
MPRINT(EM_DIAGRAM):    data _null_;
MPRINT(EM_DIAGRAM):   file _LOG mod;
MPRINT(EM_DIAGRAM):   put _page_;
MPRINT(EM_DIAGRAM):   run;
MPRINT(EM_DIAGRAM):   filename _LOGIN "C:\Users\Admin\Documents\GitHub\AMUL-PRACTICA\practica_AMUL\Workspaces\EMWS1\PRINCOMP3\EMSCORE.log" encoding="UTF-8" NOBOM;
MPRINT(EM_DIAGRAM):  ;
MPRINT(EM_DIAGRAM):   data _null_;
MPRINT(EM_DIAGRAM):   file _LOG mod;
MPRINT(EM_DIAGRAM):   put _page_;
MPRINT(EM_DIAGRAM):   run;
MPRINT(EM_DIAGRAM):    filename _LOGIN "C:\Users\Admin\Documents\GitHub\AMUL-PRACTICA\practica_AMUL\Workspaces\EMWS1\PRINCOMP3\EMREPORT.log" encoding="UTF-8" NOBOM;
MPRINT(EM_DIAGRAM):  ;
MPRINT(EM_DIAGRAM):   filename _LOGIN;
MPRINT(EM_DIAGRAM):    filename _LOG;
MPRINT(EM_DIAGRAM):    filename _OUT "C:\Users\Admin\Documents\GitHub\AMUL-PRACTICA\practica_AMUL\Workspaces\EMWS1\PRINCOMP3\EMOUTPUT.out" encoding="UTF-8" NOBOM;
MPRINT(EM_DIAGRAM):    data _null_;
MPRINT(EM_DIAGRAM):   call symput('NLDATE', strip(put(date(), NLDATE.)));
MPRINT(EM_DIAGRAM):   call symput('NLTIME', strip(put(datetime(), NLTIME.)));
MPRINT(EM_DIAGRAM):   run;
MPRINT(EM_DIAGRAM):   data _null_;
MPRINT(EM_DIAGRAM):   nldate= sasmsg("sashelp.dmine", "log_date_note", 'N', "16/11/20" );
MPRINT(EM_DIAGRAM):   nltime= sasmsg("sashelp.dmine", "log_time_note", 'N', "09H32" );
MPRINT(EM_DIAGRAM):   file _OUT;
MPRINT(EM_DIAGRAM):   put "*------------------------------------------------------------*";
MPRINT(EM_DIAGRAM):   put "Usuario:                Admin";
MPRINT(EM_DIAGRAM):   put nldate;
MPRINT(EM_DIAGRAM):   put nltime;
MPRINT(EM_DIAGRAM):   put "*------------------------------------------------------------*";
MPRINT(EM_DIAGRAM):   put "* Salida de entrenamiento";
MPRINT(EM_DIAGRAM):   put "*------------------------------------------------------------*";
MPRINT(EM_DIAGRAM):   run;
MPRINT(EM_DIAGRAM):    filename _OUTIN "C:\Users\Admin\Documents\GitHub\AMUL-PRACTICA\practica_AMUL\Workspaces\EMWS1\PRINCOMP3\EMTRAIN.out" encoding="UTF-8" NOBOM;
MPRINT(EM_DIAGRAM):   ;
MPRINT(EM_COPYFILE):   data _null_;
MPRINT(EM_COPYFILE):   length line $20000;
MPRINT(EM_COPYFILE):   file _OUT MOD lrecl=20000;
MPRINT(EM_COPYFILE):   fid=fopen("_OUTIN",'i',20000,'v');
MPRINT(EM_COPYFILE):   if fid > 0 then do;
MPRINT(EM_COPYFILE):   do while(^fread(fid));
MPRINT(EM_COPYFILE):   rlen = frlen(fid);
MPRINT(EM_COPYFILE):   rc= fget(fid,line,20000);
MPRINT(EM_COPYFILE):   start = length(line)-length(left(line))+1;
MPRINT(EM_COPYFILE):   line=strip(line);
MPRINT(EM_COPYFILE):   put @start line;
MPRINT(EM_COPYFILE):   end;
MPRINT(EM_COPYFILE):   if fid > 0 then rc=fclose(fid);
MPRINT(EM_COPYFILE):   end;
MPRINT(EM_COPYFILE):   run;
MPRINT(EM_DIAGRAM):  ;
MPRINT(EM_DIAGRAM):   filename _OUTIN;
MPRINT(EM_DIAGRAM):    data _null_;
MPRINT(EM_DIAGRAM):   file _OUT mod;
MPRINT(EM_DIAGRAM):   put _page_;
MPRINT(EM_DIAGRAM):   put // "*------------------------------------------------------------*";
MPRINT(EM_DIAGRAM):   put "* Salida de puntuación";
MPRINT(EM_DIAGRAM):   put "*------------------------------------------------------------*";
MPRINT(EM_DIAGRAM):   run;
MPRINT(EM_DIAGRAM):    filename _OUTIN "C:\Users\Admin\Documents\GitHub\AMUL-PRACTICA\practica_AMUL\Workspaces\EMWS1\PRINCOMP3\EMSCORE.out" encoding="UTF-8" NOBOM;
MPRINT(EM_DIAGRAM):  ;
MPRINT(EM_DIAGRAM):   filename _OUTIN;
MPRINT(EM_DIAGRAM):    data _null_;
MPRINT(EM_DIAGRAM):   file _OUT mod;
MPRINT(EM_DIAGRAM):   put _page_;
MPRINT(EM_DIAGRAM):   put // "*------------------------------------------------------------*";
MPRINT(EM_DIAGRAM):   put "* Salida del informe";
MPRINT(EM_DIAGRAM):   put "*------------------------------------------------------------*";
MPRINT(EM_DIAGRAM):   run;
MPRINT(EM_DIAGRAM):    filename _OUTIN "C:\Users\Admin\Documents\GitHub\AMUL-PRACTICA\practica_AMUL\Workspaces\EMWS1\PRINCOMP3\EMREPORT.out" encoding="UTF-8" NOBOM;
MPRINT(EM_DIAGRAM):  ;
MPRINT(EM_DIAGRAM):   filename _OUTIN;
MPRINT(EM_DIAGRAM):    filename _OUT;
MPRINT(EM_DIAGRAM):    filename _emtool_ 'C:\Users\Admin\Documents\GitHub\AMUL-PRACTICA\practica_AMUL\Workspaces\EMWS1\PRINCOMP3\EMRUNSTATUS.xml' encoding="UTF-8" NOBOM;
MPRINT(EM_DIAGRAM):    filename _emtool_ 'C:\Users\Admin\Documents\GitHub\AMUL-PRACTICA\practica_AMUL\Workspaces\EMWS1\PRINCOMP3\EMRUNSTATUS.xml' encoding="UTF-8" NOBOM;
18277      proc freq data=EMWS1.PRINCOMP3_VariableSet noprint;
MPRINT(EM_DIAGRAM):    proc freq data=EMWS1.PRINCOMP3_VariableSet noprint;
18278      table ROLE*LEVEL/out=WORK.PRINCOMP3META;
MPRINT(EM_DIAGRAM):   table ROLE*LEVEL/out=WORK.PRINCOMP3META;
18279      run;
MPRINT(EM_DIAGRAM):   run;

NOTE: There were 240 observations read from the data set EMWS1.PRINCOMP3_VARIABLESET.
NOTE: The data set WORK.PRINCOMP3META has 1 observations and 4 variables.
NOTE: PROCEDURE FREQ ha utilizado (Tiempo de proceso total):
      real time           0.01 seconds
      cpu time            0.01 seconds
      

18280      proc print data=WORK.PRINCOMP3META label noobs;
MPRINT(EM_DIAGRAM):   proc print data=WORK.PRINCOMP3META label noobs;
18281      var ROLE LEVEL COUNT;
MPRINT(EM_DIAGRAM):   var ROLE LEVEL COUNT;
18282      label ROLE = "%sysfunc(sasmsg(sashelp.dmine, meta_role_vlabel, NOQUOTE))" LEVEL = "%sysfunc(sasmsg(sashelp.dmine, meta_level_vlabel, NOQUOTE))" COUNT = "%sysfunc(sasmsg(sashelp.dmine, rpt_count_vlabel, NOQUOTE))";
MPRINT(EM_DIAGRAM):   label ROLE = "Rol" LEVEL = "Nivel de medida" COUNT = "Número de ocurrencias";
18283      title9 ' ';
MPRINT(EM_DIAGRAM):   title9 ' ';
18284      title10 "%sysfunc(sasmsg(sashelp.dmine, rpt_varSummary_title  , NOQUOTE))";
MPRINT(EM_DIAGRAM):   title10 "Resumen de variables";
MPRINT(EM_DIAGRAM):   run;
18285      run;

NOTE: There were 1 observations read from the data set WORK.PRINCOMP3META.
NOTE: The PROCEDURE PRINT printed page 1.
NOTE: PROCEDURE PRINT ha utilizado (Tiempo de proceso total):
      real time           0.00 seconds
      cpu time            0.01 seconds
      

18286      title10;
MPRINT(EM_DIAGRAM):   title10;
18287      data WORK.M2_G8TS9;
MPRINT(EM_DIAGRAM):    data WORK.M2_G8TS9;
18288      set WORK.M2_G8TS9;
MPRINT(EM_DIAGRAM):   set WORK.M2_G8TS9;
18289      if role = 'INPUT' and use in ('Y','D') then do;
MPRINT(EM_DIAGRAM):   if role = 'INPUT' and use in ('Y','D') then do;
18290      role = 'INPUT';
MPRINT(EM_DIAGRAM):   role = 'INPUT';
18291      output;
MPRINT(EM_DIAGRAM):   output;
18292      end;
MPRINT(EM_DIAGRAM):   end;
18293      if role = 'REJECTED' and use = 'Y' then do;
MPRINT(EM_DIAGRAM):   if role = 'REJECTED' and use = 'Y' then do;
18294      role = 'INPUT';
MPRINT(EM_DIAGRAM):   role = 'INPUT';
18295      output;
MPRINT(EM_DIAGRAM):   output;
18296      end;
MPRINT(EM_DIAGRAM):   end;
18297      if role = 'FREQ' then do;
MPRINT(EM_DIAGRAM):   if role = 'FREQ' then do;
18298      role = 'FREQ';
MPRINT(EM_DIAGRAM):   role = 'FREQ';
18299      output;
MPRINT(EM_DIAGRAM):   output;
18300      end;
MPRINT(EM_DIAGRAM):   end;
18301      run;
MPRINT(EM_DIAGRAM):   run;

NOTE: There were 240 observations read from the data set WORK.M2_G8TS9.
NOTE: The data set WORK.M2_G8TS9 has 240 observations and 21 variables.
NOTE: DATA statement ha utilizado (Tiempo de proceso total):
      real time           0.00 seconds
      cpu time            0.01 seconds
      

18302      *------------------------------------------------------------*;
MPRINT(EM_DIAGRAM):    *------------------------------------------------------------*;
18303      * Create DMDB macros;
MPRINT(EM_DIAGRAM):   * Create DMDB macros;
18304      %let _sns = %sysfunc(getoption(SOURCE));
18305      options nosource;
MPRINT(EM_DIAGRAM):   options nosource;
MPRINT(EM_DIAGRAM):   *------------------------------------------------------------* ;
MPRINT(EM_DIAGRAM):   * EM: DMDBClass Macro ;
MPRINT(EM_DIAGRAM):   *------------------------------------------------------------* ;
MPRINT(EM_DIAGRAM):   *------------------------------------------------------------* ;
MPRINT(EM_DIAGRAM):   * EM: DMDBVar Macro ;
MPRINT(EM_DIAGRAM):   *------------------------------------------------------------* ;
MPRINT(EM_DIAGRAM):   options SOURCE;
MPRINT(EM_DIAGRAM):   * End DMDB macros generation;
MPRINT(EM_DIAGRAM):   *------------------------------------------------------------*;
MPRINT(EM_DIAGRAM):   *------------------------------------------------------------*;
MPRINT(EM_DIAGRAM):   * EM: Create DMDB;
MPRINT(EM_DIAGRAM):   *------------------------------------------------------------*;
18338      * End DMDB macros generation;
18339      *------------------------------------------------------------*;
18340      *------------------------------------------------------------*;
18341      * EM: Create DMDB;
18342      *------------------------------------------------------------*;
18343      proc dmdb batch data=EMWS1.Ids_DATA
18344      dmdbcat=WORK.EM_DMDB
18345      maxlevel = 513
18346      ;
MPRINT(EM_DIAGRAM):   proc dmdb batch data=EMWS1.Ids_DATA dmdbcat=WORK.EM_DMDB maxlevel = 513 ;
MPRINT(EM_DIAGRAM):   var
18347      var %DMDBVar;
MPRINT(DMDBVAR):   ACCESS ADAM ADDRESS ADVANC AMERICAN ANDI ANSWER APPLIC APPRECI ARAB AREA ARGIC ARMENIA ARMENIAN ATTACK AUDIO BANK BASE BATTERI BILL BOOK BRAIN BRIAN BUILD BUTTON CALIFORNIA CALL CAN CARD CASE CENTER CHANG CHIP CIRCUIT CLIENT CODE COLOR 
COMMUN COMP COMPANI COMPIL COMPUT CONNECT CONTROL COPI CORRECT CREAT CURRENT DAI DATA DAVID DEPART DEPT DESIGN DETECTOR DEVIC DISEAS DISPLAI DISTRIBUT DOCTOR DOESN DON DRAW DRIVE DRUG EDU EFFECT ELECTR ELECTRON EMAIL ENGIN ERROR EVENT EXPERI FACT FAX FEEL 
FILE FIND FOLLOWUP FONT FOOD FRI FRIEND FUNCTION GEB GENER GEORGIA GIVE GOOD GORDON GOVERN GRAPHIC GREAT GREEK GROUND GROUP HAPPEN HEAR HIGH HOME IMAG INCLUD INFO INFORM INPUT INSTITUT INTEREST INTERNET ISRA ISRAEL JEW JEWISH JOHN KEYBOARD KEYWORD KILL 
KIND LEVEL LIST LIVE LONG MACHIN MAIL MANAG MARK MED MEDIC MEDICIN MEMORI MICHAEL MIKE MON MOTIF MOTOROLA NATION NETWORK NEW NEWS NEWSREAD NOIS NUMBER OPER OPINION ORIGIN OUTPUT PAIN PALESTINIAN PART PATIENT PERSON PHONE PITT PITTSBURGH PLACE POINT POLICI 
POSIT POST POWER PROBLEM PRODUCT PROGRAM PROJECT PUBLIC QUESTION RADAR RADIO READ REASON RECEIV REMEMB REPLI REPORT REQUIR RESEARCH RESPONS ROBERT RUN SAT SCHOOL SCI SCIENC SCREEN SELL SEND SERDAR SERVER SERVIC SHOW SIDE SIGNAL SOFTWAR SOUND SOURC 
STANDARD START STATE STEVE STUDI SUBSCRIB SUGGEST SUN SUPPORT SWITCH SYSTEM TALK TECHNOLOG TERMIN TEST THAT THU TIME TREATMENT TRUE TUE TURKISH TYPE UNIV UNIVERS UNIX USENET USER UTEXA UUCP VERSION VIRGINIA VOLTAG WATER WED WIDGET WINDOW WIRE WONDER WORK 
WORLD XLIB XTERM YEAR YOU
MPRINT(EM_DIAGRAM):  ;
18348      run;
MPRINT(EM_DIAGRAM):   run;

NOTE: Records processed = 3000   Memory used = 511K.
NOTE: Vista EMWS1.IDS_DATA.VIEW ha utilizado (Tiempo de proceso total):
      real time           0.03 seconds
      cpu time            0.03 seconds
      
NOTE: There were 3000 observations read from the data set AMUL.TERMINOS_DOCUMENTOS.
NOTE: There were 3000 observations read from the data set EMWS1.IDS_DATA.
NOTE: PROCEDURE DMDB ha utilizado (Tiempo de proceso total):
      real time           0.04 seconds
      cpu time            0.03 seconds
      

MPRINT(EM_DIAGRAM):   quit;
MPRINT(EM_DIAGRAM):   *--- end code ---*;
18349      quit;
18350      *--- end code ---*;

18351      *------------------------------------------------------------* ;
MPRINT(EM_DIAGRAM):    *------------------------------------------------------------* ;
18352      * PRINCOMP3: Input Variables Macro ;
MPRINT(EM_DIAGRAM):   * PRINCOMP3: Input Variables Macro ;
18353      *------------------------------------------------------------* ;
MPRINT(EM_DIAGRAM):   *------------------------------------------------------------* ;
18354      %macro INPUTS;
18355          ACCESS ADAM ADDRESS ADVANC AMERICAN ANDI ANSWER APPLIC APPRECI ARAB AREA ARGIC
18356         ARMENIA ARMENIAN ATTACK AUDIO BANK BASE BATTERI BILL BOOK BRAIN BRIAN BUILD
18357         BUTTON CALIFORNIA CALL CAN CARD CASE CENTER CHANG CHIP CIRCUIT CLIENT CODE
18358         COLOR COMMUN COMP COMPANI COMPIL COMPUT CONNECT CONTROL COPI CORRECT CREAT
18359         CURRENT DAI DATA DAVID DEPART DEPT DESIGN DETECTOR DEVIC DISEAS DISPLAI
18360         DISTRIBUT DOCTOR DOESN DON DRAW DRIVE DRUG EDU EFFECT ELECTR ELECTRON EMAIL
18361         ENGIN ERROR EVENT EXPERI FACT FAX FEEL FILE FIND FOLLOWUP FONT FOOD FRI FRIEND
18362         FUNCTION GEB GENER GEORGIA GIVE GOOD GORDON GOVERN GRAPHIC GREAT GREEK GROUND
18363         GROUP HAPPEN HEAR HIGH HOME IMAG INCLUD INFO INFORM INPUT INSTITUT INTEREST
18364         INTERNET ISRA ISRAEL JEW JEWISH JOHN KEYBOARD KEYWORD KILL KIND LEVEL LIST LIVE
18365         LONG MACHIN MAIL MANAG MARK MED MEDIC MEDICIN MEMORI MICHAEL MIKE MON MOTIF
18366         MOTOROLA NATION NETWORK NEW NEWS NEWSREAD NOIS NUMBER OPER OPINION ORIGIN
18367         OUTPUT PAIN PALESTINIAN PART PATIENT PERSON PHONE PITT PITTSBURGH PLACE POINT
18368         POLICI POSIT POST POWER PROBLEM PRODUCT PROGRAM PROJECT PUBLIC QUESTION RADAR
18369         RADIO READ REASON RECEIV REMEMB REPLI REPORT REQUIR RESEARCH RESPONS ROBERT RUN
18370         SAT SCHOOL SCI SCIENC SCREEN SELL SEND SERDAR SERVER SERVIC SHOW SIDE SIGNAL
18371         SOFTWAR SOUND SOURC STANDARD START STATE STEVE STUDI SUBSCRIB SUGGEST SUN
18372         SUPPORT SWITCH SYSTEM TALK TECHNOLOG TERMIN TEST THAT THU TIME TREATMENT TRUE
18373         TUE TURKISH TYPE UNIV UNIVERS UNIX USENET USER UTEXA UUCP VERSION VIRGINIA
18374         VOLTAG WATER WED WIDGET WINDOW WIRE WONDER WORK WORLD XLIB XTERM YEAR YOU
18375      %mend INPUTS;
18376      proc dmneurl data=EMWS1.Ids_DATA dmdbcat=WORK.EM_DMDB
18377      outstat=EMWS1.PRINCOMP3_OUTSTAT outclass=EMWS1.PRINCOMP3_OUTCLASS
18378      COV
18379      NOMONITOR
18380      ;
MPRINT(EM_DIAGRAM):   proc dmneurl data=EMWS1.Ids_DATA dmdbcat=WORK.EM_DMDB outstat=EMWS1.PRINCOMP3_OUTSTAT outclass=EMWS1.PRINCOMP3_OUTCLASS COV NOMONITOR ;
MPRINT(EM_DIAGRAM):   var
18381      var %INPUTS;
MPRINT(INPUTS):   ACCESS ADAM ADDRESS ADVANC AMERICAN ANDI ANSWER APPLIC APPRECI ARAB AREA ARGIC ARMENIA ARMENIAN ATTACK AUDIO BANK BASE BATTERI BILL BOOK BRAIN BRIAN BUILD BUTTON CALIFORNIA CALL CAN CARD CASE CENTER CHANG CHIP CIRCUIT CLIENT CODE COLOR 
COMMUN COMP COMPANI COMPIL COMPUT CONNECT CONTROL COPI CORRECT CREAT CURRENT DAI DATA DAVID DEPART DEPT DESIGN DETECTOR DEVIC DISEAS DISPLAI DISTRIBUT DOCTOR DOESN DON DRAW DRIVE DRUG EDU EFFECT ELECTR ELECTRON EMAIL ENGIN ERROR EVENT EXPERI FACT FAX FEEL 
FILE FIND FOLLOWUP FONT FOOD FRI FRIEND FUNCTION GEB GENER GEORGIA GIVE GOOD GORDON GOVERN GRAPHIC GREAT GREEK GROUND GROUP HAPPEN HEAR HIGH HOME IMAG INCLUD INFO INFORM INPUT INSTITUT INTEREST INTERNET ISRA ISRAEL JEW JEWISH JOHN KEYBOARD KEYWORD KILL 
KIND LEVEL LIST LIVE LONG MACHIN MAIL MANAG MARK MED MEDIC MEDICIN MEMORI MICHAEL MIKE MON MOTIF MOTOROLA NATION NETWORK NEW NEWS NEWSREAD NOIS NUMBER OPER OPINION ORIGIN OUTPUT PAIN PALESTINIAN PART PATIENT PERSON PHONE PITT PITTSBURGH PLACE POINT POLICI 
POSIT POST POWER PROBLEM PRODUCT PROGRAM PROJECT PUBLIC QUESTION RADAR RADIO READ REASON RECEIV REMEMB REPLI REPORT REQUIR RESEARCH RESPONS ROBERT RUN SAT SCHOOL SCI SCIENC SCREEN SELL SEND SERDAR SERVER SERVIC SHOW SIDE SIGNAL SOFTWAR SOUND SOURC 
STANDARD START STATE STEVE STUDI SUBSCRIB SUGGEST SUN SUPPORT SWITCH SYSTEM TALK TECHNOLOG TERMIN TEST THAT THU TIME TREATMENT TRUE TUE TURKISH TYPE UNIV UNIVERS UNIX USENET USER UTEXA UUCP VERSION VIRGINIA VOLTAG WATER WED WIDGET WINDOW WIRE WONDER WORK 
WORLD XLIB XTERM YEAR YOU
MPRINT(EM_DIAGRAM):  ;
18382      ;
MPRINT(EM_DIAGRAM):   ;
18383      run;
MPRINT(EM_DIAGRAM):   run;

NOTE: The data set EMWS1.PRINCOMP3_OUTCLASS has 0 observations and 3 variables.

Construyendo X'X  para el objetivo:  filas=241 memoria=0.23 meg.
3000 registros leídos
3000 registros leídos
NOTE: The data set EMWS1.PRINCOMP3_OUTSTAT has 246 observations and 242 variables.
*** Número total de ejecuciones de los datos :        2
*** Número total de optimizaciones NL:        0
NOTE: Vista EMWS1.IDS_DATA.VIEW ha utilizado (Tiempo de proceso total):
      real time           0.16 seconds
      cpu time            0.15 seconds
      
NOTE: There were 3000 observations read from the data set AMUL.TERMINOS_DOCUMENTOS.
NOTE: The PROCEDURE DMNEURL printed pages 2-3.
NOTE: PROCEDURE DMNEURL ha utilizado (Tiempo de proceso total):
      real time           0.17 seconds
      cpu time            0.17 seconds
      

18384      data EMWS1.PRINCOMP3_STDMEAN;
MPRINT(EM_DIAGRAM):    data EMWS1.PRINCOMP3_STDMEAN;
18385      set EMWS1.PRINCOMP3_OUTSTAT;
MPRINT(EM_DIAGRAM):   set EMWS1.PRINCOMP3_OUTSTAT;
18386      if _TYPE_='_STDEV_' or _TYPE_='_MEAN_' then output;
MPRINT(EM_DIAGRAM):   if _TYPE_='_STDEV_' or _TYPE_='_MEAN_' then output;
18387      DROP _EIGVAL_;
MPRINT(EM_DIAGRAM):   DROP _EIGVAL_;
18388      run;
MPRINT(EM_DIAGRAM):   run;

NOTE: There were 246 observations read from the data set EMWS1.PRINCOMP3_OUTSTAT.
NOTE: The data set EMWS1.PRINCOMP3_STDMEAN has 2 observations and 241 variables.
NOTE: DATA statement ha utilizado (Tiempo de proceso total):
      real time           0.00 seconds
      cpu time            0.00 seconds
      

18389      /*----create a data set of eigenvalue-eigenvector pairs---*/
18390      data EMWS1.PRINCOMP3_EIGENVECTOR;
MPRINT(EM_DIAGRAM):    data EMWS1.PRINCOMP3_EIGENVECTOR;
18391      set EMWS1.PRINCOMP3_OUTSTAT;
MPRINT(EM_DIAGRAM):   set EMWS1.PRINCOMP3_OUTSTAT;
18392      if upcase(_TYPE_)='_V_MAP_' or upcase(_TYPE_)='_C_MAP_' or upcase(_TYPE_)='_MEAN_' or upcase(_TYPE_)='_STDEV_' or upcase(_TYPE_)='_EIGVAL_' or _EIGVAL_=0 then delete;
MPRINT(EM_DIAGRAM):   if upcase(_TYPE_)='_V_MAP_' or upcase(_TYPE_)='_C_MAP_' or upcase(_TYPE_)='_MEAN_' or upcase(_TYPE_)='_STDEV_' or upcase(_TYPE_)='_EIGVAL_' or _EIGVAL_=0 then delete;
18393      drop _TYPE_;
MPRINT(EM_DIAGRAM):   drop _TYPE_;
18394      rename _EIGVAL_=Eigenvalue;
MPRINT(EM_DIAGRAM):   rename _EIGVAL_=Eigenvalue;
18395      /*--------- eigenvalue data set------------ */

NOTE: There were 246 observations read from the data set EMWS1.PRINCOMP3_OUTSTAT.
NOTE: The data set EMWS1.PRINCOMP3_EIGENVECTOR has 240 observations and 241 variables.
NOTE: DATA statement ha utilizado (Tiempo de proceso total):
      real time           0.00 seconds
      cpu time            0.01 seconds
      

18396      data EMWS1.PRINCOMP3_EIGEN;
MPRINT(EM_DIAGRAM):   data EMWS1.PRINCOMP3_EIGEN;
18397      set EMWS1.PRINCOMP3_EIGENVECTOR;
MPRINT(EM_DIAGRAM):   set EMWS1.PRINCOMP3_EIGENVECTOR;
18398      Keep EigenValue;
MPRINT(EM_DIAGRAM):   Keep EigenValue;

NOTE: There were 240 observations read from the data set EMWS1.PRINCOMP3_EIGENVECTOR.
NOTE: The data set EMWS1.PRINCOMP3_EIGEN has 240 observations and 1 variables.
NOTE: DATA statement ha utilizado (Tiempo de proceso total):
      real time           0.00 seconds
      cpu time            0.00 seconds
      

18399      proc transpose data=EMWS1.PRINCOMP3_EIGEN out=EMWS1.PRINCOMP3_EIGEN prefix=PC_;
MPRINT(EM_DIAGRAM):   proc transpose data=EMWS1.PRINCOMP3_EIGEN out=EMWS1.PRINCOMP3_EIGEN prefix=PC_;

NOTE: There were 240 observations read from the data set EMWS1.PRINCOMP3_EIGEN.
NOTE: The data set EMWS1.PRINCOMP3_EIGEN has 1 observations and 241 variables.
NOTE: PROCEDURE TRANSPOSE ha utilizado (Tiempo de proceso total):
      real time           0.00 seconds
      cpu time            0.01 seconds
      

18400      proc transpose data=EMWS1.PRINCOMP3_EIGEN out=EMWS1.PRINCOMP3_EIGEN;
MPRINT(EM_DIAGRAM):   proc transpose data=EMWS1.PRINCOMP3_EIGEN out=EMWS1.PRINCOMP3_EIGEN;
18401      /*----------Eigenvector data set ------------*/

NOTE: There were 1 observations read from the data set EMWS1.PRINCOMP3_EIGEN.
NOTE: The data set EMWS1.PRINCOMP3_EIGEN has 240 observations and 2 variables.
NOTE: PROCEDURE TRANSPOSE ha utilizado (Tiempo de proceso total):
      real time           0.00 seconds
      cpu time            0.01 seconds
      

18402      data EMWS1.PRINCOMP3_EIGENVECTOR;
MPRINT(EM_DIAGRAM):   data EMWS1.PRINCOMP3_EIGENVECTOR;
18403      merge EMWS1.PRINCOMP3_EIGEN EMWS1.PRINCOMP3_EIGENVECTOR;
MPRINT(EM_DIAGRAM):   merge EMWS1.PRINCOMP3_EIGEN EMWS1.PRINCOMP3_EIGENVECTOR;
18404      DROP EigenValue;
MPRINT(EM_DIAGRAM):   DROP EigenValue;

NOTE: There were 240 observations read from the data set EMWS1.PRINCOMP3_EIGEN.
NOTE: There were 240 observations read from the data set EMWS1.PRINCOMP3_EIGENVECTOR.
NOTE: The data set EMWS1.PRINCOMP3_EIGENVECTOR has 240 observations and 241 variables.
NOTE: DATA statement ha utilizado (Tiempo de proceso total):
      real time           0.00 seconds
      cpu time            0.00 seconds
      

18405      proc sort data=EMWS1.PRINCOMP3_EIGEN;
MPRINT(EM_DIAGRAM):   proc sort data=EMWS1.PRINCOMP3_EIGEN;
18406      by EigenValue;
MPRINT(EM_DIAGRAM):   by EigenValue;

NOTE: There were 240 observations read from the data set EMWS1.PRINCOMP3_EIGEN.
NOTE: The data set EMWS1.PRINCOMP3_EIGEN has 240 observations and 2 variables.
NOTE: PROCEDURE SORT ha utilizado (Tiempo de proceso total):
      real time           0.00 seconds
      cpu time            0.00 seconds
      

18407      data EMWS1.PRINCOMP3_EIGEN;
MPRINT(EM_DIAGRAM):   data EMWS1.PRINCOMP3_EIGEN;
18408      set EMWS1.PRINCOMP3_EIGEN;
MPRINT(EM_DIAGRAM):   set EMWS1.PRINCOMP3_EIGEN;
18409      Difference=Eigenvalue-lag(Eigenvalue);
MPRINT(EM_DIAGRAM):   Difference=Eigenvalue-lag(Eigenvalue);
18410      ProportionalEigenvalue=EigenValue/0.06965285172445;
MPRINT(EM_DIAGRAM):   ProportionalEigenvalue=EigenValue/0.06965285172445;
18411      LagProportionalEigenvalue=lag(ProportionalEigenvalue);
MPRINT(EM_DIAGRAM):   LagProportionalEigenvalue=lag(ProportionalEigenvalue);
18412      label EigenValue = "Autovalor";
MPRINT(EM_DIAGRAM):   label EigenValue = "Autovalor";
18413      label Difference = "Diferencia";
MPRINT(EM_DIAGRAM):   label Difference = "Diferencia";

NOTE: Missing values were generated as a result of performing an operation on missing values.
      Each place is given by: (Number of times) at (Line):(Column).
      1 en 18409:22   
NOTE: There were 240 observations read from the data set EMWS1.PRINCOMP3_EIGEN.
NOTE: The data set EMWS1.PRINCOMP3_EIGEN has 240 observations and 5 variables.
NOTE: DATA statement ha utilizado (Tiempo de proceso total):
      real time           0.00 seconds
      cpu time            0.00 seconds
      

18414      proc sort data=EMWS1.PRINCOMP3_EIGEN;
MPRINT(EM_DIAGRAM):   proc sort data=EMWS1.PRINCOMP3_EIGEN;
18415      by DESCENDING EigenValue;
MPRINT(EM_DIAGRAM):   by DESCENDING EigenValue;
18416      run;
MPRINT(EM_DIAGRAM):   run;

NOTE: There were 240 observations read from the data set EMWS1.PRINCOMP3_EIGEN.
NOTE: The data set EMWS1.PRINCOMP3_EIGEN has 240 observations and 5 variables.
NOTE: PROCEDURE SORT ha utilizado (Tiempo de proceso total):
      real time           0.00 seconds
      cpu time            0.01 seconds
      

18417      data EMWS1.PRINCOMP3_EIGEN;
MPRINT(EM_DIAGRAM):    data EMWS1.PRINCOMP3_EIGEN;
18418      set EMWS1.PRINCOMP3_EIGEN;
MPRINT(EM_DIAGRAM):   set EMWS1.PRINCOMP3_EIGEN;
18419      CumProportionalEigenvalue+ProportionalEigenvalue;
MPRINT(EM_DIAGRAM):   CumProportionalEigenvalue+ProportionalEigenvalue;
18420      /* to avoid  CumProportionalEigenvalue > 1 because of the precision */
18421      if CumProportionalEigenvalue > 1.0 then CumProportionalEigenvalue=1.0;
MPRINT(EM_DIAGRAM):   if CumProportionalEigenvalue > 1.0 then CumProportionalEigenvalue=1.0;
18422      LogEigenvalue=Log(Eigenvalue);
MPRINT(EM_DIAGRAM):   LogEigenvalue=Log(Eigenvalue);
18423      length Exported $8;
MPRINT(EM_DIAGRAM):   length Exported $8;
18424      Exported = 'NO';
MPRINT(EM_DIAGRAM):   Exported = 'NO';
18425      label LogEigenvalue = "Logaritmo del autovalor";
MPRINT(EM_DIAGRAM):   label LogEigenvalue = "Logaritmo del autovalor";
18426      label Exported = "Exportado";
MPRINT(EM_DIAGRAM):   label Exported = "Exportado";

NOTE: There were 240 observations read from the data set EMWS1.PRINCOMP3_EIGEN.
NOTE: The data set EMWS1.PRINCOMP3_EIGEN has 240 observations and 8 variables.
NOTE: DATA statement ha utilizado (Tiempo de proceso total):
      real time           0.00 seconds
      cpu time            0.00 seconds
      

18427      data WORK._DSEIGENCHART;
MPRINT(EM_DIAGRAM):   data WORK._DSEIGENCHART;
18428      set EMWS1.PRINCOMP3_EIGEN;
MPRINT(EM_DIAGRAM):   set EMWS1.PRINCOMP3_EIGEN;
18429      PC_=_N_;
MPRINT(EM_DIAGRAM):   PC_=_N_;
18430      DROP _NAME_;
MPRINT(EM_DIAGRAM):   DROP _NAME_;
18431      run;
MPRINT(EM_DIAGRAM):   run;

NOTE: There were 240 observations read from the data set EMWS1.PRINCOMP3_EIGEN.
NOTE: The data set WORK._DSEIGENCHART has 240 observations and 8 variables.
NOTE: DATA statement ha utilizado (Tiempo de proceso total):
      real time           0.00 seconds
      cpu time            0.00 seconds
      

18432      data WORK._EMPRINDSSUBEIGEN;
MPRINT(EM_DIAGRAM):    data WORK._EMPRINDSSUBEIGEN;
18433      set EMWS1.PRINCOMP3_EIGEN;
MPRINT(EM_DIAGRAM):   set EMWS1.PRINCOMP3_EIGEN;
18434      if ( CumProportionalEigenvalue GE 0.99 ) or (LagProportionalEigenvalue LT 0.001 and CumProportionalEigenvalue GE 0.9 )
18435      or ( _N_ > 20-1)
18436      then delete;
MPRINT(EM_DIAGRAM):   if ( CumProportionalEigenvalue GE 0.99 ) or (LagProportionalEigenvalue LT 0.001 and CumProportionalEigenvalue GE 0.9 ) or ( _N_ > 20-1) then delete;
18437      run;
MPRINT(EM_DIAGRAM):   run;

NOTE: There were 240 observations read from the data set EMWS1.PRINCOMP3_EIGEN.
NOTE: The data set WORK._EMPRINDSSUBEIGEN has 19 observations and 8 variables.
NOTE: DATA statement ha utilizado (Tiempo de proceso total):
      real time           0.00 seconds
      cpu time            0.00 seconds
      

18438      data EMWS1.PRINCOMP3_EIGEN;
MPRINT(EM_DIAGRAM):    data EMWS1.PRINCOMP3_EIGEN;
18439      length PC 8.;
MPRINT(EM_DIAGRAM):   length PC 8.;
18440      set EMWS1.PRINCOMP3_EIGEN;
MPRINT(EM_DIAGRAM):   set EMWS1.PRINCOMP3_EIGEN;
18441      if _N_ < 20+1 then Exported = 'YES';
MPRINT(EM_DIAGRAM):   if _N_ < 20+1 then Exported = 'YES';
18442      Drop LagProportionalEigenvalue;
MPRINT(EM_DIAGRAM):   Drop LagProportionalEigenvalue;
18443      PC = _N_;
MPRINT(EM_DIAGRAM):   PC = _N_;
18444      format PC 8.;
MPRINT(EM_DIAGRAM):   format PC 8.;
18445      rename _NAME_ = Component;
MPRINT(EM_DIAGRAM):   rename _NAME_ = Component;
18446      label _NAME_ = "Componentes principales";
MPRINT(EM_DIAGRAM):   label _NAME_ = "Componentes principales";
18447      rename ProportionalEigenvalue = Proportion;
MPRINT(EM_DIAGRAM):   rename ProportionalEigenvalue = Proportion;
18448      label ProportionalEigenvalue = "Autovalor proporcional";
MPRINT(EM_DIAGRAM):   label ProportionalEigenvalue = "Autovalor proporcional";
18449      rename CumProportionalEigenvalue = Cumulative;
MPRINT(EM_DIAGRAM):   rename CumProportionalEigenvalue = Cumulative;
18450      label CumProportionalEigenvalue ="Autovalor proporcional acumulado";
MPRINT(EM_DIAGRAM):   label CumProportionalEigenvalue = "Autovalor proporcional acumulado";
18451      label PC = "ID PC";
MPRINT(EM_DIAGRAM):   label PC = "ID PC";
18452      run;
MPRINT(EM_DIAGRAM):   run;

NOTE: There were 240 observations read from the data set EMWS1.PRINCOMP3_EIGEN.
NOTE: The data set EMWS1.PRINCOMP3_EIGEN has 240 observations and 8 variables.
NOTE: DATA statement ha utilizado (Tiempo de proceso total):
      real time           0.00 seconds
      cpu time            0.00 seconds
      

18453      data EMWS1.PRINCOMP3_SUBEIGENVECTOR;
MPRINT(EM_DIAGRAM):    data EMWS1.PRINCOMP3_SUBEIGENVECTOR;
18454      set EMWS1.PRINCOMP3_EIGENVECTOR;
MPRINT(EM_DIAGRAM):   set EMWS1.PRINCOMP3_EIGENVECTOR;
18455      if _N_ > 20 then delete;
MPRINT(EM_DIAGRAM):   if _N_ > 20 then delete;

NOTE: There were 240 observations read from the data set EMWS1.PRINCOMP3_EIGENVECTOR.
NOTE: The data set EMWS1.PRINCOMP3_SUBEIGENVECTOR has 20 observations and 241 variables.
NOTE: DATA statement ha utilizado (Tiempo de proceso total):
      real time           0.00 seconds
      cpu time            0.01 seconds
      

18456      data WORK._EMPRINDSSUBEIGEN;
MPRINT(EM_DIAGRAM):   data WORK._EMPRINDSSUBEIGEN;
18457      set EMWS1.PRINCOMP3_EIGEN;
MPRINT(EM_DIAGRAM):   set EMWS1.PRINCOMP3_EIGEN;
18458      if _N_ > 20 then delete;
MPRINT(EM_DIAGRAM):   if _N_ > 20 then delete;
18459      run;
MPRINT(EM_DIAGRAM):   run;

NOTE: There were 240 observations read from the data set EMWS1.PRINCOMP3_EIGEN.
NOTE: The data set WORK._EMPRINDSSUBEIGEN has 20 observations and 8 variables.
NOTE: DATA statement ha utilizado (Tiempo de proceso total):
      real time           0.00 seconds
      cpu time            0.00 seconds
      

18460      proc transpose data=EMWS1.PRINCOMP3_EIGENVECTOR name=Variable label=Label out=EMWS1.PRINCOMP3_EIGENVECTOR;
MPRINT(EM_DIAGRAM):    proc transpose data=EMWS1.PRINCOMP3_EIGENVECTOR name=Variable label=Label out=EMWS1.PRINCOMP3_EIGENVECTOR;
18461      run;
MPRINT(EM_DIAGRAM):   run;

NOTE: There were 240 observations read from the data set EMWS1.PRINCOMP3_EIGENVECTOR.
NOTE: The data set EMWS1.PRINCOMP3_EIGENVECTOR has 240 observations and 241 variables.
NOTE: PROCEDURE TRANSPOSE ha utilizado (Tiempo de proceso total):
      real time           0.00 seconds
      cpu time            0.01 seconds
      

18462      data EMWS1.PRINCOMP3_EIGENVECTOR;
MPRINT(EM_DIAGRAM):   data EMWS1.PRINCOMP3_EIGENVECTOR;
18463      set EMWS1.PRINCOMP3_EIGENVECTOR;
MPRINT(EM_DIAGRAM):   set EMWS1.PRINCOMP3_EIGENVECTOR;
18464      label Label = "Etiqueta";
MPRINT(EM_DIAGRAM):   label Label = "Etiqueta";
18465      label Variable = "Variable";
MPRINT(EM_DIAGRAM):   label Variable = "Variable";
18466      run;
MPRINT(EM_DIAGRAM):   run;

NOTE: Variable Label is uninitialized.
NOTE: There were 240 observations read from the data set EMWS1.PRINCOMP3_EIGENVECTOR.
NOTE: The data set EMWS1.PRINCOMP3_EIGENVECTOR has 240 observations and 241 variables.
NOTE: DATA statement ha utilizado (Tiempo de proceso total):
      real time           0.00 seconds
      cpu time            0.01 seconds
      

18467      data _null_;
MPRINT(EM_DIAGRAM):    data _null_;
18468      file print;
MPRINT(EM_DIAGRAM):   file print;
18469      put "*------------------------------------------------------------*";
MPRINT(EM_DIAGRAM):   put "*------------------------------------------------------------*";
18470      put "%sysfunc(sasmsg(sashelp.dmine, rpt_princomp_sum_title , NOQUOTE))";
MPRINT(EM_DIAGRAM):   put "Resumen de componentes principales exportados";
18471      put "*------------------------------------------------------------*";
MPRINT(EM_DIAGRAM):   put "*------------------------------------------------------------*";
18472      put " ";
MPRINT(EM_DIAGRAM):   put " ";
18473      put "%sysfunc(sasmsg(sashelp.dmine, rpt_princomp_sum_ninput , NOQUOTE, 240))";
MPRINT(EM_DIAGRAM):   put "Número total de variables input: 240";
18474      put "%sysfunc(sasmsg(sashelp.dmine, rpt_princomp_sum_maxpc , NOQUOTE, 20))";
MPRINT(EM_DIAGRAM):   put "Corte de número máximo de los componentes principales: 20";
18475      put "%sysfunc(sasmsg(sashelp.dmine, rpt_princomp_sum_cumcut , NOQUOTE, 0.99))";
MPRINT(EM_DIAGRAM):   put "Corte de autovalor proporcional acumulado: 0.99";
18476      put "%sysfunc(sasmsg(sashelp.dmine, rpt_princomp_sum_increcut , NOQUOTE, 0.001))";
MPRINT(EM_DIAGRAM):   put "Corte de incremento de autovalor proporcional: 0.001";
18477      put "%sysfunc(sasmsg(sashelp.dmine, rpt_princomp_sum_nselpc , NOQUOTE, 20))";
MPRINT(EM_DIAGRAM):   put "Número de los componentes principales seleccionados: 20";
18478      put "%sysfunc(sasmsg(sashelp.dmine, rpt_princomp_sum_totvar , NOQUOTE, 0.3462495362))";
MPRINT(EM_DIAGRAM):   put "Variación total explicada por los componentes principales seleccionados: 0.3462495362";
18479      run;
MPRINT(EM_DIAGRAM):   run;

NOTE: 9 lines were written to file PRINT.
NOTE: The DATA step printed page 4.
NOTE: DATA statement ha utilizado (Tiempo de proceso total):
      real time           0.00 seconds
      cpu time            0.00 seconds
      

18480      data EMWS1.PRINCOMP3_EMSCOREVAR;
MPRINT(EM_DIAGRAM):    data EMWS1.PRINCOMP3_EMSCOREVAR;
18481      length Name $32 formula $70 file $200;
MPRINT(EM_DIAGRAM):   length Name $32 formula $70 file $200;
18482      keep NAME Formula file;
MPRINT(EM_DIAGRAM):   keep NAME Formula file;
18483      name='';
MPRINT(EM_DIAGRAM):   name='';
18484      file="OPTCODE\"!!"_ALL_.sas";
MPRINT(EM_DIAGRAM):   file="OPTCODE\"!!"_ALL_.sas";
18485      output;
MPRINT(EM_DIAGRAM):   output;
18486      name = "PC_1";
MPRINT(EM_DIAGRAM):   name = "PC_1";
18487      file="OPTCODE\PC_1.sas";
MPRINT(EM_DIAGRAM):   file="OPTCODE\PC_1.sas";
18488      output;
MPRINT(EM_DIAGRAM):   output;
18489      name = "PC_10";
MPRINT(EM_DIAGRAM):   name = "PC_10";
18490      file="OPTCODE\PC_10.sas";
MPRINT(EM_DIAGRAM):   file="OPTCODE\PC_10.sas";
18491      output;
MPRINT(EM_DIAGRAM):   output;
18492      name = "PC_11";
MPRINT(EM_DIAGRAM):   name = "PC_11";
18493      file="OPTCODE\PC_11.sas";
MPRINT(EM_DIAGRAM):   file="OPTCODE\PC_11.sas";
18494      output;
MPRINT(EM_DIAGRAM):   output;
18495      name = "PC_12";
MPRINT(EM_DIAGRAM):   name = "PC_12";
18496      file="OPTCODE\PC_12.sas";
MPRINT(EM_DIAGRAM):   file="OPTCODE\PC_12.sas";
18497      output;
MPRINT(EM_DIAGRAM):   output;
18498      name = "PC_13";
MPRINT(EM_DIAGRAM):   name = "PC_13";
18499      file="OPTCODE\PC_13.sas";
MPRINT(EM_DIAGRAM):   file="OPTCODE\PC_13.sas";
18500      output;
MPRINT(EM_DIAGRAM):   output;
18501      name = "PC_14";
MPRINT(EM_DIAGRAM):   name = "PC_14";
18502      file="OPTCODE\PC_14.sas";
MPRINT(EM_DIAGRAM):   file="OPTCODE\PC_14.sas";
18503      output;
MPRINT(EM_DIAGRAM):   output;
18504      name = "PC_15";
MPRINT(EM_DIAGRAM):   name = "PC_15";
18505      file="OPTCODE\PC_15.sas";
MPRINT(EM_DIAGRAM):   file="OPTCODE\PC_15.sas";
18506      output;
MPRINT(EM_DIAGRAM):   output;
18507      name = "PC_16";
MPRINT(EM_DIAGRAM):   name = "PC_16";
18508      file="OPTCODE\PC_16.sas";
MPRINT(EM_DIAGRAM):   file="OPTCODE\PC_16.sas";
18509      output;
MPRINT(EM_DIAGRAM):   output;
18510      name = "PC_17";
MPRINT(EM_DIAGRAM):   name = "PC_17";
18511      file="OPTCODE\PC_17.sas";
MPRINT(EM_DIAGRAM):   file="OPTCODE\PC_17.sas";
18512      output;
MPRINT(EM_DIAGRAM):   output;
18513      name = "PC_18";
MPRINT(EM_DIAGRAM):   name = "PC_18";
18514      file="OPTCODE\PC_18.sas";
MPRINT(EM_DIAGRAM):   file="OPTCODE\PC_18.sas";
18515      output;
MPRINT(EM_DIAGRAM):   output;
18516      name = "PC_19";
MPRINT(EM_DIAGRAM):   name = "PC_19";
18517      file="OPTCODE\PC_19.sas";
MPRINT(EM_DIAGRAM):   file="OPTCODE\PC_19.sas";
18518      output;
MPRINT(EM_DIAGRAM):   output;
18519      name = "PC_2";
MPRINT(EM_DIAGRAM):   name = "PC_2";
18520      file="OPTCODE\PC_2.sas";
MPRINT(EM_DIAGRAM):   file="OPTCODE\PC_2.sas";
18521      output;
MPRINT(EM_DIAGRAM):   output;
18522      name = "PC_20";
MPRINT(EM_DIAGRAM):   name = "PC_20";
18523      file="OPTCODE\PC_20.sas";
MPRINT(EM_DIAGRAM):   file="OPTCODE\PC_20.sas";
18524      output;
MPRINT(EM_DIAGRAM):   output;
18525      name = "PC_3";
MPRINT(EM_DIAGRAM):   name = "PC_3";
18526      file="OPTCODE\PC_3.sas";
MPRINT(EM_DIAGRAM):   file="OPTCODE\PC_3.sas";
18527      output;
MPRINT(EM_DIAGRAM):   output;
18528      name = "PC_4";
MPRINT(EM_DIAGRAM):   name = "PC_4";
18529      file="OPTCODE\PC_4.sas";
MPRINT(EM_DIAGRAM):   file="OPTCODE\PC_4.sas";
18530      output;
MPRINT(EM_DIAGRAM):   output;
18531      name = "PC_5";
MPRINT(EM_DIAGRAM):   name = "PC_5";
18532      file="OPTCODE\PC_5.sas";
MPRINT(EM_DIAGRAM):   file="OPTCODE\PC_5.sas";
18533      output;
MPRINT(EM_DIAGRAM):   output;
18534      name = "PC_6";
MPRINT(EM_DIAGRAM):   name = "PC_6";
18535      file="OPTCODE\PC_6.sas";
MPRINT(EM_DIAGRAM):   file="OPTCODE\PC_6.sas";
18536      output;
MPRINT(EM_DIAGRAM):   output;
18537      name = "PC_7";
MPRINT(EM_DIAGRAM):   name = "PC_7";
18538      file="OPTCODE\PC_7.sas";
MPRINT(EM_DIAGRAM):   file="OPTCODE\PC_7.sas";
18539      output;
MPRINT(EM_DIAGRAM):   output;
18540      name = "PC_8";
MPRINT(EM_DIAGRAM):   name = "PC_8";
18541      file="OPTCODE\PC_8.sas";
MPRINT(EM_DIAGRAM):   file="OPTCODE\PC_8.sas";
18542      output;
MPRINT(EM_DIAGRAM):   output;
18543      name = "PC_9";
MPRINT(EM_DIAGRAM):   name = "PC_9";
18544      file="OPTCODE\PC_9.sas";
MPRINT(EM_DIAGRAM):   file="OPTCODE\PC_9.sas";
18545      output;
MPRINT(EM_DIAGRAM):   output;
18546      run;
MPRINT(EM_DIAGRAM):   run;

NOTE: Variable formula is uninitialized.
NOTE: The data set EMWS1.PRINCOMP3_EMSCOREVAR has 21 observations and 3 variables.
NOTE: DATA statement ha utilizado (Tiempo de proceso total):
      real time           0.00 seconds
      cpu time            0.00 seconds
      

MPRINT(EM_DIAGRAM):    proc printto;
MPRINT(EM_DIAGRAM):   run;
