*------------------------------------------------------------*
Usuario:                Admin
Fecha:                23/11/20
Hora:                15H53
*------------------------------------------------------------*
* Salida de entrenamiento
*------------------------------------------------------------*
 
 
 
 
Resumen de variables
 
         Nivel de     Número de
Rol       medida     ocurrencias
 
ID       NOMINAL            1
INPUT    INTERVAL        1204
 
 
 
Sumarización de los niveles de la variable
(máximo imprimido 500 observaciones)
 
                        Número de
  Variable      Rol    ocurrencias
 
id_documento    ID         3000
 
 
 
Estadísticos descriptivos de la variable de intervalo
(máximo imprimido 500 observaciones)
 
Rol de los datos=TRAIN
 
                                   Desviación          No
Variable       Rol        Media     estándar      ausente     Ausente      Mínimo     Mediana      Máximo    Asimetría    Curtosis
 
ABSOLUT       INPUT    0.000912      0.00681         3000           0           0           0    0.135732    10.48529     139.7518
ACCELER       INPUT    0.000926      0.01447         3000           0           0           0     0.45864     21.9105     558.7004
ACCESS        INPUT    0.002415     0.014591         3000           0           0           0    0.244043    8.070626     79.13159
ACCOUNT       INPUT    0.001139     0.008034         3000           0           0           0    0.132601    9.121791     95.78059
ACCUR         INPUT    0.000925     0.008844         3000           0           0           0    0.181774    12.71164     191.3617
ACID          INPUT    0.001364     0.014507         3000           0           0           0    0.368623    14.79447     273.2919
ACTION        INPUT    0.001581     0.009367         3000           0           0           0    0.135568    8.351695     84.59699
ACTIV         INPUT     0.00132      0.00777         3000           0           0           0    0.184782    10.12849     158.3026
ADAM          INPUT    0.002355      0.02112         3000           0           0           0    0.411792    11.36049     149.1108
ADCOM         INPUT    0.000971     0.017407         3000           0           0           0    0.477317      20.581     456.4296
ADDIT         INPUT    0.001049     0.007033         3000           0           0           0    0.167404    11.28608     183.7075
ADDRESS       INPUT    0.002731     0.018243         3000           0           0           0    0.413114    12.19799     195.0596
ADMIN         INPUT     0.00107     0.010238         3000           0           0           0    0.167988    11.03405     131.8539
ADMINISTR     INPUT    0.001522     0.010458         3000           0           0           0     0.20118    9.765125     119.7202
ADRIAN        INPUT    0.001305     0.027541         3000           0           0           0    0.894552    25.04643     690.3857
ADVIC         INPUT    0.001258     0.009647         3000           0           0           0    0.158681    9.595934      106.413
AFFECT        INPUT    0.000778     0.006762         3000           0           0           0    0.129898     10.9739     138.8562
AID           INPUT    0.000967     0.013906         3000           0           0           0     0.50689    24.46362     731.1787
ALAN          INPUT    0.001671     0.016608         3000           0           0           0    0.363549    12.75319      191.719
ALLERG        INPUT    0.000888     0.010637         3000           0           0           0    0.305024    17.27634      375.961
ALLERGI       INPUT    0.000745     0.010368         3000           0           0           0    0.332241    19.99896     492.9455
ALLOC         INPUT    0.000807     0.011726         3000           0           0           0    0.394815    20.83823     541.9229
ALLOW         INPUT     0.00091     0.006121         3000           0           0           0    0.075142    7.975748     68.11374
ALTERN        INPUT    0.001258     0.009572         3000           0           0           0    0.171583    10.21515     122.7803
AMATEUR       INPUT    0.000955     0.009342         3000           0           0           0    0.245661    13.36324     234.8422
AMERICAN      INPUT    0.002145     0.013157         3000           0           0           0    0.167931    8.135951     75.49978
AMOUNT        INPUT    0.001238     0.008149         3000           0           0           0    0.142181    8.884086      96.0162
AMP           INPUT    0.001132      0.01024         3000           0           0           0    0.202756    12.07125      175.733
AMPLIFI       INPUT    0.001049     0.012421         3000           0           0           0    0.408879    19.42361     503.2071
ANA           INPUT    0.000821     0.011855         3000           0           0           0    0.256647    16.55025     294.6885
ANALOG        INPUT    0.001325     0.012675         3000           0           0           0    0.338739    14.82064     283.9589
ANDI          INPUT    0.002215     0.019115         3000           0           0           0    0.604057    17.20118     420.0545
ANDREW        INPUT     0.00166     0.017684         3000           0           0           0    0.463976    14.38703     257.5342
ANGEL         INPUT    0.001129      0.01165         3000           0           0           0    0.253445    13.36822     205.7998
ANIM          INPUT    0.001075     0.010301         3000           0           0           0    0.319332    16.21408     372.6687
ANNOUNC       INPUT    0.000808     0.009221         3000           0           0           0     0.30063     21.7554     603.2153
ANTENNA       INPUT    0.001089     0.016596         3000           0           0           0    0.426201    19.38864     417.2589
ANTI          INPUT    0.001623     0.009741         3000           0           0           0    0.191995    9.375141     120.4861
ANTIBIOT      INPUT    0.001205      0.01748         3000           0           0           0    0.605418    22.46983      621.835
APP           INPUT    0.001079     0.013293         3000           0           0           0    0.415428     17.7178     406.6797
APPAR         INPUT    0.001147     0.009264         3000           0           0           0    0.305634    16.68963      431.796
APPEAR        INPUT    0.001433     0.010324         3000           0           0           0    0.286758    13.15987     263.0392
APPL          INPUT    0.001091     0.011899         3000           0           0           0    0.218439    12.47706     167.3951
APPROACH      INPUT    0.000822      0.00662         3000           0           0           0    0.125633    11.32745     152.8174
APRIL         INPUT    0.000986     0.007975         3000           0           0           0    0.182267    12.86099     212.4073
ARCAD         INPUT    0.000765     0.016985         3000           0           0           0    0.555649    24.73954     661.2017
AREN          INPUT    0.001285     0.009248         3000           0           0           0    0.219208    11.31902     175.1954
ARGIC         INPUT    0.002127     0.015729         3000           0           0           0    0.325002    12.01263      185.336
ARGUMENT      INPUT    0.001069     0.008972         3000           0           0           0    0.264856    14.45247      305.414
ARM           INPUT    0.000884     0.005713         3000           0           0           0    0.101381    8.693815     91.38718
ARMENIA       INPUT    0.002189     0.017554         3000           0           0           0    0.580071     18.1473     475.3019
ARMI          INPUT    0.000783     0.006043         3000           0           0           0    0.129058    11.83823     175.9216
ARTICL        INPUT    0.000957     0.008808         3000           0           0           0    0.245042    14.35324     279.1452
ARTIFICI      INPUT     0.00129     0.013794         3000           0           0           0    0.377838    16.14527     328.4728
ASK           INPUT    0.001218     0.008696         3000           0           0           0    0.239694    13.55777     267.5177
ASSEMBL       INPUT    0.001133     0.012982         3000           0           0           0    0.334218    16.26762     317.1453
ASSIST        INPUT    0.000941     0.009579         3000           0           0           0    0.204938    14.55282     245.1901
ASSOCI        INPUT    0.001349     0.012512         3000           0           0           0     0.27325    13.22277     210.2148
ATARI         INPUT    0.000781     0.016302         3000           0           0           0    0.631024    28.35881     936.5809
ATHEN         INPUT    0.000977     0.012416         3000           0           0           0    0.259465    14.92695     240.2174
ATHENA        INPUT    0.000939       0.0135         3000           0           0           0    0.468528    23.08356     657.1749
ATTACH        INPUT     0.00076      0.00796         3000           0           0           0    0.206384    13.42593     227.3147
ATTEMPT       INPUT    0.001238     0.007679         3000           0           0           0    0.177408    10.75051     169.6459
ATTRIBUT      INPUT       0.001     0.012276         3000           0           0           0    0.339545    18.56922     410.4897
AUDIO         INPUT    0.002423     0.020335         3000           0           0           0    0.359604    10.97253      137.714
AUSTIN        INPUT    0.001112     0.013331         3000           0           0           0    0.322133    15.38256     275.7141
AUSTRALIA     INPUT    0.001277     0.014853         3000           0           0           0    0.339613    15.74313     282.7965
AUTHOR        INPUT     0.00157     0.008997         3000           0           0           0    0.150422    8.754673     96.45626
AVOID         INPUT    0.001273     0.009689         3000           0           0           0    0.353117    19.45415     605.2073
AZERI         INPUT    0.000902     0.010008         3000           0           0           0    0.226188    14.22161     232.7501
BACKGROUND    INPUT    0.000808       0.0091         3000           0           0           0    0.298409    18.23182       458.23
BAND          INPUT    0.001153     0.012467         3000           0           0           0    0.258448      14.291     234.6621
BARBECU       INPUT    0.000907     0.014297         3000           0           0           0    0.402312    19.35794      418.705
BASIC         INPUT    0.001449     0.008405         3000           0           0           0    0.134958    7.942642     78.29683
BATTERI       INPUT    0.002897      0.02586         3000           0           0           0    0.434669    10.96616     133.5393
BECK          INPUT    0.001115     0.016552         3000           0           0           0    0.491533    19.39911     439.5075
BELL          INPUT    0.001185     0.013374         3000           0           0           0    0.349975    16.47394     324.9041
BENSON        INPUT    0.001169      0.02077         3000           0           0           0    0.431421    18.40726      346.195
BERKELEI      INPUT    0.001025     0.012901         3000           0           0           0    0.387672     19.4233     460.6991
BEYER         INPUT    0.001761     0.014255         3000           0           0           0    0.313156    12.26643     194.5237
BILL          INPUT      0.0024     0.017214         3000           0           0           0    0.431561    11.25441     184.3321
BIRTHDAI      INPUT    0.000857     0.019017         3000           0           0           0    0.725522    29.03788     943.8239
BIT           INPUT    0.001715     0.013404         3000           0           0           0    0.317145    11.92423     188.3756
BITMAP        INPUT    0.001119      0.01742         3000           0           0           0    0.497779     22.0737      541.418
BLACK         INPUT     0.00092     0.008988         3000           0           0           0    0.192087    14.40626     240.5426
BLOOD         INPUT    0.001775     0.013332         3000           0           0           0    0.237978    11.62519     162.2931
BLUE          INPUT    0.001193     0.012471         3000           0           0           0    0.334782    15.11789     291.4075
BOARD         INPUT    0.001948     0.014723         3000           0           0           0    0.274447    10.88126     141.8762
BODI          INPUT    0.001645     0.011675         3000           0           0           0    0.227958    10.49801     133.1071
BOMB          INPUT    0.000835     0.007224         3000           0           0           0    0.149975    12.45106     189.6859
BORDER        INPUT    0.001473     0.010736         3000           0           0           0    0.229121     10.5973     141.7704
BOSTON        INPUT    0.001118     0.011587         3000           0           0           0    0.264465    13.27862     204.7183
BOUGHT        INPUT    0.000958     0.008173         3000           0           0           0    0.150462    10.84469     138.4269
BOULDER       INPUT     0.00082     0.009172         3000           0           0           0    0.283577    17.68985     422.7171
BOX           INPUT    0.001452     0.012322         3000           0           0           0    0.245042     11.8544     168.5652
BRAD          INPUT    0.001365     0.015003         3000           0           0           0    0.385924    15.35934     286.6642
BRAIN         INPUT    0.002051      0.01374         3000           0           0           0    0.289136    10.43674     144.6837
BRAND         INPUT    0.000832     0.013853         3000           0           0           0    0.455858    24.04422     664.0224
BREAK         INPUT    0.001008     0.010536         3000           0           0           0    0.292876    18.47656     415.3868
BRIAN         INPUT    0.002476     0.023401         3000           0           0           0    0.500546    13.10016     205.1822
BRING         INPUT    0.000786     0.006328         3000           0           0           0    0.118015    11.09136     146.0301
BRITISH       INPUT    0.000969     0.008938         3000           0           0           0    0.183963    12.31951     177.1427
BROWN         INPUT    0.001385     0.012886         3000           0           0           0    0.346974    14.28423     267.3475
BTW           INPUT    0.000819     0.007321         3000           0           0           0    0.149484    11.74543     167.9733
BUFFER        INPUT    0.000821      0.00915         3000           0           0           0    0.257125    16.06112     323.4302
BUILT         INPUT    0.001406     0.009958         3000           0           0           0    0.164093    9.816553      118.368
BULB          INPUT     0.00084      0.01556         3000           0           0           0    0.517315    23.70048     634.6954
BUNCH         INPUT    0.001004     0.010691         3000           0           0           0     0.22343    13.10281     191.9833
BUSH          INPUT    0.000819     0.007503         3000           0           0           0    0.157475    11.41121     152.1495
BUSI          INPUT    0.001314     0.009696         3000           0           0           0    0.205492    12.01132     186.9504
BUTTON        INPUT    0.002028     0.018427         3000           0           0           0    0.474381    14.79802     277.9975
CABL          INPUT    0.001222     0.014325         3000           0           0           0    0.372241     15.9437     304.0541
CALIFORNIA    INPUT    0.002041      0.01304         3000           0           0           0     0.22531    8.508428     87.61702
CAMBRIDG      INPUT    0.001637     0.010894         3000           0           0           0    0.139156    8.398134     78.90912
CANADA        INPUT    0.001961     0.012773         3000           0           0           0     0.23112      9.4557     116.7008
CANCER        INPUT    0.001871     0.020969         3000           0           0           0     0.53604    16.15217     314.4717
CANDIDA       INPUT    0.001388     0.014365         3000           0           0           0    0.262482     12.7194       176.77
CAPABL        INPUT    0.000783     0.007011         3000           0           0           0    0.194152    14.27961     277.6718
CAPACITOR     INPUT    0.000958     0.012347         3000           0           0           0    0.348928    16.79677     339.7765
CAPIT         INPUT    0.000921     0.008678         3000           0           0           0    0.155234    11.70444     154.4042
CAR           INPUT    0.001155     0.011205         3000           0           0           0     0.30487    15.00919     299.0375
CARD          INPUT    0.002169     0.020735         3000           0           0           0     0.43343     13.7118     216.5658
CARNEGI       INPUT    0.001173     0.012596         3000           0           0           0    0.244192    12.56836     172.4525
CARRI         INPUT     0.00087     0.005681         3000           0           0           0    0.085464    9.151054     98.35514
CARTER        INPUT     0.00095     0.008299         3000           0           0           0    0.221168    12.60375     222.2367
CATALOG       INPUT    0.000979     0.012002         3000           0           0           0    0.289942    15.40037     275.6083
CAUS          INPUT    0.001136     0.007441         3000           0           0           0    0.157423    9.443926     119.8236
CELL          INPUT    0.001549     0.017524         3000           0           0           0    0.428905    16.57934     318.9767
CENTR         INPUT    0.001105     0.010198         3000           0           0           0    0.213293    12.26574     180.6353
CHANC         INPUT    0.000966     0.007413         3000           0           0           0    0.151503     10.7233      144.919
CHANNEL       INPUT    0.001313     0.012475         3000           0           0           0    0.284231    12.50254     189.3833
CHARACT       INPUT    0.001174     0.013262         3000           0           0           0    0.432009    20.36777     538.2492
CHARG         INPUT    0.000884     0.007121         3000           0           0           0    0.124549    10.64957     130.9919
CHASTITI      INPUT    0.001472     0.009429         3000           0           0           0    0.112872     6.87748     49.23698
CHEAP         INPUT    0.001192     0.009275         3000           0           0           0      0.1963    10.53411     140.6635
CHEER         INPUT    0.001255     0.010262         3000           0           0           0    0.205026    10.44525     132.5699
CHEMIC        INPUT    0.001025     0.010942         3000           0           0           0    0.411829    21.99032     702.4304
CHICAGO       INPUT    0.000952     0.011269         3000           0           0           0    0.287833    16.29909     311.3566
CHILD         INPUT      0.0015      0.01297         3000           0           0           0    0.298024    12.45554     193.5852
CHILDREN      INPUT    0.001197     0.007777         3000           0           0           0    0.178693    10.72415     157.2076
CHINES        INPUT    0.001203     0.012331         3000           0           0           0    0.227876    12.56936     174.0171
CHOIC         INPUT    0.000922     0.007426         3000           0           0           0    0.125742    9.728483      106.811
CHRI          INPUT    0.001534     0.013672         3000           0           0           0    0.244501    10.93966     134.2313
CHRISTIAN     INPUT    0.000977     0.009619         3000           0           0           0    0.212369    13.57868     219.4066
CHRISTOPH     INPUT    0.001027     0.010941         3000           0           0           0    0.251169    13.07042     199.8378
CIRCUIT       INPUT    0.003136     0.018699         3000           0           0           0    0.252974    7.975742     73.91419
CITI          INPUT    0.001599     0.012117         3000           0           0           0    0.262671    12.46803     190.3836
CITIZEN       INPUT    0.000856     0.008649         3000           0           0           0    0.240626    18.66219     441.4165
CIVIL         INPUT    0.001169     0.012992         3000           0           0           0    0.577179    31.45148     1308.669
CIVILIAN      INPUT     0.00155     0.012065         3000           0           0           0    0.261364    11.19552      156.681
CLASS         INPUT      0.0012     0.009656         3000           0           0           0    0.154995    10.15366     116.4953
CLEAR         INPUT    0.001283     0.008337         3000           0           0           0    0.164001    9.709819     120.8238
CLEVELAND     INPUT    0.000928      0.01131         3000           0           0           0    0.360893    17.78844     421.7718
CLIENT        INPUT    0.002646     0.018051         3000           0           0           0    0.280129    9.306876      103.662
CLINIC        INPUT    0.001272     0.010875         3000           0           0           0    0.261339     13.5459     236.6779
CLINTON       INPUT    0.000808     0.014253         3000           0           0           0    0.395689    22.07163     515.1837
CLOCK         INPUT     0.00174     0.012277         3000           0           0           0    0.190078    9.023181     93.59272
CLUB          INPUT    0.000818     0.014243         3000           0           0           0    0.494327    26.28094      789.016
CMU           INPUT    0.000744     0.009544         3000           0           0           0    0.201699    15.16137     249.5781
COLD          INPUT    0.000873     0.007392         3000           0           0           0    0.147443    11.23671      147.711
COLLEG        INPUT    0.001936     0.011649         3000           0           0           0    0.136471    7.535094     63.36747
COLLIN        INPUT    0.000774     0.013534         3000           0           0           0    0.441526    22.63396     593.6149
COLOR         INPUT    0.003594     0.025193         3000           0           0           0    0.438842     10.5791     136.6433
COLORADO      INPUT    0.001004     0.010058         3000           0           0           0    0.261108    14.09655     255.4224
COLORMAP      INPUT    0.001935     0.022219         3000           0           0           0    0.613257    16.01751     317.7433
COLUMBIA      INPUT    0.001434     0.011895         3000           0           0           0    0.184725    10.00859     112.0835
COMBIN        INPUT    0.000855     0.007463         3000           0           0           0    0.136856    11.17224      144.218
COMMAND       INPUT    0.001178     0.009544         3000           0           0           0    0.297498    16.31363     392.9991
COMMENT       INPUT    0.001121     0.007616         3000           0           0           0    0.124125     9.44041     107.4048
COMMERCI      INPUT    0.000984     0.009136         3000           0           0           0    0.173697    12.10524     169.7027
COMMIT        INPUT    0.000851     0.006781         3000           0           0           0    0.108713    10.73991     133.2851
COMMON        INPUT    0.001567     0.008923         3000           0           0           0    0.131401    7.641323       70.637
COMPAR        INPUT    0.001096     0.008556         3000           0           0           0    0.267434     15.4064     364.2918
COMPAT        INPUT    0.000776     0.009754         3000           0           0           0    0.317985    19.04279     472.3459
COMPIL        INPUT    0.002703     0.020825         3000           0           0           0    0.450803    11.45267     162.9584
COMPON        INPUT    0.001273     0.011054         3000           0           0           0    0.279162    13.39458     235.1111
CONCERN       INPUT    0.001111     0.008063         3000           0           0           0    0.184168    11.37766     172.7089
CONCRET       INPUT       0.001     0.012235         3000           0           0           0    0.276544    15.24988     259.8728
CONDIT        INPUT     0.00148     0.010207         3000           0           0           0     0.20977    10.88951     155.7334
CONFER        INPUT    0.000742     0.009916         3000           0           0           0     0.29324    20.91551     511.3106
CONFIGUR      INPUT    0.000915     0.009933         3000           0           0           0    0.190896    14.24732     227.3497
CONFLICT      INPUT     0.00085     0.006583         3000           0           0           0     0.10908     9.87875     110.5141
CONFUS        INPUT    0.000768      0.00738         3000           0           0           0    0.182475    14.21932     251.8347
CONSID        INPUT    0.000847     0.006534         3000           0           0           0    0.121511     11.1935     152.6218
CONSIST       INPUT    0.000819     0.006978         3000           0           0           0    0.179376    13.21924      233.499
CONSTRUCT     INPUT     0.00081     0.007833         3000           0           0           0    0.166626    12.82263     194.5917
CONSULT       INPUT    0.000759     0.007607         3000           0           0           0    0.149827    13.58442     213.6132
CONTACT       INPUT    0.001458     0.011375         3000           0           0           0    0.190078     10.3765     123.9512
CONTENT       INPUT    0.000847     0.006409         3000           0           0           0    0.110622    9.791082     113.1341
CONTEXT       INPUT    0.001091      0.01429         3000           0           0           0    0.402215    20.53796     487.5229
CONVENT       INPUT    0.000749     0.007956         3000           0           0           0    0.158252    13.15682     193.3043
CONVERT       INPUT    0.001853     0.016035         3000           0           0           0    0.282741    11.50849     152.6801
COOL          INPUT    0.001774     0.018314         3000           0           0           0    0.344597    12.81437     179.9202
COPI          INPUT    0.003229     0.019279         3000           0           0           0    0.275932    8.234422     78.77934
CORN          INPUT    0.000743     0.014818         3000           0           0           0    0.413852    23.03725     557.4623
CORP          INPUT    0.001406     0.009895         3000           0           0           0    0.209883    9.955571     131.4647
CORPOR        INPUT    0.002014     0.011807         3000           0           0           0    0.213868    8.493142     94.33156
COST          INPUT    0.001748     0.013315         3000           0           0           0    0.369274    14.91618     304.4884
COULDN        INPUT    0.001102     0.007745         3000           0           0           0    0.124449    9.119256     96.92243
COUNT         INPUT    0.000927     0.007559         3000           0           0           0    0.211031    13.38605     259.4523
COUNTRI       INPUT    0.001856     0.011783         3000           0           0           0    0.245798     10.8911     158.8527
COVER         INPUT    0.000882     0.006618         3000           0           0           0    0.123735    11.07809     148.1671
COVINGTON     INPUT    0.001204     0.013386         3000           0           0           0    0.259465    12.97465     185.4445
CPR           INPUT    0.000902      0.00902         3000           0           0           0    0.296225    17.78556     450.9466
CROHN         INPUT    0.000756     0.013012         3000           0           0           0    0.340089    19.50448     414.6404
CROSS         INPUT    0.000732     0.008988         3000           0           0           0    0.318481    21.28147     604.8426
CURE          INPUT    0.000835      0.00847         3000           0           0           0    0.225823    14.05175     253.4462
CURSOR        INPUT    0.001499     0.021093         3000           0           0           0    0.601629    20.04663     477.5159
CUSTOM        INPUT    0.000757     0.007672         3000           0           0           0    0.162416    13.02445     196.0288
CUTE          INPUT    0.000912     0.017073         3000           0           0           0    0.431096     21.0198     457.7408
CYCL          INPUT    0.001251     0.014422         3000           0           0           0    0.385924    16.62471     332.2368
DAILI         INPUT    0.000937     0.007639         3000           0           0           0     0.15981    11.46498     163.7201
DALE          INPUT    0.000867     0.018422         3000           0           0           0    0.799252    34.53627     1359.591
DAMAG         INPUT     0.00076     0.007318         3000           0           0           0    0.166626    12.86938     198.8783
DANGER        INPUT    0.001481     0.012253         3000           0           0           0    0.267213    12.80654     203.9631
DANIEL        INPUT    0.001128      0.01164         3000           0           0           0    0.269531    13.40862     212.5588
DANNI         INPUT    0.001034     0.014405         3000           0           0           0    0.371409    16.78304     317.4908
DATA          INPUT    0.003073     0.018388         3000           0           0           0    0.296294     8.38689     83.67447
DAVE          INPUT    0.001485     0.014191         3000           0           0           0    0.288291    12.43984     180.4357
DAVIDIAN      INPUT    0.000957     0.010173         3000           0           0           0    0.271636    15.07131     281.7171
DAYTON        INPUT    0.000749     0.020863         3000           0           0           0    0.893714    34.61355     1318.198
DEAD          INPUT    0.001093      0.00823         3000           0           0           0    0.186245    11.61831     173.6521
DEAL          INPUT    0.001319     0.008112         3000           0           0           0    0.132632    8.500739     87.74861
DEAR          INPUT    0.000726     0.008601         3000           0           0           0    0.287833    19.40446     506.7959
DEATH         INPUT    0.001248     0.010462         3000           0           0           0    0.252229    14.62687     269.6966
DECID         INPUT       0.001      0.00692         3000           0           0           0    0.139289    9.668725     118.5567
DECOD         INPUT     0.00097     0.015753         3000           0           0           0    0.509247    22.72497     592.4458
DEFAULT       INPUT    0.001632     0.017173         3000           0           0           0    0.572507    19.47262     512.6801
DEFIN         INPUT    0.001806     0.017247         3000           0           0           0    0.376668    15.16103     266.9411
DEFINIT       INPUT    0.000747     0.006821         3000           0           0           0    0.158403    12.58605      196.855
DEGRE         INPUT    0.000831     0.008733         3000           0           0           0    0.294768    18.93883     500.4584
DEIR          INPUT    0.000732     0.010979         3000           0           0           0    0.252297    17.24753     314.7297
DELET         INPUT    0.000804     0.008704         3000           0           0           0    0.255897    16.70107     359.7403
DEPEND        INPUT    0.001025     0.006536         3000           0           0           0    0.104928    8.542896     89.07857
DEPTH         INPUT    0.001034     0.013194         3000           0           0           0    0.303479    16.02121     290.5864
DESIGN        INPUT    0.002561     0.014689         3000           0           0           0    0.339626    10.37081     163.5291
DESTROI       INPUT    0.000877     0.007022         3000           0           0           0    0.137066    10.82483     137.6542
DETAIL        INPUT     0.00134     0.008737         3000           0           0           0    0.155112    9.150126     104.9644
DETECT        INPUT    0.001667     0.013635         3000           0           0           0    0.255396    11.46656     158.0373
DETECTOR      INPUT    0.003075     0.037184         3000           0           0           0    0.919885     15.9743     292.7681
DETERMIN      INPUT    0.001089     0.007661         3000           0           0           0    0.130682    9.048603     96.13334
DEVIC         INPUT    0.002346     0.014342         3000           0           0           0    0.214038    8.146247     80.48625
DIAGNOS       INPUT    0.001085      0.00944         3000           0           0           0    0.149827    10.55117     122.8942
DIAGRAM       INPUT    0.000725     0.010231         3000           0           0           0    0.291873    17.62767     365.4794
DIALOG        INPUT    0.000969     0.013017         3000           0           0           0    0.283479     15.6852     268.3638
DICK          INPUT    0.000741     0.014386         3000           0           0           0    0.484983    27.45894     849.6396
DIEGO         INPUT    0.000755     0.011066         3000           0           0           0    0.336466     19.6701     458.7847
DIET          INPUT    0.001557     0.012832         3000           0           0           0     0.34612    13.54357     251.9196
DIFFER        INPUT    0.001549     0.009404         3000           0           0           0    0.188072    9.167013     110.9704
DIGIT         INPUT    0.001776     0.014923         3000           0           0           0    0.319795    12.51732     193.3704
DIMENS        INPUT    0.000998     0.017022         3000           0           0           0    0.413487    19.49054      399.434
DIOD          INPUT    0.000736     0.014054         3000           0           0           0    0.532835    28.96217     960.1298
DIRECT        INPUT    0.001519     0.009889         3000           0           0           0    0.148382    8.681555     88.45953
DIRECTORI     INPUT    0.000923     0.009442         3000           0           0           0    0.216273    14.70278     266.5086
DISCHARG      INPUT    0.000839      0.00849         3000           0           0           0    0.154731    12.38586     170.3516
DISCLAIM      INPUT    0.001318     0.009598         3000           0           0           0    0.270595    12.43635       245.39
DISCUSS       INPUT    0.001804     0.011696         3000           0           0           0    0.278568    11.13343     173.4676
DISEAS        INPUT    0.002617     0.016355         3000           0           0           0    0.300401    9.379926     114.0601
DISK          INPUT    0.001516     0.013318         3000           0           0           0    0.287976    12.67892     198.7952
DISTANC       INPUT    0.001118      0.01503         3000           0           0           0    0.471685    20.05568     485.9071
DIVIS         INPUT    0.001513     0.011008         3000           0           0           0    0.216442    10.74707     148.7258
DOCUMENT      INPUT    0.001585     0.011036         3000           0           0           0     0.23252    11.51316     172.7555
DOMAIN        INPUT    0.001068     0.010836         3000           0           0           0    0.243468    14.62385     258.9853
DOMIN         INPUT    0.001094     0.020799         3000           0           0           0    0.607573    22.50174     541.0129
DONAT         INPUT    0.000747     0.011093         3000           0           0           0    0.362349    20.26057      501.339
DORTMUND      INPUT    0.001046     0.022406         3000           0           0           0    0.600946    23.02808     544.0241
DOUBT         INPUT     0.00088     0.007026         3000           0           0           0    0.148092    11.31958      166.222
DOUG          INPUT    0.001527     0.024621         3000           0           0           0    0.980634    29.12802     1015.091
DRAW          INPUT    0.002462     0.019063         3000           0           0           0    0.341682    10.79075     136.2744
DRIVE         INPUT    0.002105     0.015035         3000           0           0           0    0.328339    11.51297     169.2575
DRIVER        INPUT    0.000799     0.010089         3000           0           0           0      0.2683    17.54284     361.7944
DROP          INPUT    0.001097     0.009079         3000           0           0           0    0.254551    13.82505     274.0803
DRUG          INPUT    0.002215     0.015387         3000           0           0           0     0.29605    10.67963     139.7497
DUMP          INPUT    0.000806      0.01066         3000           0           0           0    0.294857    18.66215     404.5888
DYER          INPUT    0.001989     0.024644         3000           0           0           0    0.676223    17.35763     362.0489
EASI          INPUT    0.001198     0.008434         3000           0           0           0    0.149045    9.999463     120.1788
EASILI        INPUT     0.00087     0.007046         3000           0           0           0    0.202051    13.47927     272.1236
EAST          INPUT    0.000972     0.006884         3000           0           0           0    0.135256    10.41352     139.5709
EAT           INPUT    0.000843     0.007693         3000           0           0           0     0.15582    11.91696     163.9524
ECHO          INPUT    0.000983     0.016743         3000           0           0           0     0.74067    32.28198     1309.897
EDITOR        INPUT    0.000952     0.013067         3000           0           0           0    0.452727    23.69887     680.2152
EDUC          INPUT    0.001436     0.011925         3000           0           0           0    0.229468    11.92856     166.3343
EDWARD        INPUT    0.001068      0.01139         3000           0           0           0    0.270342    14.94326     266.5974
ELECTR        INPUT    0.002193     0.014608         3000           0           0           0    0.224927    9.269899     100.2567
EMPLOY        INPUT    0.001208     0.008199         3000           0           0           0    0.114208    8.142201     74.26522
EMUL          INPUT    0.001034     0.017929         3000           0           0           0    0.601436    24.79023     718.1205
ENERGI        INPUT    0.000898     0.009574         3000           0           0           0    0.174459    12.86721     182.8104
ENGLAND       INPUT    0.000743     0.008051         3000           0           0           0    0.179895     13.2365     201.1629
ENTIR         INPUT    0.000746     0.006035         3000           0           0           0    0.164908    13.66013      260.713
ENTRI         INPUT    0.000755      0.01021         3000           0           0           0    0.297216    20.62272     515.4941
ENVIRON       INPUT    0.001233     0.009876         3000           0           0           0    0.165423    10.48969     124.9314
EPROM         INPUT    0.000886     0.015902         3000           0           0           0    0.408106    20.69103     459.6831
EQUAL         INPUT    0.001067     0.008591         3000           0           0           0    0.263974    16.25744     390.5611
EQUIP         INPUT    0.001295       0.0104         3000           0           0           0    0.264856    13.00603     233.5395
ERIC          INPUT    0.001152     0.014746         3000           0           0           0    0.399972    19.42731     438.2689
ERROR         INPUT    0.002315     0.014869         3000           0           0           0    0.285348    9.278232     111.4039
ESCAP         INPUT    0.001353     0.008358         3000           0           0           0    0.159076    9.764965     122.4419
ESSENTI       INPUT    0.000862     0.010551         3000           0           0           0    0.388396    23.51334     716.1673
EUROP         INPUT     0.00092     0.008406         3000           0           0           0    0.216214    14.41857     264.3584
EUROPEAN      INPUT    0.000963     0.010121         3000           0           0           0    0.305337     18.5223     448.4289
EVENT         INPUT    0.003121     0.019457         3000           0           0           0    0.359845    10.00659     127.7678
EVID          INPUT    0.001454     0.010076         3000           0           0           0    0.204396    11.43745     165.9644
EXACT         INPUT    0.000785     0.006759         3000           0           0           0    0.121226    10.54851     125.9363
EXECUT        INPUT    0.000991     0.009608         3000           0           0           0    0.177068    12.16533     164.3458
EXERCIS       INPUT    0.000951       0.0117         3000           0           0           0    0.375449    20.08049     498.2106
EXPANS        INPUT     0.00131     0.009607         3000           0           0           0    0.164743    8.948981     91.90758
EXPECT        INPUT    0.001095     0.007211         3000           0           0           0    0.138878    9.375936     112.0271
EXPENS        INPUT    0.000762       0.0065         3000           0           0           0    0.157178    11.87503     184.2247
EXPERIENC     INPUT    0.000733      0.00826         3000           0           0           0    0.203271    15.59721     300.4015
EXPLAIN       INPUT    0.001266     0.008837         3000           0           0           0    0.212406    12.26851     209.6733
EXPLOD        INPUT    0.000748      0.01627         3000           0           0           0    0.525853    26.28648     753.9626
EXPOS         INPUT    0.001441     0.015449         3000           0           0           0    0.312122    13.42612     198.4413
EXPRESS       INPUT    0.001406     0.009249         3000           0           0           0    0.154638    8.862576     93.04084
EXTENS        INPUT     0.00088     0.008694         3000           0           0           0    0.222756    14.43436     260.1482
EXTERMIN      INPUT     0.00085     0.005802         3000           0           0           0    0.082235    8.946359     91.72996
EXTRA         INPUT    0.000913     0.010207         3000           0           0           0    0.253445    16.83283     342.6636
FACE          INPUT    0.001254     0.010887         3000           0           0           0    0.301365    15.93888     325.1149
FAIL          INPUT    0.001831     0.011115         3000           0           0           0    0.255432    10.44714     156.4623
FALS          INPUT    0.000963      0.00942         3000           0           0           0    0.210567     13.4504     221.5553
FAMILI        INPUT    0.001116     0.009372         3000           0           0           0     0.28763    16.08568     368.8747
FAST          INPUT    0.000966     0.007653         3000           0           0           0    0.120218    9.479283     100.4887
FATHER        INPUT    0.000759     0.007199         3000           0           0           0     0.15582    13.00613      203.497
FAVOR         INPUT    0.000745      0.00602         3000           0           0           0    0.098891    10.16251     117.4018
FEATUR        INPUT     0.00099     0.009419         3000           0           0           0    0.221333    14.75399     268.8255
FEDER         INPUT    0.000846     0.008944         3000           0           0           0    0.207811    14.31308     245.8428
FEED          INPUT    0.000951     0.009037         3000           0           0           0    0.219218    13.55624     227.4454
FIELD         INPUT    0.001323     0.009987         3000           0           0           0    0.202805    11.82848     175.4222
FIGHT         INPUT    0.000883     0.006937         3000           0           0           0    0.184977    13.42105     247.8282
FIGUR         INPUT    0.001187     0.008501         3000           0           0           0    0.178487     10.4266     141.2342
FILL          INPUT    0.000748     0.007917         3000           0           0           0    0.172318    14.36532     233.7067
FILTER        INPUT    0.001156     0.012553         3000           0           0           0     0.26799    14.00522     224.8299
FINE          INPUT    0.001626     0.009503         3000           0           0           0    0.139857     7.27281     62.32601
FIRE          INPUT    0.001276      0.00931         3000           0           0           0    0.237445    11.87684     201.2963
FIX           INPUT    0.001232     0.011749         3000           0           0           0    0.313934     16.3244       353.83
FLAME         INPUT    0.001042     0.008519         3000           0           0           0    0.155987    10.69325     135.9353
FLASH         INPUT    0.000792     0.011587         3000           0           0           0    0.324864    19.66333     448.5739
FLOOR         INPUT    0.000833     0.007781         3000           0           0           0    0.154515    11.41684     146.9972
FLUKE         INPUT    0.000766     0.018647         3000           0           0           0    0.711231    29.43343      959.472
FOCU          INPUT     0.00109     0.015321         3000           0           0           0    0.509318     23.0629      621.237
FOLK          INPUT    0.001243     0.011367         3000           0           0           0    0.256499    12.94963     205.7086
FONT          INPUT    0.002124     0.025609         3000           0           0           0    0.631828     15.1721     262.3443
FOOD          INPUT    0.003458     0.020972         3000           0           0           0    0.333803    8.683645     92.48686
FORGET        INPUT    0.000783     0.007296         3000           0           0           0    0.157153    11.88679     165.2148
FORM          INPUT    0.001389     0.010198         3000           0           0           0    0.355619    18.55442     532.9968
FORMAT        INPUT    0.001139     0.012698         3000           0           0           0    0.339435    18.12298     386.7497
FOURD         INPUT    0.000898     0.019184         3000           0           0           0    0.493911    22.04463     493.7686
FRAME         INPUT     0.00094     0.012177         3000           0           0           0    0.311571    17.55308     357.1381
FRANC         INPUT    0.000771     0.009666         3000           0           0           0    0.245714    17.00102     341.0126
FRANK         INPUT    0.001429      0.02006         3000           0           0           0    0.371409    15.65661     255.5061
FREE          INPUT    0.001984     0.011265         3000           0           0           0    0.181345    8.758465     97.82846
FREEDOM       INPUT    0.001952     0.014914         3000           0           0           0    0.243878    9.703421     105.4385
FREEMAN       INPUT    0.001398      0.01874         3000           0           0           0    0.495845    16.63826     319.5297
FREQUENC      INPUT    0.001469     0.011866         3000           0           0           0    0.284792    11.92552     189.5935
FREQUENT      INPUT    0.000752      0.00647         3000           0           0           0    0.198642    15.18742     345.9048
FRIEND        INPUT     0.00215     0.012648         3000           0           0           0    0.229422    8.716961     96.98479
FULL          INPUT    0.001308     0.008391         3000           0           0           0    0.251783    13.37121     299.3405
FUTUR         INPUT    0.000736     0.006643         3000           0           0           0    0.162284     14.0034      247.504
GAIN          INPUT    0.001141     0.010015         3000           0           0           0    0.234867    12.22143     186.5557
GAME          INPUT     0.00121     0.012413         3000           0           0           0    0.276941    12.59584      184.049
GARFIEL       INPUT    0.001003     0.015497         3000           0           0           0     0.40928    18.87723     405.3136
GARI          INPUT    0.001124      0.01299         3000           0           0           0    0.339613    16.54702     328.9145
GATEWAI       INPUT    0.001526     0.015595         3000           0           0           0    0.289067    14.22355     226.3116
GAZA          INPUT    0.001375     0.012708         3000           0           0           0     0.33888    13.65057      245.121
GEB           INPUT    0.003062     0.018253         3000           0           0           0    0.211337     6.62412     46.04198
GENOCID       INPUT    0.001438     0.011032         3000           0           0           0    0.189294    9.733727     108.6708
GEORG         INPUT    0.001428      0.01031         3000           0           0           0    0.192393    9.850679     120.8267
GEORGIA       INPUT    0.002186     0.024061         3000           0           0           0    0.546098    13.06631     194.5473
GERMAN        INPUT    0.000986     0.011768         3000           0           0           0    0.333253    19.35501     441.7503
GERMANI       INPUT     0.00181      0.01234         3000           0           0           0    0.180614    8.812541     89.64039
GILBERT       INPUT    0.001019     0.014319         3000           0           0           0    0.334042    16.40155     300.0495
GORDON        INPUT    0.004503      0.02528         3000           0           0           0     0.28799    6.442823     43.70952
GRANT         INPUT    0.000929     0.009929         3000           0           0           0    0.307407     18.8417     453.5033
GRAPHIC       INPUT     0.00205     0.018311         3000           0           0           0    0.539957    16.59007     369.8387
GREATLI       INPUT    0.001903     0.012004         3000           0           0           0    0.180233    8.185353     79.68036
GREEK         INPUT    0.002099     0.018193         3000           0           0           0    0.331888    10.41866     121.0238
GREEN         INPUT    0.001017     0.012053         3000           0           0           0    0.268143    15.67187     277.3768
GREG          INPUT    0.001132     0.018591         3000           0           0           0    0.741837     29.5386      1042.54
GROUND        INPUT    0.002584     0.024043         3000           0           0           0    0.558938    13.69651     219.6981
GUESS         INPUT    0.001524     0.008696         3000           0           0           0     0.14732     8.08469     86.57754
GUEST         INPUT    0.000981     0.009184         3000           0           0           0    0.181774    12.11669     170.4394
GUI           INPUT    0.001191     0.008596         3000           0           0           0    0.129873    9.061783     93.69385
HAMAZA        INPUT    0.000772     0.011778         3000           0           0           0    0.366632    20.41157     498.3358
HAMID         INPUT    0.000928     0.018737         3000           0           0           0    0.518526    21.68603     494.9939
HANDL         INPUT    0.001298     0.009458         3000           0           0           0    0.240831    11.54284     192.4434
HANG          INPUT    0.000777     0.010767         3000           0           0           0    0.255275    17.36985      333.437
HAPPI         INPUT    0.001693     0.017936         3000           0           0           0    0.497294    17.53577     380.9148
HARDWAR       INPUT    0.001071     0.008584         3000           0           0           0      0.1763    10.72962      142.329
HARRI         INPUT    0.001298     0.012243         3000           0           0           0    0.236317    12.00257      166.471
HARVARD       INPUT    0.001072     0.009486         3000           0           0           0    0.236524    13.41982     240.0936
HATE          INPUT    0.001106     0.009246         3000           0           0           0    0.221191    13.00644     218.7588
HAVEN         INPUT    0.001006     0.007216         3000           0           0           0    0.144295    9.976661     124.9958
HEAD          INPUT    0.001614     0.009205         3000           0           0           0    0.136335    7.864008     74.83677
HEADACH       INPUT    0.000744     0.008904         3000           0           0           0    0.280561    18.11559      427.235
HEALTH        INPUT    0.001856     0.012276         3000           0           0           0    0.254244    9.985303     131.1166
HEART         INPUT     0.00101     0.010187         3000           0           0           0    0.331888    17.35823     431.9714
HEAT          INPUT    0.001242     0.011896         3000           0           0           0    0.227487    12.55119     180.7122
HEAVI         INPUT    0.000735     0.009595         3000           0           0           0    0.282916    20.94279     508.3069
HEIGHT        INPUT    0.000793     0.009486         3000           0           0           0    0.256811    16.09557     315.7687
HELP          INPUT    0.001428     0.009378         3000           0           0           0    0.207735    10.16439     140.3187
HENRI         INPUT    0.000909      0.01472         3000           0           0           0    0.354418    19.04653      387.496
HENRIK        INPUT    0.001055     0.017611         3000           0           0           0    0.426333    19.63487     413.8986
HERNIA        INPUT    0.000862     0.021455         3000           0           0           0    0.727255    27.13583     776.2172
HERNLEM       INPUT    0.000743     0.009416         3000           0           0           0    0.194249    15.04084     248.8049
HEWLETT       INPUT    0.000732     0.008557         3000           0           0           0    0.237361    15.73124     309.6133
HEZBOLLAH     INPUT    0.000935     0.010398         3000           0           0           0     0.37405    21.19131     627.5401
HIGHER        INPUT    0.000903     0.007315         3000           0           0           0    0.165894    11.40073     168.6212
HINT          INPUT    0.000948     0.009593         3000           0           0           0    0.226363    13.96673     240.4969
HISTOR        INPUT    0.000745     0.005955         3000           0           0           0    0.123864     10.3424     129.8855
HISTORI       INPUT     0.00122     0.007488         3000           0           0           0    0.152854     9.37658     117.9901
HOLD          INPUT    0.001277     0.008655         3000           0           0           0    0.152885    9.286714     103.4509
HOLOCAUST     INPUT    0.001675     0.013435         3000           0           0           0    0.235347    10.62656     130.6651
HOOK          INPUT    0.001416     0.019417         3000           0           0           0    0.628214    21.63107     551.8594
HOSPIT        INPUT    0.001441     0.010511         3000           0           0           0    0.246929    11.43498     175.0908
HOST          INPUT    0.001256     0.013743         3000           0           0           0    0.489003    20.40255     588.2002
HOUR          INPUT    0.001166     0.012192         3000           0           0           0    0.490237    25.82551     913.9624
HOUS          INPUT    0.001212       0.0082         3000           0           0           0    0.149329     9.69736     116.7012
HOWARD        INPUT    0.001021     0.015668         3000           0           0           0    0.371409    18.05066     349.5789
HUNTSVIL      INPUT    0.000785     0.013327         3000           0           0           0    0.378451    20.26142      452.859
ICON          INPUT    0.001659      0.02926         3000           0           0           0    1.246443    30.59736     1160.704
IGNOR         INPUT    0.001218     0.009317         3000           0           0           0    0.183849      11.313     159.6843
ILLEG         INPUT    0.000787     0.010332         3000           0           0           0    0.301558     19.9455     479.5272
ILLINOI       INPUT    0.001405     0.013129         3000           0           0           0    0.260802    12.60349     186.4156
IMAG          INPUT    0.002434      0.01679         3000           0           0           0    0.275377    9.514189     106.0402
IMAGIN        INPUT    0.000813     0.007248         3000           0           0           0    0.172803    12.88966     213.9121
IMAK          INPUT    0.001348     0.022257         3000           0           0           0    0.749365    21.96145     572.8476
IMPLEMENT     INPUT    0.001599     0.011162         3000           0           0           0    0.160821    8.936444      89.9764
IMPRESS       INPUT    0.000809     0.008518         3000           0           0           0    0.304992    20.71914     610.2258
IMPROV        INPUT    0.000867     0.007396         3000           0           0           0     0.19503    13.43042     243.6909
INCREAS       INPUT    0.000755     0.006093         3000           0           0           0    0.129873    12.07779     186.5451
INDIVIDU      INPUT    0.000779     0.006139         3000           0           0           0    0.138705    12.43943     202.8201
INDUSTRI      INPUT    0.001036     0.011172         3000           0           0           0    0.354136    18.25025     442.9594
INFECT        INPUT    0.001689     0.016271         3000           0           0           0    0.357893    14.82436     258.6813
INJECT        INPUT     0.00089     0.014917         3000           0           0           0    0.418714    22.20752     552.0247
INPUT         INPUT    0.002148     0.015023         3000           0           0           0    0.299367    10.53754     145.2551
INSTAL        INPUT    0.001876     0.012527         3000           0           0           0    0.263915    9.714129     127.1577
INSTRUMENT    INPUT    0.000754     0.010113         3000           0           0           0    0.274951    17.93726     384.5315
INTEL         INPUT    0.000842     0.015121         3000           0           0           0    0.489864    22.55232     577.2142
INTELLECT     INPUT     0.00149     0.009403         3000           0           0           0    0.111736    6.793118     48.05883
INTELLIG      INPUT    0.001764     0.013158         3000           0           0           0    0.311969    11.94417     192.9921
INTEND        INPUT    0.000787     0.007281         3000           0           0           0     0.22891     16.6136     394.9349
INTERFAC      INPUT     0.00153     0.012008         3000           0           0           0    0.222138    10.54909     136.6192
INTERGRAPH    INPUT    0.001115     0.014382         3000           0           0           0    0.341964    15.59023     272.6741
INTERVIEW     INPUT    0.000993     0.011046         3000           0           0           0     0.30487    16.68844     340.5875
INVENT        INPUT    0.000826     0.009152         3000           0           0           0    0.278515    16.91124     376.2928
INVOLV        INPUT    0.001585     0.009117         3000           0           0           0    0.235382    10.47884     179.3962
IRAN          INPUT    0.000929     0.012374         3000           0           0           0    0.286754    16.06053     283.4592
IRVIN         INPUT    0.001354     0.015232         3000           0           0           0    0.288447    13.27747     190.5779
ISLAM         INPUT    0.001192     0.011823         3000           0           0           0    0.232754     13.5082     211.0995
ISLAND        INPUT    0.000746     0.007724         3000           0           0           0    0.182869    13.69034     221.6419
ITEM          INPUT       0.001     0.009702         3000           0           0           0    0.182221     11.8321     154.1495
JACK          INPUT    0.001262     0.012173         3000           0           0           0    0.259764    11.93999     166.1329
JAKE          INPUT    0.001774     0.015429         3000           0           0           0    0.327249    10.88604      142.304
JASON         INPUT     0.00114     0.017209         3000           0           0           0    0.614416    22.95142     667.9598
JEFF          INPUT    0.001229     0.016397         3000           0           0           0    0.389197    16.96551     326.2861
JEFFERSON     INPUT    0.000734     0.012696         3000           0           0           0    0.385433    22.88054     581.8233
JERUSALEM     INPUT    0.001322     0.012934         3000           0           0           0    0.319332    15.31721     289.3782
JESS          INPUT    0.000774     0.015524         3000           0           0           0    0.494674    24.07335      639.147
JIM           INPUT    0.001313     0.012636         3000           0           0           0    0.254659    12.09837     167.0067
JIMMI         INPUT    0.000777     0.007141         3000           0           0           0    0.112912     10.5682     120.6376
JOEL          INPUT    0.001097     0.015562         3000           0           0           0    0.560001    22.76366     665.1179
JOSEPH        INPUT    0.001103     0.012517         3000           0           0           0    0.312754    15.69369     297.3913
JOYSTICK      INPUT     0.00087     0.015442         3000           0           0           0    0.503185    21.87891     554.1714
JUSTIFI       INPUT    0.000727     0.006244         3000           0           0           0    0.119585    11.69636      164.357
KEI           INPUT    0.001883     0.019075         3000           0           0           0    0.525915    16.65747     359.4869
KEITH         INPUT    0.000742     0.012798         3000           0           0           0     0.33079    21.67072     504.2671
KEN           INPUT    0.001186     0.011108         3000           0           0           0    0.319923    14.33216     289.5033
KENNETH       INPUT    0.001193     0.014225         3000           0           0           0    0.300657    14.56642      238.953
KEYBOARD      INPUT    0.002308     0.025047         3000           0           0           0    0.698675      17.479     382.7058
KIDNEI        INPUT    0.000752     0.014511         3000           0           0           0    0.378963    22.44046     530.5423
KIRLIAN       INPUT    0.000779     0.011092         3000           0           0           0    0.259586    16.57026     303.6854
KLUTE         INPUT    0.000727     0.016976         3000           0           0           0    0.510942    24.78188     636.9476
KNOW          INPUT    0.000817     0.010937         3000           0           0           0    0.260168    17.52606     341.8069
KNOWLEDG      INPUT    0.000865     0.006256         3000           0           0           0    0.127109    9.748764     118.9059
KRILLEAN      INPUT    0.001064     0.012245         3000           0           0           0    0.328941    14.74179     269.9776
LAB           INPUT    0.001505     0.012423         3000           0           0           0    0.322911    13.34644     239.2568
LABEL         INPUT    0.000998     0.012323         3000           0           0           0    0.367146    18.49871      416.854
LABORATORI    INPUT    0.001618     0.011227         3000           0           0           0    0.164404    8.407599     79.64036
LACK          INPUT    0.000898     0.008527         3000           0           0           0    0.261612    17.07992     396.7497
LAND          INPUT    0.001926     0.012589         3000           0           0           0    0.336431    12.24051     223.6823
LANGUAG       INPUT    0.000889     0.009906         3000           0           0           0    0.271548    17.50404     369.2638
LARG          INPUT     0.00122     0.007229         3000           0           0           0    0.187516    10.71385     184.0402
LARRI         INPUT    0.001138     0.014832         3000           0           0           0    0.431749    18.23085     400.8571
LASER         INPUT    0.001232     0.016714         3000           0           0           0    0.454063     19.1779     424.8511
LAW           INPUT    0.000864     0.006666         3000           0           0           0    0.176541    12.36156     218.2598
LEAD          INPUT    0.001525     0.010012         3000           0           0           0    0.151482    9.032461     94.65476
LEADER        INPUT    0.000878     0.009315         3000           0           0           0    0.225745     17.0676     347.3835
LEARN         INPUT    0.001569     0.010144         3000           0           0           0    0.245084    10.27156      156.482
LEAV          INPUT     0.00125     0.007535         3000           0           0           0    0.119564    8.990593     102.6504
LEBANES       INPUT    0.001468     0.012419         3000           0           0           0    0.204983    10.30775     118.9854
LEBANON       INPUT    0.001398      0.01063         3000           0           0           0    0.167074    9.138141       93.392
LEGAL         INPUT    0.001016      0.00874         3000           0           0           0    0.200688    12.65894       201.81
LET           INPUT    0.001284     0.008323         3000           0           0           0    0.133544    9.380714     107.8298
LETTER        INPUT    0.000966     0.009246         3000           0           0           0    0.290954    17.37156     413.2194
LEVEL         INPUT    0.002051     0.012618         3000           0           0           0    0.263675    10.43824     146.3591
LIBRARI       INPUT    0.001699     0.013712         3000           0           0           0      0.3092     13.0565     220.3032
LICENS        INPUT     0.00079     0.007761         3000           0           0           0    0.209527    14.45285     274.3099
LIFE          INPUT    0.001431     0.009532         3000           0           0           0    0.316886    16.20747     433.0904
LIGHT         INPUT    0.001652     0.012294         3000           0           0           0    0.312284    12.13585     204.1676
LIMIT         INPUT     0.00156     0.010626         3000           0           0           0    0.191779    9.750045      117.609
LINK          INPUT    0.001252     0.011672         3000           0           0           0    0.282741    14.97048     286.1744


*------------------------------------------------------------*
* Salida de puntuación
*------------------------------------------------------------*


*------------------------------------------------------------*
* Salida del informe
*------------------------------------------------------------*
