MPRINT(EM_DIAGRAM):    data _null_;
MPRINT(EM_DIAGRAM):   call symput('NLDATE', strip(put(date(), NLDATE.)));
MPRINT(EM_DIAGRAM):   call symput('NLTIME', strip(put(datetime(), NLTIME.)));
MPRINT(EM_DIAGRAM):   run;
MPRINT(EM_DIAGRAM):   data _null_;
MPRINT(EM_DIAGRAM):   nldate= sasmsg("sashelp.dmine", "log_date_note", 'N', "13/12/20" );
MPRINT(EM_DIAGRAM):   nltime= sasmsg("sashelp.dmine", "log_time_note", 'N', "00H24" );
MPRINT(EM_DIAGRAM):   put "*------------------------------------------------------------*";
MPRINT(EM_DIAGRAM):   put "* Log de puntuación";
MPRINT(EM_DIAGRAM):   put nldate;
MPRINT(EM_DIAGRAM):   put nltime;
MPRINT(EM_DIAGRAM):   put "*------------------------------------------------------------*";
MPRINT(EM_DIAGRAM):   run;
*------------------------------------------------------------*
* Log de puntuación
Fecha:                13/12/20
Hora:                00H24
*------------------------------------------------------------*
MPRINT(EM_DIAGRAM):    filename O3934PJ2 "C:\Users\Admin\Documents\GitHub\AMUL-PRACTICA\practica_AMUL\Workspaces\EMWS1\Clus2\EMSCORE.out" encoding="UTF-8" NOBOM;
MPRINT(EM_DIAGRAM):   proc printto print=O3934PJ2 new;
MPRINT(EM_DIAGRAM):   run;
18516      proc transpose data=EMWS1.Clus2_OUTVAR out=WORK.Clus2_OUTVAR(rename=(COl2=NAME) where=(COL1='IMPUTED'));
MPRINT(EM_DIAGRAM):    proc transpose data=EMWS1.Clus2_OUTVAR out=WORK.Clus2_OUTVAR(rename=(COl2=NAME) where=(COL1='IMPUTED'));
18517      var PC_1--PC_9;
MPRINT(EM_DIAGRAM):   var PC_1--PC_9;
18518      where _TYPE_ in('TYPE' 'VARIABLE');
MPRINT(EM_DIAGRAM):   where _TYPE_ in('TYPE' 'VARIABLE');
18519      run;
MPRINT(EM_DIAGRAM):   run;

NOTE: There were 2 observations read from the data set EMWS1.CLUS2_OUTVAR.
      WHERE _TYPE_ in ('TYPE', 'VARIABLE');
NOTE: The data set WORK.CLUS2_OUTVAR has 0 observations and 4 variables.
NOTE: PROCEDURE TRANSPOSE ha utilizado (Tiempo de proceso total):
      real time           0.00 seconds
      cpu time            0.00 seconds
      

18520      proc sort data=WORK.Clus2_OUTVAR;
MPRINT(EM_DIAGRAM):   proc sort data=WORK.Clus2_OUTVAR;
18521      by NAME;
MPRINT(EM_DIAGRAM):   by NAME;
18522      run;
MPRINT(EM_DIAGRAM):   run;

NOTE: Input data set is empty.
NOTE: The data set WORK.CLUS2_OUTVAR has 0 observations and 4 variables.
NOTE: PROCEDURE SORT ha utilizado (Tiempo de proceso total):
      real time           0.00 seconds
      cpu time            0.01 seconds
      

18523      proc sort data=EMWS1.Clus2_VariableSet(KEEP=NAME ROLE LEVEL) out=WORK.Clus2_SORTEDVARS;
MPRINT(EM_DIAGRAM):   proc sort data=EMWS1.Clus2_VariableSet(KEEP=NAME ROLE LEVEL) out=WORK.Clus2_SORTEDVARS;
18524      by NAME;
MPRINT(EM_DIAGRAM):   by NAME;
18525      run;
MPRINT(EM_DIAGRAM):   run;

NOTE: There were 21 observations read from the data set EMWS1.CLUS2_VARIABLESET.
NOTE: The data set WORK.CLUS2_SORTEDVARS has 21 observations and 3 variables.
NOTE: PROCEDURE SORT ha utilizado (Tiempo de proceso total):
      real time           0.00 seconds
      cpu time            0.00 seconds
      

18526      data WORK.Clus2_OUTVAR;
MPRINT(EM_DIAGRAM):   data WORK.Clus2_OUTVAR;
18527      merge WORK.Clus2_OUTVAR(in=INVAR) WORK.Clus2_SORTEDVARS;
MPRINT(EM_DIAGRAM):   merge WORK.Clus2_OUTVAR(in=INVAR) WORK.Clus2_SORTEDVARS;
18528      by NAME;
MPRINT(EM_DIAGRAM):   by NAME;
18529      if INVAR then output;
MPRINT(EM_DIAGRAM):   if INVAR then output;
18530      run;
MPRINT(EM_DIAGRAM):   run;

WARNING: Multiple lengths were specified for the BY variable NAME by input data sets. This might cause unexpected results.
NOTE: There were 0 observations read from the data set WORK.CLUS2_OUTVAR.
NOTE: There were 21 observations read from the data set WORK.CLUS2_SORTEDVARS.
NOTE: The data set WORK.CLUS2_OUTVAR has 0 observations and 6 variables.
NOTE: DATA statement ha utilizado (Tiempo de proceso total):
      real time           0.00 seconds
      cpu time            0.00 seconds
      

NOTE: This SAS session is using a registry in WORK.  All changes will be lost at the end of this session.
18531      filename emflow "C:\Users\Admin\Documents\GitHub\AMUL-PRACTICA\practica_AMUL\Workspaces\EMWS1\Clus2\EMFLOWSCORE.sas";
MPRINT(EM_DIAGRAM):    filename emflow "C:\Users\Admin\Documents\GitHub\AMUL-PRACTICA\practica_AMUL\Workspaces\EMWS1\Clus2\EMFLOWSCORE.sas";
MPRINT(EM_DIAGRAM):   *------------------------------------------------------------*;
MPRINT(EM_DIAGRAM):   * Clus2: Scoring DATA data;
MPRINT(EM_DIAGRAM):   *------------------------------------------------------------*;
18532      *------------------------------------------------------------*;
18533      * Clus2: Scoring DATA data;
18534      *------------------------------------------------------------*;
18535      data EMWS1.Clus2_TRAIN
18536      / view=EMWS1.Clus2_TRAIN
18537      ;
MPRINT(EM_DIAGRAM):   data EMWS1.Clus2_TRAIN / view=EMWS1.Clus2_TRAIN ;
18538      set EMWS1.PRINCOMP_TRAIN
18539      ;
MPRINT(EM_DIAGRAM):   set EMWS1.PRINCOMP_TRAIN ;
18540      %inc emflow;
MPRINT(EM_DIAGRAM):   *****************************************;
MPRINT(EM_DIAGRAM):   *** Begin Scoring Code from PROC DMVQ ***;
MPRINT(EM_DIAGRAM):   *****************************************;
MPRINT(EM_DIAGRAM):   *** Begin Class Look-up, Standardization, Replacement ;
MPRINT(EM_DIAGRAM):   drop _dm_bad;
MPRINT(EM_DIAGRAM):   _dm_bad = 0;
MPRINT(EM_DIAGRAM):   *** Standardize PC_1 ;
MPRINT(EM_DIAGRAM):   drop T_PC_1 ;
MPRINT(EM_DIAGRAM):   if missing( PC_1 ) then T_PC_1 = .;
MPRINT(EM_DIAGRAM):   else T_PC_1 = (PC_1 - 0.03318655417595) * 15.2455507803493;
MPRINT(EM_DIAGRAM):   *** Standardize PC_10 ;
MPRINT(EM_DIAGRAM):   drop T_PC_10 ;
MPRINT(EM_DIAGRAM):   if missing( PC_10 ) then T_PC_10 = .;
MPRINT(EM_DIAGRAM):   else T_PC_10 = (PC_10 - 0.00180598335757) * 26.2885943947214;
MPRINT(EM_DIAGRAM):   *** Standardize PC_11 ;
MPRINT(EM_DIAGRAM):   drop T_PC_11 ;
MPRINT(EM_DIAGRAM):   if missing( PC_11 ) then T_PC_11 = .;
MPRINT(EM_DIAGRAM):   else T_PC_11 = (PC_11 - 0.00039402396105) * 26.9380594505906;
MPRINT(EM_DIAGRAM):   *** Standardize PC_12 ;
MPRINT(EM_DIAGRAM):   drop T_PC_12 ;
MPRINT(EM_DIAGRAM):   if missing( PC_12 ) then T_PC_12 = .;
MPRINT(EM_DIAGRAM):   else T_PC_12 = (PC_12 - 0.00235740769568) * 27.6533965483725;
MPRINT(EM_DIAGRAM):   *** Standardize PC_13 ;
MPRINT(EM_DIAGRAM):   drop T_PC_13 ;
MPRINT(EM_DIAGRAM):   if missing( PC_13 ) then T_PC_13 = .;
MPRINT(EM_DIAGRAM):   else T_PC_13 = (PC_13 - -0.00021858557335) * 28.0092731443424;
MPRINT(EM_DIAGRAM):   *** Standardize PC_14 ;
MPRINT(EM_DIAGRAM):   drop T_PC_14 ;
MPRINT(EM_DIAGRAM):   if missing( PC_14 ) then T_PC_14 = .;
MPRINT(EM_DIAGRAM):   else T_PC_14 = (PC_14 - 0.00007811443969) * 28.2884985540873;
MPRINT(EM_DIAGRAM):   *** Standardize PC_15 ;
MPRINT(EM_DIAGRAM):   drop T_PC_15 ;
MPRINT(EM_DIAGRAM):   if missing( PC_15 ) then T_PC_15 = .;
MPRINT(EM_DIAGRAM):   else T_PC_15 = (PC_15 - -0.00055492364217) * 28.5101404942049;
MPRINT(EM_DIAGRAM):   *** Standardize PC_16 ;
MPRINT(EM_DIAGRAM):   drop T_PC_16 ;
MPRINT(EM_DIAGRAM):   if missing( PC_16 ) then T_PC_16 = .;
MPRINT(EM_DIAGRAM):   else T_PC_16 = (PC_16 - 0.00145632265651) * 28.9395732981546;
MPRINT(EM_DIAGRAM):   *** Standardize PC_17 ;
MPRINT(EM_DIAGRAM):   drop T_PC_17 ;
MPRINT(EM_DIAGRAM):   if missing( PC_17 ) then T_PC_17 = .;
MPRINT(EM_DIAGRAM):   else T_PC_17 = (PC_17 - 0.00243600423981) * 29.4173957149439;
MPRINT(EM_DIAGRAM):   *** Standardize PC_18 ;
MPRINT(EM_DIAGRAM):   drop T_PC_18 ;
MPRINT(EM_DIAGRAM):   if missing( PC_18 ) then T_PC_18 = .;
MPRINT(EM_DIAGRAM):   else T_PC_18 = (PC_18 - -0.00014069832294) * 29.7560132338027;
MPRINT(EM_DIAGRAM):   *** Standardize PC_19 ;
MPRINT(EM_DIAGRAM):   drop T_PC_19 ;
MPRINT(EM_DIAGRAM):   if missing( PC_19 ) then T_PC_19 = .;
MPRINT(EM_DIAGRAM):   else T_PC_19 = (PC_19 - 0.00115709927046) * 29.9903255333019;
MPRINT(EM_DIAGRAM):   *** Standardize PC_2 ;
MPRINT(EM_DIAGRAM):   drop T_PC_2 ;
MPRINT(EM_DIAGRAM):   if missing( PC_2 ) then T_PC_2 = .;
MPRINT(EM_DIAGRAM):   else T_PC_2 = (PC_2 - 0.05473325942454) * 26.1754271468546;
MPRINT(EM_DIAGRAM):   *** Standardize PC_20 ;
MPRINT(EM_DIAGRAM):   drop T_PC_20 ;
MPRINT(EM_DIAGRAM):   if missing( PC_20 ) then T_PC_20 = .;
MPRINT(EM_DIAGRAM):   else T_PC_20 = (PC_20 - 0.00077669327732) * 30.3573128740427;
MPRINT(EM_DIAGRAM):   *** Standardize PC_3 ;
MPRINT(EM_DIAGRAM):   drop T_PC_3 ;
MPRINT(EM_DIAGRAM):   if missing( PC_3 ) then T_PC_3 = .;
MPRINT(EM_DIAGRAM):   else T_PC_3 = (PC_3 - 0.0080727347431) * 17.6572768381086;
MPRINT(EM_DIAGRAM):   *** Standardize PC_4 ;
MPRINT(EM_DIAGRAM):   drop T_PC_4 ;
MPRINT(EM_DIAGRAM):   if missing( PC_4 ) then T_PC_4 = .;
MPRINT(EM_DIAGRAM):   else T_PC_4 = (PC_4 - 0.00119227878951) * 19.0059033625974;
MPRINT(EM_DIAGRAM):   *** Standardize PC_5 ;
MPRINT(EM_DIAGRAM):   drop T_PC_5 ;
MPRINT(EM_DIAGRAM):   if missing( PC_5 ) then T_PC_5 = .;
MPRINT(EM_DIAGRAM):   else T_PC_5 = (PC_5 - 0.00677147298244) * 20.2894697299779;
MPRINT(EM_DIAGRAM):   *** Standardize PC_6 ;
MPRINT(EM_DIAGRAM):   drop T_PC_6 ;
MPRINT(EM_DIAGRAM):   if missing( PC_6 ) then T_PC_6 = .;
MPRINT(EM_DIAGRAM):   else T_PC_6 = (PC_6 - 0.00532096437585) * 21.1181468754015;
MPRINT(EM_DIAGRAM):   *** Standardize PC_7 ;
MPRINT(EM_DIAGRAM):   drop T_PC_7 ;
MPRINT(EM_DIAGRAM):   if missing( PC_7 ) then T_PC_7 = .;
MPRINT(EM_DIAGRAM):   else T_PC_7 = (PC_7 - 0.00342454535797) * 21.5967491364649;
MPRINT(EM_DIAGRAM):   *** Standardize PC_8 ;
MPRINT(EM_DIAGRAM):   drop T_PC_8 ;
MPRINT(EM_DIAGRAM):   if missing( PC_8 ) then T_PC_8 = .;
MPRINT(EM_DIAGRAM):   else T_PC_8 = (PC_8 - 0.00329851446281) * 23.6591862709302;
MPRINT(EM_DIAGRAM):   *** Standardize PC_9 ;
MPRINT(EM_DIAGRAM):   drop T_PC_9 ;
MPRINT(EM_DIAGRAM):   if missing( PC_9 ) then T_PC_9 = .;
MPRINT(EM_DIAGRAM):   else T_PC_9 = (PC_9 - 0.00291827138231) * 25.4860305464463;
MPRINT(EM_DIAGRAM):   *** End Class Look-up, Standardization, Replacement ;
MPRINT(EM_DIAGRAM):   *** Omitted Cases;
MPRINT(EM_DIAGRAM):   if _dm_bad then do;
MPRINT(EM_DIAGRAM):   _SEGMENT_ = .;
MPRINT(EM_DIAGRAM):   Distance = .;
MPRINT(EM_DIAGRAM):   goto CLUS2vlex ;
MPRINT(EM_DIAGRAM):   end;
MPRINT(EM_DIAGRAM):   *** omitted;
MPRINT(EM_DIAGRAM):   *** Compute Distances and Cluster Membership;
MPRINT(EM_DIAGRAM):   label _SEGMENT_ = 'Id de segmento' ;
MPRINT(EM_DIAGRAM):   label Distance = 'Distancia' ;
MPRINT(EM_DIAGRAM):   array CLUS2vads [5] _temporary_;
MPRINT(EM_DIAGRAM):   drop _vqclus _vqmvar _vqnvar;
MPRINT(EM_DIAGRAM):   _vqmvar = 0;
MPRINT(EM_DIAGRAM):   do _vqclus = 1 to 5;
MPRINT(EM_DIAGRAM):   CLUS2vads [_vqclus] = 0;
MPRINT(EM_DIAGRAM):   end;
MPRINT(EM_DIAGRAM):   if not missing( T_PC_1 ) then do;
MPRINT(EM_DIAGRAM):   CLUS2vads [1] + ( T_PC_1 - 15.5264889083635 )**2;
MPRINT(EM_DIAGRAM):   CLUS2vads [2] + ( T_PC_1 - -0.06914895539166 )**2;
MPRINT(EM_DIAGRAM):   CLUS2vads [3] + ( T_PC_1 - 26.668151255032 )**2;
MPRINT(EM_DIAGRAM):   CLUS2vads [4] + ( T_PC_1 - -0.02930917579958 )**2;
MPRINT(EM_DIAGRAM):   CLUS2vads [5] + ( T_PC_1 - -0.04949094267249 )**2;
MPRINT(EM_DIAGRAM):   end;
MPRINT(EM_DIAGRAM):   else _vqmvar + 1;
MPRINT(EM_DIAGRAM):   if not missing( T_PC_10 ) then do;
MPRINT(EM_DIAGRAM):   CLUS2vads [1] + ( T_PC_10 - -0.83153288785156 )**2;
MPRINT(EM_DIAGRAM):   CLUS2vads [2] + ( T_PC_10 - -1.30850937726695 )**2;
MPRINT(EM_DIAGRAM):   CLUS2vads [3] + ( T_PC_10 - -0.02204527098626 )**2;
MPRINT(EM_DIAGRAM):   CLUS2vads [4] + ( T_PC_10 - 0.00806218185604 )**2;
MPRINT(EM_DIAGRAM):   CLUS2vads [5] + ( T_PC_10 - 0.00241744888599 )**2;
MPRINT(EM_DIAGRAM):   end;
MPRINT(EM_DIAGRAM):   else _vqmvar + 1;
MPRINT(EM_DIAGRAM):   if not missing( T_PC_11 ) then do;
MPRINT(EM_DIAGRAM):   CLUS2vads [1] + ( T_PC_11 - 0.60214525489265 )**2;
MPRINT(EM_DIAGRAM):   CLUS2vads [2] + ( T_PC_11 - 0.19273009413518 )**2;
MPRINT(EM_DIAGRAM):   CLUS2vads [3] + ( T_PC_11 - 0.01102224600697 )**2;
MPRINT(EM_DIAGRAM):   CLUS2vads [4] + ( T_PC_11 - 0.24940449678634 )**2;
MPRINT(EM_DIAGRAM):   CLUS2vads [5] + ( T_PC_11 - -0.10214894443003 )**2;
MPRINT(EM_DIAGRAM):   end;
MPRINT(EM_DIAGRAM):   else _vqmvar + 1;
MPRINT(EM_DIAGRAM):   if not missing( T_PC_12 ) then do;
MPRINT(EM_DIAGRAM):   CLUS2vads [1] + ( T_PC_12 - 0.0823560436075 )**2;
MPRINT(EM_DIAGRAM):   CLUS2vads [2] + ( T_PC_12 - -0.82986665077233 )**2;
MPRINT(EM_DIAGRAM):   CLUS2vads [3] + ( T_PC_12 - -0.11057830967328 )**2;
MPRINT(EM_DIAGRAM):   CLUS2vads [4] + ( T_PC_12 - -0.03758299072631 )**2;
MPRINT(EM_DIAGRAM):   CLUS2vads [5] + ( T_PC_12 - 0.01734378994259 )**2;
MPRINT(EM_DIAGRAM):   end;
MPRINT(EM_DIAGRAM):   else _vqmvar + 1;
MPRINT(EM_DIAGRAM):   if not missing( T_PC_13 ) then do;
MPRINT(EM_DIAGRAM):   CLUS2vads [1] + ( T_PC_13 - -0.01638102705868 )**2;
MPRINT(EM_DIAGRAM):   CLUS2vads [2] + ( T_PC_13 - -13.0713049365347 )**2;
MPRINT(EM_DIAGRAM):   CLUS2vads [3] + ( T_PC_13 - 0.02520698359054 )**2;
MPRINT(EM_DIAGRAM):   CLUS2vads [4] + ( T_PC_13 - 0.09841457208024 )**2;
MPRINT(EM_DIAGRAM):   CLUS2vads [5] + ( T_PC_13 - -0.00271400887534 )**2;
MPRINT(EM_DIAGRAM):   end;
MPRINT(EM_DIAGRAM):   else _vqmvar + 1;
MPRINT(EM_DIAGRAM):   if not missing( T_PC_14 ) then do;
MPRINT(EM_DIAGRAM):   CLUS2vads [1] + ( T_PC_14 - -0.094565104893 )**2;
MPRINT(EM_DIAGRAM):   CLUS2vads [2] + ( T_PC_14 - 5.42565236065123 )**2;
MPRINT(EM_DIAGRAM):   CLUS2vads [3] + ( T_PC_14 - 0.2119418917834 )**2;
MPRINT(EM_DIAGRAM):   CLUS2vads [4] + ( T_PC_14 - -0.06446884870929 )**2;
MPRINT(EM_DIAGRAM):   CLUS2vads [5] + ( T_PC_14 - 0.01064306056881 )**2;
MPRINT(EM_DIAGRAM):   end;
MPRINT(EM_DIAGRAM):   else _vqmvar + 1;
MPRINT(EM_DIAGRAM):   if not missing( T_PC_15 ) then do;
MPRINT(EM_DIAGRAM):   CLUS2vads [1] + ( T_PC_15 - -0.16965279509491 )**2;
MPRINT(EM_DIAGRAM):   CLUS2vads [2] + ( T_PC_15 - -0.03971512558728 )**2;
MPRINT(EM_DIAGRAM):   CLUS2vads [3] + ( T_PC_15 - 0.0538158943611 )**2;
MPRINT(EM_DIAGRAM):   CLUS2vads [4] + ( T_PC_15 - 0.1480763161813 )**2;
MPRINT(EM_DIAGRAM):   CLUS2vads [5] + ( T_PC_15 - -0.05902130629325 )**2;
MPRINT(EM_DIAGRAM):   end;
MPRINT(EM_DIAGRAM):   else _vqmvar + 1;
MPRINT(EM_DIAGRAM):   if not missing( T_PC_16 ) then do;
MPRINT(EM_DIAGRAM):   CLUS2vads [1] + ( T_PC_16 - 0.01501814732573 )**2;
MPRINT(EM_DIAGRAM):   CLUS2vads [2] + ( T_PC_16 - 1.37710815720913 )**2;
MPRINT(EM_DIAGRAM):   CLUS2vads [3] + ( T_PC_16 - -0.24287955570695 )**2;
MPRINT(EM_DIAGRAM):   CLUS2vads [4] + ( T_PC_16 - -0.36862297512128 )**2;
MPRINT(EM_DIAGRAM):   CLUS2vads [5] + ( T_PC_16 - 0.14438727645957 )**2;
MPRINT(EM_DIAGRAM):   end;
MPRINT(EM_DIAGRAM):   else _vqmvar + 1;
MPRINT(EM_DIAGRAM):   if not missing( T_PC_17 ) then do;
MPRINT(EM_DIAGRAM):   CLUS2vads [1] + ( T_PC_17 - 0.07968109065288 )**2;
MPRINT(EM_DIAGRAM):   CLUS2vads [2] + ( T_PC_17 - -5.34242623571664 )**2;
MPRINT(EM_DIAGRAM):   CLUS2vads [3] + ( T_PC_17 - -0.03338578591271 )**2;
MPRINT(EM_DIAGRAM):   CLUS2vads [4] + ( T_PC_17 - -0.56580756509506 )**2;
MPRINT(EM_DIAGRAM):   CLUS2vads [5] + ( T_PC_17 - 0.24216527416904 )**2;
MPRINT(EM_DIAGRAM):   end;
MPRINT(EM_DIAGRAM):   else _vqmvar + 1;
MPRINT(EM_DIAGRAM):   if not missing( T_PC_18 ) then do;
MPRINT(EM_DIAGRAM):   CLUS2vads [1] + ( T_PC_18 - 0.25417990421366 )**2;
MPRINT(EM_DIAGRAM):   CLUS2vads [2] + ( T_PC_18 - 0.71432338788043 )**2;
MPRINT(EM_DIAGRAM):   CLUS2vads [3] + ( T_PC_18 - 0.01113217169417 )**2;
MPRINT(EM_DIAGRAM):   CLUS2vads [4] + ( T_PC_18 - 0.22328738370922 )**2;
MPRINT(EM_DIAGRAM):   CLUS2vads [5] + ( T_PC_18 - -0.09231023211958 )**2;
MPRINT(EM_DIAGRAM):   end;
MPRINT(EM_DIAGRAM):   else _vqmvar + 1;
MPRINT(EM_DIAGRAM):   if not missing( T_PC_19 ) then do;
MPRINT(EM_DIAGRAM):   CLUS2vads [1] + ( T_PC_19 - 0.7911526982572 )**2;
MPRINT(EM_DIAGRAM):   CLUS2vads [2] + ( T_PC_19 - -1.33644863594249 )**2;
MPRINT(EM_DIAGRAM):   CLUS2vads [3] + ( T_PC_19 - 0.15072550354855 )**2;
MPRINT(EM_DIAGRAM):   CLUS2vads [4] + ( T_PC_19 - 0.29606071033293 )**2;
MPRINT(EM_DIAGRAM):   CLUS2vads [5] + ( T_PC_19 - -0.1171593105245 )**2;
MPRINT(EM_DIAGRAM):   end;
MPRINT(EM_DIAGRAM):   else _vqmvar + 1;
MPRINT(EM_DIAGRAM):   if not missing( T_PC_2 ) then do;
MPRINT(EM_DIAGRAM):   CLUS2vads [1] + ( T_PC_2 - -12.0575599506491 )**2;
MPRINT(EM_DIAGRAM):   CLUS2vads [2] + ( T_PC_2 - 0.53548331905232 )**2;
MPRINT(EM_DIAGRAM):   CLUS2vads [3] + ( T_PC_2 - -26.5931672666907 )**2;
MPRINT(EM_DIAGRAM):   CLUS2vads [4] + ( T_PC_2 - 0.15682325951724 )**2;
MPRINT(EM_DIAGRAM):   CLUS2vads [5] + ( T_PC_2 - -0.01125268689556 )**2;
MPRINT(EM_DIAGRAM):   end;
MPRINT(EM_DIAGRAM):   else _vqmvar + 1;
MPRINT(EM_DIAGRAM):   if not missing( T_PC_20 ) then do;
MPRINT(EM_DIAGRAM):   CLUS2vads [1] + ( T_PC_20 - 0.0857931667981 )**2;
MPRINT(EM_DIAGRAM):   CLUS2vads [2] + ( T_PC_20 - -5.45992221406567 )**2;
MPRINT(EM_DIAGRAM):   CLUS2vads [3] + ( T_PC_20 - -0.03574964321042 )**2;
MPRINT(EM_DIAGRAM):   CLUS2vads [4] + ( T_PC_20 - 0.09877097115351 )**2;
MPRINT(EM_DIAGRAM):   CLUS2vads [5] + ( T_PC_20 - -0.02447014761641 )**2;
MPRINT(EM_DIAGRAM):   end;
MPRINT(EM_DIAGRAM):   else _vqmvar + 1;
MPRINT(EM_DIAGRAM):   if not missing( T_PC_3 ) then do;
MPRINT(EM_DIAGRAM):   CLUS2vads [1] + ( T_PC_3 - -0.23870680694226 )**2;
MPRINT(EM_DIAGRAM):   CLUS2vads [2] + ( T_PC_3 - 0.26870647952433 )**2;
MPRINT(EM_DIAGRAM):   CLUS2vads [3] + ( T_PC_3 - 1.01537534278583 )**2;
MPRINT(EM_DIAGRAM):   CLUS2vads [4] + ( T_PC_3 - 0.10476342184508 )**2;
MPRINT(EM_DIAGRAM):   CLUS2vads [5] + ( T_PC_3 - -0.04323179006447 )**2;
MPRINT(EM_DIAGRAM):   end;
MPRINT(EM_DIAGRAM):   else _vqmvar + 1;
MPRINT(EM_DIAGRAM):   if not missing( T_PC_4 ) then do;
MPRINT(EM_DIAGRAM):   CLUS2vads [1] + ( T_PC_4 - -3.05792251941242 )**2;
MPRINT(EM_DIAGRAM):   CLUS2vads [2] + ( T_PC_4 - 0.09477108048681 )**2;
MPRINT(EM_DIAGRAM):   CLUS2vads [3] + ( T_PC_4 - 8.22204768794035 )**2;
MPRINT(EM_DIAGRAM):   CLUS2vads [4] + ( T_PC_4 - -0.21299127170708 )**2;
MPRINT(EM_DIAGRAM):   CLUS2vads [5] + ( T_PC_4 - 0.08474773313914 )**2;
MPRINT(EM_DIAGRAM):   end;
MPRINT(EM_DIAGRAM):   else _vqmvar + 1;
MPRINT(EM_DIAGRAM):   if not missing( T_PC_5 ) then do;
MPRINT(EM_DIAGRAM):   CLUS2vads [1] + ( T_PC_5 - -14.1860080384831 )**2;
MPRINT(EM_DIAGRAM):   CLUS2vads [2] + ( T_PC_5 - 1.32925442581598 )**2;
MPRINT(EM_DIAGRAM):   CLUS2vads [3] + ( T_PC_5 - 18.7160264635441 )**2;
MPRINT(EM_DIAGRAM):   CLUS2vads [4] + ( T_PC_5 - 0.08161881152368 )**2;
MPRINT(EM_DIAGRAM):   CLUS2vads [5] + ( T_PC_5 - -0.02080865413131 )**2;
MPRINT(EM_DIAGRAM):   end;
MPRINT(EM_DIAGRAM):   else _vqmvar + 1;
MPRINT(EM_DIAGRAM):   if not missing( T_PC_6 ) then do;
MPRINT(EM_DIAGRAM):   CLUS2vads [1] + ( T_PC_6 - 10.3374765452981 )**2;
MPRINT(EM_DIAGRAM):   CLUS2vads [2] + ( T_PC_6 - 2.38765395718073 )**2;
MPRINT(EM_DIAGRAM):   CLUS2vads [3] + ( T_PC_6 - -8.95011168807573 )**2;
MPRINT(EM_DIAGRAM):   CLUS2vads [4] + ( T_PC_6 - -0.09518962692566 )**2;
MPRINT(EM_DIAGRAM):   CLUS2vads [5] + ( T_PC_6 - 0.01565895708819 )**2;
MPRINT(EM_DIAGRAM):   end;
MPRINT(EM_DIAGRAM):   else _vqmvar + 1;
MPRINT(EM_DIAGRAM):   if not missing( T_PC_7 ) then do;
MPRINT(EM_DIAGRAM):   CLUS2vads [1] + ( T_PC_7 - 0.7585850668802 )**2;
MPRINT(EM_DIAGRAM):   CLUS2vads [2] + ( T_PC_7 - 1.58150017262765 )**2;
MPRINT(EM_DIAGRAM):   CLUS2vads [3] + ( T_PC_7 - -0.73588701766305 )**2;
MPRINT(EM_DIAGRAM):   CLUS2vads [4] + ( T_PC_7 - -0.34949193650128 )**2;
MPRINT(EM_DIAGRAM):   CLUS2vads [5] + ( T_PC_7 - 0.1348451174614 )**2;
MPRINT(EM_DIAGRAM):   end;
MPRINT(EM_DIAGRAM):   else _vqmvar + 1;
MPRINT(EM_DIAGRAM):   if not missing( T_PC_8 ) then do;
MPRINT(EM_DIAGRAM):   CLUS2vads [1] + ( T_PC_8 - 1.79365774666781 )**2;
MPRINT(EM_DIAGRAM):   CLUS2vads [2] + ( T_PC_8 - -2.43703912812464 )**2;
MPRINT(EM_DIAGRAM):   CLUS2vads [3] + ( T_PC_8 - -0.44482916059592 )**2;
MPRINT(EM_DIAGRAM):   CLUS2vads [4] + ( T_PC_8 - 0.7783704780231 )**2;
MPRINT(EM_DIAGRAM):   CLUS2vads [5] + ( T_PC_8 - -0.30959245651392 )**2;
MPRINT(EM_DIAGRAM):   end;
MPRINT(EM_DIAGRAM):   else _vqmvar + 1;
MPRINT(EM_DIAGRAM):   if not missing( T_PC_9 ) then do;
MPRINT(EM_DIAGRAM):   CLUS2vads [1] + ( T_PC_9 - 0.54658033787144 )**2;
MPRINT(EM_DIAGRAM):   CLUS2vads [2] + ( T_PC_9 - -2.66123840623839 )**2;
MPRINT(EM_DIAGRAM):   CLUS2vads [3] + ( T_PC_9 - -0.18398138922751 )**2;
MPRINT(EM_DIAGRAM):   CLUS2vads [4] + ( T_PC_9 - -0.26640848207139 )**2;
MPRINT(EM_DIAGRAM):   CLUS2vads [5] + ( T_PC_9 - 0.11339659886421 )**2;
MPRINT(EM_DIAGRAM):   end;
MPRINT(EM_DIAGRAM):   else _vqmvar + 1;
MPRINT(EM_DIAGRAM):   _vqnvar = 20 - _vqmvar;
MPRINT(EM_DIAGRAM):   if _vqnvar <= 4.5474735088646E-11 then do;
MPRINT(EM_DIAGRAM):   _SEGMENT_ = .;
MPRINT(EM_DIAGRAM):   Distance = .;
MPRINT(EM_DIAGRAM):   end;
MPRINT(EM_DIAGRAM):   else do;
MPRINT(EM_DIAGRAM):   _SEGMENT_ = 1;
MPRINT(EM_DIAGRAM):   Distance = CLUS2vads [1];
MPRINT(EM_DIAGRAM):   _vqfzdst = Distance * 0.99999999999988;
MPRINT(EM_DIAGRAM):   drop _vqfzdst;
MPRINT(EM_DIAGRAM):   do _vqclus = 2 to 5;
MPRINT(EM_DIAGRAM):   if CLUS2vads [_vqclus] < _vqfzdst then do;
MPRINT(EM_DIAGRAM):   _SEGMENT_ = _vqclus;
MPRINT(EM_DIAGRAM):   Distance = CLUS2vads [_vqclus];
MPRINT(EM_DIAGRAM):   _vqfzdst = Distance * 0.99999999999988;
MPRINT(EM_DIAGRAM):   end;
MPRINT(EM_DIAGRAM):   end;
MPRINT(EM_DIAGRAM):   Distance = sqrt(Distance * (20 / _vqnvar));
MPRINT(EM_DIAGRAM):   end;
MPRINT(EM_DIAGRAM):   CLUS2vlex :;
MPRINT(EM_DIAGRAM):   ***************************************;
MPRINT(EM_DIAGRAM):   *** End Scoring Code from PROC DMVQ ***;
MPRINT(EM_DIAGRAM):   ***************************************;
MPRINT(EM_DIAGRAM):   *------------------------------------------------------------*;
MPRINT(EM_DIAGRAM):   * Clus2: Creating Segment Label;
MPRINT(EM_DIAGRAM):   *------------------------------------------------------------*;
MPRINT(EM_DIAGRAM):   length _SEGMENT_LABEL_ $80;
MPRINT(EM_DIAGRAM):   label _SEGMENT_LABEL_= 'Segment Description';
MPRINT(EM_DIAGRAM):   if _SEGMENT_ = 1 then _SEGMENT_LABEL_="Cluster1";
MPRINT(EM_DIAGRAM):   else if _SEGMENT_ = 2 then _SEGMENT_LABEL_="Cluster2";
MPRINT(EM_DIAGRAM):   else if _SEGMENT_ = 3 then _SEGMENT_LABEL_="Cluster3";
MPRINT(EM_DIAGRAM):   else if _SEGMENT_ = 4 then _SEGMENT_LABEL_="Cluster4";
MPRINT(EM_DIAGRAM):   else if _SEGMENT_ = 5 then _SEGMENT_LABEL_="Cluster5";
18859      run;
MPRINT(EM_DIAGRAM):   run;

NOTE: DATA STEP view saved on file EMWS1.CLUS2_TRAIN.
NOTE: A stored DATA STEP view cannot run under a different operating system.
NOTE: Vista EMWS1.PRINCOMP_TRAIN.VIEW ha utilizado (Tiempo de proceso total):
      real time           0.08 seconds
      cpu time            0.07 seconds
      
NOTE: DATA statement ha utilizado (Tiempo de proceso total):
      real time           0.09 seconds
      cpu time            0.10 seconds
      

MPRINT(EM_DIAGRAM):   quit;
18860      quit;
18861      filename emflow;
MPRINT(EM_DIAGRAM):   filename emflow;
NOTE: Fileref EMFLOW has been deassigned.
18862      *------------------------------------------------------------*;
MPRINT(EM_DIAGRAM):    *------------------------------------------------------------*;
18863      * Clus2: Computing metadata for TRAIN data;
MPRINT(EM_DIAGRAM):   * Clus2: Computing metadata for TRAIN data;
18864      *------------------------------------------------------------*;
MPRINT(EM_DIAGRAM):   *------------------------------------------------------------*;

NOTE: Vista EMWS1.CLUS2_TRAIN.VIEW ha utilizado (Tiempo de proceso total):
      real time           0.10 seconds
      cpu time            0.11 seconds
      
MPRINT(EM_DIAGRAM):    *------------------------------------------------------------*;
MPRINT(EM_DIAGRAM):   * &nodeid: Computing Metadata for TRAIN data;
MPRINT(EM_DIAGRAM):   *------------------------------------------------------------*;
MPRINT(EM_DIAGRAM):   filename _delta "C:\Users\Admin\Documents\GitHub\AMUL-PRACTICA\practica_AMUL\Workspaces\EMWS1\Clus2\CDELTA_TRAIN.sas";
MPRINT(EMADVISECOLUMNS):   proc display c=sashelp.emmeta.advisecolumns.scl;
MPRINT(EMADVISECOLUMNS):   run;
MPRINT(EMADVISECOLUMNS):    options validvarname=any;
MPRINT(EMADVISECOLUMNS):   proc contents data=EMWS1.Clus2_TRAIN out=_tempAdvisor noprint;
MPRINT(EMADVISECOLUMNS):   run;
MPRINT(EMADVISECOLUMNS):   options validvarname=V7;
MPRINT(EMADVISECOLUMNS):    data _null_;
MPRINT(EMADVISECOLUMNS):   dsid = open('EMWS1.Clus2_TRAIN');
MPRINT(EMADVISECOLUMNS):   call symput('_dsidTable', strip(put(dsid, best.)));
MPRINT(EMADVISECOLUMNS):   if dsid then do;
MPRINT(EMADVISECOLUMNS):   call symput('_engineTable', attrc(dsid, 'ENGINE'));
MPRINT(EMADVISECOLUMNS):   dsid = close(dsid);
MPRINT(EMADVISECOLUMNS):   end;
MPRINT(EMADVISECOLUMNS):   run;
MPRINT(EMADVISECOLUMNS):    proc contents data=EMWS1.Clus2_TRAIN out=WORK.M35WP45J noprint;
MPRINT(EMADVISECOLUMNS):   run;
MPRINT(EMADVISECOLUMNS):    data WORK.M35WP45J;
MPRINT(EMADVISECOLUMNS):   length NAME $ 64 TYPE $ 1 LABEL $ 200 FORMAT $ 36 INFORMAT $36 INDEX $ 1 INDEXTYPE $ 9;
MPRINT(EMADVISECOLUMNS):   label NAME =;
MPRINT(EMADVISECOLUMNS):   set WORK.M35WP45J(keep=name type length label format formatl formatd informat informl informd idxusage rename=(type=itype));
MPRINT(EMADVISECOLUMNS):   if itype = 1 then type = 'N';
MPRINT(EMADVISECOLUMNS):   else type = 'C';
MPRINT(EMADVISECOLUMNS):   if formatl > 0 then do;
MPRINT(EMADVISECOLUMNS):   if format ne '' then do;
MPRINT(EMADVISECOLUMNS):   if type='N' then format = strip(format)!!strip(put(formatl, best12.))!!'.'!!strip(put(formatd, best12.));
MPRINT(EMADVISECOLUMNS):   else format = strip(format)!!strip(put(formatl, best12.))!!'.';
MPRINT(EMADVISECOLUMNS):   end;
MPRINT(EMADVISECOLUMNS):   else format = strip(put(formatl, best12.))!!'.'!!strip(put(formatd, best12.));
MPRINT(EMADVISECOLUMNS):   end;
MPRINT(EMADVISECOLUMNS):   else if format ne '' then format = strip(format)!!'.';
MPRINT(EMADVISECOLUMNS):   if informl > 0 then do;
MPRINT(EMADVISECOLUMNS):   if informat ne ' ' then do;
MPRINT(EMADVISECOLUMNS):   if type='N' then informat = strip(informat)!!strip(put(informl, best12.))!!'.'!!strip(put(informd, best12.));
MPRINT(EMADVISECOLUMNS):   else informat = strip(informat)!!strip(put(informl, best12.))!!'.';
MPRINT(EMADVISECOLUMNS):   end;
MPRINT(EMADVISECOLUMNS):   else informat = strip(put(informl, best12.))!!'.'!!strip(put(informd, best12.));
MPRINT(EMADVISECOLUMNS):   end;
MPRINT(EMADVISECOLUMNS):   else if informat ne '' then informat = strip(informat)!!'.';
MPRINT(EMADVISECOLUMNS):   if idxusage = 'NONE' then index ="N";
MPRINT(EMADVISECOLUMNS):   else index = "Y";
MPRINT(EMADVISECOLUMNS):   indextype = idxusage;
MPRINT(EMADVISECOLUMNS):   drop idxusage itype formatl formatd informl informd;
MPRINT(EMADVISECOLUMNS):   run;
MPRINT(EMADVISECOLUMNS):    data WORK.M35WP45J;
MPRINT(EMADVISECOLUMNS):   length UNAME $64;
MPRINT(EMADVISECOLUMNS):   set WORK.M35WP45J;
MPRINT(EMADVISECOLUMNS):   UNAME = upcase(NAME);
MPRINT(EMADVISECOLUMNS):   run;
MPRINT(EMADVISECOLUMNS):    proc sort data=WORK.M23KKD5I NOTHREADS;
MPRINT(EMADVISECOLUMNS):   by UNAME;
MPRINT(EMADVISECOLUMNS):   run;
MPRINT(EMADVISECOLUMNS):    data WORK.M23KKD5I;
MPRINT(EMADVISECOLUMNS):   drop UNAME;
MPRINT(EMADVISECOLUMNS):   set WORK.M23KKD5I;
MPRINT(EMADVISECOLUMNS):   run;
MPRINT(EMADVISECOLUMNS):    data WORK.M2JFTNWR(keep=NAME ATTR);
MPRINT(EMADVISECOLUMNS):   length ATTR $ 20;
MPRINT(EMADVISECOLUMNS):   set WORK.M23KKD5I;
MPRINT(EMADVISECOLUMNS):   if level ne "INTERVAL" then do;
MPRINT(EMADVISECOLUMNS):   if order = ' ' then do;
MPRINT(EMADVISECOLUMNS):   attr = 'ORDER';
MPRINT(EMADVISECOLUMNS):   output;
MPRINT(EMADVISECOLUMNS):   end;
MPRINT(EMADVISECOLUMNS):   end;
MPRINT(EMADVISECOLUMNS):   if format ne ' ' and formattype = ' ' then do;
MPRINT(EMADVISECOLUMNS):   attr = 'FORMATTYPE';
MPRINT(EMADVISECOLUMNS):   output;
MPRINT(EMADVISECOLUMNS):   end;
MPRINT(EMADVISECOLUMNS):   if role = ' ' then do;
MPRINT(EMADVISECOLUMNS):   attr = 'ROLE';
MPRINT(EMADVISECOLUMNS):   output;
MPRINT(EMADVISECOLUMNS):   end;
MPRINT(EMADVISECOLUMNS):   if level = ' ' then do;
MPRINT(EMADVISECOLUMNS):   attr = 'LEVEL';
MPRINT(EMADVISECOLUMNS):   output;
MPRINT(EMADVISECOLUMNS):   end;
MPRINT(EMADVISECOLUMNS):   if type = ' ' then do;
MPRINT(EMADVISECOLUMNS):   attr = 'TYPE';
MPRINT(EMADVISECOLUMNS):   output;
MPRINT(EMADVISECOLUMNS):   end;
MPRINT(EMADVISECOLUMNS):   if index = ' ' then do;
MPRINT(EMADVISECOLUMNS):   attr = 'INDEX';
MPRINT(EMADVISECOLUMNS):   output;
MPRINT(EMADVISECOLUMNS):   end;
MPRINT(EMADVISECOLUMNS):   if report = ' ' then do;
MPRINT(EMADVISECOLUMNS):   attr = 'REPORT';
MPRINT(EMADVISECOLUMNS):   output;
MPRINT(EMADVISECOLUMNS):   end;
MPRINT(EMADVISECOLUMNS):   run;
MPRINT(EMADVISECOLUMNS):   proc sort NOTHREADS;
MPRINT(EMADVISECOLUMNS):   by attr;
MPRINT(EMADVISECOLUMNS):   run;
MPRINT(EMADVISECOLUMNS):    data WORK.M23KKD5I;
MPRINT(EMADVISECOLUMNS):   length NAME $64 ROLE $ 32 LEVEL $ 10 ORDER $ 8 CREATOR $32 FORMATTYPE $ 10 FAMILY $ 10 LOWERLIMIT 8 UPPERLIMIT 8 REPORT $1 DISTRIBUTION $ 20 COMMENT $64;
MPRINT(EMADVISECOLUMNS):   length levelAssigned 8 roleAssigned 8 PRICE 8;
MPRINT(EMADVISECOLUMNS):   set WORK.M23KKD5I;
MPRINT(EMADVISECOLUMNS):   if formattype = ' ' then do;
MPRINT(EMADVISECOLUMNS):   if format ne ' ' then do;
MPRINT(EMADVISECOLUMNS):   if type = 'N' then do;
MPRINT(EMADVISECOLUMNS):   pos = indexc(format,'.1234567890');
MPRINT(EMADVISECOLUMNS):   if pos > 1 then tempfmt = substr(format,1, pos-1);
MPRINT(EMADVISECOLUMNS):   else tempfmt = ' ';
MPRINT(EMADVISECOLUMNS):   flen = length(tempfmt);
MPRINT(EMADVISECOLUMNS):   select;
MPRINT(EMADVISECOLUMNS):   when(tempfmt in ("DATE" "DAY" "DDMMYY" "DOWNAME" "JULDAY" "JULIAN" "MMDDYY" "MMDDYYD" "MMDDYYC" "MMDDYYN" "MMDDYYP" "MMDDYYS" "MONNAME" "MONTH" "MONYY" "NENGO" "QTR" "QTRR" "WEEKDATE" "WEEKDATX" "WEEKDAY" "WORDDATE" "WORDDATX" 
"YEAR" "YYMMDD" "YYMON" "YYMMDDC" "YYMMDDD" "YYMMDDN" "YYMMDDP" "YYMMDDS" "EURDFDE" "NJDATE" "NLDATE" "EURDFDD" "EURDFDWN" "EURDFMN" "EURDFMY" "EURDFWK" "EURDFWKX" "EURDFWDX" "EURDFDN" "EURDFDE" )) formattype = 'DATE';
MPRINT(EMADVISECOLUMNS):   when(tempfmt in ("DATETIME" "EURDFDT" "TOD" )) formattype = "DATETIME";
MPRINT(EMADVISECOLUMNS):   when(tempfmt in ("HHMM" "HOUR" "MMSS" "TIME" "TIMEAMPM" )) formattype = "TIME";
MPRINT(EMADVISECOLUMNS):   when(tempfmt in ("COMMA" "COMMAX" "DOLLAR" "DOLLARX" "E" "FRACT" "NEGPAREN" "PERCENT")) formattype="QUANTITY";
MPRINT(EMADVISECOLUMNS):   when(tempfmt in ("BINARY" "HEX" "IB" "OCTAL" "PD" "PIB" "PK" "RB" "SSN" "Z" "ZD")) formattype = "CODING";
MPRINT(EMADVISECOLUMNS):   otherwise do;
MPRINT(EMADVISECOLUMNS):   formattype = "USER";
MPRINT(EMADVISECOLUMNS):   if compress(tempfmt, '0123456789.', '') = '' then formattype='NUM';
MPRINT(EMADVISECOLUMNS):   else if substr(tempfmt, 1, 6)='NLDATE' then formattype = "DATE";
MPRINT(EMADVISECOLUMNS):   else if substr(tempfmt, 1, 6)='NLDATM' then formattype = "DATETIME";
MPRINT(EMADVISECOLUMNS):   else if substr(tempfmt, 1, 4)='NLTIM' then formattype = "TIME";
MPRINT(EMADVISECOLUMNS):   else if flen >= 4 then do;
MPRINT(EMADVISECOLUMNS):   str = substr(tempfmt,1,4);
MPRINT(EMADVISECOLUMNS):   if str in ("MMYY" "YYMM" "YYQR") then formattype ="DATE";
MPRINT(EMADVISECOLUMNS):   else if str = "S370" then formattype = "CODING";
MPRINT(EMADVISECOLUMNS):   else if str = "BEST" then formattype = "NUM";
MPRINT(EMADVISECOLUMNS):   drop str;
MPRINT(EMADVISECOLUMNS):   end;
MPRINT(EMADVISECOLUMNS):   else if flen >=3 and substr(tempfmt,1,3) = "YYQ" then formatType = "DATE";
MPRINT(EMADVISECOLUMNS):   end;
MPRINT(EMADVISECOLUMNS):   end;
MPRINT(EMADVISECOLUMNS):   drop flen tempfmt pos;
MPRINT(EMADVISECOLUMNS):   end;
MPRINT(EMADVISECOLUMNS):   else do;
MPRINT(EMADVISECOLUMNS):   formatType = "CATEGORY";
MPRINT(EMADVISECOLUMNS):   end;
MPRINT(EMADVISECOLUMNS):   end;
MPRINT(EMADVISECOLUMNS):   if formatType = "NUM" then do;
MPRINT(EMADVISECOLUMNS):   if index = "Y" then formatType = "DISCRETE";
MPRINT(EMADVISECOLUMNS):   else formatType = "QUANTITY";
MPRINT(EMADVISECOLUMNS):   end;
MPRINT(EMADVISECOLUMNS):   end;
MPRINT(EMADVISECOLUMNS):   if level = ' ' then do;
MPRINT(EMADVISECOLUMNS):   if formatType in ("CATEGORY", "CODING", "ID") or type = "C" then level = "NOMINAL";
MPRINT(EMADVISECOLUMNS):   else level = "INTERVAL";
MPRINT(EMADVISECOLUMNS):   levelAssigned = 1;
MPRINT(EMADVISECOLUMNS):   end;
MPRINT(EMADVISECOLUMNS):   else level = upcase(level);
MPRINT(EMADVISECOLUMNS):   if role = ' ' then do;
MPRINT(EMADVISECOLUMNS):   length name_prefix $8 _uname $64;
MPRINT(EMADVISECOLUMNS):   drop name_prefix _uname _freqflag;
MPRINT(EMADVISECOLUMNS):   retain _freqflag;
MPRINT(EMADVISECOLUMNS):   if LENGTH> 80 then ROLE = 'TEXT';
MPRINT(EMADVISECOLUMNS):   _uname = upcase(NAME);
MPRINT(EMADVISECOLUMNS):   select(_uname);
MPRINT(EMADVISECOLUMNS):   when('_PARTIND_') do;
MPRINT(EMADVISECOLUMNS):   ROLE = 'ID';
MPRINT(EMADVISECOLUMNS):   LEVEL = 'NOMINAL';
MPRINT(EMADVISECOLUMNS):   end;
MPRINT(EMADVISECOLUMNS):   when('_WARN_') ROLE = 'ASSESS';
MPRINT(EMADVISECOLUMNS):   when('EM_SEGMENT') do;
MPRINT(EMADVISECOLUMNS):   ROLE = 'SEGMENT';
MPRINT(EMADVISECOLUMNS):   LEVEL = 'NOMINAL';
MPRINT(EMADVISECOLUMNS):   end;
MPRINT(EMADVISECOLUMNS):   when('_NODE_') do;
MPRINT(EMADVISECOLUMNS):   ROLE = 'SEGMENT';
MPRINT(EMADVISECOLUMNS):   LEVEL = 'NOMINAL';
MPRINT(EMADVISECOLUMNS):   end;
MPRINT(EMADVISECOLUMNS):   when('EM_CLASSTARGET') ROLE = 'ASSESS';
MPRINT(EMADVISECOLUMNS):   when('EM_VALUETARGET') ROLE = 'ASSESS';
MPRINT(EMADVISECOLUMNS):   when('EM_PREDICTION') ROLE = 'PREDICT';
MPRINT(EMADVISECOLUMNS):   when('EM_PROBABILITY') ROLE = 'PREDICT';
MPRINT(EMADVISECOLUMNS):   when('EM_EVENTPROBABILITY') ROLE = 'PREDICT';
MPRINT(EMADVISECOLUMNS):   when('EM_CLASSIFICATION') ROLE = 'CLASSIFICATION';
MPRINT(EMADVISECOLUMNS):   when('EM_DECISION') ROLE = 'DECISION';
MPRINT(EMADVISECOLUMNS):   when('EM_PROFIT') ROLE = 'ASSESS';
MPRINT(EMADVISECOLUMNS):   when('EM_LOSS') ROLE = 'ASSESS';
MPRINT(EMADVISECOLUMNS):   when('EM_ROI') ROLE = 'ASSESS';
MPRINT(EMADVISECOLUMNS):   when('URI') ROLE = 'URL';
MPRINT(EMADVISECOLUMNS):   when('FILTERED') ROLE = 'TEXTLOC';
MPRINT(EMADVISECOLUMNS):   otherwise do;
MPRINT(EMADVISECOLUMNS):   if upcase(NAME) =: 'ZIP' then do;
MPRINT(EMADVISECOLUMNS):   ROLE = 'REJECTED';
MPRINT(EMADVISECOLUMNS):   LEVEL = 'NOMINAL';
MPRINT(EMADVISECOLUMNS):   COMMENT = 'Rejected by: Exceed the maximum class level of %s';
MPRINT(EMADVISECOLUMNS):   end;
MPRINT(EMADVISECOLUMNS):   else if upcase(NAME) in('FREQ', 'FREQUENCY') then do;
MPRINT(EMADVISECOLUMNS):   ROLE = 'FREQ';
MPRINT(EMADVISECOLUMNS):   if TYPE = 'C' then ROLE = 'INPUT';
MPRINT(EMADVISECOLUMNS):   else if _freqflag =1 then ROLE='REJECTED';
MPRINT(EMADVISECOLUMNS):   end;
MPRINT(EMADVISECOLUMNS):   else do;
MPRINT(EMADVISECOLUMNS):   name_prefix = scan(_uname, 1, '_');
MPRINT(EMADVISECOLUMNS):   if scan(_uname, 2, '_') = '' then name_prefix='';
MPRINT(EMADVISECOLUMNS):   if name_prefix in('F', 'I', 'U') then do;
MPRINT(EMADVISECOLUMNS):   ROLE = 'CLASSIFICATION';
MPRINT(EMADVISECOLUMNS):   LEVEL = 'NOMINAL';
MPRINT(EMADVISECOLUMNS):   end;
MPRINT(EMADVISECOLUMNS):   else if name_prefix in('Q') then ROLE = 'ASSESS';
MPRINT(EMADVISECOLUMNS):   else if name_prefix in('P', 'V') then ROLE = 'PREDICT';
MPRINT(EMADVISECOLUMNS):   else if name_prefix in('R', 'RS', 'RT', 'RD', 'RDS', 'RDT', 'RA', 'RAS', 'RAT') then ROLE = 'RESIDUAL';
MPRINT(EMADVISECOLUMNS):   else if name_prefix ='D' then do;
MPRINT(EMADVISECOLUMNS):   ROLE = 'DECISION';
MPRINT(EMADVISECOLUMNS):   LEVEL = 'NOMINAL';
MPRINT(EMADVISECOLUMNS):   end;
MPRINT(EMADVISECOLUMNS):   else if name_prefix ='B' then do;
MPRINT(EMADVISECOLUMNS):   ROLE = 'SEGMENT';
MPRINT(EMADVISECOLUMNS):   LEVEL = 'NOMINAL';
MPRINT(EMADVISECOLUMNS):   end;
MPRINT(EMADVISECOLUMNS):   else if name_prefix in('EP', 'BP', 'CP', 'EL', 'CL', 'BL', 'ROI', 'IC') then ROLE = 'ASSESS';
MPRINT(EMADVISECOLUMNS):   else do;
MPRINT(EMADVISECOLUMNS):   array _ROLE_ (19) $32 _TEMPORARY_ ('ASSESS','CLASSIFICATION','CENSOR', 'COST', 'CROSSID', 'DECISION', 'ID','INPUT', 'LABEL', 'MISSING','PREDICT','REFERRER','REJECTED', 'RESIDUAL','SEGMENT', 'SEQUENCE','TARGET', 'TEXT', 'TIMEID');
MPRINT(EMADVISECOLUMNS):   drop _found_ i;
MPRINT(EMADVISECOLUMNS):   _found_=0;
MPRINT(EMADVISECOLUMNS):   do i=1 to 19 until(_found_=1);
MPRINT(EMADVISECOLUMNS):   if index(_uname, trim(_ROLE_{i}))=1 then do;
MPRINT(EMADVISECOLUMNS):   ROLE=_ROLE_{i};
MPRINT(EMADVISECOLUMNS):   if ROLE = 'ID' then LEVEL = 'NOMINAL';
MPRINT(EMADVISECOLUMNS):   else if ROLE = 'SEGMENT' then LEVEL = 'NOMINAL';
MPRINT(EMADVISECOLUMNS):   else if ROLE = 'TIMEID' and TYPE='N' then LEVEL = 'INTERVAL';
MPRINT(EMADVISECOLUMNS):   _found_=1;
MPRINT(EMADVISECOLUMNS):   end;
MPRINT(EMADVISECOLUMNS):   end;
MPRINT(EMADVISECOLUMNS):   if length(_uname)>2 then do;
MPRINT(EMADVISECOLUMNS):   if substr(reverse(trim(_uname)), 1, 3) = 'DI_' then do;
MPRINT(EMADVISECOLUMNS):   ROLE = 'ID';
MPRINT(EMADVISECOLUMNS):   LEVEL = 'NOMINAL';
MPRINT(EMADVISECOLUMNS):   end;
MPRINT(EMADVISECOLUMNS):   end;
MPRINT(EMADVISECOLUMNS):   end;
MPRINT(EMADVISECOLUMNS):   end;
MPRINT(EMADVISECOLUMNS):   end;
MPRINT(EMADVISECOLUMNS):   end;
MPRINT(EMADVISECOLUMNS):   if ROLE='FREQ' then _freqflag=1;
MPRINT(EMADVISECOLUMNS):   else if ROLE = 'CLASSIFICATION' then LEVEL = 'NOMINAL';
MPRINT(EMADVISECOLUMNS):   if symexist('RATEMKG_ROLE') then do;
MPRINT(EMADVISECOLUMNS):   if upcase(symget('RATEMKG_ROLE')) in('Y', 'YES') then do;
MPRINT(EMADVISECOLUMNS):   if _uname =: 'POLICY' then ROLE = 'POLICYID';
MPRINT(EMADVISECOLUMNS):   else if _uname in ('PARTITION', '_PARTIND_') then ROLE = 'PARTITION';
MPRINT(EMADVISECOLUMNS):   else if type = 'N' then do;
MPRINT(EMADVISECOLUMNS):   if _uname = 'EXPOSURE' then ROLE = 'EXPOSURE';
MPRINT(EMADVISECOLUMNS):   else if _uname = 'YEAR' then ROLE = 'YEAR';
MPRINT(EMADVISECOLUMNS):   else if _uname = 'WEIGHT' then ROLE = 'WEIGHT';
MPRINT(EMADVISECOLUMNS):   else if _uname = 'OFFSET' then ROLE = 'OFFSET';
MPRINT(EMADVISECOLUMNS):   end;
MPRINT(EMADVISECOLUMNS):   end;
MPRINT(EMADVISECOLUMNS):   end;
MPRINT(EMADVISECOLUMNS):   end;
MPRINT(EMADVISECOLUMNS):   if role = ' ' then do;
MPRINT(EMADVISECOLUMNS):   if formattype in('DATE', 'DATETIME', 'TIME') then role = 'TIMEID';
MPRINT(EMADVISECOLUMNS):   else role = 'INPUT';
MPRINT(EMADVISECOLUMNS):   roleAssigned = 1;
MPRINT(EMADVISECOLUMNS):   end;
MPRINT(EMADVISECOLUMNS):   else role = upcase(role);
MPRINT(EMADVISECOLUMNS):   if REPORT = '' then REPORT = 'N';
MPRINT(EMADVISECOLUMNS):   if symexist('dmwb_product') then do;
MPRINT(EMADVISECOLUMNS):   if upcase(symget('dmwb_product')) = 'FACTORYMINER_DATASOURCE' then do;
MPRINT(EMADVISECOLUMNS):   if ROLE ^in('INPUT', 'TARGET', 'REJECTED', 'SEGMENT', 'FREQ', 'ID', 'KEY') then ROLE='REJECTED';
MPRINT(EMADVISECOLUMNS):   end;
MPRINT(EMADVISECOLUMNS):   end;
MPRINT(EMADVISECOLUMNS):   run;
MPRINT(EMADVISECOLUMNS):    data WORK.M23KKD5I;
MPRINT(EMADVISECOLUMNS):   set WORK.M23KKD5I;
MPRINT(EMADVISECOLUMNS):   label NAME = "Nombre de la variable" TYPE = "Tipo" ROLE = "Rol" LEVEL= "Nivel de medida" ORDER= "Orden" CREATOR= "Creador" FORMATTYPE= "Tipo de formato" FAMILY= "Familia" DISTRIBUTION= "Distribución" PRICE= "Precio" LOWERLIMIT= 
"Límite inferior" UPPERLIMIT= "Límite superior" REPORT= "Informe" COMMENT= "Comentario" INDEX= "Índice" INDEXTYPE= "TipoÍndice" LABEL= "Etiqueta" LENGTH= "Longitud";
MPRINT(EMADVISECOLUMNS):   drop levelAssigned roleAssigned;
MPRINT(EMADVISECOLUMNS):   run;
MPRINT(EMADVISECOLUMNS):   
MPRINT(EM_DIAGRAM):  ;
MPRINT(EM_DIAGRAM):   proc sort data=WORK.COLUMNMETA;
MPRINT(EM_DIAGRAM):   by NAME;
MPRINT(EM_DIAGRAM):   run;
MPRINT(EM_DIAGRAM):   *------------------------------------------------------------*;
MPRINT(EM_DIAGRAM):   * &nodeid: Merge incoming metadata;
MPRINT(EM_DIAGRAM):   *------------------------------------------------------------*;
MPRINT(EM_DIAGRAM):   proc contents data=EMWS1.PRINCOMP_TRAIN noprint out=_temp2(keep=NAME);
MPRINT(EM_DIAGRAM):   run;
MPRINT(EM_DIAGRAM):   proc sort data=_temp2;
MPRINT(EM_DIAGRAM):   by NAME;
MPRINT(EM_DIAGRAM):   run;
MPRINT(EM_DIAGRAM):   proc sort data=EMWS1.PRINCOMP_CMeta_TRAIN out=_temp;
MPRINT(EM_DIAGRAM):   by NAME;
MPRINT(EM_DIAGRAM):   run;
MPRINT(EM_DIAGRAM):   data EMWS1.Clus2_CMeta_TRAIN;
MPRINT(EM_DIAGRAM):   merge WORK.COLUMNMETA(in=_a) _temp2(in=_b) _temp(drop=FORMAT INFORMAT LENGTH INDEX INDEXTYPE in=_c) end=_eof_;
MPRINT(EM_DIAGRAM):   by NAME;
MPRINT(EM_DIAGRAM):   if (^_a and _b) or (^_c and _a and _b) then delete;
MPRINT(EM_DIAGRAM):   if ^_b then CREATOR = "Clus2";
MPRINT(EM_DIAGRAM):   *------------------------------------------------------------*;
MPRINT(EM_DIAGRAM):   * Clus2: Apply Delta Code;
MPRINT(EM_DIAGRAM):   *------------------------------------------------------------*;
MPRINT(EM_DIAGRAM):   retain _segFlag_ 0;
MPRINT(EM_DIAGRAM):   drop _segFlag_;
MPRINT(EM_DIAGRAM):   if upcase(name) = '_SEGMENT_' then do;
MPRINT(EM_DIAGRAM):   _segFlag_ = 1;
MPRINT(EM_DIAGRAM):   role = 'SEGMENT';
MPRINT(EM_DIAGRAM):   level = 'NOMINAL';
MPRINT(EM_DIAGRAM):   label = 'Segment Variable';
MPRINT(EM_DIAGRAM):   end;
MPRINT(EM_DIAGRAM):   else if upcase(name) = '_SEGMENT_LABEL_' then do;
MPRINT(EM_DIAGRAM):   role = 'REJECTED';
MPRINT(EM_DIAGRAM):   level = 'NOMINAL';
MPRINT(EM_DIAGRAM):   label = 'Segment Description';
MPRINT(EM_DIAGRAM):   end;
MPRINT(EM_DIAGRAM):   else if upcase(NAME) = 'DISTANCE' then do;
MPRINT(EM_DIAGRAM):   role = 'REJECTED';
MPRINT(EM_DIAGRAM):   level = 'INTERVAL';
MPRINT(EM_DIAGRAM):   end;
MPRINT(EM_DIAGRAM):   else if upcase(NAME) = '_IMPUTE_' then do;
MPRINT(EM_DIAGRAM):   role = 'REJECTED';
MPRINT(EM_DIAGRAM):   level = 'INTERVAL';
MPRINT(EM_DIAGRAM):   end;
MPRINT(EM_DIAGRAM):   output;
MPRINT(EM_DIAGRAM):   if ^_segFlag_ and _eof_ then do;
MPRINT(EM_DIAGRAM):   type = 'N';
MPRINT(EM_DIAGRAM):   index = 'N';
MPRINT(EM_DIAGRAM):   indexType = 'NONE';
MPRINT(EM_DIAGRAM):   format = '';
MPRINT(EM_DIAGRAM):   informat = '';
MPRINT(EM_DIAGRAM):   name = '_SEGMENT_';
MPRINT(EM_DIAGRAM):   role = 'SEGMENT';
MPRINT(EM_DIAGRAM):   level = 'NOMINAL';
MPRINT(EM_DIAGRAM):   label = 'Segment Variable';
MPRINT(EM_DIAGRAM):   output;
MPRINT(EM_DIAGRAM):   name = '_SEGMENT_LABEL_';
MPRINT(EM_DIAGRAM):   role = 'REJECTED';
MPRINT(EM_DIAGRAM):   level = 'NOMINAL';
MPRINT(EM_DIAGRAM):   label = 'Segment Description';
MPRINT(EM_DIAGRAM):   output;
MPRINT(EM_DIAGRAM):   name = 'Distance';
MPRINT(EM_DIAGRAM):   role = 'REJECTED';
MPRINT(EM_DIAGRAM):   level = 'INTERVAL';
MPRINT(EM_DIAGRAM):   label = 'Distance to Cluster Seed';
MPRINT(EM_DIAGRAM):   output;
MPRINT(EM_DIAGRAM):   name = '_Impute_';
MPRINT(EM_DIAGRAM):   role = 'REJECTED';
MPRINT(EM_DIAGRAM):   level = 'INTERVAL';
MPRINT(EM_DIAGRAM):   label = '';
MPRINT(EM_DIAGRAM):   output;
MPRINT(EM_DIAGRAM):   end;
MPRINT(EM_DIAGRAM):   run;
MPRINT(EM_DIAGRAM):   filename _delta;
NOTE: Vista EMWS1.CLUS2_TRAIN.VIEW ha utilizado (Tiempo de proceso total):
      real time           0.12 seconds
      cpu time            0.12 seconds
      
MPRINT(EM_DIAGRAM):    proc printto;
MPRINT(EM_DIAGRAM):   run;
