MPRINT(EM_DIAGRAM):    data _null_;
MPRINT(EM_DIAGRAM):   call symput('NLDATE', strip(put(date(), NLDATE.)));
MPRINT(EM_DIAGRAM):   call symput('NLTIME', strip(put(datetime(), NLTIME.)));
MPRINT(EM_DIAGRAM):   run;
MPRINT(EM_DIAGRAM):   data _null_;
MPRINT(EM_DIAGRAM):   nldate= sasmsg("sashelp.dmine", "log_date_note", 'N', "13/12/20" );
MPRINT(EM_DIAGRAM):   nltime= sasmsg("sashelp.dmine", "log_time_note", 'N', "00H24" );
MPRINT(EM_DIAGRAM):   put "*------------------------------------------------------------*";
MPRINT(EM_DIAGRAM):   put "* Log de entrenamiento";
MPRINT(EM_DIAGRAM):   put nldate;
MPRINT(EM_DIAGRAM):   put nltime;
MPRINT(EM_DIAGRAM):   put "*------------------------------------------------------------*";
MPRINT(EM_DIAGRAM):   run;
*------------------------------------------------------------*
* Log de entrenamiento
Fecha:                13/12/20
Hora:                00H24
*------------------------------------------------------------*
MPRINT(EM_DIAGRAM):    filename O1HR94RU "C:\Users\Admin\Documents\GitHub\AMUL-PRACTICA\practica_AMUL\Workspaces\EMWS1\Clus2\EMTRAIN.out" encoding="UTF-8" NOBOM;
MPRINT(EM_DIAGRAM):   proc printto print=O1HR94RU new;
MPRINT(EM_DIAGRAM):   run;
MPRINT(EM_DIAGRAM):    filename _LOG "C:\Users\Admin\Documents\GitHub\AMUL-PRACTICA\practica_AMUL\Workspaces\EMWS1\Clus2\EMLOG.log" encoding="UTF-8" NOBOM;
MPRINT(EM_DIAGRAM):    data _null_;
MPRINT(EM_DIAGRAM):   call symput('NLDATE', strip(put(date(), NLDATE.)));
MPRINT(EM_DIAGRAM):   call symput('NLTIME', strip(put(datetime(), NLTIME.)));
MPRINT(EM_DIAGRAM):   run;
MPRINT(EM_DIAGRAM):   data _null_;
MPRINT(EM_DIAGRAM):   nldate= sasmsg("sashelp.dmine", "log_date_note", 'N', "13/12/20" );
MPRINT(EM_DIAGRAM):   nltime= sasmsg("sashelp.dmine", "log_time_note", 'N', "00H24" );
MPRINT(EM_DIAGRAM):   file _LOG;
MPRINT(EM_DIAGRAM):   put "*------------------------------------------------------------*";
MPRINT(EM_DIAGRAM):   put "Usuario:                Admin";
MPRINT(EM_DIAGRAM):   put nldate;
MPRINT(EM_DIAGRAM):   put nltime;
MPRINT(EM_DIAGRAM):   put "Sitio:                70161230";
MPRINT(EM_DIAGRAM):   put "Plataforma:            X64_10HOME";
MPRINT(EM_DIAGRAM):   put "Versión de mantenimiento: 9.04.01M6P111518";
MPRINT(EM_DIAGRAM):   put "Versión de EM:          15.1";
MPRINT(EM_DIAGRAM):   put "* ";
MPRINT(EM_DIAGRAM):   run;
MPRINT(EM_DIAGRAM):    filename _LOGIN "C:\Users\Admin\Documents\GitHub\AMUL-PRACTICA\practica_AMUL\Workspaces\EMWS1\Clus2\EMTRAIN.log" encoding="UTF-8" NOBOM;
MPRINT(EM_COPYFILE):   data _null_;
MPRINT(EM_COPYFILE):   length line $20000;
MPRINT(EM_COPYFILE):   file _LOG MOD lrecl=20000;
MPRINT(EM_COPYFILE):   fid=fopen("_LOGIN",'i',20000,'v');
MPRINT(EM_COPYFILE):   if fid > 0 then do;
MPRINT(EM_COPYFILE):   do while(^fread(fid));
MPRINT(EM_COPYFILE):   rlen = frlen(fid);
MPRINT(EM_COPYFILE):   rc= fget(fid,line,20000);
MPRINT(EM_COPYFILE):   start = length(line)-length(left(line))+1;
MPRINT(EM_COPYFILE):   line=strip(line);
MPRINT(EM_COPYFILE):   put @start line;
MPRINT(EM_COPYFILE):   end;
MPRINT(EM_COPYFILE):   if fid > 0 then rc=fclose(fid);
MPRINT(EM_COPYFILE):   end;
MPRINT(EM_COPYFILE):   run;
MPRINT(EM_DIAGRAM):  ;
MPRINT(EM_DIAGRAM):   filename _LOGIN;
MPRINT(EM_DIAGRAM):    data _null_;
MPRINT(EM_DIAGRAM):   file _LOG mod;
MPRINT(EM_DIAGRAM):   put _page_;
MPRINT(EM_DIAGRAM):   run;
MPRINT(EM_DIAGRAM):   filename _LOGIN "C:\Users\Admin\Documents\GitHub\AMUL-PRACTICA\practica_AMUL\Workspaces\EMWS1\Clus2\EMSCORE.log" encoding="UTF-8" NOBOM;
MPRINT(EM_DIAGRAM):  ;
MPRINT(EM_DIAGRAM):   data _null_;
MPRINT(EM_DIAGRAM):   file _LOG mod;
MPRINT(EM_DIAGRAM):   put _page_;
MPRINT(EM_DIAGRAM):   run;
MPRINT(EM_DIAGRAM):    filename _LOGIN "C:\Users\Admin\Documents\GitHub\AMUL-PRACTICA\practica_AMUL\Workspaces\EMWS1\Clus2\EMREPORT.log" encoding="UTF-8" NOBOM;
MPRINT(EM_DIAGRAM):  ;
MPRINT(EM_DIAGRAM):   filename _LOGIN;
MPRINT(EM_DIAGRAM):    filename _LOG;
MPRINT(EM_DIAGRAM):    filename _OUT "C:\Users\Admin\Documents\GitHub\AMUL-PRACTICA\practica_AMUL\Workspaces\EMWS1\Clus2\EMOUTPUT.out" encoding="UTF-8" NOBOM;
MPRINT(EM_DIAGRAM):    data _null_;
MPRINT(EM_DIAGRAM):   call symput('NLDATE', strip(put(date(), NLDATE.)));
MPRINT(EM_DIAGRAM):   call symput('NLTIME', strip(put(datetime(), NLTIME.)));
MPRINT(EM_DIAGRAM):   run;
MPRINT(EM_DIAGRAM):   data _null_;
MPRINT(EM_DIAGRAM):   nldate= sasmsg("sashelp.dmine", "log_date_note", 'N', "13/12/20" );
MPRINT(EM_DIAGRAM):   nltime= sasmsg("sashelp.dmine", "log_time_note", 'N', "00H24" );
MPRINT(EM_DIAGRAM):   file _OUT;
MPRINT(EM_DIAGRAM):   put "*------------------------------------------------------------*";
MPRINT(EM_DIAGRAM):   put "Usuario:                Admin";
MPRINT(EM_DIAGRAM):   put nldate;
MPRINT(EM_DIAGRAM):   put nltime;
MPRINT(EM_DIAGRAM):   put "*------------------------------------------------------------*";
MPRINT(EM_DIAGRAM):   put "* Salida de entrenamiento";
MPRINT(EM_DIAGRAM):   put "*------------------------------------------------------------*";
MPRINT(EM_DIAGRAM):   run;
MPRINT(EM_DIAGRAM):    filename _OUTIN "C:\Users\Admin\Documents\GitHub\AMUL-PRACTICA\practica_AMUL\Workspaces\EMWS1\Clus2\EMTRAIN.out" encoding="UTF-8" NOBOM;
MPRINT(EM_DIAGRAM):   ;
MPRINT(EM_COPYFILE):   data _null_;
MPRINT(EM_COPYFILE):   length line $20000;
MPRINT(EM_COPYFILE):   file _OUT MOD lrecl=20000;
MPRINT(EM_COPYFILE):   fid=fopen("_OUTIN",'i',20000,'v');
MPRINT(EM_COPYFILE):   if fid > 0 then do;
MPRINT(EM_COPYFILE):   do while(^fread(fid));
MPRINT(EM_COPYFILE):   rlen = frlen(fid);
MPRINT(EM_COPYFILE):   rc= fget(fid,line,20000);
MPRINT(EM_COPYFILE):   start = length(line)-length(left(line))+1;
MPRINT(EM_COPYFILE):   line=strip(line);
MPRINT(EM_COPYFILE):   put @start line;
MPRINT(EM_COPYFILE):   end;
MPRINT(EM_COPYFILE):   if fid > 0 then rc=fclose(fid);
MPRINT(EM_COPYFILE):   end;
MPRINT(EM_COPYFILE):   run;
MPRINT(EM_DIAGRAM):  ;
MPRINT(EM_DIAGRAM):   filename _OUTIN;
MPRINT(EM_DIAGRAM):    data _null_;
MPRINT(EM_DIAGRAM):   file _OUT mod;
MPRINT(EM_DIAGRAM):   put _page_;
MPRINT(EM_DIAGRAM):   put // "*------------------------------------------------------------*";
MPRINT(EM_DIAGRAM):   put "* Salida de puntuación";
MPRINT(EM_DIAGRAM):   put "*------------------------------------------------------------*";
MPRINT(EM_DIAGRAM):   run;
MPRINT(EM_DIAGRAM):    filename _OUTIN "C:\Users\Admin\Documents\GitHub\AMUL-PRACTICA\practica_AMUL\Workspaces\EMWS1\Clus2\EMSCORE.out" encoding="UTF-8" NOBOM;
MPRINT(EM_DIAGRAM):  ;
MPRINT(EM_DIAGRAM):   filename _OUTIN;
MPRINT(EM_DIAGRAM):    data _null_;
MPRINT(EM_DIAGRAM):   file _OUT mod;
MPRINT(EM_DIAGRAM):   put _page_;
MPRINT(EM_DIAGRAM):   put // "*------------------------------------------------------------*";
MPRINT(EM_DIAGRAM):   put "* Salida del informe";
MPRINT(EM_DIAGRAM):   put "*------------------------------------------------------------*";
MPRINT(EM_DIAGRAM):   run;
MPRINT(EM_DIAGRAM):    filename _OUTIN "C:\Users\Admin\Documents\GitHub\AMUL-PRACTICA\practica_AMUL\Workspaces\EMWS1\Clus2\EMREPORT.out" encoding="UTF-8" NOBOM;
MPRINT(EM_DIAGRAM):  ;
MPRINT(EM_DIAGRAM):   filename _OUTIN;
MPRINT(EM_DIAGRAM):    filename _OUT;
MPRINT(EM_DIAGRAM):    filename _emtool_ 'C:\Users\Admin\Documents\GitHub\AMUL-PRACTICA\practica_AMUL\Workspaces\EMWS1\Clus2\EMRUNSTATUS.xml' encoding="UTF-8" NOBOM;
18313      proc freq data=EMWS1.Clus2_VariableSet noprint;
MPRINT(EM_DIAGRAM):    proc freq data=EMWS1.Clus2_VariableSet noprint;
18314      table ROLE*LEVEL/out=WORK.Clus2META;
MPRINT(EM_DIAGRAM):   table ROLE*LEVEL/out=WORK.Clus2META;
18315      run;
MPRINT(EM_DIAGRAM):   run;

NOTE: There were 21 observations read from the data set EMWS1.CLUS2_VARIABLESET.
NOTE: The data set WORK.CLUS2META has 2 observations and 4 variables.
NOTE: PROCEDURE FREQ ha utilizado (Tiempo de proceso total):
      real time           0.01 seconds
      cpu time            0.01 seconds
      

18316      proc print data=WORK.Clus2META label noobs;
MPRINT(EM_DIAGRAM):   proc print data=WORK.Clus2META label noobs;
18317      var ROLE LEVEL COUNT;
MPRINT(EM_DIAGRAM):   var ROLE LEVEL COUNT;
18318      label ROLE = "%sysfunc(sasmsg(sashelp.dmine, meta_role_vlabel, NOQUOTE))" LEVEL = "%sysfunc(sasmsg(sashelp.dmine, meta_level_vlabel, NOQUOTE))" COUNT = "%sysfunc(sasmsg(sashelp.dmine, rpt_count_vlabel, NOQUOTE))";
MPRINT(EM_DIAGRAM):   label ROLE = "Rol" LEVEL = "Nivel de medida" COUNT = "Número de ocurrencias";
18319      title9 ' ';
MPRINT(EM_DIAGRAM):   title9 ' ';
18320      title10 "%sysfunc(sasmsg(sashelp.dmine, rpt_varSummary_title  , NOQUOTE))";
MPRINT(EM_DIAGRAM):   title10 "Resumen de variables";
MPRINT(EM_DIAGRAM):   run;
18321      run;

NOTE: There were 2 observations read from the data set WORK.CLUS2META.
NOTE: The PROCEDURE PRINT printed page 1.
NOTE: PROCEDURE PRINT ha utilizado (Tiempo de proceso total):
      real time           0.00 seconds
      cpu time            0.01 seconds
      

18322      title10;
MPRINT(EM_DIAGRAM):   title10;
18323      data WORK.M0BNP7V1;
MPRINT(EM_DIAGRAM):    data WORK.M0BNP7V1;
18324      set WORK.M0BNP7V1;
MPRINT(EM_DIAGRAM):   set WORK.M0BNP7V1;
18325      if role eq 'REJECTED' then role = 'INPUT';
MPRINT(EM_DIAGRAM):   if role eq 'REJECTED' then role = 'INPUT';
18326      run;
MPRINT(EM_DIAGRAM):   run;

NOTE: There were 20 observations read from the data set WORK.M0BNP7V1.
NOTE: The data set WORK.M0BNP7V1 has 20 observations and 21 variables.
NOTE: DATA statement ha utilizado (Tiempo de proceso total):
      real time           0.00 seconds
      cpu time            0.01 seconds
      

MPRINT(EM_DIAGRAM):    *------------------------------------------------------------*;
MPRINT(EM_DIAGRAM):   * Clus2: preparando metadatos para el entrenamiento;
MPRINT(EM_DIAGRAM):   ;
MPRINT(EM_DIAGRAM):   *------------------------------------------------------------*;
MPRINT(EM_DIAGRAM):   data WORK.M0BNP7V1;
MPRINT(EM_DIAGRAM):   set WORK.M0BNP7V1;
MPRINT(EM_DIAGRAM):   if role eq 'REJECTED' then role = 'INPUT';
MPRINT(EM_DIAGRAM):   run;
18335      *------------------------------------------------------------*;
MPRINT(EM_DIAGRAM):    *------------------------------------------------------------*;
18336      * Clus2: entrenamiento;
MPRINT(EM_DIAGRAM):   * Clus2: entrenamiento;
18337      *------------------------------------------------------------*;
MPRINT(EM_DIAGRAM):   *------------------------------------------------------------*;
18338      *------------------------------------------------------------* ;
MPRINT(EM_DIAGRAM):   *------------------------------------------------------------* ;
18339      * Clus2: DMDBClass Macro ;
MPRINT(EM_DIAGRAM):   * Clus2: DMDBClass Macro ;
18340      *------------------------------------------------------------* ;
MPRINT(EM_DIAGRAM):   *------------------------------------------------------------* ;
18341      %macro DMDBClass;
18342      
18343      %mend DMDBClass;
18344      *------------------------------------------------------------* ;
MPRINT(EM_DIAGRAM):   *------------------------------------------------------------* ;
18345      * Clus2: DMDBVar Macro ;
MPRINT(EM_DIAGRAM):   * Clus2: DMDBVar Macro ;
18346      *------------------------------------------------------------* ;
MPRINT(EM_DIAGRAM):   *------------------------------------------------------------* ;
18347      %macro DMDBVar;
18348          PC_1 PC_10 PC_11 PC_12 PC_13 PC_14 PC_15 PC_16 PC_17 PC_18 PC_19 PC_2 PC_20
18349         PC_3 PC_4 PC_5 PC_6 PC_7 PC_8 PC_9
18350      %mend DMDBVar;
18351      *------------------------------------------------------------*;
MPRINT(EM_DIAGRAM):   *------------------------------------------------------------*;
18352      * Clus2: Create DMDB;
MPRINT(EM_DIAGRAM):   * Clus2: Create DMDB;
18353      *------------------------------------------------------------*;
MPRINT(EM_DIAGRAM):   *------------------------------------------------------------*;
18354      proc dmdb batch data=EMWS1.PRINCOMP_TRAIN
18355      dmdbcat=WORK.Clus2_DMDB
18356      maxlevel = 513
18357      out=WORK.Clus2_DMDB
18358      ;
MPRINT(EM_DIAGRAM):   proc dmdb batch data=EMWS1.PRINCOMP_TRAIN dmdbcat=WORK.Clus2_DMDB maxlevel = 513 out=WORK.Clus2_DMDB ;
MPRINT(EM_DIAGRAM):   var
18359      var %DMDBVar;
MPRINT(DMDBVAR):   PC_1 PC_10 PC_11 PC_12 PC_13 PC_14 PC_15 PC_16 PC_17 PC_18 PC_19 PC_2 PC_20 PC_3 PC_4 PC_5 PC_6 PC_7 PC_8 PC_9
MPRINT(EM_DIAGRAM):  ;
18360      run;
MPRINT(EM_DIAGRAM):   run;

NOTE: Variable _FORMAT is uninitialized.
NOTE: Variable _NORMFMT is uninitialized.
NOTE: Records processed = 3000   Memory used = 511K.
NOTE: There were 3000 observations read from the data set AMUL.TERMINOS_DOCUMENTOS.
NOTE: Vista EMWS1.PRINCOMP_TRAIN.VIEW ha utilizado (Tiempo de proceso total):
      real time           0.55 seconds
      cpu time            0.54 seconds
      
NOTE: There were 3000 observations read from the data set EMWS1.IDS_DATA.
NOTE: There were 3000 observations read from the data set EMWS1.PRINCOMP_TRAIN.
NOTE: The data set WORK.CLUS2_DMDB has 3000 observations and 20 variables.
NOTE: PROCEDURE DMDB ha utilizado (Tiempo de proceso total):
      real time           0.56 seconds
      cpu time            0.54 seconds
      

MPRINT(EM_DIAGRAM):   quit;
MPRINT(EM_DIAGRAM):   *--- end code ---*;
18361      quit;
18362      *--- end code ---*;

18363      *------------------------------------------------------------* ;
MPRINT(EM_DIAGRAM):    *------------------------------------------------------------* ;
18364      * Clus2: Inputs intervalo Macro ;
MPRINT(EM_DIAGRAM):   * Clus2: Inputs intervalo Macro ;
18365      *------------------------------------------------------------* ;
MPRINT(EM_DIAGRAM):   *------------------------------------------------------------* ;
18366      %macro DMVQINTERVAL;
18367          PC_1 PC_10 PC_11 PC_12 PC_13 PC_14 PC_15 PC_16 PC_17 PC_18 PC_19 PC_2 PC_20
18368         PC_3 PC_4 PC_5 PC_6 PC_7 PC_8 PC_9
18369      %mend DMVQINTERVAL;
18370      *------------------------------------------------------------*;
MPRINT(EM_DIAGRAM):   *------------------------------------------------------------*;
18371      * Clus2: ejecutar procedimiento DMVQ;
MPRINT(EM_DIAGRAM):   * Clus2: ejecutar procedimiento DMVQ;
18372      *------------------------------------------------------------*;
MPRINT(EM_DIAGRAM):   *------------------------------------------------------------*;
18373      title;
MPRINT(EM_DIAGRAM):   title;
18374      options nodate;
MPRINT(EM_DIAGRAM):   options nodate;
18375      proc dmvq data=WORK.Clus2_DMDB dmdbcat=WORK.Clus2_DMDB std=STD nominal=GLM ordinal=RANK
18376      ;
MPRINT(EM_DIAGRAM):   proc dmvq data=WORK.Clus2_DMDB dmdbcat=WORK.Clus2_DMDB std=STD nominal=GLM ordinal=RANK ;
NOTE: The training set WORK.CLUS2_DMDB.DATA has 20 variable(s).
NOTE: The DMVQ statement has finished with return code=0 and status=begin.
MPRINT(EM_DIAGRAM):   input
18377      input %DMVQINTERVAL / level=interval;
MPRINT(DMVQINTERVAL):   PC_1 PC_10 PC_11 PC_12 PC_13 PC_14 PC_15 PC_16 PC_17 PC_18 PC_19 PC_2 PC_20 PC_3 PC_4 PC_5 PC_6 PC_7 PC_8 PC_9
MPRINT(EM_DIAGRAM):   / level=interval;
NOTE: 20 input variable(s) defined for ID=I1.
NOTE: The INPUT statement has finished with return code=0 and status=variables.
18378      VQ maxc = 5 clusname=_SEGMENT_ CLUSLABEL="Id de segmento" DISTLABEL="Distancia";
MPRINT(EM_DIAGRAM):   VQ maxc = 5 clusname=_SEGMENT_ CLUSLABEL="Id de segmento" DISTLABEL="Distancia";
NOTE: A maximum of 5 clusters have been requested.
NOTE: The VQ statement has finished with return code=0 and status=architecture.
18379      MAKE outvar=EMWS1.Clus2_OUTVAR;
MPRINT(EM_DIAGRAM):   MAKE outvar=EMWS1.Clus2_OUTVAR;

NOTE: 20 input variable(s).
NOTE: Number of cases=3000
NOTE: Sum of frequencies=3000
NOTE: Sum of weights=3000
NOTE: VARDEF=DF      
NOTE: Maximum number of categories=0
NOTE: The total number of variables is 20 with dimensionality 20.
NOTE: 20 variables will be used for clustering.
NOTE: Open output data set EMWS1.CLUS2_OUTVAR.DATA with 21 variables.
NOTE: The data set EMWS1.CLUS2_OUTVAR has 4 observations and 21 variables.
NOTE: The MAKE statement has finished with return code=0 and status=made.
18380      INITIAL radius=0
18381      ;
MPRINT(EM_DIAGRAM):   INITIAL radius=0 ;
NOTE: 5 semillas seleccionadas del conjunto de datos WORK.CLUS2_DMDB.DATA usando el algoritmo SEPARATE.
NOTE: The INITIAL statement has finished with return code=0 and status=initialized.
18382      TRAIN tech=FORGY
18383      ;
MPRINT(EM_DIAGRAM):   TRAIN tech=FORGY ;
WARNING: Se ha alcanzado el límite de 10 iteraciones sin convergencia.
NOTE: The TRAIN statement has finished with return code=0 and status=trained.
18384      SAVE outstat=EMWS1.Clus2_OUTSTAT outmean=EMWS1.Clus2_OUTMEAN;
MPRINT(EM_DIAGRAM):   SAVE outstat=EMWS1.Clus2_OUTSTAT outmean=EMWS1.Clus2_OUTMEAN;
NOTE: The data set EMWS1.CLUS2_OUTSTAT has 46 observations and 23 variables.
NOTE: The data set EMWS1.CLUS2_OUTMEAN has 5 observations and 29 variables.
NOTE: The SAVE statement has finished with return code=0 and status=statistics.
18385      code file="C:\Users\Admin\Documents\GitHub\AMUL-PRACTICA\practica_AMUL\Workspaces\EMWS1\Clus2\DMVQSCORECODE.sas"
18386      group=Clus2
18387      ;
MPRINT(EM_DIAGRAM):   code file="C:\Users\Admin\Documents\GitHub\AMUL-PRACTICA\practica_AMUL\Workspaces\EMWS1\Clus2\DMVQSCORECODE.sas" group=Clus2 ;
NOTE: External file C:\Users\Admin\Documents\GitHub\AMUL-PRACTICA\practica_AMUL\Workspaces\EMWS1\Clus2\DMVQSCORECODE.sas opened.
NOTE: The CODE statement has finished with return code=0 and status=statistics.
18388      run;
MPRINT(EM_DIAGRAM):   run;

18389      quit;
MPRINT(EM_DIAGRAM):   quit;

NOTE: There were 3000 observations read from the data set WORK.CLUS2_DMDB.
NOTE: PROCEDURE DMVQ ha utilizado (Tiempo de proceso total):
      real time           0.02 seconds
      cpu time            0.03 seconds
      

18390      libname _spdslib;
MPRINT(EM_DIAGRAM):    libname _spdslib;
WARNING: Libref _SPDSLIB is not assigned.
18391      *------------------------------------------------------------*;
MPRINT(EM_DIAGRAM):    *------------------------------------------------------------*;
18392      * Clus2: Cluster Label;
MPRINT(EM_DIAGRAM):   * Clus2: Cluster Label;
18393      *------------------------------------------------------------*;
MPRINT(EM_DIAGRAM):   *------------------------------------------------------------*;
18394      data EMWS1.Clus2_LABEL;
MPRINT(EM_DIAGRAM):   data EMWS1.Clus2_LABEL;
18395      length _SEGMENT_ 8 Label $80;
MPRINT(EM_DIAGRAM):   length _SEGMENT_ 8 Label $80;
18396      format _SEGMENT_ 4.;
MPRINT(EM_DIAGRAM):   format _SEGMENT_ 4.;
18397      label _SEGMENT_ = "%sysfunc(sasmsg(sashelp.dmine, rpt_segmentName_vlabel,  NOQUOTE))";
MPRINT(EM_DIAGRAM):   label _SEGMENT_ = "Nombre del segmento";
18398      label Label = "%sysfunc(sasmsg(sashelp.dmine, rpt_segmentLabel_vlabel,  NOQUOTE))";
MPRINT(EM_DIAGRAM):   label Label = "Etiqueta del segmento";
18399      _SEGMENT_= 1;
MPRINT(EM_DIAGRAM):   _SEGMENT_= 1;
18400      Label='Cluster1';
MPRINT(EM_DIAGRAM):   Label='Cluster1';
18401      output;
MPRINT(EM_DIAGRAM):   output;
18402      _SEGMENT_= 2;
MPRINT(EM_DIAGRAM):   _SEGMENT_= 2;
18403      Label='Cluster2';
MPRINT(EM_DIAGRAM):   Label='Cluster2';
18404      output;
MPRINT(EM_DIAGRAM):   output;
18405      _SEGMENT_= 3;
MPRINT(EM_DIAGRAM):   _SEGMENT_= 3;
18406      Label='Cluster3';
MPRINT(EM_DIAGRAM):   Label='Cluster3';
18407      output;
MPRINT(EM_DIAGRAM):   output;
18408      _SEGMENT_= 4;
MPRINT(EM_DIAGRAM):   _SEGMENT_= 4;
18409      Label='Cluster4';
MPRINT(EM_DIAGRAM):   Label='Cluster4';
18410      output;
MPRINT(EM_DIAGRAM):   output;
18411      _SEGMENT_= 5;
MPRINT(EM_DIAGRAM):   _SEGMENT_= 5;
18412      Label='Cluster5';
MPRINT(EM_DIAGRAM):   Label='Cluster5';
18413      output;
MPRINT(EM_DIAGRAM):   output;
18414      run;
MPRINT(EM_DIAGRAM):   run;

NOTE: The data set EMWS1.CLUS2_LABEL has 5 observations and 2 variables.
NOTE: DATA statement ha utilizado (Tiempo de proceso total):
      real time           0.00 seconds
      cpu time            0.01 seconds
      

MPRINT(EM_DIAGRAM):    proc printto;
MPRINT(EM_DIAGRAM):   run;
