*------------------------------------------------------------*
Usuario:                Admin
Fecha:                13/12/20
Hora:                00H18
*------------------------------------------------------------*
* Salida de entrenamiento
*------------------------------------------------------------*
 
 
 
 
Resumen de variables
 
         Nivel de     Número de
Rol       medida     ocurrencias
 
ID       NOMINAL           1
INPUT    INTERVAL         20
 
 
 
Procedimiento CLUSTER
Ward's Minimum Variance Cluster Analysis
 
           Autovalores de la matriz de covarianza
 
         Autovalor    Diferencia    Proporción    Acumulado
 
   1    0.00512983    0.00195875        0.1650       0.1650
   2    0.00317108    0.00062772        0.1020       0.2669
   3    0.00254336    0.00013420        0.0818       0.3487
   4    0.00240916    0.00035190        0.0775       0.4262
   5    0.00205727    0.00007003        0.0662       0.4924
   6    0.00198724    0.00050218        0.0639       0.5563
   7    0.00148506    0.00017545        0.0478       0.6040
   8    0.00130961    0.00001586        0.0421       0.6461
   9    0.00129375    0.00013176        0.0416       0.6877
  10    0.00116198    0.00003272        0.0374       0.7251
  11    0.00112927    0.00003644        0.0363       0.7614
  12    0.00109282    0.00003758        0.0351       0.7966
  13    0.00105524    0.00005458        0.0339       0.8305
  14    0.00100066    0.00003505        0.0322       0.8627
  15    0.00096562    0.00008101        0.0311       0.8937
  16    0.00088461    0.00001861        0.0284       0.9222
  17    0.00086600    0.00007410        0.0278       0.9500
  18    0.00079190    0.00005649        0.0255       0.9755
  19    0.00073541    0.00070826        0.0236       0.9991
  20    0.00002715                      0.0009       1.0000
 
Desviación estándar de la raíz cuadrática media del total de la muestra    0.387948
 
Distancia del cuadrado de la raíz media entre observaciones    2.453598
 
 
                                               Historial de clúster
                                                                                                              E
                                                                                                              n
                                                                                                              l
                                                                                                              a
                                                          R-cuadrado                                          c
     NCL    ------Clústeres unidos------         Frec    semiparcial         Rsq         Ps F         PsT2    e
 
      49    OB24            OB31                    2         0.0000        .010          0.6           .
      48    OB27            OB48                   15         0.0000        .010          0.7          0.0
      47    OB9             OB35                   12         0.0000        .010          0.7          0.0
      46    OB12            OB49                   12         0.0000        .010          0.7          0.0
      45    OB19            OB43                  387         0.0000        .010          0.7          0.0
      44    OB42            OB45                   22         0.0000        .010          0.7          0.0
      43    OB1             OB15                    6         0.0000        .010          0.7          0.0
      42    OB7             OB33                    5         0.0000        .010          0.7          0.0
      41    OB26            OB44                   10         0.0000        .010          0.8          0.0
      40    OB32            OB36                   10         0.0000        .010          0.8          0.0
      39    OB20            OB47                    7         0.0000        .010          0.8          0.0
      38    CL42            OB30                   32         0.0000        .010          0.8          0.0
      37    OB21            CL49                    6         0.0000        .010          0.8          0.0
      36    OB16            OB50                  378         0.0000        .010          0.9          0.1
      35    OB10            OB29                  124         0.0000        .010          0.9          0.1
      34    OB8             OB22                   51         0.0000        .010          0.9          0.1
      33    OB3             OB40                  146         0.0000        .010          0.9          0.1
      32    OB5             CL36                  398         0.0000        .010          1.0          0.2
      31    OB34            OB39                    4         0.0001        .010          1.0          0.7
      30    CL47            CL35                  136         0.0001        .010          1.0          0.1
      29    OB23            OB37                    9         0.0001        .010          1.0          0.1
      28    OB11            CL45                  397         0.0001        .010          1.1          0.1
      27    CL30            OB14                  159         0.0001        .010          1.1          0.1
      26    CL32            OB46                  442         0.0001        .010          1.1          0.2
      25    CL34            CL48                   66         0.0001        .009          1.2          0.1
      24    CL27            OB18                 1197         0.0001        .009          1.2          0.3
      23    CL39            OB38                   60         0.0001        .009          1.3          0.1
      22    OB6             CL24                 1208         0.0001        .009          1.3          0.4
      21    OB17            OB25                   93         0.0001        .009          1.4          0.4
      20    OB4             OB28                    3         0.0001        .009          1.4           .
      19    CL25            CL23                  126         0.0002        .009          1.5          0.3
      18    OB2             CL22                 1671         0.0002        .009          1.5          0.9
      17    CL38            CL44                   54         0.0002        .008          1.6          0.2
      16    CL43            CL26                  448         0.0002        .008          1.6          0.7
      15    CL16            CL37                  454         0.0002        .008          1.7          0.7
      14    CL19            CL28                  523         0.0003        .008          1.8          0.5
      13    CL17            CL14                  577         0.0003        .007          1.8          0.5
      12    CL15            CL40                  464         0.0003        .007          1.9          0.8
      11    CL13            OB13                  582         0.0003        .007          2.0          0.6
      10    CL18            CL46                 1683         0.0003        .006          2.1          1.2
       9    CL12            CL33                  610         0.0004        .006          2.3          1.1
       8    CL29            OB41                   15         0.0005        .006          2.4          0.8
       7    CL9             CL10                 2293         0.0005        .005          2.6          1.7
       6    CL7             CL41                 2303         0.0005        .005          2.8          1.9
       5    CL6             CL11                 2885         0.0006        .004          3.0          1.7
       4    CL5             CL21                 2978         0.0007        .003          3.3          2.2
       3    CL20            CL31                    7         0.0008        .003          3.8         12.8
       2    CL4             CL8                  2993         0.0010        .002          4.7          2.9
       1    CL2             CL3                  3000         0.0016        .000           .           4.7
 
 
 
Candidatos para número de clústeres óptimos
 
                     Criterio
       Número de     cúbico de
Obs    clústeres    clustering
 
 1         23        -253.599


*------------------------------------------------------------*
* Salida de puntuación
*------------------------------------------------------------*


*------------------------------------------------------------*
* Salida del informe
*------------------------------------------------------------*
 
 
 
 
Importancia de la variable
 
 Nombre                                 Número de     Número de
  de la                                 reglas de      reglas
variable            Etiqueta             división    sustitutas    Importancia
 
  PC_9       Componente principal 9         1             2          1.00000
  PC_10      Componente principal 10        1             2          0.96978
  PC_13      Componente principal 13        2             0          0.35300
  PC_20      Componente principal 20        0             2          0.35232
  PC_17      Componente principal 17        0             2          0.35229
  PC_3       Componente principal 3         1             2          0.33361
  PC_2       Componente principal 2         0             3          0.33361
  PC_4       Componente principal 4         0             2          0.26897
  PC_1       Componente principal 1         1             1          0.26897
  PC_14      Componente principal 14        0             1          0.25080
  PC_15      Componente principal 15        0             1          0.25076
  PC_16      Componente principal 16        0             1          0.24761
  PC_7       Componente principal 7         0             1          0.24748
  PC_5       Componente principal 5         0             1          0.14329
  PC_6       Componente principal 6         0             1          0.14329
