NOTE: PROCEDURE PRINTTO ha utilizado (Tiempo de proceso total):
      real time           0.00 seconds
      cpu time            0.00 seconds
      

1 
Trasversal: trasversal invocado. El mandato MPCONNECT es sas. 
Trasversal: iniciando trasversal del flujo 
*------------------------------------------------------------* 
* 
* Ids : Beginning Update 
* datetime : 11DEC2020:22:58:21 
* 
*------------------------------------------------------------* 
16063      %let _HPDMGRIDHOST=;
16064      %let _HPDMGRIDINSTALLLOC=;
16065      %let _HPDMGRIDDATASERVER=;
16066      %hpdm_gridSetOPtions;

NOTE: DATA statement ha utilizado (Tiempo de proceso total):
      real time           0.00 seconds
      cpu time            0.00 seconds
      


*------------------------------------------------------------* 
* 
* Ids : End Update 
* datetime : 11DEC2020:22:58:21 
* 
*------------------------------------------------------------* 
Trasversal: WaitingNode "EMCODE" 
traverser_readyNode_note 
*------------------------------------------------------------* 
* 
* Clus : Beginning Update 
* datetime : 11DEC2020:22:58:21 
* 
*------------------------------------------------------------* 
16086      %let _HPDMGRIDHOST=;
16087      %let _HPDMGRIDINSTALLLOC=;
16088      %let _HPDMGRIDDATASERVER=;
16089      %hpdm_gridSetOPtions;

NOTE: DATA statement ha utilizado (Tiempo de proceso total):
      real time           0.00 seconds
      cpu time            0.01 seconds
      


*------------------------------------------------------------* 
* 
* Clus : End Update 
* datetime : 11DEC2020:22:58:22 
* 
*------------------------------------------------------------* 
traverser_readyNode_note 
*------------------------------------------------------------* 
* 
* EMCODE : Beginning Update 
* datetime : 11DEC2020:22:58:22 
* 
*------------------------------------------------------------* 
16121      %let _HPDMGRIDHOST=;
16122      %let _HPDMGRIDINSTALLLOC=;
16123      %let _HPDMGRIDDATASERVER=;
16124      %hpdm_gridSetOPtions;

NOTE: DATA statement ha utilizado (Tiempo de proceso total):
      real time           0.00 seconds
      cpu time            0.00 seconds
      


*------------------------------------------------------------* 
* 
* EMCODE : End Update 
* datetime : 11DEC2020:22:58:22 
* 
*------------------------------------------------------------* 
Trasversal: ejecución completa 
16125      proc printto;
16126      run;

