 
                                                                                                                                                                                                                                                                
 
 
Importancia de la variable

Nombre de                 Número de     Número de
la                        reglas de      reglas
variable      Etiqueta     división    sustitutas    Importancia

SERDAR                        0             2          1.00000  
ARMENIAN                      1             0          0.97191  
ARMENIA                       0             1          0.96354  
TURKISH                       0             1          0.96085  
ARGIC                         0             1          0.95967  
CENTER                        0             1          0.95222  
GORDON                        1             0          0.77457  
BANK                          0             1          0.77340  
GEB                           0             1          0.77340  
PITT                          0             1          0.77133  
PITTSBURGH                    0             1          0.76704  
UNIV                          0             1          0.76600  
ENGIN                         1             0          0.67062  
ELECTR                        0             1          0.66400  
OPER                          0             1          0.66364  
TYPE                          0             1          0.66364  
BRIAN                         0             1          0.66364  
ANSWER                        0             1          0.66364  
GEORGIA                       1             0          0.47337  
NUMBER                        1             0          0.36062  
MARK                          0             1          0.35922  
FIND                          0             1          0.35922  
PHONE                         0             1          0.35922  
STATE                         0             1          0.35922  
DON                           0             1          0.35922  
UTEXA                         1             0          0.27978  
UUCP                          0             1          0.27954  
NEW                           0             1          0.27935  
YOU                           0             1          0.27935  
SCHOOL                        0             1          0.27935  
