MPRINT(EM_DIAGRAM):    data _null_;
MPRINT(EM_DIAGRAM):   call symput('NLDATE', strip(put(date(), NLDATE.)));
MPRINT(EM_DIAGRAM):   call symput('NLTIME', strip(put(datetime(), NLTIME.)));
MPRINT(EM_DIAGRAM):   run;
MPRINT(EM_DIAGRAM):   data _null_;
MPRINT(EM_DIAGRAM):   nldate= sasmsg("sashelp.dmine", "log_date_note", 'N', "13/12/20" );
MPRINT(EM_DIAGRAM):   nltime= sasmsg("sashelp.dmine", "log_time_note", 'N', "14H29" );
MPRINT(EM_DIAGRAM):   put "*------------------------------------------------------------*";
MPRINT(EM_DIAGRAM):   put "* Log de puntuación";
MPRINT(EM_DIAGRAM):   put nldate;
MPRINT(EM_DIAGRAM):   put nltime;
MPRINT(EM_DIAGRAM):   put "*------------------------------------------------------------*";
MPRINT(EM_DIAGRAM):   run;
*------------------------------------------------------------*
* Log de puntuación
Fecha:                13/12/20
Hora:                14H29
*------------------------------------------------------------*
MPRINT(EM_DIAGRAM):    filename O3PXRQ4C "C:\Users\Admin\Documents\GitHub\AMUL-PRACTICA\practica_AMUL\Workspaces\EMWS1\Clus3\EMSCORE.out" encoding="UTF-8" NOBOM;
MPRINT(EM_DIAGRAM):   proc printto print=O3PXRQ4C new;
MPRINT(EM_DIAGRAM):   run;
30821      proc transpose data=EMWS1.Clus3_OUTVAR out=WORK.Clus3_OUTVAR(rename=(COl2=NAME) where=(COL1='IMPUTED'));
MPRINT(EM_DIAGRAM):    proc transpose data=EMWS1.Clus3_OUTVAR out=WORK.Clus3_OUTVAR(rename=(COl2=NAME) where=(COL1='IMPUTED'));
30822      var PC_1--PC_9;
MPRINT(EM_DIAGRAM):   var PC_1--PC_9;
30823      where _TYPE_ in('TYPE' 'VARIABLE');
MPRINT(EM_DIAGRAM):   where _TYPE_ in('TYPE' 'VARIABLE');
30824      run;
MPRINT(EM_DIAGRAM):   run;

NOTE: There were 2 observations read from the data set EMWS1.CLUS3_OUTVAR.
      WHERE _TYPE_ in ('TYPE', 'VARIABLE');
NOTE: The data set WORK.CLUS3_OUTVAR has 0 observations and 4 variables.
NOTE: PROCEDURE TRANSPOSE ha utilizado (Tiempo de proceso total):
      real time           0.00 seconds
      cpu time            0.00 seconds
      

30825      proc sort data=WORK.Clus3_OUTVAR;
MPRINT(EM_DIAGRAM):   proc sort data=WORK.Clus3_OUTVAR;
30826      by NAME;
MPRINT(EM_DIAGRAM):   by NAME;
30827      run;
MPRINT(EM_DIAGRAM):   run;

NOTE: Input data set is empty.
NOTE: The data set WORK.CLUS3_OUTVAR has 0 observations and 4 variables.
NOTE: PROCEDURE SORT ha utilizado (Tiempo de proceso total):
      real time           0.00 seconds
      cpu time            0.00 seconds
      

30828      proc sort data=EMWS1.Clus3_VariableSet(KEEP=NAME ROLE LEVEL) out=WORK.Clus3_SORTEDVARS;
MPRINT(EM_DIAGRAM):   proc sort data=EMWS1.Clus3_VariableSet(KEEP=NAME ROLE LEVEL) out=WORK.Clus3_SORTEDVARS;
30829      by NAME;
MPRINT(EM_DIAGRAM):   by NAME;
30830      run;
MPRINT(EM_DIAGRAM):   run;

NOTE: There were 11 observations read from the data set EMWS1.CLUS3_VARIABLESET.
NOTE: The data set WORK.CLUS3_SORTEDVARS has 11 observations and 3 variables.
NOTE: PROCEDURE SORT ha utilizado (Tiempo de proceso total):
      real time           0.00 seconds
      cpu time            0.00 seconds
      

30831      data WORK.Clus3_OUTVAR;
MPRINT(EM_DIAGRAM):   data WORK.Clus3_OUTVAR;
30832      merge WORK.Clus3_OUTVAR(in=INVAR) WORK.Clus3_SORTEDVARS;
MPRINT(EM_DIAGRAM):   merge WORK.Clus3_OUTVAR(in=INVAR) WORK.Clus3_SORTEDVARS;
30833      by NAME;
MPRINT(EM_DIAGRAM):   by NAME;
30834      if INVAR then output;
MPRINT(EM_DIAGRAM):   if INVAR then output;
30835      run;
MPRINT(EM_DIAGRAM):   run;

WARNING: Multiple lengths were specified for the BY variable NAME by input data sets. This might cause unexpected results.
NOTE: There were 0 observations read from the data set WORK.CLUS3_OUTVAR.
NOTE: There were 11 observations read from the data set WORK.CLUS3_SORTEDVARS.
NOTE: The data set WORK.CLUS3_OUTVAR has 0 observations and 6 variables.
NOTE: DATA statement ha utilizado (Tiempo de proceso total):
      real time           0.00 seconds
      cpu time            0.00 seconds
      

NOTE: This SAS session is using a registry in WORK.  All changes will be lost at the end of this session.
30836      filename emflow "C:\Users\Admin\Documents\GitHub\AMUL-PRACTICA\practica_AMUL\Workspaces\EMWS1\Clus3\EMFLOWSCORE.sas";
MPRINT(EM_DIAGRAM):    filename emflow "C:\Users\Admin\Documents\GitHub\AMUL-PRACTICA\practica_AMUL\Workspaces\EMWS1\Clus3\EMFLOWSCORE.sas";
MPRINT(EM_DIAGRAM):   *------------------------------------------------------------*;
MPRINT(EM_DIAGRAM):   * Clus3: Scoring DATA data;
MPRINT(EM_DIAGRAM):   *------------------------------------------------------------*;
30837      *------------------------------------------------------------*;
30838      * Clus3: Scoring DATA data;
30839      *------------------------------------------------------------*;
30840      data EMWS1.Clus3_TRAIN
30841      / view=EMWS1.Clus3_TRAIN
30842      ;
MPRINT(EM_DIAGRAM):   data EMWS1.Clus3_TRAIN / view=EMWS1.Clus3_TRAIN ;
30843      set EMWS1.PRINCOMP3_TRAIN
30844      ;
MPRINT(EM_DIAGRAM):   set EMWS1.PRINCOMP3_TRAIN ;
30845      %inc emflow;
MPRINT(EM_DIAGRAM):   *****************************************;
MPRINT(EM_DIAGRAM):   *** Begin Scoring Code from PROC DMVQ ***;
MPRINT(EM_DIAGRAM):   *****************************************;
MPRINT(EM_DIAGRAM):   *** Begin Class Look-up, Standardization, Replacement ;
MPRINT(EM_DIAGRAM):   drop _dm_bad;
MPRINT(EM_DIAGRAM):   _dm_bad = 0;
MPRINT(EM_DIAGRAM):   *** Standardize PC_1 ;
MPRINT(EM_DIAGRAM):   drop T_PC_1 ;
MPRINT(EM_DIAGRAM):   if missing( PC_1 ) then T_PC_1 = .;
MPRINT(EM_DIAGRAM):   else T_PC_1 = (PC_1 - 0.00313589422646) * 1.22420878594908;
MPRINT(EM_DIAGRAM):   *** Standardize PC_10 ;
MPRINT(EM_DIAGRAM):   drop T_PC_10 ;
MPRINT(EM_DIAGRAM):   if missing( PC_10 ) then T_PC_10 = .;
MPRINT(EM_DIAGRAM):   else T_PC_10 = (PC_10 - -0.10782911505953) * 1.63904873717966;
MPRINT(EM_DIAGRAM):   *** Standardize PC_2 ;
MPRINT(EM_DIAGRAM):   drop T_PC_2 ;
MPRINT(EM_DIAGRAM):   if missing( PC_2 ) then T_PC_2 = .;
MPRINT(EM_DIAGRAM):   else T_PC_2 = (PC_2 - -1.13883815188165) * 0.73004100574933;
MPRINT(EM_DIAGRAM):   *** Standardize PC_3 ;
MPRINT(EM_DIAGRAM):   drop T_PC_3 ;
MPRINT(EM_DIAGRAM):   if missing( PC_3 ) then T_PC_3 = .;
MPRINT(EM_DIAGRAM):   else T_PC_3 = (PC_3 - -0.39714007396171) * 1.82331941425741;
MPRINT(EM_DIAGRAM):   *** Standardize PC_4 ;
MPRINT(EM_DIAGRAM):   drop T_PC_4 ;
MPRINT(EM_DIAGRAM):   if missing( PC_4 ) then T_PC_4 = .;
MPRINT(EM_DIAGRAM):   else T_PC_4 = (PC_4 - -0.13594144916953) * 1.17950375799057;
MPRINT(EM_DIAGRAM):   *** Standardize PC_5 ;
MPRINT(EM_DIAGRAM):   drop T_PC_5 ;
MPRINT(EM_DIAGRAM):   if missing( PC_5 ) then T_PC_5 = .;
MPRINT(EM_DIAGRAM):   else T_PC_5 = (PC_5 - -0.60560812130053) * 0.85966840289883;
MPRINT(EM_DIAGRAM):   *** Standardize PC_6 ;
MPRINT(EM_DIAGRAM):   drop T_PC_6 ;
MPRINT(EM_DIAGRAM):   if missing( PC_6 ) then T_PC_6 = .;
MPRINT(EM_DIAGRAM):   else T_PC_6 = (PC_6 - -0.24178214906788) * 2.16328925112039;
MPRINT(EM_DIAGRAM):   *** Standardize PC_7 ;
MPRINT(EM_DIAGRAM):   drop T_PC_7 ;
MPRINT(EM_DIAGRAM):   if missing( PC_7 ) then T_PC_7 = .;
MPRINT(EM_DIAGRAM):   else T_PC_7 = (PC_7 - -0.22338432322065) * 2.57091384627972;
MPRINT(EM_DIAGRAM):   *** Standardize PC_8 ;
MPRINT(EM_DIAGRAM):   drop T_PC_8 ;
MPRINT(EM_DIAGRAM):   if missing( PC_8 ) then T_PC_8 = .;
MPRINT(EM_DIAGRAM):   else T_PC_8 = (PC_8 - -0.29759743696529) * 1.36357952835793;
MPRINT(EM_DIAGRAM):   *** Standardize PC_9 ;
MPRINT(EM_DIAGRAM):   drop T_PC_9 ;
MPRINT(EM_DIAGRAM):   if missing( PC_9 ) then T_PC_9 = .;
MPRINT(EM_DIAGRAM):   else T_PC_9 = (PC_9 - -0.11270122557524) * 1.92360751864529;
MPRINT(EM_DIAGRAM):   *** End Class Look-up, Standardization, Replacement ;
MPRINT(EM_DIAGRAM):   *** Omitted Cases;
MPRINT(EM_DIAGRAM):   if _dm_bad then do;
MPRINT(EM_DIAGRAM):   _SEGMENT_ = .;
MPRINT(EM_DIAGRAM):   Distance = .;
MPRINT(EM_DIAGRAM):   goto CLUS3vlex ;
MPRINT(EM_DIAGRAM):   end;
MPRINT(EM_DIAGRAM):   *** omitted;
MPRINT(EM_DIAGRAM):   *** Compute Distances and Cluster Membership;
MPRINT(EM_DIAGRAM):   label _SEGMENT_ = 'Id de segmento' ;
MPRINT(EM_DIAGRAM):   label Distance = 'Distancia' ;
MPRINT(EM_DIAGRAM):   array CLUS3vads [26] _temporary_;
MPRINT(EM_DIAGRAM):   drop _vqclus _vqmvar _vqnvar;
MPRINT(EM_DIAGRAM):   _vqmvar = 0;
MPRINT(EM_DIAGRAM):   do _vqclus = 1 to 26;
MPRINT(EM_DIAGRAM):   CLUS3vads [_vqclus] = 0;
MPRINT(EM_DIAGRAM):   end;
MPRINT(EM_DIAGRAM):   if not missing( T_PC_1 ) then do;
MPRINT(EM_DIAGRAM):   CLUS3vads [1] + ( T_PC_1 - 0.23377000328076 )**2;
MPRINT(EM_DIAGRAM):   CLUS3vads [2] + ( T_PC_1 - 0.11499934526174 )**2;
MPRINT(EM_DIAGRAM):   CLUS3vads [3] + ( T_PC_1 - 0.13891725092238 )**2;
MPRINT(EM_DIAGRAM):   CLUS3vads [4] + ( T_PC_1 - 0.03187061002507 )**2;
MPRINT(EM_DIAGRAM):   CLUS3vads [5] + ( T_PC_1 - 0.30674448034188 )**2;
MPRINT(EM_DIAGRAM):   CLUS3vads [6] + ( T_PC_1 - 0.09008712445472 )**2;
MPRINT(EM_DIAGRAM):   CLUS3vads [7] + ( T_PC_1 - 0.05971076738838 )**2;
MPRINT(EM_DIAGRAM):   CLUS3vads [8] + ( T_PC_1 - 0.0863833926228 )**2;
MPRINT(EM_DIAGRAM):   CLUS3vads [9] + ( T_PC_1 - 0.02174549496409 )**2;
MPRINT(EM_DIAGRAM):   CLUS3vads [10] + ( T_PC_1 - 0.03637476123045 )**2;
MPRINT(EM_DIAGRAM):   CLUS3vads [11] + ( T_PC_1 - 0.0927927671827 )**2;
MPRINT(EM_DIAGRAM):   CLUS3vads [12] + ( T_PC_1 - 0.09968647788664 )**2;
MPRINT(EM_DIAGRAM):   CLUS3vads [13] + ( T_PC_1 - 0.02585668410465 )**2;
MPRINT(EM_DIAGRAM):   CLUS3vads [14] + ( T_PC_1 - 0.1537505682441 )**2;
MPRINT(EM_DIAGRAM):   CLUS3vads [15] + ( T_PC_1 - 0.08277089785017 )**2;
MPRINT(EM_DIAGRAM):   CLUS3vads [16] + ( T_PC_1 - 0.05292161778382 )**2;
MPRINT(EM_DIAGRAM):   CLUS3vads [17] + ( T_PC_1 - 0.57992795866982 )**2;
MPRINT(EM_DIAGRAM):   CLUS3vads [18] + ( T_PC_1 - 0.02585162527119 )**2;
MPRINT(EM_DIAGRAM):   CLUS3vads [19] + ( T_PC_1 - 0.07973897896356 )**2;
MPRINT(EM_DIAGRAM):   CLUS3vads [20] + ( T_PC_1 - 0.05468042114014 )**2;
MPRINT(EM_DIAGRAM):   CLUS3vads [21] + ( T_PC_1 - 0.16097029722346 )**2;
MPRINT(EM_DIAGRAM):   CLUS3vads [22] + ( T_PC_1 - 0.92386579314913 )**2;
MPRINT(EM_DIAGRAM):   CLUS3vads [23] + ( T_PC_1 - 0.23896348179503 )**2;
MPRINT(EM_DIAGRAM):   CLUS3vads [24] + ( T_PC_1 - 0.15085374260934 )**2;
MPRINT(EM_DIAGRAM):   CLUS3vads [25] + ( T_PC_1 - 0.058521853519 )**2;
MPRINT(EM_DIAGRAM):   CLUS3vads [26] + ( T_PC_1 - 0.09188045763162 )**2;
MPRINT(EM_DIAGRAM):   end;
MPRINT(EM_DIAGRAM):   else _vqmvar + 0.00245566404865;
MPRINT(EM_DIAGRAM):   if not missing( T_PC_10 ) then do;
MPRINT(EM_DIAGRAM):   CLUS3vads [1] + ( T_PC_10 - 0.98895607561186 )**2;
MPRINT(EM_DIAGRAM):   CLUS3vads [2] + ( T_PC_10 - 0.99648365909108 )**2;
MPRINT(EM_DIAGRAM):   CLUS3vads [3] + ( T_PC_10 - 0.19631201364115 )**2;
MPRINT(EM_DIAGRAM):   CLUS3vads [4] + ( T_PC_10 - 0.17015043060252 )**2;
MPRINT(EM_DIAGRAM):   CLUS3vads [5] + ( T_PC_10 - 0.20712209070234 )**2;
MPRINT(EM_DIAGRAM):   CLUS3vads [6] + ( T_PC_10 - 0.27787868269558 )**2;
MPRINT(EM_DIAGRAM):   CLUS3vads [7] + ( T_PC_10 - 0.17144222440834 )**2;
MPRINT(EM_DIAGRAM):   CLUS3vads [8] + ( T_PC_10 - 0.56244658374701 )**2;
MPRINT(EM_DIAGRAM):   CLUS3vads [9] + ( T_PC_10 - 0.15393123596046 )**2;
MPRINT(EM_DIAGRAM):   CLUS3vads [10] + ( T_PC_10 - 0.20116591707892 )**2;
MPRINT(EM_DIAGRAM):   CLUS3vads [11] + ( T_PC_10 - 0.21468704720269 )**2;
MPRINT(EM_DIAGRAM):   CLUS3vads [12] + ( T_PC_10 - 0.18564708615754 )**2;
MPRINT(EM_DIAGRAM):   CLUS3vads [13] + ( T_PC_10 - 0.18556109636637 )**2;
MPRINT(EM_DIAGRAM):   CLUS3vads [14] + ( T_PC_10 - 0.28901463151359 )**2;
MPRINT(EM_DIAGRAM):   CLUS3vads [15] + ( T_PC_10 - 0.14658701416537 )**2;
MPRINT(EM_DIAGRAM):   CLUS3vads [16] + ( T_PC_10 - 0.18639322826326 )**2;
MPRINT(EM_DIAGRAM):   CLUS3vads [17] + ( T_PC_10 - 0.14683845340917 )**2;
MPRINT(EM_DIAGRAM):   CLUS3vads [18] + ( T_PC_10 - 0.12403689559511 )**2;
MPRINT(EM_DIAGRAM):   CLUS3vads [19] + ( T_PC_10 - 0.16692903556862 )**2;
MPRINT(EM_DIAGRAM):   CLUS3vads [20] + ( T_PC_10 - 0.18425416987207 )**2;
MPRINT(EM_DIAGRAM):   CLUS3vads [21] + ( T_PC_10 - 0.08959774383723 )**2;
MPRINT(EM_DIAGRAM):   CLUS3vads [22] + ( T_PC_10 - 0.23161596622037 )**2;
MPRINT(EM_DIAGRAM):   CLUS3vads [23] + ( T_PC_10 - 0.21013117350174 )**2;
MPRINT(EM_DIAGRAM):   CLUS3vads [24] + ( T_PC_10 - 0.42439220275448 )**2;
MPRINT(EM_DIAGRAM):   CLUS3vads [25] + ( T_PC_10 - 0.17750987218398 )**2;
MPRINT(EM_DIAGRAM):   CLUS3vads [26] + ( T_PC_10 - 0.18331682744824 )**2;
MPRINT(EM_DIAGRAM):   end;
MPRINT(EM_DIAGRAM):   else _vqmvar + 0.00270667193897;
MPRINT(EM_DIAGRAM):   if not missing( T_PC_2 ) then do;
MPRINT(EM_DIAGRAM):   CLUS3vads [1] + ( T_PC_2 - 0.82155233474001 )**2;
MPRINT(EM_DIAGRAM):   CLUS3vads [2] + ( T_PC_2 - 0.87049284282004 )**2;
MPRINT(EM_DIAGRAM):   CLUS3vads [3] + ( T_PC_2 - 0.88642137065769 )**2;
MPRINT(EM_DIAGRAM):   CLUS3vads [4] + ( T_PC_2 - 0.84738633789738 )**2;
MPRINT(EM_DIAGRAM):   CLUS3vads [5] + ( T_PC_2 - 0.66398583495592 )**2;
MPRINT(EM_DIAGRAM):   CLUS3vads [6] + ( T_PC_2 - 0.84253376500932 )**2;
MPRINT(EM_DIAGRAM):   CLUS3vads [7] + ( T_PC_2 - 0.8816746970569 )**2;
MPRINT(EM_DIAGRAM):   CLUS3vads [8] + ( T_PC_2 - 0.84491858221208 )**2;
MPRINT(EM_DIAGRAM):   CLUS3vads [9] + ( T_PC_2 - 0.84393456814971 )**2;
MPRINT(EM_DIAGRAM):   CLUS3vads [10] + ( T_PC_2 - 0.85430510760924 )**2;
MPRINT(EM_DIAGRAM):   CLUS3vads [11] + ( T_PC_2 - 0.84499750227748 )**2;
MPRINT(EM_DIAGRAM):   CLUS3vads [12] + ( T_PC_2 - 0.94121142842324 )**2;
MPRINT(EM_DIAGRAM):   CLUS3vads [13] + ( T_PC_2 - 0.84741650525233 )**2;
MPRINT(EM_DIAGRAM):   CLUS3vads [14] + ( T_PC_2 - 0.83626432569096 )**2;
MPRINT(EM_DIAGRAM):   CLUS3vads [15] + ( T_PC_2 - 0.84213996217086 )**2;
MPRINT(EM_DIAGRAM):   CLUS3vads [16] + ( T_PC_2 - 0.86623559846927 )**2;
MPRINT(EM_DIAGRAM):   CLUS3vads [17] + ( T_PC_2 - 0.4362767005334 )**2;
MPRINT(EM_DIAGRAM):   CLUS3vads [18] + ( T_PC_2 - 0.84805369668347 )**2;
MPRINT(EM_DIAGRAM):   CLUS3vads [19] + ( T_PC_2 - 0.90763985808626 )**2;
MPRINT(EM_DIAGRAM):   CLUS3vads [20] + ( T_PC_2 - 0.85823003915421 )**2;
MPRINT(EM_DIAGRAM):   CLUS3vads [21] + ( T_PC_2 - 0.82581106902669 )**2;
MPRINT(EM_DIAGRAM):   CLUS3vads [22] + ( T_PC_2 - 0.06711842258392 )**2;
MPRINT(EM_DIAGRAM):   CLUS3vads [23] + ( T_PC_2 - 0.86204581693557 )**2;
MPRINT(EM_DIAGRAM):   CLUS3vads [24] + ( T_PC_2 - 0.84692381771828 )**2;
MPRINT(EM_DIAGRAM):   CLUS3vads [25] + ( T_PC_2 - 0.88840578308568 )**2;
MPRINT(EM_DIAGRAM):   CLUS3vads [26] + ( T_PC_2 - 0.87098962282456 )**2;
MPRINT(EM_DIAGRAM):   end;
MPRINT(EM_DIAGRAM):   else _vqmvar + 0.00117107933258;
MPRINT(EM_DIAGRAM):   if not missing( T_PC_3 ) then do;
MPRINT(EM_DIAGRAM):   CLUS3vads [1] + ( T_PC_3 - 0.89242666606743 )**2;
MPRINT(EM_DIAGRAM):   CLUS3vads [2] + ( T_PC_3 - 0.83168631907701 )**2;
MPRINT(EM_DIAGRAM):   CLUS3vads [3] + ( T_PC_3 - 0.43331892790484 )**2;
MPRINT(EM_DIAGRAM):   CLUS3vads [4] + ( T_PC_3 - 0.7325142335914 )**2;
MPRINT(EM_DIAGRAM):   CLUS3vads [5] + ( T_PC_3 - 0.62311064341094 )**2;
MPRINT(EM_DIAGRAM):   CLUS3vads [6] + ( T_PC_3 - 0.80036565777346 )**2;
MPRINT(EM_DIAGRAM):   CLUS3vads [7] + ( T_PC_3 - 0.84910676806375 )**2;
MPRINT(EM_DIAGRAM):   CLUS3vads [8] + ( T_PC_3 - 0.81457340557547 )**2;
MPRINT(EM_DIAGRAM):   CLUS3vads [9] + ( T_PC_3 - 0.7248533073263 )**2;
MPRINT(EM_DIAGRAM):   CLUS3vads [10] + ( T_PC_3 - 0.74230076557988 )**2;
MPRINT(EM_DIAGRAM):   CLUS3vads [11] + ( T_PC_3 - 0.82060516316565 )**2;
MPRINT(EM_DIAGRAM):   CLUS3vads [12] + ( T_PC_3 - 0.28122089984763 )**2;
MPRINT(EM_DIAGRAM):   CLUS3vads [13] + ( T_PC_3 - 0.73422312359867 )**2;
MPRINT(EM_DIAGRAM):   CLUS3vads [14] + ( T_PC_3 - 0.88828923078694 )**2;
MPRINT(EM_DIAGRAM):   CLUS3vads [15] + ( T_PC_3 - 0.78415385217028 )**2;
MPRINT(EM_DIAGRAM):   CLUS3vads [16] + ( T_PC_3 - 0.79037390894031 )**2;
MPRINT(EM_DIAGRAM):   CLUS3vads [17] + ( T_PC_3 - 0.42282885517304 )**2;
MPRINT(EM_DIAGRAM):   CLUS3vads [18] + ( T_PC_3 - 0.72316714016256 )**2;
MPRINT(EM_DIAGRAM):   CLUS3vads [19] + ( T_PC_3 - 0.9231289735296 )**2;
MPRINT(EM_DIAGRAM):   CLUS3vads [20] + ( T_PC_3 - 0.75361196101792 )**2;
MPRINT(EM_DIAGRAM):   CLUS3vads [21] + ( T_PC_3 - 0.83930131036375 )**2;
MPRINT(EM_DIAGRAM):   CLUS3vads [22] + ( T_PC_3 - 0.04884477787821 )**2;
MPRINT(EM_DIAGRAM):   CLUS3vads [23] + ( T_PC_3 - 0.22392451430551 )**2;
MPRINT(EM_DIAGRAM):   CLUS3vads [24] + ( T_PC_3 - 0.9325280935615 )**2;
MPRINT(EM_DIAGRAM):   CLUS3vads [25] + ( T_PC_3 - 0.53259164787717 )**2;
MPRINT(EM_DIAGRAM):   CLUS3vads [26] + ( T_PC_3 - 0.60376815253964 )**2;
MPRINT(EM_DIAGRAM):   end;
MPRINT(EM_DIAGRAM):   else _vqmvar + 0.00735286775092;
MPRINT(EM_DIAGRAM):   if not missing( T_PC_4 ) then do;
MPRINT(EM_DIAGRAM):   CLUS3vads [1] + ( T_PC_4 - 0.09708616489001 )**2;
MPRINT(EM_DIAGRAM):   CLUS3vads [2] + ( T_PC_4 - 0.16636286089566 )**2;
MPRINT(EM_DIAGRAM):   CLUS3vads [3] + ( T_PC_4 - 0.43968322407199 )**2;
MPRINT(EM_DIAGRAM):   CLUS3vads [4] + ( T_PC_4 - 0.1616623456764 )**2;
MPRINT(EM_DIAGRAM):   CLUS3vads [5] + ( T_PC_4 - 0.17389382779647 )**2;
MPRINT(EM_DIAGRAM):   CLUS3vads [6] + ( T_PC_4 - 0.13384130995496 )**2;
MPRINT(EM_DIAGRAM):   CLUS3vads [7] + ( T_PC_4 - 0.59934711953547 )**2;
MPRINT(EM_DIAGRAM):   CLUS3vads [8] + ( T_PC_4 - 0.13138393442049 )**2;
MPRINT(EM_DIAGRAM):   CLUS3vads [9] + ( T_PC_4 - 0.17635735917671 )**2;
MPRINT(EM_DIAGRAM):   CLUS3vads [10] + ( T_PC_4 - 0.16661115631374 )**2;
MPRINT(EM_DIAGRAM):   CLUS3vads [11] + ( T_PC_4 - 0.12624488114041 )**2;
MPRINT(EM_DIAGRAM):   CLUS3vads [12] + ( T_PC_4 - 0.06215108141491 )**2;
MPRINT(EM_DIAGRAM):   CLUS3vads [13] + ( T_PC_4 - 0.16340812742577 )**2;
MPRINT(EM_DIAGRAM):   CLUS3vads [14] + ( T_PC_4 - 0.09349570766037 )**2;
MPRINT(EM_DIAGRAM):   CLUS3vads [15] + ( T_PC_4 - 0.14066712432279 )**2;
MPRINT(EM_DIAGRAM):   CLUS3vads [16] + ( T_PC_4 - 0.34964807480467 )**2;
MPRINT(EM_DIAGRAM):   CLUS3vads [17] + ( T_PC_4 - 0.19321984538125 )**2;
MPRINT(EM_DIAGRAM):   CLUS3vads [18] + ( T_PC_4 - 0.17940351117903 )**2;
MPRINT(EM_DIAGRAM):   CLUS3vads [19] + ( T_PC_4 - 0.90952733380041 )**2;
MPRINT(EM_DIAGRAM):   CLUS3vads [20] + ( T_PC_4 - 0.17426103130464 )**2;
MPRINT(EM_DIAGRAM):   CLUS3vads [21] + ( T_PC_4 - 0.11587236265508 )**2;
MPRINT(EM_DIAGRAM):   CLUS3vads [22] + ( T_PC_4 - 0.21384091786581 )**2;
MPRINT(EM_DIAGRAM):   CLUS3vads [23] + ( T_PC_4 - 0.64981659139343 )**2;
MPRINT(EM_DIAGRAM):   CLUS3vads [24] + ( T_PC_4 - 0.07380115910785 )**2;
MPRINT(EM_DIAGRAM):   CLUS3vads [25] + ( T_PC_4 - 0.12018962406005 )**2;
MPRINT(EM_DIAGRAM):   CLUS3vads [26] + ( T_PC_4 - 0.29608111476412 )**2;
MPRINT(EM_DIAGRAM):   end;
MPRINT(EM_DIAGRAM):   else _vqmvar + 0.00278758191964;
MPRINT(EM_DIAGRAM):   if not missing( T_PC_5 ) then do;
MPRINT(EM_DIAGRAM):   CLUS3vads [1] + ( T_PC_5 - 0.49644847676687 )**2;
MPRINT(EM_DIAGRAM):   CLUS3vads [2] + ( T_PC_5 - 0.50712031364847 )**2;
MPRINT(EM_DIAGRAM):   CLUS3vads [3] + ( T_PC_5 - 0.25054121526902 )**2;
MPRINT(EM_DIAGRAM):   CLUS3vads [4] + ( T_PC_5 - 0.52221495134775 )**2;
MPRINT(EM_DIAGRAM):   CLUS3vads [5] + ( T_PC_5 - 0.54938832894319 )**2;
MPRINT(EM_DIAGRAM):   CLUS3vads [6] + ( T_PC_5 - 0.51408610208841 )**2;
MPRINT(EM_DIAGRAM):   CLUS3vads [7] + ( T_PC_5 - 0.7705030352498 )**2;
MPRINT(EM_DIAGRAM):   CLUS3vads [8] + ( T_PC_5 - 0.51171608466181 )**2;
MPRINT(EM_DIAGRAM):   CLUS3vads [9] + ( T_PC_5 - 0.50686725908607 )**2;
MPRINT(EM_DIAGRAM):   CLUS3vads [10] + ( T_PC_5 - 0.52383399993148 )**2;
MPRINT(EM_DIAGRAM):   CLUS3vads [11] + ( T_PC_5 - 0.50914480303431 )**2;
MPRINT(EM_DIAGRAM):   CLUS3vads [12] + ( T_PC_5 - 0.59769987628017 )**2;
MPRINT(EM_DIAGRAM):   CLUS3vads [13] + ( T_PC_5 - 0.52237253591045 )**2;
MPRINT(EM_DIAGRAM):   CLUS3vads [14] + ( T_PC_5 - 0.50273564985456 )**2;
MPRINT(EM_DIAGRAM):   CLUS3vads [15] + ( T_PC_5 - 0.51449920305546 )**2;
MPRINT(EM_DIAGRAM):   CLUS3vads [16] + ( T_PC_5 - 0.62394840584119 )**2;
MPRINT(EM_DIAGRAM):   CLUS3vads [17] + ( T_PC_5 - 0.57800195641754 )**2;
MPRINT(EM_DIAGRAM):   CLUS3vads [18] + ( T_PC_5 - 0.50425775071205 )**2;
MPRINT(EM_DIAGRAM):   CLUS3vads [19] + ( T_PC_5 - 0.94826827166895 )**2;
MPRINT(EM_DIAGRAM):   CLUS3vads [20] + ( T_PC_5 - 0.52458661309757 )**2;
MPRINT(EM_DIAGRAM):   CLUS3vads [21] + ( T_PC_5 - 0.50595656009419 )**2;
MPRINT(EM_DIAGRAM):   CLUS3vads [22] + ( T_PC_5 - 0.72071513591166 )**2;
MPRINT(EM_DIAGRAM):   CLUS3vads [23] + ( T_PC_5 - 0.04049887515314 )**2;
MPRINT(EM_DIAGRAM):   CLUS3vads [24] + ( T_PC_5 - 0.49854427432249 )**2;
MPRINT(EM_DIAGRAM):   CLUS3vads [25] + ( T_PC_5 - 0.55330516269817 )**2;
MPRINT(EM_DIAGRAM):   CLUS3vads [26] + ( T_PC_5 - 0.39468212575932 )**2;
MPRINT(EM_DIAGRAM):   end;
MPRINT(EM_DIAGRAM):   else _vqmvar + 0.00147087043209;
MPRINT(EM_DIAGRAM):   if not missing( T_PC_6 ) then do;
MPRINT(EM_DIAGRAM):   CLUS3vads [1] + ( T_PC_6 - 0.29808311162219 )**2;
MPRINT(EM_DIAGRAM):   CLUS3vads [2] + ( T_PC_6 - 0.54025026443719 )**2;
MPRINT(EM_DIAGRAM):   CLUS3vads [3] + ( T_PC_6 - 0.42627943712371 )**2;
MPRINT(EM_DIAGRAM):   CLUS3vads [4] + ( T_PC_6 - 0.56051257407104 )**2;
MPRINT(EM_DIAGRAM):   CLUS3vads [5] + ( T_PC_6 - 0.59582545430291 )**2;
MPRINT(EM_DIAGRAM):   CLUS3vads [6] + ( T_PC_6 - 0.46297900302009 )**2;
MPRINT(EM_DIAGRAM):   CLUS3vads [7] + ( T_PC_6 - 0.26610323579859 )**2;
MPRINT(EM_DIAGRAM):   CLUS3vads [8] + ( T_PC_6 - 0.44589821714156 )**2;
MPRINT(EM_DIAGRAM):   CLUS3vads [9] + ( T_PC_6 - 0.57462076771813 )**2;
MPRINT(EM_DIAGRAM):   CLUS3vads [10] + ( T_PC_6 - 0.69846261279236 )**2;
MPRINT(EM_DIAGRAM):   CLUS3vads [11] + ( T_PC_6 - 0.40167746888185 )**2;
MPRINT(EM_DIAGRAM):   CLUS3vads [12] + ( T_PC_6 - 0.39042218319067 )**2;
MPRINT(EM_DIAGRAM):   CLUS3vads [13] + ( T_PC_6 - 0.61632178587584 )**2;
MPRINT(EM_DIAGRAM):   CLUS3vads [14] + ( T_PC_6 - 0.25620141873622 )**2;
MPRINT(EM_DIAGRAM):   CLUS3vads [15] + ( T_PC_6 - 0.4797915813033 )**2;
MPRINT(EM_DIAGRAM):   CLUS3vads [16] + ( T_PC_6 - 0.4632354052061 )**2;
MPRINT(EM_DIAGRAM):   CLUS3vads [17] + ( T_PC_6 - 0.61975459399945 )**2;
MPRINT(EM_DIAGRAM):   CLUS3vads [18] + ( T_PC_6 - 0.60182125261807 )**2;
MPRINT(EM_DIAGRAM):   CLUS3vads [19] + ( T_PC_6 - 0.03202641324571 )**2;
MPRINT(EM_DIAGRAM):   CLUS3vads [20] + ( T_PC_6 - 0.61458162149043 )**2;
MPRINT(EM_DIAGRAM):   CLUS3vads [21] + ( T_PC_6 - 0.37417061182531 )**2;
MPRINT(EM_DIAGRAM):   CLUS3vads [22] + ( T_PC_6 - 0.94399515807677 )**2;
MPRINT(EM_DIAGRAM):   CLUS3vads [23] + ( T_PC_6 - 0.29722031387626 )**2;
MPRINT(EM_DIAGRAM):   CLUS3vads [24] + ( T_PC_6 - 0.14851210455985 )**2;
MPRINT(EM_DIAGRAM):   CLUS3vads [25] + ( T_PC_6 - 0.48844220992247 )**2;
MPRINT(EM_DIAGRAM):   CLUS3vads [26] + ( T_PC_6 - 0.51055411542999 )**2;
MPRINT(EM_DIAGRAM):   end;
MPRINT(EM_DIAGRAM):   else _vqmvar + 0.00694548648711;
MPRINT(EM_DIAGRAM):   if not missing( T_PC_7 ) then do;
MPRINT(EM_DIAGRAM):   CLUS3vads [1] + ( T_PC_7 - 0.77227958318251 )**2;
MPRINT(EM_DIAGRAM):   CLUS3vads [2] + ( T_PC_7 - 0.9001571966584 )**2;
MPRINT(EM_DIAGRAM):   CLUS3vads [3] + ( T_PC_7 - 0.58531884468132 )**2;
MPRINT(EM_DIAGRAM):   CLUS3vads [4] + ( T_PC_7 - 0.59521478290532 )**2;
MPRINT(EM_DIAGRAM):   CLUS3vads [5] + ( T_PC_7 - 0.61211233062267 )**2;
MPRINT(EM_DIAGRAM):   CLUS3vads [6] + ( T_PC_7 - 0.61092869886961 )**2;
MPRINT(EM_DIAGRAM):   CLUS3vads [7] + ( T_PC_7 - 0.46941190630356 )**2;
MPRINT(EM_DIAGRAM):   CLUS3vads [8] + ( T_PC_7 - 0.67208033741814 )**2;
MPRINT(EM_DIAGRAM):   CLUS3vads [9] + ( T_PC_7 - 0.53474186136544 )**2;
MPRINT(EM_DIAGRAM):   CLUS3vads [10] + ( T_PC_7 - 0.32835230458111 )**2;
MPRINT(EM_DIAGRAM):   CLUS3vads [11] + ( T_PC_7 - 0.45307366502346 )**2;
MPRINT(EM_DIAGRAM):   CLUS3vads [12] + ( T_PC_7 - 0.54836882356966 )**2;
MPRINT(EM_DIAGRAM):   CLUS3vads [13] + ( T_PC_7 - 0.46188372506098 )**2;
MPRINT(EM_DIAGRAM):   CLUS3vads [14] + ( T_PC_7 - 0.28132144781661 )**2;
MPRINT(EM_DIAGRAM):   CLUS3vads [15] + ( T_PC_7 - 0.57844852081576 )**2;
MPRINT(EM_DIAGRAM):   CLUS3vads [16] + ( T_PC_7 - 0.58444281108017 )**2;
MPRINT(EM_DIAGRAM):   CLUS3vads [17] + ( T_PC_7 - 0.57466992550579 )**2;
MPRINT(EM_DIAGRAM):   CLUS3vads [18] + ( T_PC_7 - 0.50434527241855 )**2;
MPRINT(EM_DIAGRAM):   CLUS3vads [19] + ( T_PC_7 - 0.39647401969317 )**2;
MPRINT(EM_DIAGRAM):   CLUS3vads [20] + ( T_PC_7 - 0.70268151473753 )**2;
MPRINT(EM_DIAGRAM):   CLUS3vads [21] + ( T_PC_7 - 0.55132795306034 )**2;
MPRINT(EM_DIAGRAM):   CLUS3vads [22] + ( T_PC_7 - 0.61460941817056 )**2;
MPRINT(EM_DIAGRAM):   CLUS3vads [23] + ( T_PC_7 - 0.48321033365882 )**2;
MPRINT(EM_DIAGRAM):   CLUS3vads [24] + ( T_PC_7 - 0.10891726472788 )**2;
MPRINT(EM_DIAGRAM):   CLUS3vads [25] + ( T_PC_7 - 0.57172993415992 )**2;
MPRINT(EM_DIAGRAM):   CLUS3vads [26] + ( T_PC_7 - 0.64127290625043 )**2;
MPRINT(EM_DIAGRAM):   end;
MPRINT(EM_DIAGRAM):   else _vqmvar + 0.008584005636;
MPRINT(EM_DIAGRAM):   if not missing( T_PC_8 ) then do;
MPRINT(EM_DIAGRAM):   CLUS3vads [1] + ( T_PC_8 - 0.02536449680384 )**2;
MPRINT(EM_DIAGRAM):   CLUS3vads [2] + ( T_PC_8 - 0.17782396443581 )**2;
MPRINT(EM_DIAGRAM):   CLUS3vads [3] + ( T_PC_8 - 0.41460807171793 )**2;
MPRINT(EM_DIAGRAM):   CLUS3vads [4] + ( T_PC_8 - 0.41179158966678 )**2;
MPRINT(EM_DIAGRAM):   CLUS3vads [5] + ( T_PC_8 - 0.43719997777964 )**2;
MPRINT(EM_DIAGRAM):   CLUS3vads [6] + ( T_PC_8 - 0.3274214468053 )**2;
MPRINT(EM_DIAGRAM):   CLUS3vads [7] + ( T_PC_8 - 0.38235427704987 )**2;
MPRINT(EM_DIAGRAM):   CLUS3vads [8] + ( T_PC_8 - 0.24527938711706 )**2;
MPRINT(EM_DIAGRAM):   CLUS3vads [9] + ( T_PC_8 - 0.40389672534985 )**2;
MPRINT(EM_DIAGRAM):   CLUS3vads [10] + ( T_PC_8 - 0.37283086476425 )**2;
MPRINT(EM_DIAGRAM):   CLUS3vads [11] + ( T_PC_8 - 0.53514810909059 )**2;
MPRINT(EM_DIAGRAM):   CLUS3vads [12] + ( T_PC_8 - 0.39944856418366 )**2;
MPRINT(EM_DIAGRAM):   CLUS3vads [13] + ( T_PC_8 - 0.39163230944559 )**2;
MPRINT(EM_DIAGRAM):   CLUS3vads [14] + ( T_PC_8 - 0.72184582142706 )**2;
MPRINT(EM_DIAGRAM):   CLUS3vads [15] + ( T_PC_8 - 0.38409609637268 )**2;
MPRINT(EM_DIAGRAM):   CLUS3vads [16] + ( T_PC_8 - 0.40524276604632 )**2;
MPRINT(EM_DIAGRAM):   CLUS3vads [17] + ( T_PC_8 - 0.40700192434526 )**2;
MPRINT(EM_DIAGRAM):   CLUS3vads [18] + ( T_PC_8 - 0.403085782037 )**2;
MPRINT(EM_DIAGRAM):   CLUS3vads [19] + ( T_PC_8 - 0.36143001523758 )**2;
MPRINT(EM_DIAGRAM):   CLUS3vads [20] + ( T_PC_8 - 0.43898310229009 )**2;
MPRINT(EM_DIAGRAM):   CLUS3vads [21] + ( T_PC_8 - 0.32698937649581 )**2;
MPRINT(EM_DIAGRAM):   CLUS3vads [22] + ( T_PC_8 - 0.50664029893379 )**2;
MPRINT(EM_DIAGRAM):   CLUS3vads [23] + ( T_PC_8 - 0.39386748046703 )**2;
MPRINT(EM_DIAGRAM):   CLUS3vads [24] + ( T_PC_8 - 0.92808011638331 )**2;
MPRINT(EM_DIAGRAM):   CLUS3vads [25] + ( T_PC_8 - 0.40639087093496 )**2;
MPRINT(EM_DIAGRAM):   CLUS3vads [26] + ( T_PC_8 - 0.42966807971314 )**2;
MPRINT(EM_DIAGRAM):   end;
MPRINT(EM_DIAGRAM):   else _vqmvar + 0.00227236487055;
MPRINT(EM_DIAGRAM):   if not missing( T_PC_9 ) then do;
MPRINT(EM_DIAGRAM):   CLUS3vads [1] + ( T_PC_9 - 0.3695404729213 )**2;
MPRINT(EM_DIAGRAM):   CLUS3vads [2] + ( T_PC_9 - 0.46046154569253 )**2;
MPRINT(EM_DIAGRAM):   CLUS3vads [3] + ( T_PC_9 - 0.1764181718981 )**2;
MPRINT(EM_DIAGRAM):   CLUS3vads [4] + ( T_PC_9 - 0.2205589265418 )**2;
MPRINT(EM_DIAGRAM):   CLUS3vads [5] + ( T_PC_9 - 0.22093159000694 )**2;
MPRINT(EM_DIAGRAM):   CLUS3vads [6] + ( T_PC_9 - 0.23906860753531 )**2;
MPRINT(EM_DIAGRAM):   CLUS3vads [7] + ( T_PC_9 - 0.220221503752 )**2;
MPRINT(EM_DIAGRAM):   CLUS3vads [8] + ( T_PC_9 - 0.29994166412781 )**2;
MPRINT(EM_DIAGRAM):   CLUS3vads [9] + ( T_PC_9 - 0.40880809702874 )**2;
MPRINT(EM_DIAGRAM):   CLUS3vads [10] + ( T_PC_9 - 0.16071425512775 )**2;
MPRINT(EM_DIAGRAM):   CLUS3vads [11] + ( T_PC_9 - 0.22328361140014 )**2;
MPRINT(EM_DIAGRAM):   CLUS3vads [12] + ( T_PC_9 - 0.21654155876189 )**2;
MPRINT(EM_DIAGRAM):   CLUS3vads [13] + ( T_PC_9 - 0.19681939829938 )**2;
MPRINT(EM_DIAGRAM):   CLUS3vads [14] + ( T_PC_9 - 0.23473488960682 )**2;
MPRINT(EM_DIAGRAM):   CLUS3vads [15] + ( T_PC_9 - 0.21052365119053 )**2;
MPRINT(EM_DIAGRAM):   CLUS3vads [16] + ( T_PC_9 - 0.21847037883692 )**2;
MPRINT(EM_DIAGRAM):   CLUS3vads [17] + ( T_PC_9 - 0.19730323187223 )**2;
MPRINT(EM_DIAGRAM):   CLUS3vads [18] + ( T_PC_9 - 0.60236472772675 )**2;
MPRINT(EM_DIAGRAM):   CLUS3vads [19] + ( T_PC_9 - 0.2375544688965 )**2;
MPRINT(EM_DIAGRAM):   CLUS3vads [20] + ( T_PC_9 - 0.20084575470404 )**2;
MPRINT(EM_DIAGRAM):   CLUS3vads [21] + ( T_PC_9 - 0.1923081709557 )**2;
MPRINT(EM_DIAGRAM):   CLUS3vads [22] + ( T_PC_9 - 0.26604820014984 )**2;
MPRINT(EM_DIAGRAM):   CLUS3vads [23] + ( T_PC_9 - 0.10187233549068 )**2;
MPRINT(EM_DIAGRAM):   CLUS3vads [24] + ( T_PC_9 - 0.27092958704939 )**2;
MPRINT(EM_DIAGRAM):   CLUS3vads [25] + ( T_PC_9 - 0.22200364937121 )**2;
MPRINT(EM_DIAGRAM):   CLUS3vads [26] + ( T_PC_9 - 0.15438361014801 )**2;
MPRINT(EM_DIAGRAM):   end;
MPRINT(EM_DIAGRAM):   else _vqmvar + 0.00379465917691;
MPRINT(EM_DIAGRAM):   _vqnvar = 0.03954125159347 - _vqmvar;
MPRINT(EM_DIAGRAM):   if _vqnvar <= 4.4953198532172E-14 then do;
MPRINT(EM_DIAGRAM):   _SEGMENT_ = .;
MPRINT(EM_DIAGRAM):   Distance = .;
MPRINT(EM_DIAGRAM):   end;
MPRINT(EM_DIAGRAM):   else do;
MPRINT(EM_DIAGRAM):   _SEGMENT_ = 1;
MPRINT(EM_DIAGRAM):   Distance = CLUS3vads [1];
MPRINT(EM_DIAGRAM):   _vqfzdst = Distance * 0.99999999999988;
MPRINT(EM_DIAGRAM):   drop _vqfzdst;
MPRINT(EM_DIAGRAM):   do _vqclus = 2 to 26;
MPRINT(EM_DIAGRAM):   if CLUS3vads [_vqclus] < _vqfzdst then do;
MPRINT(EM_DIAGRAM):   _SEGMENT_ = _vqclus;
MPRINT(EM_DIAGRAM):   Distance = CLUS3vads [_vqclus];
MPRINT(EM_DIAGRAM):   _vqfzdst = Distance * 0.99999999999988;
MPRINT(EM_DIAGRAM):   end;
MPRINT(EM_DIAGRAM):   end;
MPRINT(EM_DIAGRAM):   Distance = sqrt(Distance * (0.03954125159347 / _vqnvar));
MPRINT(EM_DIAGRAM):   end;
MPRINT(EM_DIAGRAM):   CLUS3vlex :;
MPRINT(EM_DIAGRAM):   ***************************************;
MPRINT(EM_DIAGRAM):   *** End Scoring Code from PROC DMVQ ***;
MPRINT(EM_DIAGRAM):   ***************************************;
MPRINT(EM_DIAGRAM):   *------------------------------------------------------------*;
MPRINT(EM_DIAGRAM):   * Clus3: Creating Segment Label;
MPRINT(EM_DIAGRAM):   *------------------------------------------------------------*;
MPRINT(EM_DIAGRAM):   length _SEGMENT_LABEL_ $80;
MPRINT(EM_DIAGRAM):   label _SEGMENT_LABEL_= 'Segment Description';
MPRINT(EM_DIAGRAM):   if _SEGMENT_ = 1 then _SEGMENT_LABEL_="Cluster1";
MPRINT(EM_DIAGRAM):   else if _SEGMENT_ = 2 then _SEGMENT_LABEL_="Cluster2";
MPRINT(EM_DIAGRAM):   else if _SEGMENT_ = 3 then _SEGMENT_LABEL_="Cluster3";
MPRINT(EM_DIAGRAM):   else if _SEGMENT_ = 4 then _SEGMENT_LABEL_="Cluster4";
MPRINT(EM_DIAGRAM):   else if _SEGMENT_ = 5 then _SEGMENT_LABEL_="Cluster5";
MPRINT(EM_DIAGRAM):   else if _SEGMENT_ = 6 then _SEGMENT_LABEL_="Cluster6";
MPRINT(EM_DIAGRAM):   else if _SEGMENT_ = 7 then _SEGMENT_LABEL_="Cluster7";
MPRINT(EM_DIAGRAM):   else if _SEGMENT_ = 8 then _SEGMENT_LABEL_="Cluster8";
MPRINT(EM_DIAGRAM):   else if _SEGMENT_ = 9 then _SEGMENT_LABEL_="Cluster9";
MPRINT(EM_DIAGRAM):   else if _SEGMENT_ = 10 then _SEGMENT_LABEL_="Cluster10";
MPRINT(EM_DIAGRAM):   else if _SEGMENT_ = 11 then _SEGMENT_LABEL_="Cluster11";
MPRINT(EM_DIAGRAM):   else if _SEGMENT_ = 12 then _SEGMENT_LABEL_="Cluster12";
MPRINT(EM_DIAGRAM):   else if _SEGMENT_ = 13 then _SEGMENT_LABEL_="Cluster13";
MPRINT(EM_DIAGRAM):   else if _SEGMENT_ = 14 then _SEGMENT_LABEL_="Cluster14";
MPRINT(EM_DIAGRAM):   else if _SEGMENT_ = 15 then _SEGMENT_LABEL_="Cluster15";
MPRINT(EM_DIAGRAM):   else if _SEGMENT_ = 16 then _SEGMENT_LABEL_="Cluster16";
MPRINT(EM_DIAGRAM):   else if _SEGMENT_ = 17 then _SEGMENT_LABEL_="Cluster17";
MPRINT(EM_DIAGRAM):   else if _SEGMENT_ = 18 then _SEGMENT_LABEL_="Cluster18";
MPRINT(EM_DIAGRAM):   else if _SEGMENT_ = 19 then _SEGMENT_LABEL_="Cluster19";
MPRINT(EM_DIAGRAM):   else if _SEGMENT_ = 20 then _SEGMENT_LABEL_="Cluster20";
MPRINT(EM_DIAGRAM):   else if _SEGMENT_ = 21 then _SEGMENT_LABEL_="Cluster21";
MPRINT(EM_DIAGRAM):   else if _SEGMENT_ = 22 then _SEGMENT_LABEL_="Cluster22";
MPRINT(EM_DIAGRAM):   else if _SEGMENT_ = 23 then _SEGMENT_LABEL_="Cluster23";
MPRINT(EM_DIAGRAM):   else if _SEGMENT_ = 24 then _SEGMENT_LABEL_="Cluster24";
MPRINT(EM_DIAGRAM):   else if _SEGMENT_ = 25 then _SEGMENT_LABEL_="Cluster25";
MPRINT(EM_DIAGRAM):   else if _SEGMENT_ = 26 then _SEGMENT_LABEL_="Cluster26";
31286      run;
MPRINT(EM_DIAGRAM):   run;

NOTE: DATA STEP view saved on file EMWS1.CLUS3_TRAIN.
NOTE: A stored DATA STEP view cannot run under a different operating system.
NOTE: Vista EMWS1.PRINCOMP3_TRAIN.VIEW ha utilizado (Tiempo de proceso total):
      real time           0.04 seconds
      cpu time            0.06 seconds
      
NOTE: DATA statement ha utilizado (Tiempo de proceso total):
      real time           0.05 seconds
      cpu time            0.07 seconds
      

MPRINT(EM_DIAGRAM):   quit;
31287      quit;
31288      filename emflow;
MPRINT(EM_DIAGRAM):   filename emflow;
NOTE: Fileref EMFLOW has been deassigned.
31289      *------------------------------------------------------------*;
MPRINT(EM_DIAGRAM):    *------------------------------------------------------------*;
31290      * Clus3: Computing metadata for TRAIN data;
MPRINT(EM_DIAGRAM):   * Clus3: Computing metadata for TRAIN data;
31291      *------------------------------------------------------------*;
MPRINT(EM_DIAGRAM):   *------------------------------------------------------------*;

NOTE: Vista EMWS1.CLUS3_TRAIN.VIEW ha utilizado (Tiempo de proceso total):
      real time           0.05 seconds
      cpu time            0.06 seconds
      
MPRINT(EM_DIAGRAM):    *------------------------------------------------------------*;
MPRINT(EM_DIAGRAM):   * &nodeid: Computing Metadata for TRAIN data;
MPRINT(EM_DIAGRAM):   *------------------------------------------------------------*;
MPRINT(EM_DIAGRAM):   filename _delta "C:\Users\Admin\Documents\GitHub\AMUL-PRACTICA\practica_AMUL\Workspaces\EMWS1\Clus3\CDELTA_TRAIN.sas";
MPRINT(EMADVISECOLUMNS):   proc display c=sashelp.emmeta.advisecolumns.scl;
MPRINT(EMADVISECOLUMNS):   run;
MPRINT(EMADVISECOLUMNS):    options validvarname=any;
MPRINT(EMADVISECOLUMNS):   proc contents data=EMWS1.Clus3_TRAIN out=_tempAdvisor noprint;
MPRINT(EMADVISECOLUMNS):   run;
MPRINT(EMADVISECOLUMNS):   options validvarname=V7;
MPRINT(EMADVISECOLUMNS):    data _null_;
MPRINT(EMADVISECOLUMNS):   dsid = open('EMWS1.Clus3_TRAIN');
MPRINT(EMADVISECOLUMNS):   call symput('_dsidTable', strip(put(dsid, best.)));
MPRINT(EMADVISECOLUMNS):   if dsid then do;
MPRINT(EMADVISECOLUMNS):   call symput('_engineTable', attrc(dsid, 'ENGINE'));
MPRINT(EMADVISECOLUMNS):   dsid = close(dsid);
MPRINT(EMADVISECOLUMNS):   end;
MPRINT(EMADVISECOLUMNS):   run;
MPRINT(EMADVISECOLUMNS):    proc contents data=EMWS1.Clus3_TRAIN out=WORK.M0KLWIPJ noprint;
MPRINT(EMADVISECOLUMNS):   run;
MPRINT(EMADVISECOLUMNS):    data WORK.M0KLWIPJ;
MPRINT(EMADVISECOLUMNS):   length NAME $ 64 TYPE $ 1 LABEL $ 200 FORMAT $ 36 INFORMAT $36 INDEX $ 1 INDEXTYPE $ 9;
MPRINT(EMADVISECOLUMNS):   label NAME =;
MPRINT(EMADVISECOLUMNS):   set WORK.M0KLWIPJ(keep=name type length label format formatl formatd informat informl informd idxusage rename=(type=itype));
MPRINT(EMADVISECOLUMNS):   if itype = 1 then type = 'N';
MPRINT(EMADVISECOLUMNS):   else type = 'C';
MPRINT(EMADVISECOLUMNS):   if formatl > 0 then do;
MPRINT(EMADVISECOLUMNS):   if format ne '' then do;
MPRINT(EMADVISECOLUMNS):   if type='N' then format = strip(format)!!strip(put(formatl, best12.))!!'.'!!strip(put(formatd, best12.));
MPRINT(EMADVISECOLUMNS):   else format = strip(format)!!strip(put(formatl, best12.))!!'.';
MPRINT(EMADVISECOLUMNS):   end;
MPRINT(EMADVISECOLUMNS):   else format = strip(put(formatl, best12.))!!'.'!!strip(put(formatd, best12.));
MPRINT(EMADVISECOLUMNS):   end;
MPRINT(EMADVISECOLUMNS):   else if format ne '' then format = strip(format)!!'.';
MPRINT(EMADVISECOLUMNS):   if informl > 0 then do;
MPRINT(EMADVISECOLUMNS):   if informat ne ' ' then do;
MPRINT(EMADVISECOLUMNS):   if type='N' then informat = strip(informat)!!strip(put(informl, best12.))!!'.'!!strip(put(informd, best12.));
MPRINT(EMADVISECOLUMNS):   else informat = strip(informat)!!strip(put(informl, best12.))!!'.';
MPRINT(EMADVISECOLUMNS):   end;
MPRINT(EMADVISECOLUMNS):   else informat = strip(put(informl, best12.))!!'.'!!strip(put(informd, best12.));
MPRINT(EMADVISECOLUMNS):   end;
MPRINT(EMADVISECOLUMNS):   else if informat ne '' then informat = strip(informat)!!'.';
MPRINT(EMADVISECOLUMNS):   if idxusage = 'NONE' then index ="N";
MPRINT(EMADVISECOLUMNS):   else index = "Y";
MPRINT(EMADVISECOLUMNS):   indextype = idxusage;
MPRINT(EMADVISECOLUMNS):   drop idxusage itype formatl formatd informl informd;
MPRINT(EMADVISECOLUMNS):   run;
MPRINT(EMADVISECOLUMNS):    data WORK.M0KLWIPJ;
MPRINT(EMADVISECOLUMNS):   length UNAME $64;
MPRINT(EMADVISECOLUMNS):   set WORK.M0KLWIPJ;
MPRINT(EMADVISECOLUMNS):   UNAME = upcase(NAME);
MPRINT(EMADVISECOLUMNS):   run;
MPRINT(EMADVISECOLUMNS):    proc sort data=WORK.M2OGG6KG NOTHREADS;
MPRINT(EMADVISECOLUMNS):   by UNAME;
MPRINT(EMADVISECOLUMNS):   run;
MPRINT(EMADVISECOLUMNS):    data WORK.M2OGG6KG;
MPRINT(EMADVISECOLUMNS):   drop UNAME;
MPRINT(EMADVISECOLUMNS):   set WORK.M2OGG6KG;
MPRINT(EMADVISECOLUMNS):   run;
MPRINT(EMADVISECOLUMNS):    data WORK.M1VU3KPT(keep=NAME ATTR);
MPRINT(EMADVISECOLUMNS):   length ATTR $ 20;
MPRINT(EMADVISECOLUMNS):   set WORK.M2OGG6KG;
MPRINT(EMADVISECOLUMNS):   if level ne "INTERVAL" then do;
MPRINT(EMADVISECOLUMNS):   if order = ' ' then do;
MPRINT(EMADVISECOLUMNS):   attr = 'ORDER';
MPRINT(EMADVISECOLUMNS):   output;
MPRINT(EMADVISECOLUMNS):   end;
MPRINT(EMADVISECOLUMNS):   end;
MPRINT(EMADVISECOLUMNS):   if format ne ' ' and formattype = ' ' then do;
MPRINT(EMADVISECOLUMNS):   attr = 'FORMATTYPE';
MPRINT(EMADVISECOLUMNS):   output;
MPRINT(EMADVISECOLUMNS):   end;
MPRINT(EMADVISECOLUMNS):   if role = ' ' then do;
MPRINT(EMADVISECOLUMNS):   attr = 'ROLE';
MPRINT(EMADVISECOLUMNS):   output;
MPRINT(EMADVISECOLUMNS):   end;
MPRINT(EMADVISECOLUMNS):   if level = ' ' then do;
MPRINT(EMADVISECOLUMNS):   attr = 'LEVEL';
MPRINT(EMADVISECOLUMNS):   output;
MPRINT(EMADVISECOLUMNS):   end;
MPRINT(EMADVISECOLUMNS):   if type = ' ' then do;
MPRINT(EMADVISECOLUMNS):   attr = 'TYPE';
MPRINT(EMADVISECOLUMNS):   output;
MPRINT(EMADVISECOLUMNS):   end;
MPRINT(EMADVISECOLUMNS):   if index = ' ' then do;
MPRINT(EMADVISECOLUMNS):   attr = 'INDEX';
MPRINT(EMADVISECOLUMNS):   output;
MPRINT(EMADVISECOLUMNS):   end;
MPRINT(EMADVISECOLUMNS):   if report = ' ' then do;
MPRINT(EMADVISECOLUMNS):   attr = 'REPORT';
MPRINT(EMADVISECOLUMNS):   output;
MPRINT(EMADVISECOLUMNS):   end;
MPRINT(EMADVISECOLUMNS):   run;
MPRINT(EMADVISECOLUMNS):   proc sort NOTHREADS;
MPRINT(EMADVISECOLUMNS):   by attr;
MPRINT(EMADVISECOLUMNS):   run;
MPRINT(EMADVISECOLUMNS):    data WORK.M2OGG6KG;
MPRINT(EMADVISECOLUMNS):   length NAME $64 ROLE $ 32 LEVEL $ 10 ORDER $ 8 CREATOR $32 FORMATTYPE $ 10 FAMILY $ 10 LOWERLIMIT 8 UPPERLIMIT 8 REPORT $1 DISTRIBUTION $ 20 COMMENT $64;
MPRINT(EMADVISECOLUMNS):   length levelAssigned 8 roleAssigned 8 PRICE 8;
MPRINT(EMADVISECOLUMNS):   set WORK.M2OGG6KG;
MPRINT(EMADVISECOLUMNS):   if formattype = ' ' then do;
MPRINT(EMADVISECOLUMNS):   if format ne ' ' then do;
MPRINT(EMADVISECOLUMNS):   if type = 'N' then do;
MPRINT(EMADVISECOLUMNS):   pos = indexc(format,'.1234567890');
MPRINT(EMADVISECOLUMNS):   if pos > 1 then tempfmt = substr(format,1, pos-1);
MPRINT(EMADVISECOLUMNS):   else tempfmt = ' ';
MPRINT(EMADVISECOLUMNS):   flen = length(tempfmt);
MPRINT(EMADVISECOLUMNS):   select;
MPRINT(EMADVISECOLUMNS):   when(tempfmt in ("DATE" "DAY" "DDMMYY" "DOWNAME" "JULDAY" "JULIAN" "MMDDYY" "MMDDYYD" "MMDDYYC" "MMDDYYN" "MMDDYYP" "MMDDYYS" "MONNAME" "MONTH" "MONYY" "NENGO" "QTR" "QTRR" "WEEKDATE" "WEEKDATX" "WEEKDAY" "WORDDATE" "WORDDATX" 
"YEAR" "YYMMDD" "YYMON" "YYMMDDC" "YYMMDDD" "YYMMDDN" "YYMMDDP" "YYMMDDS" "EURDFDE" "NJDATE" "NLDATE" "EURDFDD" "EURDFDWN" "EURDFMN" "EURDFMY" "EURDFWK" "EURDFWKX" "EURDFWDX" "EURDFDN" "EURDFDE" )) formattype = 'DATE';
MPRINT(EMADVISECOLUMNS):   when(tempfmt in ("DATETIME" "EURDFDT" "TOD" )) formattype = "DATETIME";
MPRINT(EMADVISECOLUMNS):   when(tempfmt in ("HHMM" "HOUR" "MMSS" "TIME" "TIMEAMPM" )) formattype = "TIME";
MPRINT(EMADVISECOLUMNS):   when(tempfmt in ("COMMA" "COMMAX" "DOLLAR" "DOLLARX" "E" "FRACT" "NEGPAREN" "PERCENT")) formattype="QUANTITY";
MPRINT(EMADVISECOLUMNS):   when(tempfmt in ("BINARY" "HEX" "IB" "OCTAL" "PD" "PIB" "PK" "RB" "SSN" "Z" "ZD")) formattype = "CODING";
MPRINT(EMADVISECOLUMNS):   otherwise do;
MPRINT(EMADVISECOLUMNS):   formattype = "USER";
MPRINT(EMADVISECOLUMNS):   if compress(tempfmt, '0123456789.', '') = '' then formattype='NUM';
MPRINT(EMADVISECOLUMNS):   else if substr(tempfmt, 1, 6)='NLDATE' then formattype = "DATE";
MPRINT(EMADVISECOLUMNS):   else if substr(tempfmt, 1, 6)='NLDATM' then formattype = "DATETIME";
MPRINT(EMADVISECOLUMNS):   else if substr(tempfmt, 1, 4)='NLTIM' then formattype = "TIME";
MPRINT(EMADVISECOLUMNS):   else if flen >= 4 then do;
MPRINT(EMADVISECOLUMNS):   str = substr(tempfmt,1,4);
MPRINT(EMADVISECOLUMNS):   if str in ("MMYY" "YYMM" "YYQR") then formattype ="DATE";
MPRINT(EMADVISECOLUMNS):   else if str = "S370" then formattype = "CODING";
MPRINT(EMADVISECOLUMNS):   else if str = "BEST" then formattype = "NUM";
MPRINT(EMADVISECOLUMNS):   drop str;
MPRINT(EMADVISECOLUMNS):   end;
MPRINT(EMADVISECOLUMNS):   else if flen >=3 and substr(tempfmt,1,3) = "YYQ" then formatType = "DATE";
MPRINT(EMADVISECOLUMNS):   end;
MPRINT(EMADVISECOLUMNS):   end;
MPRINT(EMADVISECOLUMNS):   drop flen tempfmt pos;
MPRINT(EMADVISECOLUMNS):   end;
MPRINT(EMADVISECOLUMNS):   else do;
MPRINT(EMADVISECOLUMNS):   formatType = "CATEGORY";
MPRINT(EMADVISECOLUMNS):   end;
MPRINT(EMADVISECOLUMNS):   end;
MPRINT(EMADVISECOLUMNS):   if formatType = "NUM" then do;
MPRINT(EMADVISECOLUMNS):   if index = "Y" then formatType = "DISCRETE";
MPRINT(EMADVISECOLUMNS):   else formatType = "QUANTITY";
MPRINT(EMADVISECOLUMNS):   end;
MPRINT(EMADVISECOLUMNS):   end;
MPRINT(EMADVISECOLUMNS):   if level = ' ' then do;
MPRINT(EMADVISECOLUMNS):   if formatType in ("CATEGORY", "CODING", "ID") or type = "C" then level = "NOMINAL";
MPRINT(EMADVISECOLUMNS):   else level = "INTERVAL";
MPRINT(EMADVISECOLUMNS):   levelAssigned = 1;
MPRINT(EMADVISECOLUMNS):   end;
MPRINT(EMADVISECOLUMNS):   else level = upcase(level);
MPRINT(EMADVISECOLUMNS):   if role = ' ' then do;
MPRINT(EMADVISECOLUMNS):   length name_prefix $8 _uname $64;
MPRINT(EMADVISECOLUMNS):   drop name_prefix _uname _freqflag;
MPRINT(EMADVISECOLUMNS):   retain _freqflag;
MPRINT(EMADVISECOLUMNS):   if LENGTH> 80 then ROLE = 'TEXT';
MPRINT(EMADVISECOLUMNS):   _uname = upcase(NAME);
MPRINT(EMADVISECOLUMNS):   select(_uname);
MPRINT(EMADVISECOLUMNS):   when('_PARTIND_') do;
MPRINT(EMADVISECOLUMNS):   ROLE = 'ID';
MPRINT(EMADVISECOLUMNS):   LEVEL = 'NOMINAL';
MPRINT(EMADVISECOLUMNS):   end;
MPRINT(EMADVISECOLUMNS):   when('_WARN_') ROLE = 'ASSESS';
MPRINT(EMADVISECOLUMNS):   when('EM_SEGMENT') do;
MPRINT(EMADVISECOLUMNS):   ROLE = 'SEGMENT';
MPRINT(EMADVISECOLUMNS):   LEVEL = 'NOMINAL';
MPRINT(EMADVISECOLUMNS):   end;
MPRINT(EMADVISECOLUMNS):   when('_NODE_') do;
MPRINT(EMADVISECOLUMNS):   ROLE = 'SEGMENT';
MPRINT(EMADVISECOLUMNS):   LEVEL = 'NOMINAL';
MPRINT(EMADVISECOLUMNS):   end;
MPRINT(EMADVISECOLUMNS):   when('EM_CLASSTARGET') ROLE = 'ASSESS';
MPRINT(EMADVISECOLUMNS):   when('EM_VALUETARGET') ROLE = 'ASSESS';
MPRINT(EMADVISECOLUMNS):   when('EM_PREDICTION') ROLE = 'PREDICT';
MPRINT(EMADVISECOLUMNS):   when('EM_PROBABILITY') ROLE = 'PREDICT';
MPRINT(EMADVISECOLUMNS):   when('EM_EVENTPROBABILITY') ROLE = 'PREDICT';
MPRINT(EMADVISECOLUMNS):   when('EM_CLASSIFICATION') ROLE = 'CLASSIFICATION';
MPRINT(EMADVISECOLUMNS):   when('EM_DECISION') ROLE = 'DECISION';
MPRINT(EMADVISECOLUMNS):   when('EM_PROFIT') ROLE = 'ASSESS';
MPRINT(EMADVISECOLUMNS):   when('EM_LOSS') ROLE = 'ASSESS';
MPRINT(EMADVISECOLUMNS):   when('EM_ROI') ROLE = 'ASSESS';
MPRINT(EMADVISECOLUMNS):   when('URI') ROLE = 'URL';
MPRINT(EMADVISECOLUMNS):   when('FILTERED') ROLE = 'TEXTLOC';
MPRINT(EMADVISECOLUMNS):   otherwise do;
MPRINT(EMADVISECOLUMNS):   if upcase(NAME) =: 'ZIP' then do;
MPRINT(EMADVISECOLUMNS):   ROLE = 'REJECTED';
MPRINT(EMADVISECOLUMNS):   LEVEL = 'NOMINAL';
MPRINT(EMADVISECOLUMNS):   COMMENT = 'Rejected by: Exceed the maximum class level of %s';
MPRINT(EMADVISECOLUMNS):   end;
MPRINT(EMADVISECOLUMNS):   else if upcase(NAME) in('FREQ', 'FREQUENCY') then do;
MPRINT(EMADVISECOLUMNS):   ROLE = 'FREQ';
MPRINT(EMADVISECOLUMNS):   if TYPE = 'C' then ROLE = 'INPUT';
MPRINT(EMADVISECOLUMNS):   else if _freqflag =1 then ROLE='REJECTED';
MPRINT(EMADVISECOLUMNS):   end;
MPRINT(EMADVISECOLUMNS):   else do;
MPRINT(EMADVISECOLUMNS):   name_prefix = scan(_uname, 1, '_');
MPRINT(EMADVISECOLUMNS):   if scan(_uname, 2, '_') = '' then name_prefix='';
MPRINT(EMADVISECOLUMNS):   if name_prefix in('F', 'I', 'U') then do;
MPRINT(EMADVISECOLUMNS):   ROLE = 'CLASSIFICATION';
MPRINT(EMADVISECOLUMNS):   LEVEL = 'NOMINAL';
MPRINT(EMADVISECOLUMNS):   end;
MPRINT(EMADVISECOLUMNS):   else if name_prefix in('Q') then ROLE = 'ASSESS';
MPRINT(EMADVISECOLUMNS):   else if name_prefix in('P', 'V') then ROLE = 'PREDICT';
MPRINT(EMADVISECOLUMNS):   else if name_prefix in('R', 'RS', 'RT', 'RD', 'RDS', 'RDT', 'RA', 'RAS', 'RAT') then ROLE = 'RESIDUAL';
MPRINT(EMADVISECOLUMNS):   else if name_prefix ='D' then do;
MPRINT(EMADVISECOLUMNS):   ROLE = 'DECISION';
MPRINT(EMADVISECOLUMNS):   LEVEL = 'NOMINAL';
MPRINT(EMADVISECOLUMNS):   end;
MPRINT(EMADVISECOLUMNS):   else if name_prefix ='B' then do;
MPRINT(EMADVISECOLUMNS):   ROLE = 'SEGMENT';
MPRINT(EMADVISECOLUMNS):   LEVEL = 'NOMINAL';
MPRINT(EMADVISECOLUMNS):   end;
MPRINT(EMADVISECOLUMNS):   else if name_prefix in('EP', 'BP', 'CP', 'EL', 'CL', 'BL', 'ROI', 'IC') then ROLE = 'ASSESS';
MPRINT(EMADVISECOLUMNS):   else do;
MPRINT(EMADVISECOLUMNS):   array _ROLE_ (19) $32 _TEMPORARY_ ('ASSESS','CLASSIFICATION','CENSOR', 'COST', 'CROSSID', 'DECISION', 'ID','INPUT', 'LABEL', 'MISSING','PREDICT','REFERRER','REJECTED', 'RESIDUAL','SEGMENT', 'SEQUENCE','TARGET', 'TEXT', 'TIMEID');
MPRINT(EMADVISECOLUMNS):   drop _found_ i;
MPRINT(EMADVISECOLUMNS):   _found_=0;
MPRINT(EMADVISECOLUMNS):   do i=1 to 19 until(_found_=1);
MPRINT(EMADVISECOLUMNS):   if index(_uname, trim(_ROLE_{i}))=1 then do;
MPRINT(EMADVISECOLUMNS):   ROLE=_ROLE_{i};
MPRINT(EMADVISECOLUMNS):   if ROLE = 'ID' then LEVEL = 'NOMINAL';
MPRINT(EMADVISECOLUMNS):   else if ROLE = 'SEGMENT' then LEVEL = 'NOMINAL';
MPRINT(EMADVISECOLUMNS):   else if ROLE = 'TIMEID' and TYPE='N' then LEVEL = 'INTERVAL';
MPRINT(EMADVISECOLUMNS):   _found_=1;
MPRINT(EMADVISECOLUMNS):   end;
MPRINT(EMADVISECOLUMNS):   end;
MPRINT(EMADVISECOLUMNS):   if length(_uname)>2 then do;
MPRINT(EMADVISECOLUMNS):   if substr(reverse(trim(_uname)), 1, 3) = 'DI_' then do;
MPRINT(EMADVISECOLUMNS):   ROLE = 'ID';
MPRINT(EMADVISECOLUMNS):   LEVEL = 'NOMINAL';
MPRINT(EMADVISECOLUMNS):   end;
MPRINT(EMADVISECOLUMNS):   end;
MPRINT(EMADVISECOLUMNS):   end;
MPRINT(EMADVISECOLUMNS):   end;
MPRINT(EMADVISECOLUMNS):   end;
MPRINT(EMADVISECOLUMNS):   end;
MPRINT(EMADVISECOLUMNS):   if ROLE='FREQ' then _freqflag=1;
MPRINT(EMADVISECOLUMNS):   else if ROLE = 'CLASSIFICATION' then LEVEL = 'NOMINAL';
MPRINT(EMADVISECOLUMNS):   if symexist('RATEMKG_ROLE') then do;
MPRINT(EMADVISECOLUMNS):   if upcase(symget('RATEMKG_ROLE')) in('Y', 'YES') then do;
MPRINT(EMADVISECOLUMNS):   if _uname =: 'POLICY' then ROLE = 'POLICYID';
MPRINT(EMADVISECOLUMNS):   else if _uname in ('PARTITION', '_PARTIND_') then ROLE = 'PARTITION';
MPRINT(EMADVISECOLUMNS):   else if type = 'N' then do;
MPRINT(EMADVISECOLUMNS):   if _uname = 'EXPOSURE' then ROLE = 'EXPOSURE';
MPRINT(EMADVISECOLUMNS):   else if _uname = 'YEAR' then ROLE = 'YEAR';
MPRINT(EMADVISECOLUMNS):   else if _uname = 'WEIGHT' then ROLE = 'WEIGHT';
MPRINT(EMADVISECOLUMNS):   else if _uname = 'OFFSET' then ROLE = 'OFFSET';
MPRINT(EMADVISECOLUMNS):   end;
MPRINT(EMADVISECOLUMNS):   end;
MPRINT(EMADVISECOLUMNS):   end;
MPRINT(EMADVISECOLUMNS):   end;
MPRINT(EMADVISECOLUMNS):   if role = ' ' then do;
MPRINT(EMADVISECOLUMNS):   if formattype in('DATE', 'DATETIME', 'TIME') then role = 'TIMEID';
MPRINT(EMADVISECOLUMNS):   else role = 'INPUT';
MPRINT(EMADVISECOLUMNS):   roleAssigned = 1;
MPRINT(EMADVISECOLUMNS):   end;
MPRINT(EMADVISECOLUMNS):   else role = upcase(role);
MPRINT(EMADVISECOLUMNS):   if REPORT = '' then REPORT = 'N';
MPRINT(EMADVISECOLUMNS):   if symexist('dmwb_product') then do;
MPRINT(EMADVISECOLUMNS):   if upcase(symget('dmwb_product')) = 'FACTORYMINER_DATASOURCE' then do;
MPRINT(EMADVISECOLUMNS):   if ROLE ^in('INPUT', 'TARGET', 'REJECTED', 'SEGMENT', 'FREQ', 'ID', 'KEY') then ROLE='REJECTED';
MPRINT(EMADVISECOLUMNS):   end;
MPRINT(EMADVISECOLUMNS):   end;
MPRINT(EMADVISECOLUMNS):   run;
MPRINT(EMADVISECOLUMNS):    data WORK.M2OGG6KG;
MPRINT(EMADVISECOLUMNS):   set WORK.M2OGG6KG;
MPRINT(EMADVISECOLUMNS):   label NAME = "Nombre de la variable" TYPE = "Tipo" ROLE = "Rol" LEVEL= "Nivel de medida" ORDER= "Orden" CREATOR= "Creador" FORMATTYPE= "Tipo de formato" FAMILY= "Familia" DISTRIBUTION= "Distribución" PRICE= "Precio" LOWERLIMIT= 
"Límite inferior" UPPERLIMIT= "Límite superior" REPORT= "Informe" COMMENT= "Comentario" INDEX= "Índice" INDEXTYPE= "TipoÍndice" LABEL= "Etiqueta" LENGTH= "Longitud";
MPRINT(EMADVISECOLUMNS):   drop levelAssigned roleAssigned;
MPRINT(EMADVISECOLUMNS):   run;
MPRINT(EMADVISECOLUMNS):   
MPRINT(EM_DIAGRAM):  ;
MPRINT(EM_DIAGRAM):   proc sort data=WORK.COLUMNMETA;
MPRINT(EM_DIAGRAM):   by NAME;
MPRINT(EM_DIAGRAM):   run;
MPRINT(EM_DIAGRAM):   *------------------------------------------------------------*;
MPRINT(EM_DIAGRAM):   * &nodeid: Merge incoming metadata;
MPRINT(EM_DIAGRAM):   *------------------------------------------------------------*;
MPRINT(EM_DIAGRAM):   proc contents data=EMWS1.PRINCOMP3_TRAIN noprint out=_temp2(keep=NAME);
MPRINT(EM_DIAGRAM):   run;
MPRINT(EM_DIAGRAM):   proc sort data=_temp2;
MPRINT(EM_DIAGRAM):   by NAME;
MPRINT(EM_DIAGRAM):   run;
MPRINT(EM_DIAGRAM):   proc sort data=EMWS1.PRINCOMP3_CMeta_TRAIN out=_temp;
MPRINT(EM_DIAGRAM):   by NAME;
MPRINT(EM_DIAGRAM):   run;
MPRINT(EM_DIAGRAM):   data EMWS1.Clus3_CMeta_TRAIN;
MPRINT(EM_DIAGRAM):   merge WORK.COLUMNMETA(in=_a) _temp2(in=_b) _temp(drop=FORMAT INFORMAT LENGTH INDEX INDEXTYPE in=_c) end=_eof_;
MPRINT(EM_DIAGRAM):   by NAME;
MPRINT(EM_DIAGRAM):   if (^_a and _b) or (^_c and _a and _b) then delete;
MPRINT(EM_DIAGRAM):   if ^_b then CREATOR = "Clus3";
MPRINT(EM_DIAGRAM):   *------------------------------------------------------------*;
MPRINT(EM_DIAGRAM):   * Clus3: Apply Delta Code;
MPRINT(EM_DIAGRAM):   *------------------------------------------------------------*;
MPRINT(EM_DIAGRAM):   retain _segFlag_ 0;
MPRINT(EM_DIAGRAM):   drop _segFlag_;
MPRINT(EM_DIAGRAM):   if upcase(name) = '_SEGMENT_' then do;
MPRINT(EM_DIAGRAM):   _segFlag_ = 1;
MPRINT(EM_DIAGRAM):   role = 'SEGMENT';
MPRINT(EM_DIAGRAM):   level = 'NOMINAL';
MPRINT(EM_DIAGRAM):   label = 'Segment Variable';
MPRINT(EM_DIAGRAM):   end;
MPRINT(EM_DIAGRAM):   else if upcase(name) = '_SEGMENT_LABEL_' then do;
MPRINT(EM_DIAGRAM):   role = 'REJECTED';
MPRINT(EM_DIAGRAM):   level = 'NOMINAL';
MPRINT(EM_DIAGRAM):   label = 'Segment Description';
MPRINT(EM_DIAGRAM):   end;
MPRINT(EM_DIAGRAM):   else if upcase(NAME) = 'DISTANCE' then do;
MPRINT(EM_DIAGRAM):   role = 'REJECTED';
MPRINT(EM_DIAGRAM):   level = 'INTERVAL';
MPRINT(EM_DIAGRAM):   end;
MPRINT(EM_DIAGRAM):   else if upcase(NAME) = '_IMPUTE_' then do;
MPRINT(EM_DIAGRAM):   role = 'REJECTED';
MPRINT(EM_DIAGRAM):   level = 'INTERVAL';
MPRINT(EM_DIAGRAM):   end;
MPRINT(EM_DIAGRAM):   output;
MPRINT(EM_DIAGRAM):   if ^_segFlag_ and _eof_ then do;
MPRINT(EM_DIAGRAM):   type = 'N';
MPRINT(EM_DIAGRAM):   index = 'N';
MPRINT(EM_DIAGRAM):   indexType = 'NONE';
MPRINT(EM_DIAGRAM):   format = '';
MPRINT(EM_DIAGRAM):   informat = '';
MPRINT(EM_DIAGRAM):   name = '_SEGMENT_';
MPRINT(EM_DIAGRAM):   role = 'SEGMENT';
MPRINT(EM_DIAGRAM):   level = 'NOMINAL';
MPRINT(EM_DIAGRAM):   label = 'Segment Variable';
MPRINT(EM_DIAGRAM):   output;
MPRINT(EM_DIAGRAM):   name = '_SEGMENT_LABEL_';
MPRINT(EM_DIAGRAM):   role = 'REJECTED';
MPRINT(EM_DIAGRAM):   level = 'NOMINAL';
MPRINT(EM_DIAGRAM):   label = 'Segment Description';
MPRINT(EM_DIAGRAM):   output;
MPRINT(EM_DIAGRAM):   name = 'Distance';
MPRINT(EM_DIAGRAM):   role = 'REJECTED';
MPRINT(EM_DIAGRAM):   level = 'INTERVAL';
MPRINT(EM_DIAGRAM):   label = 'Distance to Cluster Seed';
MPRINT(EM_DIAGRAM):   output;
MPRINT(EM_DIAGRAM):   name = '_Impute_';
MPRINT(EM_DIAGRAM):   role = 'REJECTED';
MPRINT(EM_DIAGRAM):   level = 'INTERVAL';
MPRINT(EM_DIAGRAM):   label = '';
MPRINT(EM_DIAGRAM):   output;
MPRINT(EM_DIAGRAM):   end;
MPRINT(EM_DIAGRAM):   run;
MPRINT(EM_DIAGRAM):   filename _delta;
NOTE: Vista EMWS1.CLUS3_TRAIN.VIEW ha utilizado (Tiempo de proceso total):
      real time           0.07 seconds
      cpu time            0.07 seconds
      
MPRINT(EM_DIAGRAM):    proc printto;
MPRINT(EM_DIAGRAM):   run;
