*------------------------------------------------------------*
Usuario:                Admin
Fecha:                10/12/20
Hora:                21H14
*------------------------------------------------------------*
* Salida de entrenamiento
*------------------------------------------------------------*
 
 
 
 
Resumen de variables
 
         Nivel de     Número de
Rol       medida     ocurrencias
 
ID       NOMINAL            1
INPUT    INTERVAL        1204
 
 
 
 
Atributos de la tabla de salida
 
Atributo                 Valor
 
Tabla de salida          EMWS3.Ids_DATA
Tipo de salida           Vista
Variables descartadas    0
Rol de Data Mining       Bruto
 
 
 
 
Atributos de la tabla input
 
Atributo                                              Valor
 
Fuente de datos                                       terminosdocumentos1
 
Nombre de la librería                                 AMUL
Nombre del miembro de librería                        TERMINOS_DOCUMENTOS
Etiqueta del conjunto de datos
Conjunto de datos tipo especial (De TYPE=)
Observaciones en conjunto de datos                    3000
Nombre del motor                                      BASE
Fecha de creación                                     10/12/2020 12:58:31
Fecha de la última modificación                       10/12/2020 12:58:31
Observaciones borradas en conjunto de datos           0
Uso de variable en índices                            NONE
Tipo de miembro de librería                           DATA
Número de índices para conjunto de datos              0
Protección contraseña (Lectura Escritura Modificac    ---
Actualización indicadores (Proteger Contribuir Aña    ---
Rutina de compresión                                  NO
Volver a usar espacio                                 NO
Clasificado/validado                                  .
Pos. de variable en cláusula Sortedby                 .
Conj. de caracteres del host
Secuencia de intercalación
Opción de clasificación: no claves duplicadas         NO
Opción de clasificación: no registros duplicados      NO
Rutina de codificación                                NO
Apuntar a observaciones                               YES
Número máximo de generaciones                         0
Número de generación                                  .
Número de siguiente generación                        .
Variables alfanuméricas transcodificadas              YES
Variables                                             1205


*------------------------------------------------------------*
* Salida de puntuación
*------------------------------------------------------------*


*------------------------------------------------------------*
* Salida del informe
*------------------------------------------------------------*
